DEBUG 2016-07-26 16:07:30,305: 	 Executing command: 'submit'
DEBUG 2016-07-26 16:07:30,314: 	 Found CRAB cache file /afs/cern.ch/user/f/fromeo/.crab3
DEBUG 2016-07-26 16:07:30,325: 	 Checking credentials
DEBUG 2016-07-26 16:07:30,325: 	 Found proxy file /tmp/x509up_u30997
DEBUG 2016-07-26 16:07:30,325: 	 Getting proxy life time left
DEBUG 2016-07-26 16:07:30,930: 	 Executing : 
 command : voms-proxy-info -file /tmp/x509up_u30997 -timeleft
 output : 86270

 error: 
 retcode : 0
DEBUG 2016-07-26 16:07:31,536: 	 Executing : 
 command : voms-proxy-info -file /tmp/x509up_u30997 -actimeleft
 output : 86269

 error: 
 retcode : 0
DEBUG 2016-07-26 16:07:31,536: 	 Proxy valid for 23:57:50 hours
DEBUG 2016-07-26 16:07:31,537: 	 Will use CRAB Analysis plugin (i.e. will run an analysis job type).
DEBUG 2016-07-26 16:07:31,742: 	 Executing : 
 command : openssl x509 -in ~/.globus/usercert.pem -subject -noout
 output : subject= /DC=ch/DC=cern/OU=Organic Units/OU=Users/CN=fromeo/CN=674630/CN=Francesco Romeo

 error: 
 retcode : 0
DEBUG 2016-07-26 16:07:31,743: 	 Checking credentials
DEBUG 2016-07-26 16:07:31,743: 	 Found proxy file /tmp/x509up_u30997
DEBUG 2016-07-26 16:07:31,743: 	 Getting proxy life time left
DEBUG 2016-07-26 16:07:32,250: 	 Executing : 
 command : voms-proxy-info -file /tmp/x509up_u30997 -timeleft
 output : 86268

 error: 
 retcode : 0
DEBUG 2016-07-26 16:07:32,854: 	 Executing : 
 command : voms-proxy-info -file /tmp/x509up_u30997 -actimeleft
 output : 86268

 error: 
 retcode : 0
DEBUG 2016-07-26 16:07:32,855: 	 Proxy valid for 23:57:48 hours
DEBUG 2016-07-26 16:07:33,463: 	 Executing : 
 command : env X509_USER_PROXY=/tmp/x509up_u30997 voms-proxy-info -fqan
 output : /cms/Role=NULL/Capability=NULL

 error: 
 retcode : 0
DEBUG 2016-07-26 16:07:33,813: 	 Registering user credentials for server /DC=ch/DC=cern/OU=computers/CN=vocms(045|052|021|031|0118|0118a|0119|0108).cern.ch
DEBUG 2016-07-26 16:07:33,927: 	 Executing : 
 command : openssl x509 -in ~/.globus/usercert.pem -subject -noout
 output : subject= /DC=ch/DC=cern/OU=Organic Units/OU=Users/CN=fromeo/CN=674630/CN=Francesco Romeo

 error: 
 retcode : 0
DEBUG 2016-07-26 16:07:33,927: 	 Getting myproxy life time left for myproxy.cern.ch
DEBUG 2016-07-26 16:07:33,927: 	 Calculating hash of /DC=ch/DC=cern/OU=Organic Units/OU=Users/CN=fromeo/CN=674630/CN=Francesco Romeo_cmsweb.cern.ch for credential name
DEBUG 2016-07-26 16:07:34,131: 	 Executing : 
 command : myproxy-info -l 83bb954b043085ec6b5075bf38fafc2a023a8c7b -s myproxy.cern.ch
 output : username: 83bb954b043085ec6b5075bf38fafc2a023a8c7b
owner: /DC=ch/DC=cern/OU=Organic Units/OU=Users/CN=fromeo/CN=674630/CN=Francesco Romeo
  renewal policy: /DC=ch/DC=cern/OU=computers/CN=vocms(045|052|021|031|0118|0118a|0119|0108).cern.ch
  trusted retrieval policy: /DC=ch/DC=cern/OU=computers/CN=vocms(045|052|021|031|0118|0118a|0119|0108).cern.ch
  timeleft: 387:43:37  (16.2 days)

 error: 
 retcode : 0
DEBUG 2016-07-26 16:07:34,131: 	 Myproxy is valid: 1395817
DEBUG 2016-07-26 16:07:34,131: 	 Command use: submit
DEBUG 2016-07-26 16:07:34,131: 	 Options use: ['--config', <WMCore.Configuration.Configuration object at 0x7f2b480b3c90>]
DEBUG 2016-07-26 16:07:34,491: 	 CRABClient version: 3.3.1607.patch1
DEBUG 2016-07-26 16:07:34,491: 	 Instance is prod
DEBUG 2016-07-26 16:07:34,491: 	 Server base url is cmsweb.cern.ch
DEBUG 2016-07-26 16:07:34,491: 	 Command url /crabserver/prod/workflow
DEBUG 2016-07-26 16:07:34,491: 	 Started submission
DEBUG 2016-07-26 16:07:34,491: 	 Working on /afs/cern.ch/work/f/fromeo/CMSSW_8_0_12_FW/src/BSMFramework/BSM3G_TNT_Maker/crab/First2016_SaT/crab_First2016_SaT
DEBUG 2016-07-26 16:07:34,819: 	 Loading required information from the environment
DEBUG 2016-07-26 16:07:34,819: 	 Found CMSSW_8_0_12 for slc6_amd64_gcc530 with base /afs/cern.ch/work/f/fromeo/CMSSW_8_0_12_FW
DEBUG 2016-07-26 16:07:34,862: 	 UNIQUE NAME: tarUUID e1fef123-9ac5-4822-bc61-f16e03d2443a 
DEBUG 2016-07-26 16:07:34,862: 	 self.config: from WMCore.Configuration import Configuration
config = Configuration()
config.section_('General')
config.General.workArea = 'First2016_SaT'
config.General.requestName = 'First2016_SaT'
config.section_('JobType')
config.JobType.psetName = '/afs/cern.ch/work/f/fromeo/CMSSW_8_0_12_FW/src/BSMFramework/BSM3G_TNT_Maker/python/miniAOD_MC.py'
config.JobType.pluginName = 'Analysis'
config.section_('Data')
config.Data.inputDataset = '/ST_tW_antitop_5f_inclusiveDecays_13TeV-powheg-pythia8_TuneCUETP8M1/RunIISpring16MiniAODv2-PUSpring16_80X_mcRun2_asymptotic_2016_miniAODv2_v0-v1/MINIAODSIM'
config.Data.totalUnits = 2500
config.Data.unitsPerJob = 1
config.Data.inputDBS = 'global'
config.Data.splitting = 'FileBased'
config.Data.outLFNDirBase = '/store/user/fromeo/'
config.section_('Site')
config.Site.storageSite = 'T2_CN_Beijing'
config.section_('User')
config.section_('Debug')

DEBUG 2016-07-26 16:07:34,862: 	 self.config.JobType.psetName: /afs/cern.ch/work/f/fromeo/CMSSW_8_0_12_FW/src/BSMFramework/BSM3G_TNT_Maker/python/miniAOD_MC.py
INFO 2016-07-26 16:07:34,863: 	 Importing CMSSW configuration /afs/cern.ch/work/f/fromeo/CMSSW_8_0_12_FW/src/BSMFramework/BSM3G_TNT_Maker/python/miniAOD_MC.py
INFO 2016-07-26 16:07:34,874: 	 Finished importing CMSSW configuration /afs/cern.ch/work/f/fromeo/CMSSW_8_0_12_FW/src/BSMFramework/BSM3G_TNT_Maker/python/miniAOD_MC.py
DEBUG 2016-07-26 16:07:34,874: 	 Writing CMSSW configuration to /afs/cern.ch/work/f/fromeo/CMSSW_8_0_12_FW/src/BSMFramework/BSM3G_TNT_Maker/crab/First2016_SaT/crab_First2016_SaT/inputs/PSet.py
DEBUG 2016-07-26 16:07:35,001: 	 The following EDM output files will be collected: []
DEBUG 2016-07-26 16:07:35,001: 	 The following TFile output files will be collected: ['OutTree.root']
DEBUG 2016-07-26 16:07:35,001: 	 The following user output files will be collected: []
DEBUG 2016-07-26 16:07:35,002: 	 Loading required information from the environment
DEBUG 2016-07-26 16:07:35,002: 	 Found CMSSW_8_0_12 for slc6_amd64_gcc530 with base /afs/cern.ch/work/f/fromeo/CMSSW_8_0_12_FW
DEBUG 2016-07-26 16:07:35,002: 	 Making tarball in /afs/cern.ch/work/f/fromeo/CMSSW_8_0_12_FW/src/BSMFramework/BSM3G_TNT_Maker/crab/First2016_SaT/crab_First2016_SaT/inputs/e1fef123-9ac5-4822-bc61-f16e03d2443adefault.tgz
DEBUG 2016-07-26 16:07:35,003: 	 Checking directory /afs/cern.ch/work/f/fromeo/CMSSW_8_0_12_FW/lib
DEBUG 2016-07-26 16:07:35,003: 	 Adding directory /afs/cern.ch/work/f/fromeo/CMSSW_8_0_12_FW/lib to tarball
DEBUG 2016-07-26 16:07:35,254: 	 Checking directory /afs/cern.ch/work/f/fromeo/CMSSW_8_0_12_FW/biglib
DEBUG 2016-07-26 16:07:35,254: 	 Adding directory /afs/cern.ch/work/f/fromeo/CMSSW_8_0_12_FW/biglib to tarball
DEBUG 2016-07-26 16:07:35,255: 	 Checking directory /afs/cern.ch/work/f/fromeo/CMSSW_8_0_12_FW/module
DEBUG 2016-07-26 16:07:35,261: 	 Adding data directory /afs/cern.ch/work/f/fromeo/CMSSW_8_0_12_FW/src/BSMFramework/BSM3G_TNT_Maker/data to tarball
DEBUG 2016-07-26 16:07:46,865: 	 Adding data directory /afs/cern.ch/work/f/fromeo/CMSSW_8_0_12_FW/src/BSMFramework/BSM3G_TNT_Maker/interface to tarball
DEBUG 2016-07-26 16:07:47,533: 	 Uploading archive /afs/cern.ch/work/f/fromeo/CMSSW_8_0_12_FW/src/BSMFramework/BSM3G_TNT_Maker/crab/First2016_SaT/crab_First2016_SaT/inputs/e1fef123-9ac5-4822-bc61-f16e03d2443adefault.tgz to the CRAB cache. Using URI https://cmsweb.cern.ch/crabcache
DEBUG 2016-07-26 16:08:01,088: 	 Loading required information from the environment
DEBUG 2016-07-26 16:08:01,088: 	 Found CMSSW_8_0_12 for slc6_amd64_gcc530 with base /afs/cern.ch/work/f/fromeo/CMSSW_8_0_12_FW
DEBUG 2016-07-26 16:08:01,088: 	 Making tarball in /afs/cern.ch/work/f/fromeo/CMSSW_8_0_12_FW/src/BSMFramework/BSM3G_TNT_Maker/crab/First2016_SaT/crab_First2016_SaT/inputs/debugFiles.tgz
DEBUG 2016-07-26 16:08:01,100: 	 Uploading archive /afs/cern.ch/work/f/fromeo/CMSSW_8_0_12_FW/src/BSMFramework/BSM3G_TNT_Maker/crab/First2016_SaT/crab_First2016_SaT/inputs/debugFiles.tgz to the CRAB cache. Using URI https://cmsweb.cern.ch/crabcache
DEBUG 2016-07-26 16:08:01,490: 	 Result uploading input files: 7a111a33bd37f6861011a85d8bf9cf6cc9a8693dc6879c9c1a23d4a76c63844f.tar.gz 
WARNING 2016-07-26 16:08:01,490: 	 Warning: The following output files will not be published, as they are not EDM files: ['OutTree.root']
INFO 2016-07-26 16:08:01,490: 	 Sending the request to the server
DEBUG 2016-07-26 16:08:01,490: 	 Submitting {'maxjobruntime': 1250, 'ignorelocality': 0, 'savelogsflag': 0, 'useparent': 0, 'asyncdest': 'T2_CN_Beijing', 'algoargs': 1, 'cachefilename': '7a111a33bd37f6861011a85d8bf9cf6cc9a8693dc6879c9c1a23d4a76c63844f.tar.gz', 'numcores': 1, 'addoutputfiles': [], 'generator': 'pythia', 'maxmemory': 2000, 'publishdbsurl': 'https://cmsweb.cern.ch/dbs/prod/phys03/DBSWriter', 'priority': 10, 'jobsw': 'CMSSW_8_0_12', 'edmoutfiles': [], 'userfiles': [], 'primarydataset': '', 'inputdata': '/ST_tW_antitop_5f_inclusiveDecays_13TeV-powheg-pythia8_TuneCUETP8M1/RunIISpring16MiniAODv2-PUSpring16_80X_mcRun2_asymptotic_2016_miniAODv2_v0-v1/MINIAODSIM', 'lfn': '/store/user/fromeo/', 'dryrun': 0, 'workflow': 'crab_First2016_SaT', 'adduserfiles': [], 'nonprodsw': 0, 'tfileoutfiles': ['OutTree.root'], 'oneEventMode': 0, 'debugfilename': 'dffe762010004f30b2f27a2940cef9aa2238073867684e3f22d5e8347765ae2d.tar.gz', 'cacheurl': 'https://cmsweb.cern.ch/crabcache', 'saveoutput': 1, 'publication': 1, 'jobarch': 'slc6_amd64_gcc530', 'totalunits': 2500, 'splitalgo': 'FileBased', 'nonvaliddata': 0, 'dbsurl': 'https://cmsweb.cern.ch/dbs/prod/global/DBSReader', 'publishgroupname': 0, 'jobtype': 'Analysis', 'publishname2': ''} 
DEBUG 2016-07-26 16:08:01,490: 	 Encoded submit request: maxjobruntime=1250&ignorelocality=0&savelogsflag=0&useparent=0&asyncdest=T2_CN_Beijing&algoargs=1&cachefilename=7a111a33bd37f6861011a85d8bf9cf6cc9a8693dc6879c9c1a23d4a76c63844f.tar.gz&numcores=1&generator=pythia&maxmemory=2000&publishdbsurl=https%3A%2F%2Fcmsweb.cern.ch%2Fdbs%2Fprod%2Fphys03%2FDBSWriter&priority=10&jobsw=CMSSW_8_0_12&primarydataset=&inputdata=%2FST_tW_antitop_5f_inclusiveDecays_13TeV-powheg-pythia8_TuneCUETP8M1%2FRunIISpring16MiniAODv2-PUSpring16_80X_mcRun2_asymptotic_2016_miniAODv2_v0-v1%2FMINIAODSIM&lfn=%2Fstore%2Fuser%2Ffromeo%2F&dryrun=0&workflow=crab_First2016_SaT&nonprodsw=0&oneEventMode=0&debugfilename=dffe762010004f30b2f27a2940cef9aa2238073867684e3f22d5e8347765ae2d.tar.gz&cacheurl=https%3A%2F%2Fcmsweb.cern.ch%2Fcrabcache&saveoutput=1&publication=1&jobarch=slc6_amd64_gcc530&totalunits=2500&splitalgo=FileBased&nonvaliddata=0&dbsurl=https%3A%2F%2Fcmsweb.cern.ch%2Fdbs%2Fprod%2Fglobal%2FDBSReader&publishgroupname=0&jobtype=Analysis&publishname2=&tfileoutfiles=OutTree.root
DEBUG 2016-07-26 16:08:02,221: 	 Result: {'result': [{'RequestName': '160726_140801:fromeo_crab_First2016_SaT'}]}
INFO 2016-07-26 16:08:02,223: 	 Success: Your task has been delivered to the CRAB3 server.
INFO 2016-07-26 16:08:02,223: 	 Task name: 160726_140801:fromeo_crab_First2016_SaT
INFO 2016-07-26 16:08:02,223: 	 Please use 'crab status' to check how the submission process proceeds.
DEBUG 2016-07-26 16:08:02,224: 	 About to return
DEBUG 2016-07-26 17:09:12,746: 	 Executing command: 'status'
DEBUG 2016-07-26 17:09:12,747: 	 Found CRAB cache file /afs/cern.ch/user/f/fromeo/.crab3
DEBUG 2016-07-26 17:09:12,759: 	 Checking credentials
DEBUG 2016-07-26 17:09:12,759: 	 Found proxy file /tmp/x509up_u30997
DEBUG 2016-07-26 17:09:12,759: 	 Getting proxy life time left
DEBUG 2016-07-26 17:09:13,372: 	 Executing : 
 command : voms-proxy-info -file /tmp/x509up_u30997 -timeleft
 output : 82567

 error: 
 retcode : 0
DEBUG 2016-07-26 17:09:13,980: 	 Executing : 
 command : voms-proxy-info -file /tmp/x509up_u30997 -actimeleft
 output : 82567

 error: 
 retcode : 0
DEBUG 2016-07-26 17:09:13,980: 	 Proxy valid for 22:56:07 hours
DEBUG 2016-07-26 17:09:14,188: 	 Executing : 
 command : openssl x509 -in ~/.globus/usercert.pem -subject -noout
 output : subject= /DC=ch/DC=cern/OU=Organic Units/OU=Users/CN=fromeo/CN=674630/CN=Francesco Romeo

 error: 
 retcode : 0
DEBUG 2016-07-26 17:09:14,188: 	 Checking credentials
DEBUG 2016-07-26 17:09:14,188: 	 Found proxy file /tmp/x509up_u30997
DEBUG 2016-07-26 17:09:14,188: 	 Getting proxy life time left
DEBUG 2016-07-26 17:09:14,903: 	 Executing : 
 command : voms-proxy-info -file /tmp/x509up_u30997 -timeleft
 output : 82566

 error: 
 retcode : 0
DEBUG 2016-07-26 17:09:15,514: 	 Executing : 
 command : voms-proxy-info -file /tmp/x509up_u30997 -actimeleft
 output : 82565

 error: 
 retcode : 0
DEBUG 2016-07-26 17:09:15,515: 	 Proxy valid for 22:56:06 hours
DEBUG 2016-07-26 17:09:15,874: 	 Registering user credentials for server /DC=ch/DC=cern/OU=computers/CN=vocms(045|052|021|031|0118|0118a|0119|0108).cern.ch
DEBUG 2016-07-26 17:09:15,987: 	 Executing : 
 command : openssl x509 -in ~/.globus/usercert.pem -subject -noout
 output : subject= /DC=ch/DC=cern/OU=Organic Units/OU=Users/CN=fromeo/CN=674630/CN=Francesco Romeo

 error: 
 retcode : 0
DEBUG 2016-07-26 17:09:15,987: 	 Getting myproxy life time left for myproxy.cern.ch
DEBUG 2016-07-26 17:09:15,987: 	 Calculating hash of /DC=ch/DC=cern/OU=Organic Units/OU=Users/CN=fromeo/CN=674630/CN=Francesco Romeo_cmsweb.cern.ch for credential name
DEBUG 2016-07-26 17:09:16,194: 	 Executing : 
 command : myproxy-info -l 83bb954b043085ec6b5075bf38fafc2a023a8c7b -s myproxy.cern.ch
 output : username: 83bb954b043085ec6b5075bf38fafc2a023a8c7b
owner: /DC=ch/DC=cern/OU=Organic Units/OU=Users/CN=fromeo/CN=674630/CN=Francesco Romeo
  renewal policy: /DC=ch/DC=cern/OU=computers/CN=vocms(045|052|021|031|0118|0118a|0119|0108).cern.ch
  trusted retrieval policy: /DC=ch/DC=cern/OU=computers/CN=vocms(045|052|021|031|0118|0118a|0119|0108).cern.ch
  timeleft: 386:41:55  (16.1 days)

 error: 
 retcode : 0
DEBUG 2016-07-26 17:09:16,197: 	 Myproxy is valid: 1392115
DEBUG 2016-07-26 17:09:16,197: 	 Command use: status
DEBUG 2016-07-26 17:09:16,197: 	 Options use: ['First2016_SaT/crab_First2016_SaT']
DEBUG 2016-07-26 17:09:16,518: 	 CRABClient version: 3.3.1607.patch1
DEBUG 2016-07-26 17:09:16,519: 	 Instance is prod
DEBUG 2016-07-26 17:09:16,519: 	 Server base url is cmsweb.cern.ch
DEBUG 2016-07-26 17:09:16,519: 	 Command url /crabserver/prod/workflow
DEBUG 2016-07-26 17:09:16,519: 	 Looking up detailed status of task 160726_140801:fromeo_crab_First2016_SaT
DEBUG 2016-07-26 17:09:18,290: 	 {'status': 'FAILED', 'username': 'fromeo', 'jobsPerStatus': {'failed': 26}, 'jobs': {'24': {'State': 'failed', 'Error': [8001, 'CmsRunFailure\nCMSSW error message follows.\nFatal Exception\nAn exception of category \'ProductNotFound\' occurred while\n   [0] Processing run: 1 lumi: 4951 event: 495001\n   [1] Running path \'p\'\n   [2] Calling event method for module BSM3G_TNT_Maker/\'TNT\'\nException Message:\nPrincipal::getByLabel: Found zero products matching all criteria\nLooking for type: edm::TriggerResults\nLooking for module label: TriggerResults\nLooking for productInstanceName: \nLooking for process: HLT2\n   Additional Info:\n      [a] If you wish to continue processing events after a ProductNotFound exception,\nadd "SkipEvent = cms.untracked.vstring(\'ProductNotFound\')" to the "options" PSet in the configuration.\n', {'type': 'Fatal Exception', 'details': 'An exception of category \'ProductNotFound\' occurred while\n   [0] Processing run: 1 lumi: 4951 event: 495001\n   [1] Running path \'p\'\n   [2] Calling event method for module BSM3G_TNT_Maker/\'TNT\'\nException Message:\nPrincipal::getByLabel: Found zero products matching all criteria\nLooking for type: edm::TriggerResults\nLooking for module label: TriggerResults\nLooking for productInstanceName: \nLooking for process: HLT2\n   Additional Info:\n      [a] If you wish to continue processing events after a ProductNotFound exception,\nadd "SkipEvent = cms.untracked.vstring(\'ProductNotFound\')" to the "options" PSet in the configuration.', 'exitCode': '8001'}]}, '25': {'State': 'failed', 'Error': [8001, 'CmsRunFailure\nCMSSW error message follows.\nFatal Exception\nAn exception of category \'ProductNotFound\' occurred while\n   [0] Processing run: 1 lumi: 4657 event: 465601\n   [1] Running path \'p\'\n   [2] Calling event method for module BSM3G_TNT_Maker/\'TNT\'\nException Message:\nPrincipal::getByLabel: Found zero products matching all criteria\nLooking for type: edm::TriggerResults\nLooking for module label: TriggerResults\nLooking for productInstanceName: \nLooking for process: HLT2\n   Additional Info:\n      [a] If you wish to continue processing events after a ProductNotFound exception,\nadd "SkipEvent = cms.untracked.vstring(\'ProductNotFound\')" to the "options" PSet in the configuration.\n', {'type': 'Fatal Exception', 'details': 'An exception of category \'ProductNotFound\' occurred while\n   [0] Processing run: 1 lumi: 4657 event: 465601\n   [1] Running path \'p\'\n   [2] Calling event method for module BSM3G_TNT_Maker/\'TNT\'\nException Message:\nPrincipal::getByLabel: Found zero products matching all criteria\nLooking for type: edm::TriggerResults\nLooking for module label: TriggerResults\nLooking for productInstanceName: \nLooking for process: HLT2\n   Additional Info:\n      [a] If you wish to continue processing events after a ProductNotFound exception,\nadd "SkipEvent = cms.untracked.vstring(\'ProductNotFound\')" to the "options" PSet in the configuration.', 'exitCode': '8001'}]}, '26': {'State': 'failed', 'Error': [8001, 'CmsRunFailure\nCMSSW error message follows.\nFatal Exception\nAn exception of category \'ProductNotFound\' occurred while\n   [0] Processing run: 1 lumi: 1601 event: 160001\n   [1] Running path \'p\'\n   [2] Calling event method for module BSM3G_TNT_Maker/\'TNT\'\nException Message:\nPrincipal::getByLabel: Found zero products matching all criteria\nLooking for type: edm::TriggerResults\nLooking for module label: TriggerResults\nLooking for productInstanceName: \nLooking for process: HLT2\n   Additional Info:\n      [a] If you wish to continue processing events after a ProductNotFound exception,\nadd "SkipEvent = cms.untracked.vstring(\'ProductNotFound\')" to the "options" PSet in the configuration.\n', {'type': 'Fatal Exception', 'details': 'An exception of category \'ProductNotFound\' occurred while\n   [0] Processing run: 1 lumi: 1601 event: 160001\n   [1] Running path \'p\'\n   [2] Calling event method for module BSM3G_TNT_Maker/\'TNT\'\nException Message:\nPrincipal::getByLabel: Found zero products matching all criteria\nLooking for type: edm::TriggerResults\nLooking for module label: TriggerResults\nLooking for productInstanceName: \nLooking for process: HLT2\n   Additional Info:\n      [a] If you wish to continue processing events after a ProductNotFound exception,\nadd "SkipEvent = cms.untracked.vstring(\'ProductNotFound\')" to the "options" PSet in the configuration.', 'exitCode': '8001'}]}, '20': {'State': 'failed', 'Error': [8001, 'CmsRunFailure\nCMSSW error message follows.\nFatal Exception\nAn exception of category \'ProductNotFound\' occurred while\n   [0] Processing run: 1 lumi: 55 event: 5401\n   [1] Running path \'p\'\n   [2] Calling event method for module BSM3G_TNT_Maker/\'TNT\'\nException Message:\nPrincipal::getByLabel: Found zero products matching all criteria\nLooking for type: edm::TriggerResults\nLooking for module label: TriggerResults\nLooking for productInstanceName: \nLooking for process: HLT2\n   Additional Info:\n      [a] If you wish to continue processing events after a ProductNotFound exception,\nadd "SkipEvent = cms.untracked.vstring(\'ProductNotFound\')" to the "options" PSet in the configuration.\n', {'type': 'Fatal Exception', 'details': 'An exception of category \'ProductNotFound\' occurred while\n   [0] Processing run: 1 lumi: 55 event: 5401\n   [1] Running path \'p\'\n   [2] Calling event method for module BSM3G_TNT_Maker/\'TNT\'\nException Message:\nPrincipal::getByLabel: Found zero products matching all criteria\nLooking for type: edm::TriggerResults\nLooking for module label: TriggerResults\nLooking for productInstanceName: \nLooking for process: HLT2\n   Additional Info:\n      [a] If you wish to continue processing events after a ProductNotFound exception,\nadd "SkipEvent = cms.untracked.vstring(\'ProductNotFound\')" to the "options" PSet in the configuration.', 'exitCode': '8001'}]}, '21': {'State': 'failed', 'Error': [8001, 'CmsRunFailure\nCMSSW error message follows.\nFatal Exception\nAn exception of category \'ProductNotFound\' occurred while\n   [0] Processing run: 1 lumi: 25 event: 2401\n   [1] Running path \'p\'\n   [2] Calling event method for module BSM3G_TNT_Maker/\'TNT\'\nException Message:\nPrincipal::getByLabel: Found zero products matching all criteria\nLooking for type: edm::TriggerResults\nLooking for module label: TriggerResults\nLooking for productInstanceName: \nLooking for process: HLT2\n   Additional Info:\n      [a] If you wish to continue processing events after a ProductNotFound exception,\nadd "SkipEvent = cms.untracked.vstring(\'ProductNotFound\')" to the "options" PSet in the configuration.\n', {'type': 'Fatal Exception', 'details': 'An exception of category \'ProductNotFound\' occurred while\n   [0] Processing run: 1 lumi: 25 event: 2401\n   [1] Running path \'p\'\n   [2] Calling event method for module BSM3G_TNT_Maker/\'TNT\'\nException Message:\nPrincipal::getByLabel: Found zero products matching all criteria\nLooking for type: edm::TriggerResults\nLooking for module label: TriggerResults\nLooking for productInstanceName: \nLooking for process: HLT2\n   Additional Info:\n      [a] If you wish to continue processing events after a ProductNotFound exception,\nadd "SkipEvent = cms.untracked.vstring(\'ProductNotFound\')" to the "options" PSet in the configuration.', 'exitCode': '8001'}]}, '22': {'State': 'failed', 'Error': [8001, 'CmsRunFailure\nCMSSW error message follows.\nFatal Exception\nAn exception of category \'ProductNotFound\' occurred while\n   [0] Processing run: 1 lumi: 7471 event: 746955\n   [1] Running path \'p\'\n   [2] Calling event method for module BSM3G_TNT_Maker/\'TNT\'\nException Message:\nPrincipal::getByLabel: Found zero products matching all criteria\nLooking for type: edm::TriggerResults\nLooking for module label: TriggerResults\nLooking for productInstanceName: \nLooking for process: HLT2\n   Additional Info:\n      [a] If you wish to continue processing events after a ProductNotFound exception,\nadd "SkipEvent = cms.untracked.vstring(\'ProductNotFound\')" to the "options" PSet in the configuration.\n', {'type': 'Fatal Exception', 'details': 'An exception of category \'ProductNotFound\' occurred while\n   [0] Processing run: 1 lumi: 7471 event: 746955\n   [1] Running path \'p\'\n   [2] Calling event method for module BSM3G_TNT_Maker/\'TNT\'\nException Message:\nPrincipal::getByLabel: Found zero products matching all criteria\nLooking for type: edm::TriggerResults\nLooking for module label: TriggerResults\nLooking for productInstanceName: \nLooking for process: HLT2\n   Additional Info:\n      [a] If you wish to continue processing events after a ProductNotFound exception,\nadd "SkipEvent = cms.untracked.vstring(\'ProductNotFound\')" to the "options" PSet in the configuration.', 'exitCode': '8001'}]}, '23': {'State': 'failed', 'Error': [8001, 'CmsRunFailure\nCMSSW error message follows.\nFatal Exception\nAn exception of category \'ProductNotFound\' occurred while\n   [0] Processing run: 1 lumi: 499 event: 49801\n   [1] Running path \'p\'\n   [2] Calling event method for module BSM3G_TNT_Maker/\'TNT\'\nException Message:\nPrincipal::getByLabel: Found zero products matching all criteria\nLooking for type: edm::TriggerResults\nLooking for module label: TriggerResults\nLooking for productInstanceName: \nLooking for process: HLT2\n   Additional Info:\n      [a] If you wish to continue processing events after a ProductNotFound exception,\nadd "SkipEvent = cms.untracked.vstring(\'ProductNotFound\')" to the "options" PSet in the configuration.\n', {'type': 'Fatal Exception', 'details': 'An exception of category \'ProductNotFound\' occurred while\n   [0] Processing run: 1 lumi: 499 event: 49801\n   [1] Running path \'p\'\n   [2] Calling event method for module BSM3G_TNT_Maker/\'TNT\'\nException Message:\nPrincipal::getByLabel: Found zero products matching all criteria\nLooking for type: edm::TriggerResults\nLooking for module label: TriggerResults\nLooking for productInstanceName: \nLooking for process: HLT2\n   Additional Info:\n      [a] If you wish to continue processing events after a ProductNotFound exception,\nadd "SkipEvent = cms.untracked.vstring(\'ProductNotFound\')" to the "options" PSet in the configuration.', 'exitCode': '8001'}]}, '1': {'State': 'failed', 'Error': [8001, 'CmsRunFailure\nCMSSW error message follows.\nFatal Exception\nAn exception of category \'ProductNotFound\' occurred while\n   [0] Processing run: 1 lumi: 37 event: 3601\n   [1] Running path \'p\'\n   [2] Calling event method for module BSM3G_TNT_Maker/\'TNT\'\nException Message:\nPrincipal::getByLabel: Found zero products matching all criteria\nLooking for type: edm::TriggerResults\nLooking for module label: TriggerResults\nLooking for productInstanceName: \nLooking for process: HLT2\n   Additional Info:\n      [a] If you wish to continue processing events after a ProductNotFound exception,\nadd "SkipEvent = cms.untracked.vstring(\'ProductNotFound\')" to the "options" PSet in the configuration.\n', {'type': 'Fatal Exception', 'details': 'An exception of category \'ProductNotFound\' occurred while\n   [0] Processing run: 1 lumi: 37 event: 3601\n   [1] Running path \'p\'\n   [2] Calling event method for module BSM3G_TNT_Maker/\'TNT\'\nException Message:\nPrincipal::getByLabel: Found zero products matching all criteria\nLooking for type: edm::TriggerResults\nLooking for module label: TriggerResults\nLooking for productInstanceName: \nLooking for process: HLT2\n   Additional Info:\n      [a] If you wish to continue processing events after a ProductNotFound exception,\nadd "SkipEvent = cms.untracked.vstring(\'ProductNotFound\')" to the "options" PSet in the configuration.', 'exitCode': '8001'}]}, '3': {'State': 'failed', 'Error': [8001, 'CmsRunFailure\nCMSSW error message follows.\nFatal Exception\nAn exception of category \'ProductNotFound\' occurred while\n   [0] Processing run: 1 lumi: 31 event: 3001\n   [1] Running path \'p\'\n   [2] Calling event method for module BSM3G_TNT_Maker/\'TNT\'\nException Message:\nPrincipal::getByLabel: Found zero products matching all criteria\nLooking for type: edm::TriggerResults\nLooking for module label: TriggerResults\nLooking for productInstanceName: \nLooking for process: HLT2\n   Additional Info:\n      [a] If you wish to continue processing events after a ProductNotFound exception,\nadd "SkipEvent = cms.untracked.vstring(\'ProductNotFound\')" to the "options" PSet in the configuration.\n', {'type': 'Fatal Exception', 'details': 'An exception of category \'ProductNotFound\' occurred while\n   [0] Processing run: 1 lumi: 31 event: 3001\n   [1] Running path \'p\'\n   [2] Calling event method for module BSM3G_TNT_Maker/\'TNT\'\nException Message:\nPrincipal::getByLabel: Found zero products matching all criteria\nLooking for type: edm::TriggerResults\nLooking for module label: TriggerResults\nLooking for productInstanceName: \nLooking for process: HLT2\n   Additional Info:\n      [a] If you wish to continue processing events after a ProductNotFound exception,\nadd "SkipEvent = cms.untracked.vstring(\'ProductNotFound\')" to the "options" PSet in the configuration.', 'exitCode': '8001'}]}, '2': {'State': 'failed', 'Error': [8001, 'CmsRunFailure\nCMSSW error message follows.\nFatal Exception\nAn exception of category \'ProductNotFound\' occurred while\n   [0] Processing run: 1 lumi: 1 event: 1\n   [1] Running path \'p\'\n   [2] Calling event method for module BSM3G_TNT_Maker/\'TNT\'\nException Message:\nPrincipal::getByLabel: Found zero products matching all criteria\nLooking for type: edm::TriggerResults\nLooking for module label: TriggerResults\nLooking for productInstanceName: \nLooking for process: HLT2\n   Additional Info:\n      [a] If you wish to continue processing events after a ProductNotFound exception,\nadd "SkipEvent = cms.untracked.vstring(\'ProductNotFound\')" to the "options" PSet in the configuration.\n', {'type': 'Fatal Exception', 'details': 'An exception of category \'ProductNotFound\' occurred while\n   [0] Processing run: 1 lumi: 1 event: 1\n   [1] Running path \'p\'\n   [2] Calling event method for module BSM3G_TNT_Maker/\'TNT\'\nException Message:\nPrincipal::getByLabel: Found zero products matching all criteria\nLooking for type: edm::TriggerResults\nLooking for module label: TriggerResults\nLooking for productInstanceName: \nLooking for process: HLT2\n   Additional Info:\n      [a] If you wish to continue processing events after a ProductNotFound exception,\nadd "SkipEvent = cms.untracked.vstring(\'ProductNotFound\')" to the "options" PSet in the configuration.', 'exitCode': '8001'}]}, '5': {'State': 'failed', 'Error': [8001, 'CmsRunFailure\nCMSSW error message follows.\nFatal Exception\nAn exception of category \'ProductNotFound\' occurred while\n   [0] Processing run: 1 lumi: 2511 event: 251001\n   [1] Running path \'p\'\n   [2] Calling event method for module BSM3G_TNT_Maker/\'TNT\'\nException Message:\nPrincipal::getByLabel: Found zero products matching all criteria\nLooking for type: edm::TriggerResults\nLooking for module label: TriggerResults\nLooking for productInstanceName: \nLooking for process: HLT2\n   Additional Info:\n      [a] If you wish to continue processing events after a ProductNotFound exception,\nadd "SkipEvent = cms.untracked.vstring(\'ProductNotFound\')" to the "options" PSet in the configuration.\n', {'type': 'Fatal Exception', 'details': 'An exception of category \'ProductNotFound\' occurred while\n   [0] Processing run: 1 lumi: 2511 event: 251001\n   [1] Running path \'p\'\n   [2] Calling event method for module BSM3G_TNT_Maker/\'TNT\'\nException Message:\nPrincipal::getByLabel: Found zero products matching all criteria\nLooking for type: edm::TriggerResults\nLooking for module label: TriggerResults\nLooking for productInstanceName: \nLooking for process: HLT2\n   Additional Info:\n      [a] If you wish to continue processing events after a ProductNotFound exception,\nadd "SkipEvent = cms.untracked.vstring(\'ProductNotFound\')" to the "options" PSet in the configuration.', 'exitCode': '8001'}]}, '4': {'State': 'failed', 'Error': [8001, 'CmsRunFailure\nCMSSW error message follows.\nFatal Exception\nAn exception of category \'ProductNotFound\' occurred while\n   [0] Processing run: 1 lumi: 8127 event: 812555\n   [1] Running path \'p\'\n   [2] Calling event method for module BSM3G_TNT_Maker/\'TNT\'\nException Message:\nPrincipal::getByLabel: Found zero products matching all criteria\nLooking for type: edm::TriggerResults\nLooking for module label: TriggerResults\nLooking for productInstanceName: \nLooking for process: HLT2\n   Additional Info:\n      [a] If you wish to continue processing events after a ProductNotFound exception,\nadd "SkipEvent = cms.untracked.vstring(\'ProductNotFound\')" to the "options" PSet in the configuration.\n', {'type': 'Fatal Exception', 'details': 'An exception of category \'ProductNotFound\' occurred while\n   [0] Processing run: 1 lumi: 8127 event: 812555\n   [1] Running path \'p\'\n   [2] Calling event method for module BSM3G_TNT_Maker/\'TNT\'\nException Message:\nPrincipal::getByLabel: Found zero products matching all criteria\nLooking for type: edm::TriggerResults\nLooking for module label: TriggerResults\nLooking for productInstanceName: \nLooking for process: HLT2\n   Additional Info:\n      [a] If you wish to continue processing events after a ProductNotFound exception,\nadd "SkipEvent = cms.untracked.vstring(\'ProductNotFound\')" to the "options" PSet in the configuration.', 'exitCode': '8001'}]}, '7': {'State': 'failed', 'Error': [8001, 'CmsRunFailure\nCMSSW error message follows.\nFatal Exception\nAn exception of category \'ProductNotFound\' occurred while\n   [0] Processing run: 1 lumi: 2129 event: 212801\n   [1] Running path \'p\'\n   [2] Calling event method for module BSM3G_TNT_Maker/\'TNT\'\nException Message:\nPrincipal::getByLabel: Found zero products matching all criteria\nLooking for type: edm::TriggerResults\nLooking for module label: TriggerResults\nLooking for productInstanceName: \nLooking for process: HLT2\n   Additional Info:\n      [a] If you wish to continue processing events after a ProductNotFound exception,\nadd "SkipEvent = cms.untracked.vstring(\'ProductNotFound\')" to the "options" PSet in the configuration.\n', {'type': 'Fatal Exception', 'details': 'An exception of category \'ProductNotFound\' occurred while\n   [0] Processing run: 1 lumi: 2129 event: 212801\n   [1] Running path \'p\'\n   [2] Calling event method for module BSM3G_TNT_Maker/\'TNT\'\nException Message:\nPrincipal::getByLabel: Found zero products matching all criteria\nLooking for type: edm::TriggerResults\nLooking for module label: TriggerResults\nLooking for productInstanceName: \nLooking for process: HLT2\n   Additional Info:\n      [a] If you wish to continue processing events after a ProductNotFound exception,\nadd "SkipEvent = cms.untracked.vstring(\'ProductNotFound\')" to the "options" PSet in the configuration.', 'exitCode': '8001'}]}, '6': {'State': 'failed', 'Error': [8001, 'CmsRunFailure\nCMSSW error message follows.\nFatal Exception\nAn exception of category \'ProductNotFound\' occurred while\n   [0] Processing run: 1 lumi: 5535 event: 553355\n   [1] Running path \'p\'\n   [2] Calling event method for module BSM3G_TNT_Maker/\'TNT\'\nException Message:\nPrincipal::getByLabel: Found zero products matching all criteria\nLooking for type: edm::TriggerResults\nLooking for module label: TriggerResults\nLooking for productInstanceName: \nLooking for process: HLT2\n   Additional Info:\n      [a] If you wish to continue processing events after a ProductNotFound exception,\nadd "SkipEvent = cms.untracked.vstring(\'ProductNotFound\')" to the "options" PSet in the configuration.\n', {'type': 'Fatal Exception', 'details': 'An exception of category \'ProductNotFound\' occurred while\n   [0] Processing run: 1 lumi: 5535 event: 553355\n   [1] Running path \'p\'\n   [2] Calling event method for module BSM3G_TNT_Maker/\'TNT\'\nException Message:\nPrincipal::getByLabel: Found zero products matching all criteria\nLooking for type: edm::TriggerResults\nLooking for module label: TriggerResults\nLooking for productInstanceName: \nLooking for process: HLT2\n   Additional Info:\n      [a] If you wish to continue processing events after a ProductNotFound exception,\nadd "SkipEvent = cms.untracked.vstring(\'ProductNotFound\')" to the "options" PSet in the configuration.', 'exitCode': '8001'}]}, '9': {'State': 'failed', 'Error': [8001, 'CmsRunFailure\nCMSSW error message follows.\nFatal Exception\nAn exception of category \'ProductNotFound\' occurred while\n   [0] Processing run: 1 lumi: 4431 event: 443001\n   [1] Running path \'p\'\n   [2] Calling event method for module BSM3G_TNT_Maker/\'TNT\'\nException Message:\nPrincipal::getByLabel: Found zero products matching all criteria\nLooking for type: edm::TriggerResults\nLooking for module label: TriggerResults\nLooking for productInstanceName: \nLooking for process: HLT2\n   Additional Info:\n      [a] If you wish to continue processing events after a ProductNotFound exception,\nadd "SkipEvent = cms.untracked.vstring(\'ProductNotFound\')" to the "options" PSet in the configuration.\n', {'type': 'Fatal Exception', 'details': 'An exception of category \'ProductNotFound\' occurred while\n   [0] Processing run: 1 lumi: 4431 event: 443001\n   [1] Running path \'p\'\n   [2] Calling event method for module BSM3G_TNT_Maker/\'TNT\'\nException Message:\nPrincipal::getByLabel: Found zero products matching all criteria\nLooking for type: edm::TriggerResults\nLooking for module label: TriggerResults\nLooking for productInstanceName: \nLooking for process: HLT2\n   Additional Info:\n      [a] If you wish to continue processing events after a ProductNotFound exception,\nadd "SkipEvent = cms.untracked.vstring(\'ProductNotFound\')" to the "options" PSet in the configuration.', 'exitCode': '8001'}]}, '8': {'State': 'failed', 'Error': [8001, 'CmsRunFailure\nCMSSW error message follows.\nFatal Exception\nAn exception of category \'ProductNotFound\' occurred while\n   [0] Processing run: 1 lumi: 4427 event: 442601\n   [1] Running path \'p\'\n   [2] Calling event method for module BSM3G_TNT_Maker/\'TNT\'\nException Message:\nPrincipal::getByLabel: Found zero products matching all criteria\nLooking for type: edm::TriggerResults\nLooking for module label: TriggerResults\nLooking for productInstanceName: \nLooking for process: HLT2\n   Additional Info:\n      [a] If you wish to continue processing events after a ProductNotFound exception,\nadd "SkipEvent = cms.untracked.vstring(\'ProductNotFound\')" to the "options" PSet in the configuration.\n', {'type': 'Fatal Exception', 'details': 'An exception of category \'ProductNotFound\' occurred while\n   [0] Processing run: 1 lumi: 4427 event: 442601\n   [1] Running path \'p\'\n   [2] Calling event method for module BSM3G_TNT_Maker/\'TNT\'\nException Message:\nPrincipal::getByLabel: Found zero products matching all criteria\nLooking for type: edm::TriggerResults\nLooking for module label: TriggerResults\nLooking for productInstanceName: \nLooking for process: HLT2\n   Additional Info:\n      [a] If you wish to continue processing events after a ProductNotFound exception,\nadd "SkipEvent = cms.untracked.vstring(\'ProductNotFound\')" to the "options" PSet in the configuration.', 'exitCode': '8001'}]}, '11': {'State': 'failed', 'Error': [8001, 'CmsRunFailure\nCMSSW error message follows.\nFatal Exception\nAn exception of category \'ProductNotFound\' occurred while\n   [0] Processing run: 1 lumi: 409 event: 40801\n   [1] Running path \'p\'\n   [2] Calling event method for module BSM3G_TNT_Maker/\'TNT\'\nException Message:\nPrincipal::getByLabel: Found zero products matching all criteria\nLooking for type: edm::TriggerResults\nLooking for module label: TriggerResults\nLooking for productInstanceName: \nLooking for process: HLT2\n   Additional Info:\n      [a] If you wish to continue processing events after a ProductNotFound exception,\nadd "SkipEvent = cms.untracked.vstring(\'ProductNotFound\')" to the "options" PSet in the configuration.\n', {'type': 'Fatal Exception', 'details': 'An exception of category \'ProductNotFound\' occurred while\n   [0] Processing run: 1 lumi: 409 event: 40801\n   [1] Running path \'p\'\n   [2] Calling event method for module BSM3G_TNT_Maker/\'TNT\'\nException Message:\nPrincipal::getByLabel: Found zero products matching all criteria\nLooking for type: edm::TriggerResults\nLooking for module label: TriggerResults\nLooking for productInstanceName: \nLooking for process: HLT2\n   Additional Info:\n      [a] If you wish to continue processing events after a ProductNotFound exception,\nadd "SkipEvent = cms.untracked.vstring(\'ProductNotFound\')" to the "options" PSet in the configuration.', 'exitCode': '8001'}]}, '10': {'State': 'failed', 'Error': [8001, 'CmsRunFailure\nCMSSW error message follows.\nFatal Exception\nAn exception of category \'ProductNotFound\' occurred while\n   [0] Processing run: 1 lumi: 1539 event: 153801\n   [1] Running path \'p\'\n   [2] Calling event method for module BSM3G_TNT_Maker/\'TNT\'\nException Message:\nPrincipal::getByLabel: Found zero products matching all criteria\nLooking for type: edm::TriggerResults\nLooking for module label: TriggerResults\nLooking for productInstanceName: \nLooking for process: HLT2\n   Additional Info:\n      [a] If you wish to continue processing events after a ProductNotFound exception,\nadd "SkipEvent = cms.untracked.vstring(\'ProductNotFound\')" to the "options" PSet in the configuration.\n', {'type': 'Fatal Exception', 'details': 'An exception of category \'ProductNotFound\' occurred while\n   [0] Processing run: 1 lumi: 1539 event: 153801\n   [1] Running path \'p\'\n   [2] Calling event method for module BSM3G_TNT_Maker/\'TNT\'\nException Message:\nPrincipal::getByLabel: Found zero products matching all criteria\nLooking for type: edm::TriggerResults\nLooking for module label: TriggerResults\nLooking for productInstanceName: \nLooking for process: HLT2\n   Additional Info:\n      [a] If you wish to continue processing events after a ProductNotFound exception,\nadd "SkipEvent = cms.untracked.vstring(\'ProductNotFound\')" to the "options" PSet in the configuration.', 'exitCode': '8001'}]}, '13': {'State': 'failed', 'Error': [8001, 'CmsRunFailure\nCMSSW error message follows.\nFatal Exception\nAn exception of category \'ProductNotFound\' occurred while\n   [0] Processing run: 1 lumi: 7883 event: 788155\n   [1] Running path \'p\'\n   [2] Calling event method for module BSM3G_TNT_Maker/\'TNT\'\nException Message:\nPrincipal::getByLabel: Found zero products matching all criteria\nLooking for type: edm::TriggerResults\nLooking for module label: TriggerResults\nLooking for productInstanceName: \nLooking for process: HLT2\n   Additional Info:\n      [a] If you wish to continue processing events after a ProductNotFound exception,\nadd "SkipEvent = cms.untracked.vstring(\'ProductNotFound\')" to the "options" PSet in the configuration.\n', {'type': 'Fatal Exception', 'details': 'An exception of category \'ProductNotFound\' occurred while\n   [0] Processing run: 1 lumi: 7883 event: 788155\n   [1] Running path \'p\'\n   [2] Calling event method for module BSM3G_TNT_Maker/\'TNT\'\nException Message:\nPrincipal::getByLabel: Found zero products matching all criteria\nLooking for type: edm::TriggerResults\nLooking for module label: TriggerResults\nLooking for productInstanceName: \nLooking for process: HLT2\n   Additional Info:\n      [a] If you wish to continue processing events after a ProductNotFound exception,\nadd "SkipEvent = cms.untracked.vstring(\'ProductNotFound\')" to the "options" PSet in the configuration.', 'exitCode': '8001'}]}, '12': {'State': 'failed', 'Error': [8001, 'CmsRunFailure\nCMSSW error message follows.\nFatal Exception\nAn exception of category \'ProductNotFound\' occurred while\n   [0] Processing run: 1 lumi: 87 event: 8601\n   [1] Running path \'p\'\n   [2] Calling event method for module BSM3G_TNT_Maker/\'TNT\'\nException Message:\nPrincipal::getByLabel: Found zero products matching all criteria\nLooking for type: edm::TriggerResults\nLooking for module label: TriggerResults\nLooking for productInstanceName: \nLooking for process: HLT2\n   Additional Info:\n      [a] If you wish to continue processing events after a ProductNotFound exception,\nadd "SkipEvent = cms.untracked.vstring(\'ProductNotFound\')" to the "options" PSet in the configuration.\n', {'type': 'Fatal Exception', 'details': 'An exception of category \'ProductNotFound\' occurred while\n   [0] Processing run: 1 lumi: 87 event: 8601\n   [1] Running path \'p\'\n   [2] Calling event method for module BSM3G_TNT_Maker/\'TNT\'\nException Message:\nPrincipal::getByLabel: Found zero products matching all criteria\nLooking for type: edm::TriggerResults\nLooking for module label: TriggerResults\nLooking for productInstanceName: \nLooking for process: HLT2\n   Additional Info:\n      [a] If you wish to continue processing events after a ProductNotFound exception,\nadd "SkipEvent = cms.untracked.vstring(\'ProductNotFound\')" to the "options" PSet in the configuration.', 'exitCode': '8001'}]}, '15': {'State': 'failed', 'Error': [8001, 'CmsRunFailure\nCMSSW error message follows.\nFatal Exception\nAn exception of category \'ProductNotFound\' occurred while\n   [0] Processing run: 1 lumi: 2769 event: 276801\n   [1] Running path \'p\'\n   [2] Calling event method for module BSM3G_TNT_Maker/\'TNT\'\nException Message:\nPrincipal::getByLabel: Found zero products matching all criteria\nLooking for type: edm::TriggerResults\nLooking for module label: TriggerResults\nLooking for productInstanceName: \nLooking for process: HLT2\n   Additional Info:\n      [a] If you wish to continue processing events after a ProductNotFound exception,\nadd "SkipEvent = cms.untracked.vstring(\'ProductNotFound\')" to the "options" PSet in the configuration.\n', {'type': 'Fatal Exception', 'details': 'An exception of category \'ProductNotFound\' occurred while\n   [0] Processing run: 1 lumi: 2769 event: 276801\n   [1] Running path \'p\'\n   [2] Calling event method for module BSM3G_TNT_Maker/\'TNT\'\nException Message:\nPrincipal::getByLabel: Found zero products matching all criteria\nLooking for type: edm::TriggerResults\nLooking for module label: TriggerResults\nLooking for productInstanceName: \nLooking for process: HLT2\n   Additional Info:\n      [a] If you wish to continue processing events after a ProductNotFound exception,\nadd "SkipEvent = cms.untracked.vstring(\'ProductNotFound\')" to the "options" PSet in the configuration.', 'exitCode': '8001'}]}, '14': {'State': 'failed', 'Error': [8001, 'CmsRunFailure\nCMSSW error message follows.\nFatal Exception\nAn exception of category \'ProductNotFound\' occurred while\n   [0] Processing run: 1 lumi: 3503 event: 350201\n   [1] Running path \'p\'\n   [2] Calling event method for module BSM3G_TNT_Maker/\'TNT\'\nException Message:\nPrincipal::getByLabel: Found zero products matching all criteria\nLooking for type: edm::TriggerResults\nLooking for module label: TriggerResults\nLooking for productInstanceName: \nLooking for process: HLT2\n   Additional Info:\n      [a] If you wish to continue processing events after a ProductNotFound exception,\nadd "SkipEvent = cms.untracked.vstring(\'ProductNotFound\')" to the "options" PSet in the configuration.\n', {'type': 'Fatal Exception', 'details': 'An exception of category \'ProductNotFound\' occurred while\n   [0] Processing run: 1 lumi: 3503 event: 350201\n   [1] Running path \'p\'\n   [2] Calling event method for module BSM3G_TNT_Maker/\'TNT\'\nException Message:\nPrincipal::getByLabel: Found zero products matching all criteria\nLooking for type: edm::TriggerResults\nLooking for module label: TriggerResults\nLooking for productInstanceName: \nLooking for process: HLT2\n   Additional Info:\n      [a] If you wish to continue processing events after a ProductNotFound exception,\nadd "SkipEvent = cms.untracked.vstring(\'ProductNotFound\')" to the "options" PSet in the configuration.', 'exitCode': '8001'}]}, '17': {'State': 'failed', 'Error': [8001, 'CmsRunFailure\nCMSSW error message follows.\nFatal Exception\nAn exception of category \'ProductNotFound\' occurred while\n   [0] Processing run: 1 lumi: 1017 event: 101601\n   [1] Running path \'p\'\n   [2] Calling event method for module BSM3G_TNT_Maker/\'TNT\'\nException Message:\nPrincipal::getByLabel: Found zero products matching all criteria\nLooking for type: edm::TriggerResults\nLooking for module label: TriggerResults\nLooking for productInstanceName: \nLooking for process: HLT2\n   Additional Info:\n      [a] If you wish to continue processing events after a ProductNotFound exception,\nadd "SkipEvent = cms.untracked.vstring(\'ProductNotFound\')" to the "options" PSet in the configuration.\n', {'type': 'Fatal Exception', 'details': 'An exception of category \'ProductNotFound\' occurred while\n   [0] Processing run: 1 lumi: 1017 event: 101601\n   [1] Running path \'p\'\n   [2] Calling event method for module BSM3G_TNT_Maker/\'TNT\'\nException Message:\nPrincipal::getByLabel: Found zero products matching all criteria\nLooking for type: edm::TriggerResults\nLooking for module label: TriggerResults\nLooking for productInstanceName: \nLooking for process: HLT2\n   Additional Info:\n      [a] If you wish to continue processing events after a ProductNotFound exception,\nadd "SkipEvent = cms.untracked.vstring(\'ProductNotFound\')" to the "options" PSet in the configuration.', 'exitCode': '8001'}]}, '16': {'State': 'failed', 'Error': [8001, 'CmsRunFailure\nCMSSW error message follows.\nFatal Exception\nAn exception of category \'ProductNotFound\' occurred while\n   [0] Processing run: 1 lumi: 5527 event: 552555\n   [1] Running path \'p\'\n   [2] Calling event method for module BSM3G_TNT_Maker/\'TNT\'\nException Message:\nPrincipal::getByLabel: Found zero products matching all criteria\nLooking for type: edm::TriggerResults\nLooking for module label: TriggerResults\nLooking for productInstanceName: \nLooking for process: HLT2\n   Additional Info:\n      [a] If you wish to continue processing events after a ProductNotFound exception,\nadd "SkipEvent = cms.untracked.vstring(\'ProductNotFound\')" to the "options" PSet in the configuration.\n', {'type': 'Fatal Exception', 'details': 'An exception of category \'ProductNotFound\' occurred while\n   [0] Processing run: 1 lumi: 5527 event: 552555\n   [1] Running path \'p\'\n   [2] Calling event method for module BSM3G_TNT_Maker/\'TNT\'\nException Message:\nPrincipal::getByLabel: Found zero products matching all criteria\nLooking for type: edm::TriggerResults\nLooking for module label: TriggerResults\nLooking for productInstanceName: \nLooking for process: HLT2\n   Additional Info:\n      [a] If you wish to continue processing events after a ProductNotFound exception,\nadd "SkipEvent = cms.untracked.vstring(\'ProductNotFound\')" to the "options" PSet in the configuration.', 'exitCode': '8001'}]}, '19': {'State': 'failed', 'Error': [8001, 'CmsRunFailure\nCMSSW error message follows.\nFatal Exception\nAn exception of category \'ProductNotFound\' occurred while\n   [0] Processing run: 1 lumi: 261 event: 26001\n   [1] Running path \'p\'\n   [2] Calling event method for module BSM3G_TNT_Maker/\'TNT\'\nException Message:\nPrincipal::getByLabel: Found zero products matching all criteria\nLooking for type: edm::TriggerResults\nLooking for module label: TriggerResults\nLooking for productInstanceName: \nLooking for process: HLT2\n   Additional Info:\n      [a] If you wish to continue processing events after a ProductNotFound exception,\nadd "SkipEvent = cms.untracked.vstring(\'ProductNotFound\')" to the "options" PSet in the configuration.\n', {'type': 'Fatal Exception', 'details': 'An exception of category \'ProductNotFound\' occurred while\n   [0] Processing run: 1 lumi: 261 event: 26001\n   [1] Running path \'p\'\n   [2] Calling event method for module BSM3G_TNT_Maker/\'TNT\'\nException Message:\nPrincipal::getByLabel: Found zero products matching all criteria\nLooking for type: edm::TriggerResults\nLooking for module label: TriggerResults\nLooking for productInstanceName: \nLooking for process: HLT2\n   Additional Info:\n      [a] If you wish to continue processing events after a ProductNotFound exception,\nadd "SkipEvent = cms.untracked.vstring(\'ProductNotFound\')" to the "options" PSet in the configuration.', 'exitCode': '8001'}]}, '18': {'State': 'failed', 'Error': [8001, 'CmsRunFailure\nCMSSW error message follows.\nFatal Exception\nAn exception of category \'ProductNotFound\' occurred while\n   [0] Processing run: 1 lumi: 5709 event: 570755\n   [1] Running path \'p\'\n   [2] Calling event method for module BSM3G_TNT_Maker/\'TNT\'\nException Message:\nPrincipal::getByLabel: Found zero products matching all criteria\nLooking for type: edm::TriggerResults\nLooking for module label: TriggerResults\nLooking for productInstanceName: \nLooking for process: HLT2\n   Additional Info:\n      [a] If you wish to continue processing events after a ProductNotFound exception,\nadd "SkipEvent = cms.untracked.vstring(\'ProductNotFound\')" to the "options" PSet in the configuration.\n', {'type': 'Fatal Exception', 'details': 'An exception of category \'ProductNotFound\' occurred while\n   [0] Processing run: 1 lumi: 5709 event: 570755\n   [1] Running path \'p\'\n   [2] Calling event method for module BSM3G_TNT_Maker/\'TNT\'\nException Message:\nPrincipal::getByLabel: Found zero products matching all criteria\nLooking for type: edm::TriggerResults\nLooking for module label: TriggerResults\nLooking for productInstanceName: \nLooking for process: HLT2\n   Additional Info:\n      [a] If you wish to continue processing events after a ProductNotFound exception,\nadd "SkipEvent = cms.untracked.vstring(\'ProductNotFound\')" to the "options" PSet in the configuration.', 'exitCode': '8001'}]}}, 'publication': {}, 'taskWarningMsg': [], 'schedd': 'crab3-3@submit-4.t2.ucsd.edu', 'publicationFailures': {}, 'outdatasets': None, 'statusFailureMsg': '', 'taskFailureMsg': '', 'failedJobdefs': 0, 'ASOURL': 'https://cmsweb.cern.ch/couchdb2', 'command': 'SUBMIT', 'totalJobdefs': 0, 'submissionTime': 1469542082, 'jobdefErrors': [], 'collector': 'cmsgwms-collector-global.cern.ch,cmssrv221.fnal.gov', 'jobList': [['failed', 24], ['failed', 25], ['failed', 26], ['failed', 20], ['failed', 21], ['failed', 22], ['failed', 23], ['failed', 1], ['failed', 3], ['failed', 2], ['failed', 5], ['failed', 4], ['failed', 7], ['failed', 6], ['failed', 9], ['failed', 8], ['failed', 11], ['failed', 10], ['failed', 13], ['failed', 12], ['failed', 15], ['failed', 14], ['failed', 17], ['failed', 16], ['failed', 19], ['failed', 18]]}
INFO 2016-07-26 17:09:18,290: 	 CRAB project directory:		/afs/cern.ch/work/f/fromeo/CMSSW_8_0_12_FW/src/BSMFramework/BSM3G_TNT_Maker/crab/First2016_SaT/crab_First2016_SaT
INFO 2016-07-26 17:09:18,290: 	 Task name:			160726_140801:fromeo_crab_First2016_SaT
INFO 2016-07-26 17:09:18,290: 	 Grid scheduler:			crab3-3@submit-4.t2.ucsd.edu
INFO 2016-07-26 17:09:18,290: 	 Task status:			FAILED
INFO 2016-07-26 17:09:18,291: 	 Dashboard monitoring URL:	http://dashb-cms-job.cern.ch/dashboard/templates/task-analysis/#user=fromeo&table=Mains&pattern=160726_140801%3Afromeo_crab_First2016_SaT
INFO 2016-07-26 17:09:18,291: 	 
Jobs status:			failed        100.0% (26/26)
INFO 2016-07-26 17:09:18,291: 	 
No publication information available yet
INFO 2016-07-26 17:09:18,291: 	 
Error Summary: (use crab status --verboseErrors for details about the errors)

26 jobs failed with exit code 8001

Have a look at https://twiki.cern.ch/twiki/bin/viewauth/CMSPublic/JobExitCodes for a description of the exit codes.
INFO 2016-07-26 17:09:18,317: 	 Log file is /afs/cern.ch/work/f/fromeo/CMSSW_8_0_12_FW/src/BSMFramework/BSM3G_TNT_Maker/crab/First2016_SaT/crab_First2016_SaT/crab.log
DEBUG 2016-07-26 19:03:42,781: 	 Executing command: 'status'
DEBUG 2016-07-26 19:03:42,782: 	 Found CRAB cache file /afs/cern.ch/user/f/fromeo/.crab3
DEBUG 2016-07-26 19:03:42,810: 	 Checking credentials
DEBUG 2016-07-26 19:03:42,810: 	 Found proxy file /tmp/x509up_u30997
DEBUG 2016-07-26 19:03:42,810: 	 Getting proxy life time left
DEBUG 2016-07-26 19:03:43,521: 	 Executing : 
 command : voms-proxy-info -file /tmp/x509up_u30997 -timeleft
 output : 75697

 error: 
 retcode : 0
DEBUG 2016-07-26 19:03:44,133: 	 Executing : 
 command : voms-proxy-info -file /tmp/x509up_u30997 -actimeleft
 output : 75696

 error: 
 retcode : 0
DEBUG 2016-07-26 19:03:44,133: 	 Proxy valid for 21:01:37 hours
DEBUG 2016-07-26 19:03:44,287: 	 Executing : 
 command : openssl x509 -in ~/.globus/usercert.pem -subject -noout
 output : subject= /DC=ch/DC=cern/OU=Organic Units/OU=Users/CN=fromeo/CN=674630/CN=Francesco Romeo

 error: 
 retcode : 0
DEBUG 2016-07-26 19:03:44,287: 	 Checking credentials
DEBUG 2016-07-26 19:03:44,287: 	 Found proxy file /tmp/x509up_u30997
DEBUG 2016-07-26 19:03:44,287: 	 Getting proxy life time left
DEBUG 2016-07-26 19:03:45,000: 	 Executing : 
 command : voms-proxy-info -file /tmp/x509up_u30997 -timeleft
 output : 75696

 error: 
 retcode : 0
DEBUG 2016-07-26 19:03:45,704: 	 Executing : 
 command : voms-proxy-info -file /tmp/x509up_u30997 -actimeleft
 output : 75695

 error: 
 retcode : 0
DEBUG 2016-07-26 19:03:45,705: 	 Proxy valid for 21:01:36 hours
DEBUG 2016-07-26 19:03:46,049: 	 Registering user credentials for server /DC=ch/DC=cern/OU=computers/CN=vocms(045|052|021|031|0118|0118a|0119|0108).cern.ch
DEBUG 2016-07-26 19:03:46,161: 	 Executing : 
 command : openssl x509 -in ~/.globus/usercert.pem -subject -noout
 output : subject= /DC=ch/DC=cern/OU=Organic Units/OU=Users/CN=fromeo/CN=674630/CN=Francesco Romeo

 error: 
 retcode : 0
DEBUG 2016-07-26 19:03:46,161: 	 Getting myproxy life time left for myproxy.cern.ch
DEBUG 2016-07-26 19:03:46,161: 	 Calculating hash of /DC=ch/DC=cern/OU=Organic Units/OU=Users/CN=fromeo/CN=674630/CN=Francesco Romeo_cmsweb.cern.ch for credential name
DEBUG 2016-07-26 19:03:46,366: 	 Executing : 
 command : myproxy-info -l 83bb954b043085ec6b5075bf38fafc2a023a8c7b -s myproxy.cern.ch
 output : username: 83bb954b043085ec6b5075bf38fafc2a023a8c7b
owner: /DC=ch/DC=cern/OU=Organic Units/OU=Users/CN=fromeo/CN=674630/CN=Francesco Romeo
  renewal policy: /DC=ch/DC=cern/OU=computers/CN=vocms(045|052|021|031|0118|0118a|0119|0108).cern.ch
  trusted retrieval policy: /DC=ch/DC=cern/OU=computers/CN=vocms(045|052|021|031|0118|0118a|0119|0108).cern.ch
  timeleft: 384:47:25  (16.0 days)

 error: 
 retcode : 0
DEBUG 2016-07-26 19:03:46,369: 	 Myproxy is valid: 1385245
DEBUG 2016-07-26 19:03:46,369: 	 Command use: status
DEBUG 2016-07-26 19:03:46,369: 	 Options use: ['First2016_SaT/crab_First2016_SaT']
DEBUG 2016-07-26 19:03:46,721: 	 CRABClient version: 3.3.1607.patch1
DEBUG 2016-07-26 19:03:46,721: 	 Instance is prod
DEBUG 2016-07-26 19:03:46,721: 	 Server base url is cmsweb.cern.ch
DEBUG 2016-07-26 19:03:46,721: 	 Command url /crabserver/prod/workflow
DEBUG 2016-07-26 19:03:46,721: 	 Looking up detailed status of task 160726_140801:fromeo_crab_First2016_SaT
DEBUG 2016-07-26 19:03:48,648: 	 {'status': 'FAILED', 'username': 'fromeo', 'jobsPerStatus': {'failed': 26}, 'jobs': {'24': {'State': 'failed', 'Error': [8001, 'CmsRunFailure\nCMSSW error message follows.\nFatal Exception\nAn exception of category \'ProductNotFound\' occurred while\n   [0] Processing run: 1 lumi: 4951 event: 495001\n   [1] Running path \'p\'\n   [2] Calling event method for module BSM3G_TNT_Maker/\'TNT\'\nException Message:\nPrincipal::getByLabel: Found zero products matching all criteria\nLooking for type: edm::TriggerResults\nLooking for module label: TriggerResults\nLooking for productInstanceName: \nLooking for process: HLT2\n   Additional Info:\n      [a] If you wish to continue processing events after a ProductNotFound exception,\nadd "SkipEvent = cms.untracked.vstring(\'ProductNotFound\')" to the "options" PSet in the configuration.\n', {'type': 'Fatal Exception', 'details': 'An exception of category \'ProductNotFound\' occurred while\n   [0] Processing run: 1 lumi: 4951 event: 495001\n   [1] Running path \'p\'\n   [2] Calling event method for module BSM3G_TNT_Maker/\'TNT\'\nException Message:\nPrincipal::getByLabel: Found zero products matching all criteria\nLooking for type: edm::TriggerResults\nLooking for module label: TriggerResults\nLooking for productInstanceName: \nLooking for process: HLT2\n   Additional Info:\n      [a] If you wish to continue processing events after a ProductNotFound exception,\nadd "SkipEvent = cms.untracked.vstring(\'ProductNotFound\')" to the "options" PSet in the configuration.', 'exitCode': '8001'}]}, '25': {'State': 'failed', 'Error': [8001, 'CmsRunFailure\nCMSSW error message follows.\nFatal Exception\nAn exception of category \'ProductNotFound\' occurred while\n   [0] Processing run: 1 lumi: 4657 event: 465601\n   [1] Running path \'p\'\n   [2] Calling event method for module BSM3G_TNT_Maker/\'TNT\'\nException Message:\nPrincipal::getByLabel: Found zero products matching all criteria\nLooking for type: edm::TriggerResults\nLooking for module label: TriggerResults\nLooking for productInstanceName: \nLooking for process: HLT2\n   Additional Info:\n      [a] If you wish to continue processing events after a ProductNotFound exception,\nadd "SkipEvent = cms.untracked.vstring(\'ProductNotFound\')" to the "options" PSet in the configuration.\n', {'type': 'Fatal Exception', 'details': 'An exception of category \'ProductNotFound\' occurred while\n   [0] Processing run: 1 lumi: 4657 event: 465601\n   [1] Running path \'p\'\n   [2] Calling event method for module BSM3G_TNT_Maker/\'TNT\'\nException Message:\nPrincipal::getByLabel: Found zero products matching all criteria\nLooking for type: edm::TriggerResults\nLooking for module label: TriggerResults\nLooking for productInstanceName: \nLooking for process: HLT2\n   Additional Info:\n      [a] If you wish to continue processing events after a ProductNotFound exception,\nadd "SkipEvent = cms.untracked.vstring(\'ProductNotFound\')" to the "options" PSet in the configuration.', 'exitCode': '8001'}]}, '26': {'State': 'failed', 'Error': [8001, 'CmsRunFailure\nCMSSW error message follows.\nFatal Exception\nAn exception of category \'ProductNotFound\' occurred while\n   [0] Processing run: 1 lumi: 1601 event: 160001\n   [1] Running path \'p\'\n   [2] Calling event method for module BSM3G_TNT_Maker/\'TNT\'\nException Message:\nPrincipal::getByLabel: Found zero products matching all criteria\nLooking for type: edm::TriggerResults\nLooking for module label: TriggerResults\nLooking for productInstanceName: \nLooking for process: HLT2\n   Additional Info:\n      [a] If you wish to continue processing events after a ProductNotFound exception,\nadd "SkipEvent = cms.untracked.vstring(\'ProductNotFound\')" to the "options" PSet in the configuration.\n', {'type': 'Fatal Exception', 'details': 'An exception of category \'ProductNotFound\' occurred while\n   [0] Processing run: 1 lumi: 1601 event: 160001\n   [1] Running path \'p\'\n   [2] Calling event method for module BSM3G_TNT_Maker/\'TNT\'\nException Message:\nPrincipal::getByLabel: Found zero products matching all criteria\nLooking for type: edm::TriggerResults\nLooking for module label: TriggerResults\nLooking for productInstanceName: \nLooking for process: HLT2\n   Additional Info:\n      [a] If you wish to continue processing events after a ProductNotFound exception,\nadd "SkipEvent = cms.untracked.vstring(\'ProductNotFound\')" to the "options" PSet in the configuration.', 'exitCode': '8001'}]}, '20': {'State': 'failed', 'Error': [8001, 'CmsRunFailure\nCMSSW error message follows.\nFatal Exception\nAn exception of category \'ProductNotFound\' occurred while\n   [0] Processing run: 1 lumi: 55 event: 5401\n   [1] Running path \'p\'\n   [2] Calling event method for module BSM3G_TNT_Maker/\'TNT\'\nException Message:\nPrincipal::getByLabel: Found zero products matching all criteria\nLooking for type: edm::TriggerResults\nLooking for module label: TriggerResults\nLooking for productInstanceName: \nLooking for process: HLT2\n   Additional Info:\n      [a] If you wish to continue processing events after a ProductNotFound exception,\nadd "SkipEvent = cms.untracked.vstring(\'ProductNotFound\')" to the "options" PSet in the configuration.\n', {'type': 'Fatal Exception', 'details': 'An exception of category \'ProductNotFound\' occurred while\n   [0] Processing run: 1 lumi: 55 event: 5401\n   [1] Running path \'p\'\n   [2] Calling event method for module BSM3G_TNT_Maker/\'TNT\'\nException Message:\nPrincipal::getByLabel: Found zero products matching all criteria\nLooking for type: edm::TriggerResults\nLooking for module label: TriggerResults\nLooking for productInstanceName: \nLooking for process: HLT2\n   Additional Info:\n      [a] If you wish to continue processing events after a ProductNotFound exception,\nadd "SkipEvent = cms.untracked.vstring(\'ProductNotFound\')" to the "options" PSet in the configuration.', 'exitCode': '8001'}]}, '21': {'State': 'failed', 'Error': [8001, 'CmsRunFailure\nCMSSW error message follows.\nFatal Exception\nAn exception of category \'ProductNotFound\' occurred while\n   [0] Processing run: 1 lumi: 25 event: 2401\n   [1] Running path \'p\'\n   [2] Calling event method for module BSM3G_TNT_Maker/\'TNT\'\nException Message:\nPrincipal::getByLabel: Found zero products matching all criteria\nLooking for type: edm::TriggerResults\nLooking for module label: TriggerResults\nLooking for productInstanceName: \nLooking for process: HLT2\n   Additional Info:\n      [a] If you wish to continue processing events after a ProductNotFound exception,\nadd "SkipEvent = cms.untracked.vstring(\'ProductNotFound\')" to the "options" PSet in the configuration.\n', {'type': 'Fatal Exception', 'details': 'An exception of category \'ProductNotFound\' occurred while\n   [0] Processing run: 1 lumi: 25 event: 2401\n   [1] Running path \'p\'\n   [2] Calling event method for module BSM3G_TNT_Maker/\'TNT\'\nException Message:\nPrincipal::getByLabel: Found zero products matching all criteria\nLooking for type: edm::TriggerResults\nLooking for module label: TriggerResults\nLooking for productInstanceName: \nLooking for process: HLT2\n   Additional Info:\n      [a] If you wish to continue processing events after a ProductNotFound exception,\nadd "SkipEvent = cms.untracked.vstring(\'ProductNotFound\')" to the "options" PSet in the configuration.', 'exitCode': '8001'}]}, '22': {'State': 'failed', 'Error': [8001, 'CmsRunFailure\nCMSSW error message follows.\nFatal Exception\nAn exception of category \'ProductNotFound\' occurred while\n   [0] Processing run: 1 lumi: 7471 event: 746955\n   [1] Running path \'p\'\n   [2] Calling event method for module BSM3G_TNT_Maker/\'TNT\'\nException Message:\nPrincipal::getByLabel: Found zero products matching all criteria\nLooking for type: edm::TriggerResults\nLooking for module label: TriggerResults\nLooking for productInstanceName: \nLooking for process: HLT2\n   Additional Info:\n      [a] If you wish to continue processing events after a ProductNotFound exception,\nadd "SkipEvent = cms.untracked.vstring(\'ProductNotFound\')" to the "options" PSet in the configuration.\n', {'type': 'Fatal Exception', 'details': 'An exception of category \'ProductNotFound\' occurred while\n   [0] Processing run: 1 lumi: 7471 event: 746955\n   [1] Running path \'p\'\n   [2] Calling event method for module BSM3G_TNT_Maker/\'TNT\'\nException Message:\nPrincipal::getByLabel: Found zero products matching all criteria\nLooking for type: edm::TriggerResults\nLooking for module label: TriggerResults\nLooking for productInstanceName: \nLooking for process: HLT2\n   Additional Info:\n      [a] If you wish to continue processing events after a ProductNotFound exception,\nadd "SkipEvent = cms.untracked.vstring(\'ProductNotFound\')" to the "options" PSet in the configuration.', 'exitCode': '8001'}]}, '23': {'State': 'failed', 'Error': [8001, 'CmsRunFailure\nCMSSW error message follows.\nFatal Exception\nAn exception of category \'ProductNotFound\' occurred while\n   [0] Processing run: 1 lumi: 499 event: 49801\n   [1] Running path \'p\'\n   [2] Calling event method for module BSM3G_TNT_Maker/\'TNT\'\nException Message:\nPrincipal::getByLabel: Found zero products matching all criteria\nLooking for type: edm::TriggerResults\nLooking for module label: TriggerResults\nLooking for productInstanceName: \nLooking for process: HLT2\n   Additional Info:\n      [a] If you wish to continue processing events after a ProductNotFound exception,\nadd "SkipEvent = cms.untracked.vstring(\'ProductNotFound\')" to the "options" PSet in the configuration.\n', {'type': 'Fatal Exception', 'details': 'An exception of category \'ProductNotFound\' occurred while\n   [0] Processing run: 1 lumi: 499 event: 49801\n   [1] Running path \'p\'\n   [2] Calling event method for module BSM3G_TNT_Maker/\'TNT\'\nException Message:\nPrincipal::getByLabel: Found zero products matching all criteria\nLooking for type: edm::TriggerResults\nLooking for module label: TriggerResults\nLooking for productInstanceName: \nLooking for process: HLT2\n   Additional Info:\n      [a] If you wish to continue processing events after a ProductNotFound exception,\nadd "SkipEvent = cms.untracked.vstring(\'ProductNotFound\')" to the "options" PSet in the configuration.', 'exitCode': '8001'}]}, '1': {'State': 'failed', 'Error': [8001, 'CmsRunFailure\nCMSSW error message follows.\nFatal Exception\nAn exception of category \'ProductNotFound\' occurred while\n   [0] Processing run: 1 lumi: 37 event: 3601\n   [1] Running path \'p\'\n   [2] Calling event method for module BSM3G_TNT_Maker/\'TNT\'\nException Message:\nPrincipal::getByLabel: Found zero products matching all criteria\nLooking for type: edm::TriggerResults\nLooking for module label: TriggerResults\nLooking for productInstanceName: \nLooking for process: HLT2\n   Additional Info:\n      [a] If you wish to continue processing events after a ProductNotFound exception,\nadd "SkipEvent = cms.untracked.vstring(\'ProductNotFound\')" to the "options" PSet in the configuration.\n', {'type': 'Fatal Exception', 'details': 'An exception of category \'ProductNotFound\' occurred while\n   [0] Processing run: 1 lumi: 37 event: 3601\n   [1] Running path \'p\'\n   [2] Calling event method for module BSM3G_TNT_Maker/\'TNT\'\nException Message:\nPrincipal::getByLabel: Found zero products matching all criteria\nLooking for type: edm::TriggerResults\nLooking for module label: TriggerResults\nLooking for productInstanceName: \nLooking for process: HLT2\n   Additional Info:\n      [a] If you wish to continue processing events after a ProductNotFound exception,\nadd "SkipEvent = cms.untracked.vstring(\'ProductNotFound\')" to the "options" PSet in the configuration.', 'exitCode': '8001'}]}, '3': {'State': 'failed', 'Error': [8001, 'CmsRunFailure\nCMSSW error message follows.\nFatal Exception\nAn exception of category \'ProductNotFound\' occurred while\n   [0] Processing run: 1 lumi: 31 event: 3001\n   [1] Running path \'p\'\n   [2] Calling event method for module BSM3G_TNT_Maker/\'TNT\'\nException Message:\nPrincipal::getByLabel: Found zero products matching all criteria\nLooking for type: edm::TriggerResults\nLooking for module label: TriggerResults\nLooking for productInstanceName: \nLooking for process: HLT2\n   Additional Info:\n      [a] If you wish to continue processing events after a ProductNotFound exception,\nadd "SkipEvent = cms.untracked.vstring(\'ProductNotFound\')" to the "options" PSet in the configuration.\n', {'type': 'Fatal Exception', 'details': 'An exception of category \'ProductNotFound\' occurred while\n   [0] Processing run: 1 lumi: 31 event: 3001\n   [1] Running path \'p\'\n   [2] Calling event method for module BSM3G_TNT_Maker/\'TNT\'\nException Message:\nPrincipal::getByLabel: Found zero products matching all criteria\nLooking for type: edm::TriggerResults\nLooking for module label: TriggerResults\nLooking for productInstanceName: \nLooking for process: HLT2\n   Additional Info:\n      [a] If you wish to continue processing events after a ProductNotFound exception,\nadd "SkipEvent = cms.untracked.vstring(\'ProductNotFound\')" to the "options" PSet in the configuration.', 'exitCode': '8001'}]}, '2': {'State': 'failed', 'Error': [8001, 'CmsRunFailure\nCMSSW error message follows.\nFatal Exception\nAn exception of category \'ProductNotFound\' occurred while\n   [0] Processing run: 1 lumi: 1 event: 1\n   [1] Running path \'p\'\n   [2] Calling event method for module BSM3G_TNT_Maker/\'TNT\'\nException Message:\nPrincipal::getByLabel: Found zero products matching all criteria\nLooking for type: edm::TriggerResults\nLooking for module label: TriggerResults\nLooking for productInstanceName: \nLooking for process: HLT2\n   Additional Info:\n      [a] If you wish to continue processing events after a ProductNotFound exception,\nadd "SkipEvent = cms.untracked.vstring(\'ProductNotFound\')" to the "options" PSet in the configuration.\n', {'type': 'Fatal Exception', 'details': 'An exception of category \'ProductNotFound\' occurred while\n   [0] Processing run: 1 lumi: 1 event: 1\n   [1] Running path \'p\'\n   [2] Calling event method for module BSM3G_TNT_Maker/\'TNT\'\nException Message:\nPrincipal::getByLabel: Found zero products matching all criteria\nLooking for type: edm::TriggerResults\nLooking for module label: TriggerResults\nLooking for productInstanceName: \nLooking for process: HLT2\n   Additional Info:\n      [a] If you wish to continue processing events after a ProductNotFound exception,\nadd "SkipEvent = cms.untracked.vstring(\'ProductNotFound\')" to the "options" PSet in the configuration.', 'exitCode': '8001'}]}, '5': {'State': 'failed', 'Error': [8001, 'CmsRunFailure\nCMSSW error message follows.\nFatal Exception\nAn exception of category \'ProductNotFound\' occurred while\n   [0] Processing run: 1 lumi: 2511 event: 251001\n   [1] Running path \'p\'\n   [2] Calling event method for module BSM3G_TNT_Maker/\'TNT\'\nException Message:\nPrincipal::getByLabel: Found zero products matching all criteria\nLooking for type: edm::TriggerResults\nLooking for module label: TriggerResults\nLooking for productInstanceName: \nLooking for process: HLT2\n   Additional Info:\n      [a] If you wish to continue processing events after a ProductNotFound exception,\nadd "SkipEvent = cms.untracked.vstring(\'ProductNotFound\')" to the "options" PSet in the configuration.\n', {'type': 'Fatal Exception', 'details': 'An exception of category \'ProductNotFound\' occurred while\n   [0] Processing run: 1 lumi: 2511 event: 251001\n   [1] Running path \'p\'\n   [2] Calling event method for module BSM3G_TNT_Maker/\'TNT\'\nException Message:\nPrincipal::getByLabel: Found zero products matching all criteria\nLooking for type: edm::TriggerResults\nLooking for module label: TriggerResults\nLooking for productInstanceName: \nLooking for process: HLT2\n   Additional Info:\n      [a] If you wish to continue processing events after a ProductNotFound exception,\nadd "SkipEvent = cms.untracked.vstring(\'ProductNotFound\')" to the "options" PSet in the configuration.', 'exitCode': '8001'}]}, '4': {'State': 'failed', 'Error': [8001, 'CmsRunFailure\nCMSSW error message follows.\nFatal Exception\nAn exception of category \'ProductNotFound\' occurred while\n   [0] Processing run: 1 lumi: 8127 event: 812555\n   [1] Running path \'p\'\n   [2] Calling event method for module BSM3G_TNT_Maker/\'TNT\'\nException Message:\nPrincipal::getByLabel: Found zero products matching all criteria\nLooking for type: edm::TriggerResults\nLooking for module label: TriggerResults\nLooking for productInstanceName: \nLooking for process: HLT2\n   Additional Info:\n      [a] If you wish to continue processing events after a ProductNotFound exception,\nadd "SkipEvent = cms.untracked.vstring(\'ProductNotFound\')" to the "options" PSet in the configuration.\n', {'type': 'Fatal Exception', 'details': 'An exception of category \'ProductNotFound\' occurred while\n   [0] Processing run: 1 lumi: 8127 event: 812555\n   [1] Running path \'p\'\n   [2] Calling event method for module BSM3G_TNT_Maker/\'TNT\'\nException Message:\nPrincipal::getByLabel: Found zero products matching all criteria\nLooking for type: edm::TriggerResults\nLooking for module label: TriggerResults\nLooking for productInstanceName: \nLooking for process: HLT2\n   Additional Info:\n      [a] If you wish to continue processing events after a ProductNotFound exception,\nadd "SkipEvent = cms.untracked.vstring(\'ProductNotFound\')" to the "options" PSet in the configuration.', 'exitCode': '8001'}]}, '7': {'State': 'failed', 'Error': [8001, 'CmsRunFailure\nCMSSW error message follows.\nFatal Exception\nAn exception of category \'ProductNotFound\' occurred while\n   [0] Processing run: 1 lumi: 2129 event: 212801\n   [1] Running path \'p\'\n   [2] Calling event method for module BSM3G_TNT_Maker/\'TNT\'\nException Message:\nPrincipal::getByLabel: Found zero products matching all criteria\nLooking for type: edm::TriggerResults\nLooking for module label: TriggerResults\nLooking for productInstanceName: \nLooking for process: HLT2\n   Additional Info:\n      [a] If you wish to continue processing events after a ProductNotFound exception,\nadd "SkipEvent = cms.untracked.vstring(\'ProductNotFound\')" to the "options" PSet in the configuration.\n', {'type': 'Fatal Exception', 'details': 'An exception of category \'ProductNotFound\' occurred while\n   [0] Processing run: 1 lumi: 2129 event: 212801\n   [1] Running path \'p\'\n   [2] Calling event method for module BSM3G_TNT_Maker/\'TNT\'\nException Message:\nPrincipal::getByLabel: Found zero products matching all criteria\nLooking for type: edm::TriggerResults\nLooking for module label: TriggerResults\nLooking for productInstanceName: \nLooking for process: HLT2\n   Additional Info:\n      [a] If you wish to continue processing events after a ProductNotFound exception,\nadd "SkipEvent = cms.untracked.vstring(\'ProductNotFound\')" to the "options" PSet in the configuration.', 'exitCode': '8001'}]}, '6': {'State': 'failed', 'Error': [8001, 'CmsRunFailure\nCMSSW error message follows.\nFatal Exception\nAn exception of category \'ProductNotFound\' occurred while\n   [0] Processing run: 1 lumi: 5535 event: 553355\n   [1] Running path \'p\'\n   [2] Calling event method for module BSM3G_TNT_Maker/\'TNT\'\nException Message:\nPrincipal::getByLabel: Found zero products matching all criteria\nLooking for type: edm::TriggerResults\nLooking for module label: TriggerResults\nLooking for productInstanceName: \nLooking for process: HLT2\n   Additional Info:\n      [a] If you wish to continue processing events after a ProductNotFound exception,\nadd "SkipEvent = cms.untracked.vstring(\'ProductNotFound\')" to the "options" PSet in the configuration.\n', {'type': 'Fatal Exception', 'details': 'An exception of category \'ProductNotFound\' occurred while\n   [0] Processing run: 1 lumi: 5535 event: 553355\n   [1] Running path \'p\'\n   [2] Calling event method for module BSM3G_TNT_Maker/\'TNT\'\nException Message:\nPrincipal::getByLabel: Found zero products matching all criteria\nLooking for type: edm::TriggerResults\nLooking for module label: TriggerResults\nLooking for productInstanceName: \nLooking for process: HLT2\n   Additional Info:\n      [a] If you wish to continue processing events after a ProductNotFound exception,\nadd "SkipEvent = cms.untracked.vstring(\'ProductNotFound\')" to the "options" PSet in the configuration.', 'exitCode': '8001'}]}, '9': {'State': 'failed', 'Error': [8001, 'CmsRunFailure\nCMSSW error message follows.\nFatal Exception\nAn exception of category \'ProductNotFound\' occurred while\n   [0] Processing run: 1 lumi: 4431 event: 443001\n   [1] Running path \'p\'\n   [2] Calling event method for module BSM3G_TNT_Maker/\'TNT\'\nException Message:\nPrincipal::getByLabel: Found zero products matching all criteria\nLooking for type: edm::TriggerResults\nLooking for module label: TriggerResults\nLooking for productInstanceName: \nLooking for process: HLT2\n   Additional Info:\n      [a] If you wish to continue processing events after a ProductNotFound exception,\nadd "SkipEvent = cms.untracked.vstring(\'ProductNotFound\')" to the "options" PSet in the configuration.\n', {'type': 'Fatal Exception', 'details': 'An exception of category \'ProductNotFound\' occurred while\n   [0] Processing run: 1 lumi: 4431 event: 443001\n   [1] Running path \'p\'\n   [2] Calling event method for module BSM3G_TNT_Maker/\'TNT\'\nException Message:\nPrincipal::getByLabel: Found zero products matching all criteria\nLooking for type: edm::TriggerResults\nLooking for module label: TriggerResults\nLooking for productInstanceName: \nLooking for process: HLT2\n   Additional Info:\n      [a] If you wish to continue processing events after a ProductNotFound exception,\nadd "SkipEvent = cms.untracked.vstring(\'ProductNotFound\')" to the "options" PSet in the configuration.', 'exitCode': '8001'}]}, '8': {'State': 'failed', 'Error': [8001, 'CmsRunFailure\nCMSSW error message follows.\nFatal Exception\nAn exception of category \'ProductNotFound\' occurred while\n   [0] Processing run: 1 lumi: 4427 event: 442601\n   [1] Running path \'p\'\n   [2] Calling event method for module BSM3G_TNT_Maker/\'TNT\'\nException Message:\nPrincipal::getByLabel: Found zero products matching all criteria\nLooking for type: edm::TriggerResults\nLooking for module label: TriggerResults\nLooking for productInstanceName: \nLooking for process: HLT2\n   Additional Info:\n      [a] If you wish to continue processing events after a ProductNotFound exception,\nadd "SkipEvent = cms.untracked.vstring(\'ProductNotFound\')" to the "options" PSet in the configuration.\n', {'type': 'Fatal Exception', 'details': 'An exception of category \'ProductNotFound\' occurred while\n   [0] Processing run: 1 lumi: 4427 event: 442601\n   [1] Running path \'p\'\n   [2] Calling event method for module BSM3G_TNT_Maker/\'TNT\'\nException Message:\nPrincipal::getByLabel: Found zero products matching all criteria\nLooking for type: edm::TriggerResults\nLooking for module label: TriggerResults\nLooking for productInstanceName: \nLooking for process: HLT2\n   Additional Info:\n      [a] If you wish to continue processing events after a ProductNotFound exception,\nadd "SkipEvent = cms.untracked.vstring(\'ProductNotFound\')" to the "options" PSet in the configuration.', 'exitCode': '8001'}]}, '11': {'State': 'failed', 'Error': [8001, 'CmsRunFailure\nCMSSW error message follows.\nFatal Exception\nAn exception of category \'ProductNotFound\' occurred while\n   [0] Processing run: 1 lumi: 409 event: 40801\n   [1] Running path \'p\'\n   [2] Calling event method for module BSM3G_TNT_Maker/\'TNT\'\nException Message:\nPrincipal::getByLabel: Found zero products matching all criteria\nLooking for type: edm::TriggerResults\nLooking for module label: TriggerResults\nLooking for productInstanceName: \nLooking for process: HLT2\n   Additional Info:\n      [a] If you wish to continue processing events after a ProductNotFound exception,\nadd "SkipEvent = cms.untracked.vstring(\'ProductNotFound\')" to the "options" PSet in the configuration.\n', {'type': 'Fatal Exception', 'details': 'An exception of category \'ProductNotFound\' occurred while\n   [0] Processing run: 1 lumi: 409 event: 40801\n   [1] Running path \'p\'\n   [2] Calling event method for module BSM3G_TNT_Maker/\'TNT\'\nException Message:\nPrincipal::getByLabel: Found zero products matching all criteria\nLooking for type: edm::TriggerResults\nLooking for module label: TriggerResults\nLooking for productInstanceName: \nLooking for process: HLT2\n   Additional Info:\n      [a] If you wish to continue processing events after a ProductNotFound exception,\nadd "SkipEvent = cms.untracked.vstring(\'ProductNotFound\')" to the "options" PSet in the configuration.', 'exitCode': '8001'}]}, '10': {'State': 'failed', 'Error': [8001, 'CmsRunFailure\nCMSSW error message follows.\nFatal Exception\nAn exception of category \'ProductNotFound\' occurred while\n   [0] Processing run: 1 lumi: 1539 event: 153801\n   [1] Running path \'p\'\n   [2] Calling event method for module BSM3G_TNT_Maker/\'TNT\'\nException Message:\nPrincipal::getByLabel: Found zero products matching all criteria\nLooking for type: edm::TriggerResults\nLooking for module label: TriggerResults\nLooking for productInstanceName: \nLooking for process: HLT2\n   Additional Info:\n      [a] If you wish to continue processing events after a ProductNotFound exception,\nadd "SkipEvent = cms.untracked.vstring(\'ProductNotFound\')" to the "options" PSet in the configuration.\n', {'type': 'Fatal Exception', 'details': 'An exception of category \'ProductNotFound\' occurred while\n   [0] Processing run: 1 lumi: 1539 event: 153801\n   [1] Running path \'p\'\n   [2] Calling event method for module BSM3G_TNT_Maker/\'TNT\'\nException Message:\nPrincipal::getByLabel: Found zero products matching all criteria\nLooking for type: edm::TriggerResults\nLooking for module label: TriggerResults\nLooking for productInstanceName: \nLooking for process: HLT2\n   Additional Info:\n      [a] If you wish to continue processing events after a ProductNotFound exception,\nadd "SkipEvent = cms.untracked.vstring(\'ProductNotFound\')" to the "options" PSet in the configuration.', 'exitCode': '8001'}]}, '13': {'State': 'failed', 'Error': [8001, 'CmsRunFailure\nCMSSW error message follows.\nFatal Exception\nAn exception of category \'ProductNotFound\' occurred while\n   [0] Processing run: 1 lumi: 7883 event: 788155\n   [1] Running path \'p\'\n   [2] Calling event method for module BSM3G_TNT_Maker/\'TNT\'\nException Message:\nPrincipal::getByLabel: Found zero products matching all criteria\nLooking for type: edm::TriggerResults\nLooking for module label: TriggerResults\nLooking for productInstanceName: \nLooking for process: HLT2\n   Additional Info:\n      [a] If you wish to continue processing events after a ProductNotFound exception,\nadd "SkipEvent = cms.untracked.vstring(\'ProductNotFound\')" to the "options" PSet in the configuration.\n', {'type': 'Fatal Exception', 'details': 'An exception of category \'ProductNotFound\' occurred while\n   [0] Processing run: 1 lumi: 7883 event: 788155\n   [1] Running path \'p\'\n   [2] Calling event method for module BSM3G_TNT_Maker/\'TNT\'\nException Message:\nPrincipal::getByLabel: Found zero products matching all criteria\nLooking for type: edm::TriggerResults\nLooking for module label: TriggerResults\nLooking for productInstanceName: \nLooking for process: HLT2\n   Additional Info:\n      [a] If you wish to continue processing events after a ProductNotFound exception,\nadd "SkipEvent = cms.untracked.vstring(\'ProductNotFound\')" to the "options" PSet in the configuration.', 'exitCode': '8001'}]}, '12': {'State': 'failed', 'Error': [8001, 'CmsRunFailure\nCMSSW error message follows.\nFatal Exception\nAn exception of category \'ProductNotFound\' occurred while\n   [0] Processing run: 1 lumi: 87 event: 8601\n   [1] Running path \'p\'\n   [2] Calling event method for module BSM3G_TNT_Maker/\'TNT\'\nException Message:\nPrincipal::getByLabel: Found zero products matching all criteria\nLooking for type: edm::TriggerResults\nLooking for module label: TriggerResults\nLooking for productInstanceName: \nLooking for process: HLT2\n   Additional Info:\n      [a] If you wish to continue processing events after a ProductNotFound exception,\nadd "SkipEvent = cms.untracked.vstring(\'ProductNotFound\')" to the "options" PSet in the configuration.\n', {'type': 'Fatal Exception', 'details': 'An exception of category \'ProductNotFound\' occurred while\n   [0] Processing run: 1 lumi: 87 event: 8601\n   [1] Running path \'p\'\n   [2] Calling event method for module BSM3G_TNT_Maker/\'TNT\'\nException Message:\nPrincipal::getByLabel: Found zero products matching all criteria\nLooking for type: edm::TriggerResults\nLooking for module label: TriggerResults\nLooking for productInstanceName: \nLooking for process: HLT2\n   Additional Info:\n      [a] If you wish to continue processing events after a ProductNotFound exception,\nadd "SkipEvent = cms.untracked.vstring(\'ProductNotFound\')" to the "options" PSet in the configuration.', 'exitCode': '8001'}]}, '15': {'State': 'failed', 'Error': [8001, 'CmsRunFailure\nCMSSW error message follows.\nFatal Exception\nAn exception of category \'ProductNotFound\' occurred while\n   [0] Processing run: 1 lumi: 2769 event: 276801\n   [1] Running path \'p\'\n   [2] Calling event method for module BSM3G_TNT_Maker/\'TNT\'\nException Message:\nPrincipal::getByLabel: Found zero products matching all criteria\nLooking for type: edm::TriggerResults\nLooking for module label: TriggerResults\nLooking for productInstanceName: \nLooking for process: HLT2\n   Additional Info:\n      [a] If you wish to continue processing events after a ProductNotFound exception,\nadd "SkipEvent = cms.untracked.vstring(\'ProductNotFound\')" to the "options" PSet in the configuration.\n', {'type': 'Fatal Exception', 'details': 'An exception of category \'ProductNotFound\' occurred while\n   [0] Processing run: 1 lumi: 2769 event: 276801\n   [1] Running path \'p\'\n   [2] Calling event method for module BSM3G_TNT_Maker/\'TNT\'\nException Message:\nPrincipal::getByLabel: Found zero products matching all criteria\nLooking for type: edm::TriggerResults\nLooking for module label: TriggerResults\nLooking for productInstanceName: \nLooking for process: HLT2\n   Additional Info:\n      [a] If you wish to continue processing events after a ProductNotFound exception,\nadd "SkipEvent = cms.untracked.vstring(\'ProductNotFound\')" to the "options" PSet in the configuration.', 'exitCode': '8001'}]}, '14': {'State': 'failed', 'Error': [8001, 'CmsRunFailure\nCMSSW error message follows.\nFatal Exception\nAn exception of category \'ProductNotFound\' occurred while\n   [0] Processing run: 1 lumi: 3503 event: 350201\n   [1] Running path \'p\'\n   [2] Calling event method for module BSM3G_TNT_Maker/\'TNT\'\nException Message:\nPrincipal::getByLabel: Found zero products matching all criteria\nLooking for type: edm::TriggerResults\nLooking for module label: TriggerResults\nLooking for productInstanceName: \nLooking for process: HLT2\n   Additional Info:\n      [a] If you wish to continue processing events after a ProductNotFound exception,\nadd "SkipEvent = cms.untracked.vstring(\'ProductNotFound\')" to the "options" PSet in the configuration.\n', {'type': 'Fatal Exception', 'details': 'An exception of category \'ProductNotFound\' occurred while\n   [0] Processing run: 1 lumi: 3503 event: 350201\n   [1] Running path \'p\'\n   [2] Calling event method for module BSM3G_TNT_Maker/\'TNT\'\nException Message:\nPrincipal::getByLabel: Found zero products matching all criteria\nLooking for type: edm::TriggerResults\nLooking for module label: TriggerResults\nLooking for productInstanceName: \nLooking for process: HLT2\n   Additional Info:\n      [a] If you wish to continue processing events after a ProductNotFound exception,\nadd "SkipEvent = cms.untracked.vstring(\'ProductNotFound\')" to the "options" PSet in the configuration.', 'exitCode': '8001'}]}, '17': {'State': 'failed', 'Error': [8001, 'CmsRunFailure\nCMSSW error message follows.\nFatal Exception\nAn exception of category \'ProductNotFound\' occurred while\n   [0] Processing run: 1 lumi: 1017 event: 101601\n   [1] Running path \'p\'\n   [2] Calling event method for module BSM3G_TNT_Maker/\'TNT\'\nException Message:\nPrincipal::getByLabel: Found zero products matching all criteria\nLooking for type: edm::TriggerResults\nLooking for module label: TriggerResults\nLooking for productInstanceName: \nLooking for process: HLT2\n   Additional Info:\n      [a] If you wish to continue processing events after a ProductNotFound exception,\nadd "SkipEvent = cms.untracked.vstring(\'ProductNotFound\')" to the "options" PSet in the configuration.\n', {'type': 'Fatal Exception', 'details': 'An exception of category \'ProductNotFound\' occurred while\n   [0] Processing run: 1 lumi: 1017 event: 101601\n   [1] Running path \'p\'\n   [2] Calling event method for module BSM3G_TNT_Maker/\'TNT\'\nException Message:\nPrincipal::getByLabel: Found zero products matching all criteria\nLooking for type: edm::TriggerResults\nLooking for module label: TriggerResults\nLooking for productInstanceName: \nLooking for process: HLT2\n   Additional Info:\n      [a] If you wish to continue processing events after a ProductNotFound exception,\nadd "SkipEvent = cms.untracked.vstring(\'ProductNotFound\')" to the "options" PSet in the configuration.', 'exitCode': '8001'}]}, '16': {'State': 'failed', 'Error': [8001, 'CmsRunFailure\nCMSSW error message follows.\nFatal Exception\nAn exception of category \'ProductNotFound\' occurred while\n   [0] Processing run: 1 lumi: 5527 event: 552555\n   [1] Running path \'p\'\n   [2] Calling event method for module BSM3G_TNT_Maker/\'TNT\'\nException Message:\nPrincipal::getByLabel: Found zero products matching all criteria\nLooking for type: edm::TriggerResults\nLooking for module label: TriggerResults\nLooking for productInstanceName: \nLooking for process: HLT2\n   Additional Info:\n      [a] If you wish to continue processing events after a ProductNotFound exception,\nadd "SkipEvent = cms.untracked.vstring(\'ProductNotFound\')" to the "options" PSet in the configuration.\n', {'type': 'Fatal Exception', 'details': 'An exception of category \'ProductNotFound\' occurred while\n   [0] Processing run: 1 lumi: 5527 event: 552555\n   [1] Running path \'p\'\n   [2] Calling event method for module BSM3G_TNT_Maker/\'TNT\'\nException Message:\nPrincipal::getByLabel: Found zero products matching all criteria\nLooking for type: edm::TriggerResults\nLooking for module label: TriggerResults\nLooking for productInstanceName: \nLooking for process: HLT2\n   Additional Info:\n      [a] If you wish to continue processing events after a ProductNotFound exception,\nadd "SkipEvent = cms.untracked.vstring(\'ProductNotFound\')" to the "options" PSet in the configuration.', 'exitCode': '8001'}]}, '19': {'State': 'failed', 'Error': [8001, 'CmsRunFailure\nCMSSW error message follows.\nFatal Exception\nAn exception of category \'ProductNotFound\' occurred while\n   [0] Processing run: 1 lumi: 261 event: 26001\n   [1] Running path \'p\'\n   [2] Calling event method for module BSM3G_TNT_Maker/\'TNT\'\nException Message:\nPrincipal::getByLabel: Found zero products matching all criteria\nLooking for type: edm::TriggerResults\nLooking for module label: TriggerResults\nLooking for productInstanceName: \nLooking for process: HLT2\n   Additional Info:\n      [a] If you wish to continue processing events after a ProductNotFound exception,\nadd "SkipEvent = cms.untracked.vstring(\'ProductNotFound\')" to the "options" PSet in the configuration.\n', {'type': 'Fatal Exception', 'details': 'An exception of category \'ProductNotFound\' occurred while\n   [0] Processing run: 1 lumi: 261 event: 26001\n   [1] Running path \'p\'\n   [2] Calling event method for module BSM3G_TNT_Maker/\'TNT\'\nException Message:\nPrincipal::getByLabel: Found zero products matching all criteria\nLooking for type: edm::TriggerResults\nLooking for module label: TriggerResults\nLooking for productInstanceName: \nLooking for process: HLT2\n   Additional Info:\n      [a] If you wish to continue processing events after a ProductNotFound exception,\nadd "SkipEvent = cms.untracked.vstring(\'ProductNotFound\')" to the "options" PSet in the configuration.', 'exitCode': '8001'}]}, '18': {'State': 'failed', 'Error': [8001, 'CmsRunFailure\nCMSSW error message follows.\nFatal Exception\nAn exception of category \'ProductNotFound\' occurred while\n   [0] Processing run: 1 lumi: 5709 event: 570755\n   [1] Running path \'p\'\n   [2] Calling event method for module BSM3G_TNT_Maker/\'TNT\'\nException Message:\nPrincipal::getByLabel: Found zero products matching all criteria\nLooking for type: edm::TriggerResults\nLooking for module label: TriggerResults\nLooking for productInstanceName: \nLooking for process: HLT2\n   Additional Info:\n      [a] If you wish to continue processing events after a ProductNotFound exception,\nadd "SkipEvent = cms.untracked.vstring(\'ProductNotFound\')" to the "options" PSet in the configuration.\n', {'type': 'Fatal Exception', 'details': 'An exception of category \'ProductNotFound\' occurred while\n   [0] Processing run: 1 lumi: 5709 event: 570755\n   [1] Running path \'p\'\n   [2] Calling event method for module BSM3G_TNT_Maker/\'TNT\'\nException Message:\nPrincipal::getByLabel: Found zero products matching all criteria\nLooking for type: edm::TriggerResults\nLooking for module label: TriggerResults\nLooking for productInstanceName: \nLooking for process: HLT2\n   Additional Info:\n      [a] If you wish to continue processing events after a ProductNotFound exception,\nadd "SkipEvent = cms.untracked.vstring(\'ProductNotFound\')" to the "options" PSet in the configuration.', 'exitCode': '8001'}]}}, 'publication': {}, 'taskWarningMsg': [], 'schedd': 'crab3-3@submit-4.t2.ucsd.edu', 'publicationFailures': {}, 'outdatasets': None, 'statusFailureMsg': '', 'taskFailureMsg': '', 'failedJobdefs': 0, 'ASOURL': 'https://cmsweb.cern.ch/couchdb2', 'command': 'SUBMIT', 'totalJobdefs': 0, 'submissionTime': 1469542082, 'jobdefErrors': [], 'collector': 'cmsgwms-collector-global.cern.ch,cmssrv221.fnal.gov', 'jobList': [['failed', 24], ['failed', 25], ['failed', 26], ['failed', 20], ['failed', 21], ['failed', 22], ['failed', 23], ['failed', 1], ['failed', 3], ['failed', 2], ['failed', 5], ['failed', 4], ['failed', 7], ['failed', 6], ['failed', 9], ['failed', 8], ['failed', 11], ['failed', 10], ['failed', 13], ['failed', 12], ['failed', 15], ['failed', 14], ['failed', 17], ['failed', 16], ['failed', 19], ['failed', 18]]}
INFO 2016-07-26 19:03:48,648: 	 CRAB project directory:		/afs/cern.ch/work/f/fromeo/CMSSW_8_0_12_FW/src/BSMFramework/BSM3G_TNT_Maker/crab/First2016_SaT/crab_First2016_SaT
INFO 2016-07-26 19:03:48,648: 	 Task name:			160726_140801:fromeo_crab_First2016_SaT
INFO 2016-07-26 19:03:48,648: 	 Grid scheduler:			crab3-3@submit-4.t2.ucsd.edu
INFO 2016-07-26 19:03:48,648: 	 Task status:			FAILED
INFO 2016-07-26 19:03:48,649: 	 Dashboard monitoring URL:	http://dashb-cms-job.cern.ch/dashboard/templates/task-analysis/#user=fromeo&table=Mains&pattern=160726_140801%3Afromeo_crab_First2016_SaT
INFO 2016-07-26 19:03:48,649: 	 
Jobs status:			failed        100.0% (26/26)
INFO 2016-07-26 19:03:48,649: 	 
No publication information available yet
INFO 2016-07-26 19:03:48,649: 	 
Error Summary: (use crab status --verboseErrors for details about the errors)

26 jobs failed with exit code 8001

Have a look at https://twiki.cern.ch/twiki/bin/viewauth/CMSPublic/JobExitCodes for a description of the exit codes.
INFO 2016-07-26 19:03:48,675: 	 Log file is /afs/cern.ch/work/f/fromeo/CMSSW_8_0_12_FW/src/BSMFramework/BSM3G_TNT_Maker/crab/First2016_SaT/crab_First2016_SaT/crab.log
