DEBUG 2016-07-26 17:19:23,552: 	 Executing command: 'submit'
DEBUG 2016-07-26 17:19:23,552: 	 Found CRAB cache file /afs/cern.ch/user/f/fromeo/.crab3
DEBUG 2016-07-26 17:19:23,581: 	 Checking credentials
DEBUG 2016-07-26 17:19:23,581: 	 Found proxy file /tmp/x509up_u30997
DEBUG 2016-07-26 17:19:23,581: 	 Getting proxy life time left
DEBUG 2016-07-26 17:19:24,193: 	 Executing : 
 command : voms-proxy-info -file /tmp/x509up_u30997 -timeleft
 output : 81956

 error: 
 retcode : 0
DEBUG 2016-07-26 17:19:24,801: 	 Executing : 
 command : voms-proxy-info -file /tmp/x509up_u30997 -actimeleft
 output : 81956

 error: 
 retcode : 0
DEBUG 2016-07-26 17:19:24,801: 	 Proxy valid for 22:45:56 hours
DEBUG 2016-07-26 17:19:24,802: 	 Will use CRAB Analysis plugin (i.e. will run an analysis job type).
DEBUG 2016-07-26 17:19:24,945: 	 Executing : 
 command : openssl x509 -in ~/.globus/usercert.pem -subject -noout
 output : subject= /DC=ch/DC=cern/OU=Organic Units/OU=Users/CN=fromeo/CN=674630/CN=Francesco Romeo

 error: 
 retcode : 0
DEBUG 2016-07-26 17:19:24,945: 	 Checking credentials
DEBUG 2016-07-26 17:19:24,945: 	 Found proxy file /tmp/x509up_u30997
DEBUG 2016-07-26 17:19:24,945: 	 Getting proxy life time left
DEBUG 2016-07-26 17:19:25,668: 	 Executing : 
 command : voms-proxy-info -file /tmp/x509up_u30997 -timeleft
 output : 81955

 error: 
 retcode : 0
DEBUG 2016-07-26 17:19:26,278: 	 Executing : 
 command : voms-proxy-info -file /tmp/x509up_u30997 -actimeleft
 output : 81954

 error: 
 retcode : 0
DEBUG 2016-07-26 17:19:26,279: 	 Proxy valid for 22:45:55 hours
DEBUG 2016-07-26 17:19:26,993: 	 Executing : 
 command : env X509_USER_PROXY=/tmp/x509up_u30997 voms-proxy-info -fqan
 output : /cms/Role=NULL/Capability=NULL

 error: 
 retcode : 0
DEBUG 2016-07-26 17:19:27,341: 	 Registering user credentials for server /DC=ch/DC=cern/OU=computers/CN=vocms(045|052|021|031|0118|0118a|0119|0108).cern.ch
DEBUG 2016-07-26 17:19:27,466: 	 Executing : 
 command : openssl x509 -in ~/.globus/usercert.pem -subject -noout
 output : subject= /DC=ch/DC=cern/OU=Organic Units/OU=Users/CN=fromeo/CN=674630/CN=Francesco Romeo

 error: 
 retcode : 0
DEBUG 2016-07-26 17:19:27,467: 	 Getting myproxy life time left for myproxy.cern.ch
DEBUG 2016-07-26 17:19:27,467: 	 Calculating hash of /DC=ch/DC=cern/OU=Organic Units/OU=Users/CN=fromeo/CN=674630/CN=Francesco Romeo_cmsweb.cern.ch for credential name
DEBUG 2016-07-26 17:19:27,674: 	 Executing : 
 command : myproxy-info -l 83bb954b043085ec6b5075bf38fafc2a023a8c7b -s myproxy.cern.ch
 output : username: 83bb954b043085ec6b5075bf38fafc2a023a8c7b
owner: /DC=ch/DC=cern/OU=Organic Units/OU=Users/CN=fromeo/CN=674630/CN=Francesco Romeo
  renewal policy: /DC=ch/DC=cern/OU=computers/CN=vocms(045|052|021|031|0118|0118a|0119|0108).cern.ch
  trusted retrieval policy: /DC=ch/DC=cern/OU=computers/CN=vocms(045|052|021|031|0118|0118a|0119|0108).cern.ch
  timeleft: 386:31:44  (16.1 days)

 error: 
 retcode : 0
DEBUG 2016-07-26 17:19:27,674: 	 Myproxy is valid: 1391504
DEBUG 2016-07-26 17:19:27,675: 	 Command use: submit
DEBUG 2016-07-26 17:19:27,675: 	 Options use: ['--config', <WMCore.Configuration.Configuration object at 0x7fec14cc1c90>]
DEBUG 2016-07-26 17:19:28,040: 	 CRABClient version: 3.3.1607.patch1
DEBUG 2016-07-26 17:19:28,040: 	 Instance is prod
DEBUG 2016-07-26 17:19:28,041: 	 Server base url is cmsweb.cern.ch
DEBUG 2016-07-26 17:19:28,041: 	 Command url /crabserver/prod/workflow
DEBUG 2016-07-26 17:19:28,041: 	 Started submission
DEBUG 2016-07-26 17:19:28,041: 	 Working on /afs/cern.ch/work/f/fromeo/CMSSW_8_0_12_FW/src/BSMFramework/BSM3G_TNT_Maker/crab/First2016_2_WW/crab_First2016_2_WW
DEBUG 2016-07-26 17:19:28,430: 	 Loading required information from the environment
DEBUG 2016-07-26 17:19:28,430: 	 Found CMSSW_8_0_12 for slc6_amd64_gcc530 with base /afs/cern.ch/work/f/fromeo/CMSSW_8_0_12_FW
DEBUG 2016-07-26 17:19:28,455: 	 UNIQUE NAME: tarUUID e509d6dd-9cfe-4ece-8115-604df441f607 
DEBUG 2016-07-26 17:19:28,455: 	 self.config: from WMCore.Configuration import Configuration
config = Configuration()
config.section_('General')
config.General.workArea = 'First2016_2_WW'
config.General.requestName = 'First2016_2_WW'
config.section_('JobType')
config.JobType.psetName = '/afs/cern.ch/work/f/fromeo/CMSSW_8_0_12_FW/src/BSMFramework/BSM3G_TNT_Maker/python/miniAOD_MC.py'
config.JobType.pluginName = 'Analysis'
config.section_('Data')
config.Data.inputDataset = '/WW_TuneCUETP8M1_13TeV-pythia8/RunIISpring16MiniAODv2-PUSpring16_80X_mcRun2_asymptotic_2016_miniAODv2_v0-v1/MINIAODSIM'
config.Data.totalUnits = 2500
config.Data.unitsPerJob = 1
config.Data.inputDBS = 'global'
config.Data.splitting = 'FileBased'
config.Data.outLFNDirBase = '/store/user/fromeo/'
config.section_('Site')
config.Site.storageSite = 'T2_CN_Beijing'
config.section_('User')
config.section_('Debug')

DEBUG 2016-07-26 17:19:28,456: 	 self.config.JobType.psetName: /afs/cern.ch/work/f/fromeo/CMSSW_8_0_12_FW/src/BSMFramework/BSM3G_TNT_Maker/python/miniAOD_MC.py
INFO 2016-07-26 17:19:28,456: 	 Importing CMSSW configuration /afs/cern.ch/work/f/fromeo/CMSSW_8_0_12_FW/src/BSMFramework/BSM3G_TNT_Maker/python/miniAOD_MC.py
INFO 2016-07-26 17:19:28,467: 	 Finished importing CMSSW configuration /afs/cern.ch/work/f/fromeo/CMSSW_8_0_12_FW/src/BSMFramework/BSM3G_TNT_Maker/python/miniAOD_MC.py
DEBUG 2016-07-26 17:19:28,467: 	 Writing CMSSW configuration to /afs/cern.ch/work/f/fromeo/CMSSW_8_0_12_FW/src/BSMFramework/BSM3G_TNT_Maker/crab/First2016_2_WW/crab_First2016_2_WW/inputs/PSet.py
DEBUG 2016-07-26 17:19:28,598: 	 The following EDM output files will be collected: []
DEBUG 2016-07-26 17:19:28,598: 	 The following TFile output files will be collected: ['OutTree.root']
DEBUG 2016-07-26 17:19:28,598: 	 The following user output files will be collected: []
DEBUG 2016-07-26 17:19:28,598: 	 Loading required information from the environment
DEBUG 2016-07-26 17:19:28,598: 	 Found CMSSW_8_0_12 for slc6_amd64_gcc530 with base /afs/cern.ch/work/f/fromeo/CMSSW_8_0_12_FW
DEBUG 2016-07-26 17:19:28,598: 	 Making tarball in /afs/cern.ch/work/f/fromeo/CMSSW_8_0_12_FW/src/BSMFramework/BSM3G_TNT_Maker/crab/First2016_2_WW/crab_First2016_2_WW/inputs/e509d6dd-9cfe-4ece-8115-604df441f607default.tgz
DEBUG 2016-07-26 17:19:28,599: 	 Checking directory /afs/cern.ch/work/f/fromeo/CMSSW_8_0_12_FW/lib
DEBUG 2016-07-26 17:19:28,600: 	 Adding directory /afs/cern.ch/work/f/fromeo/CMSSW_8_0_12_FW/lib to tarball
DEBUG 2016-07-26 17:19:28,854: 	 Checking directory /afs/cern.ch/work/f/fromeo/CMSSW_8_0_12_FW/biglib
DEBUG 2016-07-26 17:19:28,854: 	 Adding directory /afs/cern.ch/work/f/fromeo/CMSSW_8_0_12_FW/biglib to tarball
DEBUG 2016-07-26 17:19:28,855: 	 Checking directory /afs/cern.ch/work/f/fromeo/CMSSW_8_0_12_FW/module
DEBUG 2016-07-26 17:19:28,865: 	 Adding data directory /afs/cern.ch/work/f/fromeo/CMSSW_8_0_12_FW/src/BSMFramework/BSM3G_TNT_Maker/data to tarball
DEBUG 2016-07-26 17:19:39,876: 	 Adding data directory /afs/cern.ch/work/f/fromeo/CMSSW_8_0_12_FW/src/BSMFramework/BSM3G_TNT_Maker/interface to tarball
DEBUG 2016-07-26 17:19:40,264: 	 Uploading archive /afs/cern.ch/work/f/fromeo/CMSSW_8_0_12_FW/src/BSMFramework/BSM3G_TNT_Maker/crab/First2016_2_WW/crab_First2016_2_WW/inputs/e509d6dd-9cfe-4ece-8115-604df441f607default.tgz to the CRAB cache. Using URI https://cmsweb.cern.ch/crabcache
DEBUG 2016-07-26 17:19:52,012: 	 Loading required information from the environment
DEBUG 2016-07-26 17:19:52,012: 	 Found CMSSW_8_0_12 for slc6_amd64_gcc530 with base /afs/cern.ch/work/f/fromeo/CMSSW_8_0_12_FW
DEBUG 2016-07-26 17:19:52,012: 	 Making tarball in /afs/cern.ch/work/f/fromeo/CMSSW_8_0_12_FW/src/BSMFramework/BSM3G_TNT_Maker/crab/First2016_2_WW/crab_First2016_2_WW/inputs/debugFiles.tgz
DEBUG 2016-07-26 17:19:52,019: 	 Uploading archive /afs/cern.ch/work/f/fromeo/CMSSW_8_0_12_FW/src/BSMFramework/BSM3G_TNT_Maker/crab/First2016_2_WW/crab_First2016_2_WW/inputs/debugFiles.tgz to the CRAB cache. Using URI https://cmsweb.cern.ch/crabcache
DEBUG 2016-07-26 17:19:52,439: 	 Result uploading input files: ce2186359eada7c79f145f1479090610ccd8dab56169dfa382f4136a83bf922f.tar.gz 
WARNING 2016-07-26 17:19:52,439: 	 Warning: The following output files will not be published, as they are not EDM files: ['OutTree.root']
INFO 2016-07-26 17:19:52,439: 	 Sending the request to the server
DEBUG 2016-07-26 17:19:52,439: 	 Submitting {'maxjobruntime': 1250, 'ignorelocality': 0, 'savelogsflag': 0, 'useparent': 0, 'asyncdest': 'T2_CN_Beijing', 'algoargs': 1, 'cachefilename': 'ce2186359eada7c79f145f1479090610ccd8dab56169dfa382f4136a83bf922f.tar.gz', 'numcores': 1, 'addoutputfiles': [], 'generator': 'pythia', 'maxmemory': 2000, 'publishdbsurl': 'https://cmsweb.cern.ch/dbs/prod/phys03/DBSWriter', 'priority': 10, 'jobsw': 'CMSSW_8_0_12', 'edmoutfiles': [], 'userfiles': [], 'primarydataset': '', 'inputdata': '/WW_TuneCUETP8M1_13TeV-pythia8/RunIISpring16MiniAODv2-PUSpring16_80X_mcRun2_asymptotic_2016_miniAODv2_v0-v1/MINIAODSIM', 'lfn': '/store/user/fromeo/', 'dryrun': 0, 'workflow': 'crab_First2016_2_WW', 'adduserfiles': [], 'nonprodsw': 0, 'tfileoutfiles': ['OutTree.root'], 'oneEventMode': 0, 'debugfilename': 'ca1a20b410839021f65dfb7c5f7cd65faa8eb2e94bb3b63d99eca4ff0473d59f.tar.gz', 'cacheurl': 'https://cmsweb.cern.ch/crabcache', 'saveoutput': 1, 'publication': 1, 'jobarch': 'slc6_amd64_gcc530', 'totalunits': 2500, 'splitalgo': 'FileBased', 'nonvaliddata': 0, 'dbsurl': 'https://cmsweb.cern.ch/dbs/prod/global/DBSReader', 'publishgroupname': 0, 'jobtype': 'Analysis', 'publishname2': ''} 
DEBUG 2016-07-26 17:19:52,440: 	 Encoded submit request: maxjobruntime=1250&ignorelocality=0&savelogsflag=0&useparent=0&asyncdest=T2_CN_Beijing&algoargs=1&cachefilename=ce2186359eada7c79f145f1479090610ccd8dab56169dfa382f4136a83bf922f.tar.gz&numcores=1&generator=pythia&maxmemory=2000&publishdbsurl=https%3A%2F%2Fcmsweb.cern.ch%2Fdbs%2Fprod%2Fphys03%2FDBSWriter&priority=10&jobsw=CMSSW_8_0_12&primarydataset=&inputdata=%2FWW_TuneCUETP8M1_13TeV-pythia8%2FRunIISpring16MiniAODv2-PUSpring16_80X_mcRun2_asymptotic_2016_miniAODv2_v0-v1%2FMINIAODSIM&lfn=%2Fstore%2Fuser%2Ffromeo%2F&dryrun=0&workflow=crab_First2016_2_WW&nonprodsw=0&oneEventMode=0&debugfilename=ca1a20b410839021f65dfb7c5f7cd65faa8eb2e94bb3b63d99eca4ff0473d59f.tar.gz&cacheurl=https%3A%2F%2Fcmsweb.cern.ch%2Fcrabcache&saveoutput=1&publication=1&jobarch=slc6_amd64_gcc530&totalunits=2500&splitalgo=FileBased&nonvaliddata=0&dbsurl=https%3A%2F%2Fcmsweb.cern.ch%2Fdbs%2Fprod%2Fglobal%2FDBSReader&publishgroupname=0&jobtype=Analysis&publishname2=&tfileoutfiles=OutTree.root
DEBUG 2016-07-26 17:19:53,341: 	 Result: {'result': [{'RequestName': '160726_151952:fromeo_crab_First2016_2_WW'}]}
INFO 2016-07-26 17:19:53,347: 	 Success: Your task has been delivered to the CRAB3 server.
INFO 2016-07-26 17:19:53,347: 	 Task name: 160726_151952:fromeo_crab_First2016_2_WW
INFO 2016-07-26 17:19:53,347: 	 Please use 'crab status' to check how the submission process proceeds.
DEBUG 2016-07-26 17:19:53,347: 	 About to return
DEBUG 2016-07-26 19:07:25,541: 	 Executing command: 'status'
DEBUG 2016-07-26 19:07:25,541: 	 Found CRAB cache file /afs/cern.ch/user/f/fromeo/.crab3
DEBUG 2016-07-26 19:07:25,578: 	 Checking credentials
DEBUG 2016-07-26 19:07:25,578: 	 Found proxy file /tmp/x509up_u30997
DEBUG 2016-07-26 19:07:25,578: 	 Getting proxy life time left
DEBUG 2016-07-26 19:07:26,184: 	 Executing : 
 command : voms-proxy-info -file /tmp/x509up_u30997 -timeleft
 output : 75474

 error: 
 retcode : 0
DEBUG 2016-07-26 19:07:26,690: 	 Executing : 
 command : voms-proxy-info -file /tmp/x509up_u30997 -actimeleft
 output : 75474

 error: 
 retcode : 0
DEBUG 2016-07-26 19:07:26,691: 	 Proxy valid for 20:57:54 hours
DEBUG 2016-07-26 19:07:26,922: 	 Executing : 
 command : openssl x509 -in ~/.globus/usercert.pem -subject -noout
 output : subject= /DC=ch/DC=cern/OU=Organic Units/OU=Users/CN=fromeo/CN=674630/CN=Francesco Romeo

 error: 
 retcode : 0
DEBUG 2016-07-26 19:07:26,922: 	 Checking credentials
DEBUG 2016-07-26 19:07:26,922: 	 Found proxy file /tmp/x509up_u30997
DEBUG 2016-07-26 19:07:26,922: 	 Getting proxy life time left
DEBUG 2016-07-26 19:07:27,530: 	 Executing : 
 command : voms-proxy-info -file /tmp/x509up_u30997 -timeleft
 output : 75473

 error: 
 retcode : 0
DEBUG 2016-07-26 19:07:28,038: 	 Executing : 
 command : voms-proxy-info -file /tmp/x509up_u30997 -actimeleft
 output : 75472

 error: 
 retcode : 0
DEBUG 2016-07-26 19:07:28,039: 	 Proxy valid for 20:57:53 hours
DEBUG 2016-07-26 19:07:28,427: 	 Registering user credentials for server /DC=ch/DC=cern/OU=computers/CN=vocms(045|052|021|031|0118|0118a|0119|0108).cern.ch
DEBUG 2016-07-26 19:07:28,536: 	 Executing : 
 command : openssl x509 -in ~/.globus/usercert.pem -subject -noout
 output : subject= /DC=ch/DC=cern/OU=Organic Units/OU=Users/CN=fromeo/CN=674630/CN=Francesco Romeo

 error: 
 retcode : 0
DEBUG 2016-07-26 19:07:28,537: 	 Getting myproxy life time left for myproxy.cern.ch
DEBUG 2016-07-26 19:07:28,537: 	 Calculating hash of /DC=ch/DC=cern/OU=Organic Units/OU=Users/CN=fromeo/CN=674630/CN=Francesco Romeo_cmsweb.cern.ch for credential name
DEBUG 2016-07-26 19:07:28,740: 	 Executing : 
 command : myproxy-info -l 83bb954b043085ec6b5075bf38fafc2a023a8c7b -s myproxy.cern.ch
 output : username: 83bb954b043085ec6b5075bf38fafc2a023a8c7b
owner: /DC=ch/DC=cern/OU=Organic Units/OU=Users/CN=fromeo/CN=674630/CN=Francesco Romeo
  renewal policy: /DC=ch/DC=cern/OU=computers/CN=vocms(045|052|021|031|0118|0118a|0119|0108).cern.ch
  trusted retrieval policy: /DC=ch/DC=cern/OU=computers/CN=vocms(045|052|021|031|0118|0118a|0119|0108).cern.ch
  timeleft: 384:43:43  (16.0 days)

 error: 
 retcode : 0
DEBUG 2016-07-26 19:07:28,745: 	 Myproxy is valid: 1385023
DEBUG 2016-07-26 19:07:28,745: 	 Command use: status
DEBUG 2016-07-26 19:07:28,745: 	 Options use: ['First2016_2_WW/crab_First2016_2_WW']
DEBUG 2016-07-26 19:07:29,144: 	 CRABClient version: 3.3.1607.patch1
DEBUG 2016-07-26 19:07:29,144: 	 Instance is prod
DEBUG 2016-07-26 19:07:29,144: 	 Server base url is cmsweb.cern.ch
DEBUG 2016-07-26 19:07:29,144: 	 Command url /crabserver/prod/workflow
DEBUG 2016-07-26 19:07:29,144: 	 Looking up detailed status of task 160726_151952:fromeo_crab_First2016_2_WW
DEBUG 2016-07-26 19:07:30,000: 	 {'status': 'COMPLETED', 'username': 'fromeo', 'jobsPerStatus': {'finished': 24}, 'jobs': {'24': {'State': 'finished'}, '20': {'State': 'finished'}, '21': {'State': 'finished'}, '22': {'State': 'finished'}, '23': {'State': 'finished'}, '1': {'State': 'finished'}, '3': {'State': 'finished'}, '2': {'State': 'finished'}, '5': {'State': 'finished'}, '4': {'State': 'finished'}, '7': {'State': 'finished'}, '6': {'State': 'finished'}, '9': {'State': 'finished'}, '8': {'State': 'finished'}, '11': {'State': 'finished'}, '10': {'State': 'finished'}, '13': {'State': 'finished'}, '12': {'State': 'finished'}, '15': {'State': 'finished'}, '14': {'State': 'finished'}, '17': {'State': 'finished'}, '16': {'State': 'finished'}, '19': {'State': 'finished'}, '18': {'State': 'finished'}}, 'publication': {}, 'taskWarningMsg': [], 'schedd': 'crab3@vocms0106.cern.ch', 'publicationFailures': {}, 'outdatasets': None, 'statusFailureMsg': '', 'taskFailureMsg': '', 'failedJobdefs': 0, 'ASOURL': 'https://cmsweb.cern.ch/couchdb2', 'command': 'SUBMIT', 'totalJobdefs': 0, 'submissionTime': 1469546393, 'jobdefErrors': [], 'collector': 'cmsgwms-collector-global.cern.ch,cmssrv221.fnal.gov', 'jobList': [['finished', 24], ['finished', 20], ['finished', 21], ['finished', 22], ['finished', 23], ['finished', 1], ['finished', 3], ['finished', 2], ['finished', 5], ['finished', 4], ['finished', 7], ['finished', 6], ['finished', 9], ['finished', 8], ['finished', 11], ['finished', 10], ['finished', 13], ['finished', 12], ['finished', 15], ['finished', 14], ['finished', 17], ['finished', 16], ['finished', 19], ['finished', 18]]}
INFO 2016-07-26 19:07:30,000: 	 CRAB project directory:		/afs/cern.ch/work/f/fromeo/CMSSW_8_0_12_FW/src/BSMFramework/BSM3G_TNT_Maker/crab/First2016_2_WW/crab_First2016_2_WW
INFO 2016-07-26 19:07:30,000: 	 Task name:			160726_151952:fromeo_crab_First2016_2_WW
INFO 2016-07-26 19:07:30,000: 	 Grid scheduler:			crab3@vocms0106.cern.ch
INFO 2016-07-26 19:07:30,001: 	 Task status:			COMPLETED
INFO 2016-07-26 19:07:30,001: 	 Dashboard monitoring URL:	http://dashb-cms-job.cern.ch/dashboard/templates/task-analysis/#user=fromeo&table=Mains&pattern=160726_151952%3Afromeo_crab_First2016_2_WW
INFO 2016-07-26 19:07:30,001: 	 
Jobs status:			finished      100.0% (24/24)
INFO 2016-07-26 19:07:30,001: 	 
No publication information available yet
INFO 2016-07-26 19:07:30,024: 	 Log file is /afs/cern.ch/work/f/fromeo/CMSSW_8_0_12_FW/src/BSMFramework/BSM3G_TNT_Maker/crab/First2016_2_WW/crab_First2016_2_WW/crab.log
DEBUG 2016-07-27 11:04:54,150: 	 Executing command: 'status'
DEBUG 2016-07-27 11:04:54,150: 	 Found CRAB cache file /afs/cern.ch/user/f/fromeo/.crab3
DEBUG 2016-07-27 11:04:54,179: 	 Checking credentials
DEBUG 2016-07-27 11:04:54,180: 	 Found proxy file /tmp/x509up_u30997
DEBUG 2016-07-27 11:04:54,180: 	 Getting proxy life time left
DEBUG 2016-07-27 11:04:55,006: 	 Executing : 
 command : voms-proxy-info -file /tmp/x509up_u30997 -timeleft
 output : 86315

 error: 
 retcode : 0
DEBUG 2016-07-27 11:04:55,813: 	 Executing : 
 command : voms-proxy-info -file /tmp/x509up_u30997 -actimeleft
 output : 86313

 error: 
 retcode : 0
DEBUG 2016-07-27 11:04:55,814: 	 Proxy valid for 23:58:35 hours
DEBUG 2016-07-27 11:04:56,104: 	 Executing : 
 command : openssl x509 -in ~/.globus/usercert.pem -subject -noout
 output : subject= /DC=ch/DC=cern/OU=Organic Units/OU=Users/CN=fromeo/CN=674630/CN=Francesco Romeo

 error: 
 retcode : 0
DEBUG 2016-07-27 11:04:56,104: 	 Checking credentials
DEBUG 2016-07-27 11:04:56,104: 	 Found proxy file /tmp/x509up_u30997
DEBUG 2016-07-27 11:04:56,104: 	 Getting proxy life time left
DEBUG 2016-07-27 11:04:57,016: 	 Executing : 
 command : voms-proxy-info -file /tmp/x509up_u30997 -timeleft
 output : 86313

 error: 
 retcode : 0
DEBUG 2016-07-27 11:04:57,731: 	 Executing : 
 command : voms-proxy-info -file /tmp/x509up_u30997 -actimeleft
 output : 86311

 error: 
 retcode : 0
DEBUG 2016-07-27 11:04:57,732: 	 Proxy valid for 23:58:33 hours
DEBUG 2016-07-27 11:04:58,083: 	 Registering user credentials for server /DC=ch/DC=cern/OU=computers/CN=vocms(045|052|021|031|0118|0118a|0119|0108).cern.ch
DEBUG 2016-07-27 11:04:58,195: 	 Executing : 
 command : openssl x509 -in ~/.globus/usercert.pem -subject -noout
 output : subject= /DC=ch/DC=cern/OU=Organic Units/OU=Users/CN=fromeo/CN=674630/CN=Francesco Romeo

 error: 
 retcode : 0
DEBUG 2016-07-27 11:04:58,195: 	 Getting myproxy life time left for myproxy.cern.ch
DEBUG 2016-07-27 11:04:58,195: 	 Calculating hash of /DC=ch/DC=cern/OU=Organic Units/OU=Users/CN=fromeo/CN=674630/CN=Francesco Romeo_cmsweb.cern.ch for credential name
DEBUG 2016-07-27 11:04:58,398: 	 Executing : 
 command : myproxy-info -l 83bb954b043085ec6b5075bf38fafc2a023a8c7b -s myproxy.cern.ch
 output : username: 83bb954b043085ec6b5075bf38fafc2a023a8c7b
owner: /DC=ch/DC=cern/OU=Organic Units/OU=Users/CN=fromeo/CN=674630/CN=Francesco Romeo
  renewal policy: /DC=ch/DC=cern/OU=computers/CN=vocms(045|052|021|031|0118|0118a|0119|0108).cern.ch
  trusted retrieval policy: /DC=ch/DC=cern/OU=computers/CN=vocms(045|052|021|031|0118|0118a|0119|0108).cern.ch
  timeleft: 368:46:13  (15.4 days)

 error: 
 retcode : 0
DEBUG 2016-07-27 11:04:58,401: 	 Myproxy is valid: 1327573
DEBUG 2016-07-27 11:04:58,401: 	 Command use: status
DEBUG 2016-07-27 11:04:58,401: 	 Options use: ['First2016_2_WW/crab_First2016_2_WW']
DEBUG 2016-07-27 11:04:58,793: 	 CRABClient version: 3.3.1607.patch1
DEBUG 2016-07-27 11:04:58,793: 	 Instance is prod
DEBUG 2016-07-27 11:04:58,793: 	 Server base url is cmsweb.cern.ch
DEBUG 2016-07-27 11:04:58,793: 	 Command url /crabserver/prod/workflow
DEBUG 2016-07-27 11:04:58,793: 	 Looking up detailed status of task 160726_151952:fromeo_crab_First2016_2_WW
DEBUG 2016-07-27 11:05:00,152: 	 {'status': 'COMPLETED', 'username': 'fromeo', 'jobsPerStatus': {'finished': 24}, 'jobs': {'24': {'State': 'finished'}, '20': {'State': 'finished'}, '21': {'State': 'finished'}, '22': {'State': 'finished'}, '23': {'State': 'finished'}, '1': {'State': 'finished'}, '3': {'State': 'finished'}, '2': {'State': 'finished'}, '5': {'State': 'finished'}, '4': {'State': 'finished'}, '7': {'State': 'finished'}, '6': {'State': 'finished'}, '9': {'State': 'finished'}, '8': {'State': 'finished'}, '11': {'State': 'finished'}, '10': {'State': 'finished'}, '13': {'State': 'finished'}, '12': {'State': 'finished'}, '15': {'State': 'finished'}, '14': {'State': 'finished'}, '17': {'State': 'finished'}, '16': {'State': 'finished'}, '19': {'State': 'finished'}, '18': {'State': 'finished'}}, 'publication': {}, 'taskWarningMsg': [], 'schedd': 'crab3@vocms0106.cern.ch', 'publicationFailures': {}, 'outdatasets': None, 'statusFailureMsg': '', 'taskFailureMsg': '', 'failedJobdefs': 0, 'ASOURL': 'https://cmsweb.cern.ch/couchdb2', 'command': 'SUBMIT', 'totalJobdefs': 0, 'submissionTime': 1469546393, 'jobdefErrors': [], 'collector': 'cmsgwms-collector-global.cern.ch,cmssrv221.fnal.gov', 'jobList': [['finished', 24], ['finished', 20], ['finished', 21], ['finished', 22], ['finished', 23], ['finished', 1], ['finished', 3], ['finished', 2], ['finished', 5], ['finished', 4], ['finished', 7], ['finished', 6], ['finished', 9], ['finished', 8], ['finished', 11], ['finished', 10], ['finished', 13], ['finished', 12], ['finished', 15], ['finished', 14], ['finished', 17], ['finished', 16], ['finished', 19], ['finished', 18]]}
INFO 2016-07-27 11:05:00,152: 	 CRAB project directory:		/afs/cern.ch/work/f/fromeo/CMSSW_8_0_12_FW/src/BSMFramework/BSM3G_TNT_Maker/crab/First2016_2_WW/crab_First2016_2_WW
INFO 2016-07-27 11:05:00,152: 	 Task name:			160726_151952:fromeo_crab_First2016_2_WW
INFO 2016-07-27 11:05:00,152: 	 Grid scheduler:			crab3@vocms0106.cern.ch
INFO 2016-07-27 11:05:00,152: 	 Task status:			COMPLETED
INFO 2016-07-27 11:05:00,152: 	 Dashboard monitoring URL:	http://dashb-cms-job.cern.ch/dashboard/templates/task-analysis/#user=fromeo&table=Mains&pattern=160726_151952%3Afromeo_crab_First2016_2_WW
INFO 2016-07-27 11:05:00,152: 	 
Jobs status:			finished      100.0% (24/24)
INFO 2016-07-27 11:05:00,152: 	 
No publication information available yet
INFO 2016-07-27 11:05:00,175: 	 Log file is /afs/cern.ch/work/f/fromeo/CMSSW_8_0_12_FW/src/BSMFramework/BSM3G_TNT_Maker/crab/First2016_2_WW/crab_First2016_2_WW/crab.log
