DEBUG 2016-07-26 16:06:00,067: 	 Executing command: 'submit'
DEBUG 2016-07-26 16:06:00,092: 	 Found CRAB cache file /afs/cern.ch/user/f/fromeo/.crab3
DEBUG 2016-07-26 16:06:00,153: 	 Checking credentials
DEBUG 2016-07-26 16:06:00,154: 	 Found proxy file /tmp/x509up_u30997
DEBUG 2016-07-26 16:06:00,154: 	 Getting proxy life time left
DEBUG 2016-07-26 16:06:00,759: 	 Executing : 
 command : voms-proxy-info -file /tmp/x509up_u30997 -timeleft
 output : 86360

 error: 
 retcode : 0
DEBUG 2016-07-26 16:06:01,376: 	 Executing : 
 command : voms-proxy-info -file /tmp/x509up_u30997 -actimeleft
 output : 86359

 error: 
 retcode : 0
DEBUG 2016-07-26 16:06:01,377: 	 Proxy valid for 23:59:20 hours
DEBUG 2016-07-26 16:06:01,378: 	 Will use CRAB Analysis plugin (i.e. will run an analysis job type).
DEBUG 2016-07-26 16:06:01,509: 	 Executing : 
 command : openssl x509 -in ~/.globus/usercert.pem -subject -noout
 output : subject= /DC=ch/DC=cern/OU=Organic Units/OU=Users/CN=fromeo/CN=674630/CN=Francesco Romeo

 error: 
 retcode : 0
DEBUG 2016-07-26 16:06:01,509: 	 Checking credentials
DEBUG 2016-07-26 16:06:01,510: 	 Found proxy file /tmp/x509up_u30997
DEBUG 2016-07-26 16:06:01,510: 	 Getting proxy life time left
DEBUG 2016-07-26 16:06:02,227: 	 Executing : 
 command : voms-proxy-info -file /tmp/x509up_u30997 -timeleft
 output : 86358

 error: 
 retcode : 0
DEBUG 2016-07-26 16:06:02,943: 	 Executing : 
 command : voms-proxy-info -file /tmp/x509up_u30997 -actimeleft
 output : 86358

 error: 
 retcode : 0
DEBUG 2016-07-26 16:06:02,943: 	 Proxy valid for 23:59:18 hours
DEBUG 2016-07-26 16:06:03,448: 	 Executing : 
 command : env X509_USER_PROXY=/tmp/x509up_u30997 voms-proxy-info -fqan
 output : /cms/Role=NULL/Capability=NULL

 error: 
 retcode : 0
DEBUG 2016-07-26 16:06:03,850: 	 Registering user credentials for server /DC=ch/DC=cern/OU=computers/CN=vocms(045|052|021|031|0118|0118a|0119|0108).cern.ch
DEBUG 2016-07-26 16:06:03,959: 	 Executing : 
 command : openssl x509 -in ~/.globus/usercert.pem -subject -noout
 output : subject= /DC=ch/DC=cern/OU=Organic Units/OU=Users/CN=fromeo/CN=674630/CN=Francesco Romeo

 error: 
 retcode : 0
DEBUG 2016-07-26 16:06:03,960: 	 Getting myproxy life time left for myproxy.cern.ch
DEBUG 2016-07-26 16:06:03,960: 	 Calculating hash of /DC=ch/DC=cern/OU=Organic Units/OU=Users/CN=fromeo/CN=674630/CN=Francesco Romeo_cmsweb.cern.ch for credential name
DEBUG 2016-07-26 16:06:04,168: 	 Executing : 
 command : myproxy-info -l 83bb954b043085ec6b5075bf38fafc2a023a8c7b -s myproxy.cern.ch
 output : username: 83bb954b043085ec6b5075bf38fafc2a023a8c7b
owner: /DC=ch/DC=cern/OU=Organic Units/OU=Users/CN=fromeo/CN=674630/CN=Francesco Romeo
  renewal policy: /DC=ch/DC=cern/OU=computers/CN=vocms(045|052|021|031|0118|0118a|0119|0108).cern.ch
  trusted retrieval policy: /DC=ch/DC=cern/OU=computers/CN=vocms(045|052|021|031|0118|0118a|0119|0108).cern.ch
  timeleft: 387:45:07  (16.2 days)

 error: 
 retcode : 0
DEBUG 2016-07-26 16:06:04,169: 	 Myproxy is valid: 1395907
DEBUG 2016-07-26 16:06:04,169: 	 Command use: submit
DEBUG 2016-07-26 16:06:04,169: 	 Options use: ['--config', <WMCore.Configuration.Configuration object at 0x7f2b480b3c90>]
DEBUG 2016-07-26 16:06:04,535: 	 CRABClient version: 3.3.1607.patch1
DEBUG 2016-07-26 16:06:04,536: 	 Instance is prod
DEBUG 2016-07-26 16:06:04,536: 	 Server base url is cmsweb.cern.ch
DEBUG 2016-07-26 16:06:04,536: 	 Command url /crabserver/prod/workflow
DEBUG 2016-07-26 16:06:04,536: 	 Started submission
DEBUG 2016-07-26 16:06:04,536: 	 Working on /afs/cern.ch/work/f/fromeo/CMSSW_8_0_12_FW/src/BSMFramework/BSM3G_TNT_Maker/crab/First2016_TTHnbb/crab_First2016_TTHnbb
DEBUG 2016-07-26 16:06:04,863: 	 Loading required information from the environment
DEBUG 2016-07-26 16:06:04,863: 	 Found CMSSW_8_0_12 for slc6_amd64_gcc530 with base /afs/cern.ch/work/f/fromeo/CMSSW_8_0_12_FW
DEBUG 2016-07-26 16:06:04,879: 	 UNIQUE NAME: tarUUID 0985e2b8-c38f-4dba-8b1b-999b68f905a3 
DEBUG 2016-07-26 16:06:04,880: 	 self.config: from WMCore.Configuration import Configuration
config = Configuration()
config.section_('General')
config.General.workArea = 'First2016_TTHnbb'
config.General.requestName = 'First2016_TTHnbb'
config.section_('JobType')
config.JobType.psetName = '/afs/cern.ch/work/f/fromeo/CMSSW_8_0_12_FW/src/BSMFramework/BSM3G_TNT_Maker/python/miniAOD_MC.py'
config.JobType.pluginName = 'Analysis'
config.section_('Data')
config.Data.inputDataset = '/ttHToNonbb_M125_13TeV_powheg_pythia8/RunIISpring16MiniAODv2-PUSpring16RAWAODSIM_reHLT_80X_mcRun2_asymptotic_v14-v1/MINIAODSIM'
config.Data.totalUnits = 2500
config.Data.unitsPerJob = 1
config.Data.inputDBS = 'global'
config.Data.splitting = 'FileBased'
config.Data.outLFNDirBase = '/store/user/fromeo/'
config.section_('Site')
config.Site.storageSite = 'T2_CN_Beijing'
config.section_('User')
config.section_('Debug')

DEBUG 2016-07-26 16:06:04,880: 	 self.config.JobType.psetName: /afs/cern.ch/work/f/fromeo/CMSSW_8_0_12_FW/src/BSMFramework/BSM3G_TNT_Maker/python/miniAOD_MC.py
INFO 2016-07-26 16:06:04,880: 	 Importing CMSSW configuration /afs/cern.ch/work/f/fromeo/CMSSW_8_0_12_FW/src/BSMFramework/BSM3G_TNT_Maker/python/miniAOD_MC.py
INFO 2016-07-26 16:06:06,368: 	 Finished importing CMSSW configuration /afs/cern.ch/work/f/fromeo/CMSSW_8_0_12_FW/src/BSMFramework/BSM3G_TNT_Maker/python/miniAOD_MC.py
DEBUG 2016-07-26 16:06:06,368: 	 Writing CMSSW configuration to /afs/cern.ch/work/f/fromeo/CMSSW_8_0_12_FW/src/BSMFramework/BSM3G_TNT_Maker/crab/First2016_TTHnbb/crab_First2016_TTHnbb/inputs/PSet.py
DEBUG 2016-07-26 16:06:06,482: 	 The following EDM output files will be collected: []
DEBUG 2016-07-26 16:06:06,482: 	 The following TFile output files will be collected: ['OutTree.root']
DEBUG 2016-07-26 16:06:06,482: 	 The following user output files will be collected: []
DEBUG 2016-07-26 16:06:06,482: 	 Loading required information from the environment
DEBUG 2016-07-26 16:06:06,482: 	 Found CMSSW_8_0_12 for slc6_amd64_gcc530 with base /afs/cern.ch/work/f/fromeo/CMSSW_8_0_12_FW
DEBUG 2016-07-26 16:06:06,482: 	 Making tarball in /afs/cern.ch/work/f/fromeo/CMSSW_8_0_12_FW/src/BSMFramework/BSM3G_TNT_Maker/crab/First2016_TTHnbb/crab_First2016_TTHnbb/inputs/0985e2b8-c38f-4dba-8b1b-999b68f905a3default.tgz
DEBUG 2016-07-26 16:06:06,484: 	 Checking directory /afs/cern.ch/work/f/fromeo/CMSSW_8_0_12_FW/lib
DEBUG 2016-07-26 16:06:06,484: 	 Adding directory /afs/cern.ch/work/f/fromeo/CMSSW_8_0_12_FW/lib to tarball
DEBUG 2016-07-26 16:06:06,734: 	 Checking directory /afs/cern.ch/work/f/fromeo/CMSSW_8_0_12_FW/biglib
DEBUG 2016-07-26 16:06:06,734: 	 Adding directory /afs/cern.ch/work/f/fromeo/CMSSW_8_0_12_FW/biglib to tarball
DEBUG 2016-07-26 16:06:06,737: 	 Checking directory /afs/cern.ch/work/f/fromeo/CMSSW_8_0_12_FW/module
DEBUG 2016-07-26 16:06:06,774: 	 Adding data directory /afs/cern.ch/work/f/fromeo/CMSSW_8_0_12_FW/src/BSMFramework/BSM3G_TNT_Maker/data to tarball
DEBUG 2016-07-26 16:06:17,543: 	 Adding data directory /afs/cern.ch/work/f/fromeo/CMSSW_8_0_12_FW/src/BSMFramework/BSM3G_TNT_Maker/interface to tarball
DEBUG 2016-07-26 16:06:17,945: 	 Uploading archive /afs/cern.ch/work/f/fromeo/CMSSW_8_0_12_FW/src/BSMFramework/BSM3G_TNT_Maker/crab/First2016_TTHnbb/crab_First2016_TTHnbb/inputs/0985e2b8-c38f-4dba-8b1b-999b68f905a3default.tgz to the CRAB cache. Using URI https://cmsweb.cern.ch/crabcache
DEBUG 2016-07-26 16:06:29,433: 	 Loading required information from the environment
DEBUG 2016-07-26 16:06:29,434: 	 Found CMSSW_8_0_12 for slc6_amd64_gcc530 with base /afs/cern.ch/work/f/fromeo/CMSSW_8_0_12_FW
DEBUG 2016-07-26 16:06:29,434: 	 Making tarball in /afs/cern.ch/work/f/fromeo/CMSSW_8_0_12_FW/src/BSMFramework/BSM3G_TNT_Maker/crab/First2016_TTHnbb/crab_First2016_TTHnbb/inputs/debugFiles.tgz
DEBUG 2016-07-26 16:06:29,440: 	 Uploading archive /afs/cern.ch/work/f/fromeo/CMSSW_8_0_12_FW/src/BSMFramework/BSM3G_TNT_Maker/crab/First2016_TTHnbb/crab_First2016_TTHnbb/inputs/debugFiles.tgz to the CRAB cache. Using URI https://cmsweb.cern.ch/crabcache
DEBUG 2016-07-26 16:06:29,825: 	 Result uploading input files: 7a111a33bd37f6861011a85d8bf9cf6cc9a8693dc6879c9c1a23d4a76c63844f.tar.gz 
WARNING 2016-07-26 16:06:29,825: 	 Warning: The following output files will not be published, as they are not EDM files: ['OutTree.root']
INFO 2016-07-26 16:06:29,825: 	 Sending the request to the server
DEBUG 2016-07-26 16:06:29,825: 	 Submitting {'maxjobruntime': 1250, 'ignorelocality': 0, 'savelogsflag': 0, 'useparent': 0, 'asyncdest': 'T2_CN_Beijing', 'algoargs': 1, 'cachefilename': '7a111a33bd37f6861011a85d8bf9cf6cc9a8693dc6879c9c1a23d4a76c63844f.tar.gz', 'numcores': 1, 'addoutputfiles': [], 'generator': 'pythia', 'maxmemory': 2000, 'publishdbsurl': 'https://cmsweb.cern.ch/dbs/prod/phys03/DBSWriter', 'priority': 10, 'jobsw': 'CMSSW_8_0_12', 'edmoutfiles': [], 'userfiles': [], 'primarydataset': '', 'inputdata': '/ttHToNonbb_M125_13TeV_powheg_pythia8/RunIISpring16MiniAODv2-PUSpring16RAWAODSIM_reHLT_80X_mcRun2_asymptotic_v14-v1/MINIAODSIM', 'lfn': '/store/user/fromeo/', 'dryrun': 0, 'workflow': 'crab_First2016_TTHnbb', 'adduserfiles': [], 'nonprodsw': 0, 'tfileoutfiles': ['OutTree.root'], 'oneEventMode': 0, 'debugfilename': '06320c32cd42fbc6c520920083208ab8961de879fc9499cbdd190e3c6eb0a4bc.tar.gz', 'cacheurl': 'https://cmsweb.cern.ch/crabcache', 'saveoutput': 1, 'publication': 1, 'jobarch': 'slc6_amd64_gcc530', 'totalunits': 2500, 'splitalgo': 'FileBased', 'nonvaliddata': 0, 'dbsurl': 'https://cmsweb.cern.ch/dbs/prod/global/DBSReader', 'publishgroupname': 0, 'jobtype': 'Analysis', 'publishname2': ''} 
DEBUG 2016-07-26 16:06:29,826: 	 Encoded submit request: maxjobruntime=1250&ignorelocality=0&savelogsflag=0&useparent=0&asyncdest=T2_CN_Beijing&algoargs=1&cachefilename=7a111a33bd37f6861011a85d8bf9cf6cc9a8693dc6879c9c1a23d4a76c63844f.tar.gz&numcores=1&generator=pythia&maxmemory=2000&publishdbsurl=https%3A%2F%2Fcmsweb.cern.ch%2Fdbs%2Fprod%2Fphys03%2FDBSWriter&priority=10&jobsw=CMSSW_8_0_12&primarydataset=&inputdata=%2FttHToNonbb_M125_13TeV_powheg_pythia8%2FRunIISpring16MiniAODv2-PUSpring16RAWAODSIM_reHLT_80X_mcRun2_asymptotic_v14-v1%2FMINIAODSIM&lfn=%2Fstore%2Fuser%2Ffromeo%2F&dryrun=0&workflow=crab_First2016_TTHnbb&nonprodsw=0&oneEventMode=0&debugfilename=06320c32cd42fbc6c520920083208ab8961de879fc9499cbdd190e3c6eb0a4bc.tar.gz&cacheurl=https%3A%2F%2Fcmsweb.cern.ch%2Fcrabcache&saveoutput=1&publication=1&jobarch=slc6_amd64_gcc530&totalunits=2500&splitalgo=FileBased&nonvaliddata=0&dbsurl=https%3A%2F%2Fcmsweb.cern.ch%2Fdbs%2Fprod%2Fglobal%2FDBSReader&publishgroupname=0&jobtype=Analysis&publishname2=&tfileoutfiles=OutTree.root
DEBUG 2016-07-26 16:06:30,539: 	 Result: {'result': [{'RequestName': '160726_140630:fromeo_crab_First2016_TTHnbb'}]}
INFO 2016-07-26 16:06:30,541: 	 Success: Your task has been delivered to the CRAB3 server.
INFO 2016-07-26 16:06:30,541: 	 Task name: 160726_140630:fromeo_crab_First2016_TTHnbb
INFO 2016-07-26 16:06:30,541: 	 Please use 'crab status' to check how the submission process proceeds.
DEBUG 2016-07-26 16:06:30,541: 	 About to return
DEBUG 2016-07-26 17:08:48,165: 	 Executing command: 'status'
DEBUG 2016-07-26 17:08:48,165: 	 Found CRAB cache file /afs/cern.ch/user/f/fromeo/.crab3
DEBUG 2016-07-26 17:08:48,201: 	 Checking credentials
DEBUG 2016-07-26 17:08:48,201: 	 Found proxy file /tmp/x509up_u30997
DEBUG 2016-07-26 17:08:48,201: 	 Getting proxy life time left
DEBUG 2016-07-26 17:08:48,709: 	 Executing : 
 command : voms-proxy-info -file /tmp/x509up_u30997 -timeleft
 output : 82592

 error: 
 retcode : 0
DEBUG 2016-07-26 17:08:49,317: 	 Executing : 
 command : voms-proxy-info -file /tmp/x509up_u30997 -actimeleft
 output : 82591

 error: 
 retcode : 0
DEBUG 2016-07-26 17:08:49,317: 	 Proxy valid for 22:56:32 hours
DEBUG 2016-07-26 17:08:49,719: 	 Executing : 
 command : openssl x509 -in ~/.globus/usercert.pem -subject -noout
 output : subject= /DC=ch/DC=cern/OU=Organic Units/OU=Users/CN=fromeo/CN=674630/CN=Francesco Romeo

 error: 
 retcode : 0
DEBUG 2016-07-26 17:08:49,719: 	 Checking credentials
DEBUG 2016-07-26 17:08:49,719: 	 Found proxy file /tmp/x509up_u30997
DEBUG 2016-07-26 17:08:49,719: 	 Getting proxy life time left
DEBUG 2016-07-26 17:08:50,229: 	 Executing : 
 command : voms-proxy-info -file /tmp/x509up_u30997 -timeleft
 output : 82590

 error: 
 retcode : 0
DEBUG 2016-07-26 17:08:50,837: 	 Executing : 
 command : voms-proxy-info -file /tmp/x509up_u30997 -actimeleft
 output : 82590

 error: 
 retcode : 0
DEBUG 2016-07-26 17:08:50,837: 	 Proxy valid for 22:56:30 hours
DEBUG 2016-07-26 17:08:51,216: 	 Registering user credentials for server /DC=ch/DC=cern/OU=computers/CN=vocms(045|052|021|031|0118|0118a|0119|0108).cern.ch
DEBUG 2016-07-26 17:08:51,327: 	 Executing : 
 command : openssl x509 -in ~/.globus/usercert.pem -subject -noout
 output : subject= /DC=ch/DC=cern/OU=Organic Units/OU=Users/CN=fromeo/CN=674630/CN=Francesco Romeo

 error: 
 retcode : 0
DEBUG 2016-07-26 17:08:51,327: 	 Getting myproxy life time left for myproxy.cern.ch
DEBUG 2016-07-26 17:08:51,327: 	 Calculating hash of /DC=ch/DC=cern/OU=Organic Units/OU=Users/CN=fromeo/CN=674630/CN=Francesco Romeo_cmsweb.cern.ch for credential name
DEBUG 2016-07-26 17:08:51,736: 	 Executing : 
 command : myproxy-info -l 83bb954b043085ec6b5075bf38fafc2a023a8c7b -s myproxy.cern.ch
 output : username: 83bb954b043085ec6b5075bf38fafc2a023a8c7b
owner: /DC=ch/DC=cern/OU=Organic Units/OU=Users/CN=fromeo/CN=674630/CN=Francesco Romeo
  renewal policy: /DC=ch/DC=cern/OU=computers/CN=vocms(045|052|021|031|0118|0118a|0119|0108).cern.ch
  trusted retrieval policy: /DC=ch/DC=cern/OU=computers/CN=vocms(045|052|021|031|0118|0118a|0119|0108).cern.ch
  timeleft: 386:42:20  (16.1 days)

 error: 
 retcode : 0
DEBUG 2016-07-26 17:08:51,740: 	 Myproxy is valid: 1392140
DEBUG 2016-07-26 17:08:51,740: 	 Command use: status
DEBUG 2016-07-26 17:08:51,740: 	 Options use: ['First2016_TTHnbb/crab_First2016_TTHnbb']
DEBUG 2016-07-26 17:08:52,207: 	 CRABClient version: 3.3.1607.patch1
DEBUG 2016-07-26 17:08:52,207: 	 Instance is prod
DEBUG 2016-07-26 17:08:52,207: 	 Server base url is cmsweb.cern.ch
DEBUG 2016-07-26 17:08:52,207: 	 Command url /crabserver/prod/workflow
DEBUG 2016-07-26 17:08:52,208: 	 Looking up detailed status of task 160726_140630:fromeo_crab_First2016_TTHnbb
DEBUG 2016-07-26 17:08:53,706: 	 {'status': 'SUBMITTED', 'username': 'fromeo', 'jobsPerStatus': {'running': 14, 'transferring': 67, 'finished': 5}, 'jobs': {'24': {'State': 'transferring'}, '25': {'State': 'transferring'}, '26': {'State': 'transferring'}, '27': {'State': 'transferring'}, '20': {'State': 'transferring'}, '21': {'State': 'transferring'}, '22': {'State': 'transferring'}, '23': {'State': 'transferring'}, '28': {'State': 'transferring'}, '29': {'State': 'transferring'}, '4': {'State': 'transferring'}, '8': {'State': 'transferring'}, '59': {'State': 'running'}, '58': {'State': 'transferring'}, '55': {'State': 'transferring'}, '54': {'State': 'running'}, '57': {'State': 'transferring'}, '56': {'State': 'transferring'}, '51': {'State': 'running'}, '50': {'State': 'transferring'}, '53': {'State': 'finished'}, '52': {'State': 'transferring'}, '82': {'State': 'transferring'}, '83': {'State': 'transferring'}, '80': {'State': 'transferring'}, '81': {'State': 'transferring'}, '86': {'State': 'transferring'}, '84': {'State': 'running'}, '85': {'State': 'running'}, '3': {'State': 'transferring'}, '7': {'State': 'transferring'}, '39': {'State': 'transferring'}, '38': {'State': 'transferring'}, '33': {'State': 'transferring'}, '32': {'State': 'transferring'}, '31': {'State': 'transferring'}, '30': {'State': 'transferring'}, '37': {'State': 'transferring'}, '36': {'State': 'running'}, '35': {'State': 'transferring'}, '34': {'State': 'finished'}, '60': {'State': 'running'}, '61': {'State': 'running'}, '62': {'State': 'transferring'}, '63': {'State': 'transferring'}, '64': {'State': 'transferring'}, '65': {'State': 'transferring'}, '66': {'State': 'transferring'}, '67': {'State': 'transferring'}, '68': {'State': 'running'}, '69': {'State': 'transferring'}, '2': {'State': 'transferring'}, '6': {'State': 'transferring'}, '11': {'State': 'transferring'}, '10': {'State': 'transferring'}, '13': {'State': 'transferring'}, '12': {'State': 'transferring'}, '15': {'State': 'transferring'}, '14': {'State': 'transferring'}, '17': {'State': 'transferring'}, '16': {'State': 'transferring'}, '19': {'State': 'transferring'}, '18': {'State': 'transferring'}, '48': {'State': 'transferring'}, '49': {'State': 'running'}, '46': {'State': 'running'}, '47': {'State': 'transferring'}, '44': {'State': 'finished'}, '45': {'State': 'transferring'}, '42': {'State': 'transferring'}, '43': {'State': 'transferring'}, '40': {'State': 'finished'}, '41': {'State': 'running'}, '1': {'State': 'transferring'}, '5': {'State': 'transferring'}, '9': {'State': 'transferring'}, '77': {'State': 'transferring'}, '76': {'State': 'finished'}, '75': {'State': 'transferring'}, '74': {'State': 'running'}, '73': {'State': 'running'}, '72': {'State': 'transferring'}, '71': {'State': 'transferring'}, '70': {'State': 'transferring'}, '79': {'State': 'transferring'}, '78': {'State': 'transferring'}}, 'publication': {}, 'taskWarningMsg': [], 'schedd': 'crab3-7@vocms0114.cern.ch', 'publicationFailures': {}, 'outdatasets': None, 'statusFailureMsg': '', 'taskFailureMsg': '', 'failedJobdefs': 0, 'ASOURL': 'https://cmsweb.cern.ch/couchdb2', 'command': 'SUBMIT', 'totalJobdefs': 0, 'submissionTime': 1469541990, 'jobdefErrors': [], 'collector': 'cmsgwms-collector-global.cern.ch,cmssrv221.fnal.gov', 'jobList': [['transferring', 24], ['transferring', 25], ['transferring', 26], ['transferring', 27], ['transferring', 20], ['transferring', 21], ['transferring', 22], ['transferring', 23], ['transferring', 28], ['transferring', 29], ['transferring', 4], ['transferring', 8], ['running', 59], ['transferring', 58], ['transferring', 55], ['running', 54], ['transferring', 57], ['transferring', 56], ['running', 51], ['transferring', 50], ['finished', 53], ['transferring', 52], ['transferring', 82], ['transferring', 83], ['transferring', 80], ['transferring', 81], ['transferring', 86], ['running', 84], ['running', 85], ['transferring', 3], ['transferring', 7], ['transferring', 39], ['transferring', 38], ['transferring', 33], ['transferring', 32], ['transferring', 31], ['transferring', 30], ['transferring', 37], ['running', 36], ['transferring', 35], ['finished', 34], ['running', 60], ['running', 61], ['transferring', 62], ['transferring', 63], ['transferring', 64], ['transferring', 65], ['transferring', 66], ['transferring', 67], ['running', 68], ['transferring', 69], ['transferring', 2], ['transferring', 6], ['transferring', 11], ['transferring', 10], ['transferring', 13], ['transferring', 12], ['transferring', 15], ['transferring', 14], ['transferring', 17], ['transferring', 16], ['transferring', 19], ['transferring', 18], ['transferring', 48], ['running', 49], ['running', 46], ['transferring', 47], ['finished', 44], ['transferring', 45], ['transferring', 42], ['transferring', 43], ['finished', 40], ['running', 41], ['transferring', 1], ['transferring', 5], ['transferring', 9], ['transferring', 77], ['finished', 76], ['transferring', 75], ['running', 74], ['running', 73], ['transferring', 72], ['transferring', 71], ['transferring', 70], ['transferring', 79], ['transferring', 78]]}
INFO 2016-07-26 17:08:53,706: 	 CRAB project directory:		/afs/cern.ch/work/f/fromeo/CMSSW_8_0_12_FW/src/BSMFramework/BSM3G_TNT_Maker/crab/First2016_TTHnbb/crab_First2016_TTHnbb
INFO 2016-07-26 17:08:53,707: 	 Task name:			160726_140630:fromeo_crab_First2016_TTHnbb
INFO 2016-07-26 17:08:53,707: 	 Grid scheduler:			crab3-7@vocms0114.cern.ch
INFO 2016-07-26 17:08:53,707: 	 Task status:			SUBMITTED
INFO 2016-07-26 17:08:53,707: 	 Dashboard monitoring URL:	http://dashb-cms-job.cern.ch/dashboard/templates/task-analysis/#user=fromeo&table=Mains&pattern=160726_140630%3Afromeo_crab_First2016_TTHnbb
INFO 2016-07-26 17:08:53,707: 	 
Jobs status:			finished        5.8% ( 5/86)
INFO 2016-07-26 17:08:53,707: 	 				running        16.3% (14/86)
INFO 2016-07-26 17:08:53,707: 	 				transferring   77.9% (67/86)
INFO 2016-07-26 17:08:53,707: 	 
No publication information available yet
INFO 2016-07-26 17:08:53,724: 	 Log file is /afs/cern.ch/work/f/fromeo/CMSSW_8_0_12_FW/src/BSMFramework/BSM3G_TNT_Maker/crab/First2016_TTHnbb/crab_First2016_TTHnbb/crab.log
DEBUG 2016-07-26 19:03:11,639: 	 Executing command: 'status'
DEBUG 2016-07-26 19:03:11,639: 	 Found CRAB cache file /afs/cern.ch/user/f/fromeo/.crab3
DEBUG 2016-07-26 19:03:11,676: 	 Checking credentials
DEBUG 2016-07-26 19:03:11,676: 	 Found proxy file /tmp/x509up_u30997
DEBUG 2016-07-26 19:03:11,676: 	 Getting proxy life time left
DEBUG 2016-07-26 19:03:12,285: 	 Executing : 
 command : voms-proxy-info -file /tmp/x509up_u30997 -timeleft
 output : 75728

 error: 
 retcode : 0
DEBUG 2016-07-26 19:03:12,892: 	 Executing : 
 command : voms-proxy-info -file /tmp/x509up_u30997 -actimeleft
 output : 75728

 error: 
 retcode : 0
DEBUG 2016-07-26 19:03:12,892: 	 Proxy valid for 21:02:08 hours
DEBUG 2016-07-26 19:03:13,043: 	 Executing : 
 command : openssl x509 -in ~/.globus/usercert.pem -subject -noout
 output : subject= /DC=ch/DC=cern/OU=Organic Units/OU=Users/CN=fromeo/CN=674630/CN=Francesco Romeo

 error: 
 retcode : 0
DEBUG 2016-07-26 19:03:13,043: 	 Checking credentials
DEBUG 2016-07-26 19:03:13,044: 	 Found proxy file /tmp/x509up_u30997
DEBUG 2016-07-26 19:03:13,044: 	 Getting proxy life time left
DEBUG 2016-07-26 19:03:13,658: 	 Executing : 
 command : voms-proxy-info -file /tmp/x509up_u30997 -timeleft
 output : 75727

 error: 
 retcode : 0
DEBUG 2016-07-26 19:03:14,265: 	 Executing : 
 command : voms-proxy-info -file /tmp/x509up_u30997 -actimeleft
 output : 75726

 error: 
 retcode : 0
DEBUG 2016-07-26 19:03:14,265: 	 Proxy valid for 21:02:07 hours
DEBUG 2016-07-26 19:03:14,587: 	 Registering user credentials for server /DC=ch/DC=cern/OU=computers/CN=vocms(045|052|021|031|0118|0118a|0119|0108).cern.ch
DEBUG 2016-07-26 19:03:14,698: 	 Executing : 
 command : openssl x509 -in ~/.globus/usercert.pem -subject -noout
 output : subject= /DC=ch/DC=cern/OU=Organic Units/OU=Users/CN=fromeo/CN=674630/CN=Francesco Romeo

 error: 
 retcode : 0
DEBUG 2016-07-26 19:03:14,698: 	 Getting myproxy life time left for myproxy.cern.ch
DEBUG 2016-07-26 19:03:14,698: 	 Calculating hash of /DC=ch/DC=cern/OU=Organic Units/OU=Users/CN=fromeo/CN=674630/CN=Francesco Romeo_cmsweb.cern.ch for credential name
DEBUG 2016-07-26 19:03:14,901: 	 Executing : 
 command : myproxy-info -l 83bb954b043085ec6b5075bf38fafc2a023a8c7b -s myproxy.cern.ch
 output : username: 83bb954b043085ec6b5075bf38fafc2a023a8c7b
owner: /DC=ch/DC=cern/OU=Organic Units/OU=Users/CN=fromeo/CN=674630/CN=Francesco Romeo
  renewal policy: /DC=ch/DC=cern/OU=computers/CN=vocms(045|052|021|031|0118|0118a|0119|0108).cern.ch
  trusted retrieval policy: /DC=ch/DC=cern/OU=computers/CN=vocms(045|052|021|031|0118|0118a|0119|0108).cern.ch
  timeleft: 384:47:57  (16.0 days)

 error: 
 retcode : 0
DEBUG 2016-07-26 19:03:14,904: 	 Myproxy is valid: 1385277
DEBUG 2016-07-26 19:03:14,904: 	 Command use: status
DEBUG 2016-07-26 19:03:14,904: 	 Options use: ['First2016_TTHnbb/crab_First2016_TTHnbb']
DEBUG 2016-07-26 19:03:15,296: 	 CRABClient version: 3.3.1607.patch1
DEBUG 2016-07-26 19:03:15,296: 	 Instance is prod
DEBUG 2016-07-26 19:03:15,296: 	 Server base url is cmsweb.cern.ch
DEBUG 2016-07-26 19:03:15,296: 	 Command url /crabserver/prod/workflow
DEBUG 2016-07-26 19:03:15,296: 	 Looking up detailed status of task 160726_140630:fromeo_crab_First2016_TTHnbb
DEBUG 2016-07-26 19:03:16,112: 	 {'status': 'COMPLETED', 'username': 'fromeo', 'jobsPerStatus': {'finished': 86}, 'jobs': {'24': {'State': 'finished'}, '25': {'State': 'finished'}, '26': {'State': 'finished'}, '27': {'State': 'finished'}, '20': {'State': 'finished'}, '21': {'State': 'finished'}, '22': {'State': 'finished'}, '23': {'State': 'finished'}, '28': {'State': 'finished'}, '29': {'State': 'finished'}, '4': {'State': 'finished'}, '8': {'State': 'finished'}, '59': {'State': 'finished'}, '58': {'State': 'finished'}, '55': {'State': 'finished'}, '54': {'State': 'finished'}, '57': {'State': 'finished'}, '56': {'State': 'finished'}, '51': {'State': 'finished'}, '50': {'State': 'finished'}, '53': {'State': 'finished'}, '52': {'State': 'finished'}, '82': {'State': 'finished'}, '83': {'State': 'finished'}, '80': {'State': 'finished'}, '81': {'State': 'finished'}, '86': {'State': 'finished'}, '84': {'State': 'finished'}, '85': {'State': 'finished'}, '3': {'State': 'finished'}, '7': {'State': 'finished'}, '39': {'State': 'finished'}, '38': {'State': 'finished'}, '33': {'State': 'finished'}, '32': {'State': 'finished'}, '31': {'State': 'finished'}, '30': {'State': 'finished'}, '37': {'State': 'finished'}, '36': {'State': 'finished'}, '35': {'State': 'finished'}, '34': {'State': 'finished'}, '60': {'State': 'finished'}, '61': {'State': 'finished'}, '62': {'State': 'finished'}, '63': {'State': 'finished'}, '64': {'State': 'finished'}, '65': {'State': 'finished'}, '66': {'State': 'finished'}, '67': {'State': 'finished'}, '68': {'State': 'finished'}, '69': {'State': 'finished'}, '2': {'State': 'finished'}, '6': {'State': 'finished'}, '11': {'State': 'finished'}, '10': {'State': 'finished'}, '13': {'State': 'finished'}, '12': {'State': 'finished'}, '15': {'State': 'finished'}, '14': {'State': 'finished'}, '17': {'State': 'finished'}, '16': {'State': 'finished'}, '19': {'State': 'finished'}, '18': {'State': 'finished'}, '48': {'State': 'finished'}, '49': {'State': 'finished'}, '46': {'State': 'finished'}, '47': {'State': 'finished'}, '44': {'State': 'finished'}, '45': {'State': 'finished'}, '42': {'State': 'finished'}, '43': {'State': 'finished'}, '40': {'State': 'finished'}, '41': {'State': 'finished'}, '1': {'State': 'finished'}, '5': {'State': 'finished'}, '9': {'State': 'finished'}, '77': {'State': 'finished'}, '76': {'State': 'finished'}, '75': {'State': 'finished'}, '74': {'State': 'finished'}, '73': {'State': 'finished'}, '72': {'State': 'finished'}, '71': {'State': 'finished'}, '70': {'State': 'finished'}, '79': {'State': 'finished'}, '78': {'State': 'finished'}}, 'publication': {}, 'taskWarningMsg': [], 'schedd': 'crab3-7@vocms0114.cern.ch', 'publicationFailures': {}, 'outdatasets': None, 'statusFailureMsg': '', 'taskFailureMsg': '', 'failedJobdefs': 0, 'ASOURL': 'https://cmsweb.cern.ch/couchdb2', 'command': 'SUBMIT', 'totalJobdefs': 0, 'submissionTime': 1469541990, 'jobdefErrors': [], 'collector': 'cmsgwms-collector-global.cern.ch,cmssrv221.fnal.gov', 'jobList': [['finished', 24], ['finished', 25], ['finished', 26], ['finished', 27], ['finished', 20], ['finished', 21], ['finished', 22], ['finished', 23], ['finished', 28], ['finished', 29], ['finished', 4], ['finished', 8], ['finished', 59], ['finished', 58], ['finished', 55], ['finished', 54], ['finished', 57], ['finished', 56], ['finished', 51], ['finished', 50], ['finished', 53], ['finished', 52], ['finished', 82], ['finished', 83], ['finished', 80], ['finished', 81], ['finished', 86], ['finished', 84], ['finished', 85], ['finished', 3], ['finished', 7], ['finished', 39], ['finished', 38], ['finished', 33], ['finished', 32], ['finished', 31], ['finished', 30], ['finished', 37], ['finished', 36], ['finished', 35], ['finished', 34], ['finished', 60], ['finished', 61], ['finished', 62], ['finished', 63], ['finished', 64], ['finished', 65], ['finished', 66], ['finished', 67], ['finished', 68], ['finished', 69], ['finished', 2], ['finished', 6], ['finished', 11], ['finished', 10], ['finished', 13], ['finished', 12], ['finished', 15], ['finished', 14], ['finished', 17], ['finished', 16], ['finished', 19], ['finished', 18], ['finished', 48], ['finished', 49], ['finished', 46], ['finished', 47], ['finished', 44], ['finished', 45], ['finished', 42], ['finished', 43], ['finished', 40], ['finished', 41], ['finished', 1], ['finished', 5], ['finished', 9], ['finished', 77], ['finished', 76], ['finished', 75], ['finished', 74], ['finished', 73], ['finished', 72], ['finished', 71], ['finished', 70], ['finished', 79], ['finished', 78]]}
INFO 2016-07-26 19:03:16,112: 	 CRAB project directory:		/afs/cern.ch/work/f/fromeo/CMSSW_8_0_12_FW/src/BSMFramework/BSM3G_TNT_Maker/crab/First2016_TTHnbb/crab_First2016_TTHnbb
INFO 2016-07-26 19:03:16,112: 	 Task name:			160726_140630:fromeo_crab_First2016_TTHnbb
INFO 2016-07-26 19:03:16,112: 	 Grid scheduler:			crab3-7@vocms0114.cern.ch
INFO 2016-07-26 19:03:16,112: 	 Task status:			COMPLETED
INFO 2016-07-26 19:03:16,112: 	 Dashboard monitoring URL:	http://dashb-cms-job.cern.ch/dashboard/templates/task-analysis/#user=fromeo&table=Mains&pattern=160726_140630%3Afromeo_crab_First2016_TTHnbb
INFO 2016-07-26 19:03:16,112: 	 
Jobs status:			finished      100.0% (86/86)
INFO 2016-07-26 19:03:16,112: 	 
No publication information available yet
INFO 2016-07-26 19:03:16,146: 	 Log file is /afs/cern.ch/work/f/fromeo/CMSSW_8_0_12_FW/src/BSMFramework/BSM3G_TNT_Maker/crab/First2016_TTHnbb/crab_First2016_TTHnbb/crab.log
DEBUG 2016-07-26 19:05:27,168: 	 Executing command: 'status'
DEBUG 2016-07-26 19:05:27,169: 	 Found CRAB cache file /afs/cern.ch/user/f/fromeo/.crab3
DEBUG 2016-07-26 19:05:27,179: 	 Checking credentials
DEBUG 2016-07-26 19:05:27,179: 	 Found proxy file /tmp/x509up_u30997
DEBUG 2016-07-26 19:05:27,179: 	 Getting proxy life time left
DEBUG 2016-07-26 19:05:27,791: 	 Executing : 
 command : voms-proxy-info -file /tmp/x509up_u30997 -timeleft
 output : 75593

 error: 
 retcode : 0
DEBUG 2016-07-26 19:05:28,397: 	 Executing : 
 command : voms-proxy-info -file /tmp/x509up_u30997 -actimeleft
 output : 75592

 error: 
 retcode : 0
DEBUG 2016-07-26 19:05:28,397: 	 Proxy valid for 20:59:53 hours
DEBUG 2016-07-26 19:05:28,563: 	 Executing : 
 command : openssl x509 -in ~/.globus/usercert.pem -subject -noout
 output : subject= /DC=ch/DC=cern/OU=Organic Units/OU=Users/CN=fromeo/CN=674630/CN=Francesco Romeo

 error: 
 retcode : 0
DEBUG 2016-07-26 19:05:28,563: 	 Checking credentials
DEBUG 2016-07-26 19:05:28,563: 	 Found proxy file /tmp/x509up_u30997
DEBUG 2016-07-26 19:05:28,563: 	 Getting proxy life time left
DEBUG 2016-07-26 19:05:29,186: 	 Executing : 
 command : voms-proxy-info -file /tmp/x509up_u30997 -timeleft
 output : 75591

 error: 
 retcode : 0
DEBUG 2016-07-26 19:05:29,805: 	 Executing : 
 command : voms-proxy-info -file /tmp/x509up_u30997 -actimeleft
 output : 75591

 error: 
 retcode : 0
DEBUG 2016-07-26 19:05:29,805: 	 Proxy valid for 20:59:51 hours
DEBUG 2016-07-26 19:05:31,179: 	 Registering user credentials for server /DC=ch/DC=cern/OU=computers/CN=vocms(045|052|021|031|0118|0118a|0119|0108).cern.ch
DEBUG 2016-07-26 19:05:31,293: 	 Executing : 
 command : openssl x509 -in ~/.globus/usercert.pem -subject -noout
 output : subject= /DC=ch/DC=cern/OU=Organic Units/OU=Users/CN=fromeo/CN=674630/CN=Francesco Romeo

 error: 
 retcode : 0
DEBUG 2016-07-26 19:05:31,293: 	 Getting myproxy life time left for myproxy.cern.ch
DEBUG 2016-07-26 19:05:31,294: 	 Calculating hash of /DC=ch/DC=cern/OU=Organic Units/OU=Users/CN=fromeo/CN=674630/CN=Francesco Romeo_cmsweb.cern.ch for credential name
DEBUG 2016-07-26 19:05:31,498: 	 Executing : 
 command : myproxy-info -l 83bb954b043085ec6b5075bf38fafc2a023a8c7b -s myproxy.cern.ch
 output : username: 83bb954b043085ec6b5075bf38fafc2a023a8c7b
owner: /DC=ch/DC=cern/OU=Organic Units/OU=Users/CN=fromeo/CN=674630/CN=Francesco Romeo
  renewal policy: /DC=ch/DC=cern/OU=computers/CN=vocms(045|052|021|031|0118|0118a|0119|0108).cern.ch
  trusted retrieval policy: /DC=ch/DC=cern/OU=computers/CN=vocms(045|052|021|031|0118|0118a|0119|0108).cern.ch
  timeleft: 384:45:40  (16.0 days)

 error: 
 retcode : 0
DEBUG 2016-07-26 19:05:31,500: 	 Myproxy is valid: 1385140
DEBUG 2016-07-26 19:05:31,500: 	 Command use: status
DEBUG 2016-07-26 19:05:31,500: 	 Options use: ['First2016_TTHnbb/crab_First2016_TTHnbb']
DEBUG 2016-07-26 19:05:31,836: 	 CRABClient version: 3.3.1607.patch1
DEBUG 2016-07-26 19:05:31,836: 	 Instance is prod
DEBUG 2016-07-26 19:05:31,836: 	 Server base url is cmsweb.cern.ch
DEBUG 2016-07-26 19:05:31,836: 	 Command url /crabserver/prod/workflow
DEBUG 2016-07-26 19:05:31,836: 	 Looking up detailed status of task 160726_140630:fromeo_crab_First2016_TTHnbb
DEBUG 2016-07-26 19:05:43,543: 	 {'status': 'COMPLETED', 'username': 'fromeo', 'jobsPerStatus': {'finished': 86}, 'jobs': {'24': {'State': 'finished'}, '25': {'State': 'finished'}, '26': {'State': 'finished'}, '27': {'State': 'finished'}, '20': {'State': 'finished'}, '21': {'State': 'finished'}, '22': {'State': 'finished'}, '23': {'State': 'finished'}, '28': {'State': 'finished'}, '29': {'State': 'finished'}, '4': {'State': 'finished'}, '8': {'State': 'finished'}, '59': {'State': 'finished'}, '58': {'State': 'finished'}, '55': {'State': 'finished'}, '54': {'State': 'finished'}, '57': {'State': 'finished'}, '56': {'State': 'finished'}, '51': {'State': 'finished'}, '50': {'State': 'finished'}, '53': {'State': 'finished'}, '52': {'State': 'finished'}, '82': {'State': 'finished'}, '83': {'State': 'finished'}, '80': {'State': 'finished'}, '81': {'State': 'finished'}, '86': {'State': 'finished'}, '84': {'State': 'finished'}, '85': {'State': 'finished'}, '3': {'State': 'finished'}, '7': {'State': 'finished'}, '39': {'State': 'finished'}, '38': {'State': 'finished'}, '33': {'State': 'finished'}, '32': {'State': 'finished'}, '31': {'State': 'finished'}, '30': {'State': 'finished'}, '37': {'State': 'finished'}, '36': {'State': 'finished'}, '35': {'State': 'finished'}, '34': {'State': 'finished'}, '60': {'State': 'finished'}, '61': {'State': 'finished'}, '62': {'State': 'finished'}, '63': {'State': 'finished'}, '64': {'State': 'finished'}, '65': {'State': 'finished'}, '66': {'State': 'finished'}, '67': {'State': 'finished'}, '68': {'State': 'finished'}, '69': {'State': 'finished'}, '2': {'State': 'finished'}, '6': {'State': 'finished'}, '11': {'State': 'finished'}, '10': {'State': 'finished'}, '13': {'State': 'finished'}, '12': {'State': 'finished'}, '15': {'State': 'finished'}, '14': {'State': 'finished'}, '17': {'State': 'finished'}, '16': {'State': 'finished'}, '19': {'State': 'finished'}, '18': {'State': 'finished'}, '48': {'State': 'finished'}, '49': {'State': 'finished'}, '46': {'State': 'finished'}, '47': {'State': 'finished'}, '44': {'State': 'finished'}, '45': {'State': 'finished'}, '42': {'State': 'finished'}, '43': {'State': 'finished'}, '40': {'State': 'finished'}, '41': {'State': 'finished'}, '1': {'State': 'finished'}, '5': {'State': 'finished'}, '9': {'State': 'finished'}, '77': {'State': 'finished'}, '76': {'State': 'finished'}, '75': {'State': 'finished'}, '74': {'State': 'finished'}, '73': {'State': 'finished'}, '72': {'State': 'finished'}, '71': {'State': 'finished'}, '70': {'State': 'finished'}, '79': {'State': 'finished'}, '78': {'State': 'finished'}}, 'publication': {}, 'taskWarningMsg': [], 'schedd': 'crab3-7@vocms0114.cern.ch', 'publicationFailures': {}, 'outdatasets': None, 'statusFailureMsg': '', 'taskFailureMsg': '', 'failedJobdefs': 0, 'ASOURL': 'https://cmsweb.cern.ch/couchdb2', 'command': 'SUBMIT', 'totalJobdefs': 0, 'submissionTime': 1469541990, 'jobdefErrors': [], 'collector': 'cmsgwms-collector-global.cern.ch,cmssrv221.fnal.gov', 'jobList': [['finished', 24], ['finished', 25], ['finished', 26], ['finished', 27], ['finished', 20], ['finished', 21], ['finished', 22], ['finished', 23], ['finished', 28], ['finished', 29], ['finished', 4], ['finished', 8], ['finished', 59], ['finished', 58], ['finished', 55], ['finished', 54], ['finished', 57], ['finished', 56], ['finished', 51], ['finished', 50], ['finished', 53], ['finished', 52], ['finished', 82], ['finished', 83], ['finished', 80], ['finished', 81], ['finished', 86], ['finished', 84], ['finished', 85], ['finished', 3], ['finished', 7], ['finished', 39], ['finished', 38], ['finished', 33], ['finished', 32], ['finished', 31], ['finished', 30], ['finished', 37], ['finished', 36], ['finished', 35], ['finished', 34], ['finished', 60], ['finished', 61], ['finished', 62], ['finished', 63], ['finished', 64], ['finished', 65], ['finished', 66], ['finished', 67], ['finished', 68], ['finished', 69], ['finished', 2], ['finished', 6], ['finished', 11], ['finished', 10], ['finished', 13], ['finished', 12], ['finished', 15], ['finished', 14], ['finished', 17], ['finished', 16], ['finished', 19], ['finished', 18], ['finished', 48], ['finished', 49], ['finished', 46], ['finished', 47], ['finished', 44], ['finished', 45], ['finished', 42], ['finished', 43], ['finished', 40], ['finished', 41], ['finished', 1], ['finished', 5], ['finished', 9], ['finished', 77], ['finished', 76], ['finished', 75], ['finished', 74], ['finished', 73], ['finished', 72], ['finished', 71], ['finished', 70], ['finished', 79], ['finished', 78]]}
INFO 2016-07-26 19:05:43,543: 	 CRAB project directory:		/afs/cern.ch/work/f/fromeo/CMSSW_8_0_12_FW/src/BSMFramework/BSM3G_TNT_Maker/crab/First2016_TTHnbb/crab_First2016_TTHnbb
INFO 2016-07-26 19:05:43,543: 	 Task name:			160726_140630:fromeo_crab_First2016_TTHnbb
INFO 2016-07-26 19:05:43,543: 	 Grid scheduler:			crab3-7@vocms0114.cern.ch
INFO 2016-07-26 19:05:43,544: 	 Task status:			COMPLETED
INFO 2016-07-26 19:05:43,544: 	 Dashboard monitoring URL:	http://dashb-cms-job.cern.ch/dashboard/templates/task-analysis/#user=fromeo&table=Mains&pattern=160726_140630%3Afromeo_crab_First2016_TTHnbb
INFO 2016-07-26 19:05:43,544: 	 
Jobs status:			finished      100.0% (86/86)
INFO 2016-07-26 19:05:43,544: 	 
No publication information available yet
INFO 2016-07-26 19:05:43,548: 	 Log file is /afs/cern.ch/work/f/fromeo/CMSSW_8_0_12_FW/src/BSMFramework/BSM3G_TNT_Maker/crab/First2016_TTHnbb/crab_First2016_TTHnbb/crab.log
DEBUG 2016-07-27 11:03:40,062: 	 Executing command: 'status'
DEBUG 2016-07-27 11:03:40,062: 	 Found CRAB cache file /afs/cern.ch/user/f/fromeo/.crab3
DEBUG 2016-07-27 11:03:40,175: 	 Checking credentials
DEBUG 2016-07-27 11:03:40,175: 	 Found proxy file /tmp/x509up_u30997
DEBUG 2016-07-27 11:03:40,175: 	 Getting proxy life time left
DEBUG 2016-07-27 11:03:41,401: 	 Executing : 
 command : voms-proxy-info -file /tmp/x509up_u30997 -timeleft
 output : 86388

 error: 
 retcode : 0
DEBUG 2016-07-27 11:03:43,055: 	 Executing : 
 command : voms-proxy-info -file /tmp/x509up_u30997 -actimeleft
 output : 86386

 error: 
 retcode : 0
DEBUG 2016-07-27 11:03:43,055: 	 Proxy valid for 23:59:48 hours
DEBUG 2016-07-27 11:03:43,303: 	 Executing : 
 command : openssl x509 -in ~/.globus/usercert.pem -subject -noout
 output : subject= /DC=ch/DC=cern/OU=Organic Units/OU=Users/CN=fromeo/CN=674630/CN=Francesco Romeo

 error: 
 retcode : 0
DEBUG 2016-07-27 11:03:43,304: 	 Checking credentials
DEBUG 2016-07-27 11:03:43,304: 	 Found proxy file /tmp/x509up_u30997
DEBUG 2016-07-27 11:03:43,304: 	 Getting proxy life time left
DEBUG 2016-07-27 11:03:44,323: 	 Executing : 
 command : voms-proxy-info -file /tmp/x509up_u30997 -timeleft
 output : 86385

 error: 
 retcode : 0
DEBUG 2016-07-27 11:03:45,245: 	 Executing : 
 command : voms-proxy-info -file /tmp/x509up_u30997 -actimeleft
 output : 86383

 error: 
 retcode : 0
DEBUG 2016-07-27 11:03:45,245: 	 Proxy valid for 23:59:45 hours
DEBUG 2016-07-27 11:03:45,707: 	 Registering user credentials for server /DC=ch/DC=cern/OU=computers/CN=vocms(045|052|021|031|0118|0118a|0119|0108).cern.ch
DEBUG 2016-07-27 11:03:45,821: 	 Executing : 
 command : openssl x509 -in ~/.globus/usercert.pem -subject -noout
 output : subject= /DC=ch/DC=cern/OU=Organic Units/OU=Users/CN=fromeo/CN=674630/CN=Francesco Romeo

 error: 
 retcode : 0
DEBUG 2016-07-27 11:03:45,821: 	 Getting myproxy life time left for myproxy.cern.ch
DEBUG 2016-07-27 11:03:45,821: 	 Calculating hash of /DC=ch/DC=cern/OU=Organic Units/OU=Users/CN=fromeo/CN=674630/CN=Francesco Romeo_cmsweb.cern.ch for credential name
DEBUG 2016-07-27 11:03:46,037: 	 Executing : 
 command : myproxy-info -l 83bb954b043085ec6b5075bf38fafc2a023a8c7b -s myproxy.cern.ch
 output : username: 83bb954b043085ec6b5075bf38fafc2a023a8c7b
owner: /DC=ch/DC=cern/OU=Organic Units/OU=Users/CN=fromeo/CN=674630/CN=Francesco Romeo
  renewal policy: /DC=ch/DC=cern/OU=computers/CN=vocms(045|052|021|031|0118|0118a|0119|0108).cern.ch
  trusted retrieval policy: /DC=ch/DC=cern/OU=computers/CN=vocms(045|052|021|031|0118|0118a|0119|0108).cern.ch
  timeleft: 368:47:26  (15.4 days)

 error: 
 retcode : 0
DEBUG 2016-07-27 11:03:46,041: 	 Myproxy is valid: 1327646
DEBUG 2016-07-27 11:03:46,041: 	 Command use: status
DEBUG 2016-07-27 11:03:46,041: 	 Options use: ['First2016_TTHnbb/crab_First2016_TTHnbb']
INFO 2016-07-27 11:04:05,466: 	 The server answered with an error.
INFO 2016-07-27 11:04:05,466: 	 Server answered with: Database unavailable
INFO 2016-07-27 11:04:05,466: 	 Error Id: 7ed62721bdff2a38fbf8d471c7402e4f
DEBUG 2016-07-27 11:04:05,466: 	 ERROR: Service Unavailable (503):  '<!DOCTYPE html PUBLIC
"-//W3C//DTD XHTML 1.0 Transitional//EN"
"http://www.w3.org/TR/xhtml1/DTD/xhtml1-transitional.dtd">
<html>
<head>
    <meta http-equiv="Content-Type" content="text/html; charset=utf-8"></meta>
    <title>503 Service Unavailable</title>
    <style type="text/css">
    #powered_by {
        margin-top: 20px;
        border-top: 2px solid black;
        font-style: italic;
    }

    #traceback {
        color: red;
    }
    </style>
</head>
    <body>
        <h2>503 Service Unavailable</h2>
        <p>Database unavailable</p>
        <pre id="traceback"></pre>
    <div id="powered_by">
      <span>
        Powered by <a href="http://www.cherrypy.org">CherryPy unknown</a>
      </span>
    </div>
    </body>
</html>
'
DEBUG 2016-07-27 11:04:05,466: 	 Command failed with URI: https://cmsweb.cern.ch/crabserver/prod/info
DEBUG 2016-07-27 11:04:05,466: 	      Input data: {'subresource': 'version'}
DEBUG 2016-07-27 11:04:05,466: 	      Request headers: {'X-Error-Http': '503', 'Transfer-Encoding': 'chunked', 'X-Rest-Time': '10559381.962 us', 'X-Error-Detail': 'Database unavailable', 'Server': 'CherryPy/unknown', 'Connection': 'close', 'X-Error-Id': '7ed62721bdff2a38fbf8d471c7402e4f', 'X-Rest-Status': '401', 'Date': 'Wed, 27 Jul 2016 09:03:54 GMT', 'Content-Type': 'text/html;charset=utf-8', 'CMS-Server-Time': 'D=19091817 t=1469610226371427'}
ERROR 2016-07-27 11:04:05,466: 	 Caught exception
Traceback (most recent call last):
  File "/cvmfs/cms.cern.ch/crab3/slc6_amd64_gcc493/cms/crabclient/3.3.1607.patch1/bin/crab", line 160, in <module>
    client()
  File "/cvmfs/cms.cern.ch/crab3/slc6_amd64_gcc493/cms/crabclient/3.3.1607.patch1/bin/crab", line 146, in __call__
    self.cmd = sub_cmd(self.logger, args[1:])
  File "/cvmfs/cms.cern.ch/crab3/slc6_amd64_gcc493/cms/crabclient/3.3.1607.patch1/lib/python2.7/site-packages/CRABClient/Commands/SubCommand.py", line 345, in __init__
    self.checkversion(self.getUrl(self.instance, resource='info'))
  File "/cvmfs/cms.cern.ch/crab3/slc6_amd64_gcc493/cms/crabclient/3.3.1607.patch1/lib/python2.7/site-packages/CRABClient/Commands/SubCommand.py", line 386, in checkversion
    compatibleVersions = server_info('version', self.serverurl, self.proxyfilename, baseurl)
  File "/cvmfs/cms.cern.ch/crab3/slc6_amd64_gcc493/cms/crabclient/3.3.1607.patch1/lib/python2.7/site-packages/CRABClient/ClientUtilities.py", line 664, in server_info
    dictresult, dummyStatus, dummyReason = server.get(baseurl, requestdict)
  File "/cvmfs/cms.cern.ch/crab3/slc6_amd64_gcc493/cms/crabclient/3.3.1607.patch1/lib/python2.7/site-packages/RESTInteractions.py", line 79, in get
    return self.makeRequest(uri = uri, data = data, verb = 'GET')
  File "/cvmfs/cms.cern.ch/crab3/slc6_amd64_gcc493/cms/crabclient/3.3.1607.patch1/lib/python2.7/site-packages/RESTInteractions.py", line 128, in makeRequest
    capath=caCertPath)#, verbose=True)# for debug
  File "/cvmfs/cms.cern.ch/crab3/slc6_amd64_gcc493/cms/crabclient/3.3.1607.patch1/lib/python2.7/site-packages/WMCore/Services/pycurl_manager.py", line 209, in request
    raise exc
HTTPException: url=https://cmsweb.cern.ch/crabserver/prod/info, code=503, reason=Service Unavailable, headers={'X-Error-Http': '503', 'Transfer-Encoding': 'chunked', 'X-Rest-Time': '10559381.962 us', 'X-Error-Detail': 'Database unavailable', 'Server': 'CherryPy/unknown', 'Connection': 'close', 'X-Error-Id': '7ed62721bdff2a38fbf8d471c7402e4f', 'X-Rest-Status': '401', 'Date': 'Wed, 27 Jul 2016 09:03:54 GMT', 'Content-Type': 'text/html;charset=utf-8', 'CMS-Server-Time': 'D=19091817 t=1469610226371427'}
