DEBUG 2016-07-26 16:21:48,610: 	 Executing command: 'submit'
DEBUG 2016-07-26 16:21:49,193: 	 Found CRAB cache file /afs/cern.ch/user/f/fromeo/.crab3
DEBUG 2016-07-26 16:21:49,204: 	 Checking credentials
DEBUG 2016-07-26 16:21:49,205: 	 Found proxy file /tmp/x509up_u30997
DEBUG 2016-07-26 16:21:49,205: 	 Getting proxy life time left
DEBUG 2016-07-26 16:21:49,809: 	 Executing : 
 command : voms-proxy-info -file /tmp/x509up_u30997 -timeleft
 output : 86362

 error: 
 retcode : 0
DEBUG 2016-07-26 16:21:50,315: 	 Executing : 
 command : voms-proxy-info -file /tmp/x509up_u30997 -actimeleft
 output : 86361

 error: 
 retcode : 0
DEBUG 2016-07-26 16:21:50,316: 	 Proxy valid for 23:59:22 hours
DEBUG 2016-07-26 16:21:50,317: 	 Will use CRAB Analysis plugin (i.e. will run an analysis job type).
DEBUG 2016-07-26 16:21:50,437: 	 Executing : 
 command : openssl x509 -in ~/.globus/usercert.pem -subject -noout
 output : subject= /DC=ch/DC=cern/OU=Organic Units/OU=Users/CN=fromeo/CN=674630/CN=Francesco Romeo

 error: 
 retcode : 0
DEBUG 2016-07-26 16:21:50,438: 	 Checking credentials
DEBUG 2016-07-26 16:21:50,438: 	 Found proxy file /tmp/x509up_u30997
DEBUG 2016-07-26 16:21:50,438: 	 Getting proxy life time left
DEBUG 2016-07-26 16:21:50,947: 	 Executing : 
 command : voms-proxy-info -file /tmp/x509up_u30997 -timeleft
 output : 86361

 error: 
 retcode : 0
DEBUG 2016-07-26 16:21:51,452: 	 Executing : 
 command : voms-proxy-info -file /tmp/x509up_u30997 -actimeleft
 output : 86360

 error: 
 retcode : 0
DEBUG 2016-07-26 16:21:51,452: 	 Proxy valid for 23:59:21 hours
DEBUG 2016-07-26 16:21:51,956: 	 Executing : 
 command : env X509_USER_PROXY=/tmp/x509up_u30997 voms-proxy-info -fqan
 output : /cms/Role=NULL/Capability=NULL

 error: 
 retcode : 0
DEBUG 2016-07-26 16:21:52,394: 	 Registering user credentials for server /DC=ch/DC=cern/OU=computers/CN=vocms(045|052|021|031|0118|0118a|0119|0108).cern.ch
DEBUG 2016-07-26 16:21:52,503: 	 Executing : 
 command : openssl x509 -in ~/.globus/usercert.pem -subject -noout
 output : subject= /DC=ch/DC=cern/OU=Organic Units/OU=Users/CN=fromeo/CN=674630/CN=Francesco Romeo

 error: 
 retcode : 0
DEBUG 2016-07-26 16:21:52,504: 	 Getting myproxy life time left for myproxy.cern.ch
DEBUG 2016-07-26 16:21:52,504: 	 Calculating hash of /DC=ch/DC=cern/OU=Organic Units/OU=Users/CN=fromeo/CN=674630/CN=Francesco Romeo_cmsweb.cern.ch for credential name
DEBUG 2016-07-26 16:21:52,707: 	 Executing : 
 command : myproxy-info -l 83bb954b043085ec6b5075bf38fafc2a023a8c7b -s myproxy.cern.ch
 output : username: 83bb954b043085ec6b5075bf38fafc2a023a8c7b
owner: /DC=ch/DC=cern/OU=Organic Units/OU=Users/CN=fromeo/CN=674630/CN=Francesco Romeo
  renewal policy: /DC=ch/DC=cern/OU=computers/CN=vocms(045|052|021|031|0118|0118a|0119|0108).cern.ch
  trusted retrieval policy: /DC=ch/DC=cern/OU=computers/CN=vocms(045|052|021|031|0118|0118a|0119|0108).cern.ch
  timeleft: 387:29:19  (16.1 days)

 error: 
 retcode : 0
DEBUG 2016-07-26 16:21:52,708: 	 Myproxy is valid: 1394959
DEBUG 2016-07-26 16:21:52,708: 	 Command use: submit
DEBUG 2016-07-26 16:21:52,708: 	 Options use: ['--config', <WMCore.Configuration.Configuration object at 0x7f84ceee1c90>]
DEBUG 2016-07-26 16:21:53,068: 	 CRABClient version: 3.3.1607.patch1
DEBUG 2016-07-26 16:21:53,068: 	 Instance is prod
DEBUG 2016-07-26 16:21:53,068: 	 Server base url is cmsweb.cern.ch
DEBUG 2016-07-26 16:21:53,068: 	 Command url /crabserver/prod/workflow
DEBUG 2016-07-26 16:21:53,068: 	 Started submission
DEBUG 2016-07-26 16:21:53,069: 	 Working on /afs/cern.ch/work/f/fromeo/CMSSW_8_0_12_FW/src/BSMFramework/BSM3G_TNT_Maker/crab/Firts2016_SEleC/crab_Firts2016_SEleC
DEBUG 2016-07-26 16:21:53,418: 	 Loading required information from the environment
DEBUG 2016-07-26 16:21:53,418: 	 Found CMSSW_8_0_12 for slc6_amd64_gcc530 with base /afs/cern.ch/work/f/fromeo/CMSSW_8_0_12_FW
DEBUG 2016-07-26 16:21:53,432: 	 UNIQUE NAME: tarUUID a5f02eae-1d31-4a1a-8d4e-1311fe32a590 
DEBUG 2016-07-26 16:21:53,432: 	 self.config: from WMCore.Configuration import Configuration
config = Configuration()
config.section_('General')
config.General.workArea = 'Firts2016_SEleC'
config.General.requestName = 'Firts2016_SEleC'
config.section_('JobType')
config.JobType.psetName = '/afs/cern.ch/work/f/fromeo/CMSSW_8_0_12_FW/src/BSMFramework/BSM3G_TNT_Maker/python/miniAOD_RD.py'
config.JobType.pluginName = 'Analysis'
config.section_('Data')
config.Data.inputDataset = '/SingleElectron/Run2016C-PromptReco-v2/MINIAOD'
config.Data.unitsPerJob = 30
config.Data.splitting = 'LumiBased'
config.Data.inputDBS = 'global'
config.Data.lumiMask = '/afs/cern.ch/work/f/fromeo/CMSSW_8_0_12_FW/src/BSMFramework/BSM3G_TNT_Maker/data/JSON/Cert_271036-276097_13TeV_PromptReco_Collisions16_JSON_NoL1T_v2.txt'
config.Data.outLFNDirBase = '/store/user/fromeo/'
config.section_('Site')
config.Site.storageSite = 'T2_CN_Beijing'
config.section_('User')
config.section_('Debug')

DEBUG 2016-07-26 16:21:53,432: 	 self.config.JobType.psetName: /afs/cern.ch/work/f/fromeo/CMSSW_8_0_12_FW/src/BSMFramework/BSM3G_TNT_Maker/python/miniAOD_RD.py
INFO 2016-07-26 16:21:53,433: 	 Importing CMSSW configuration /afs/cern.ch/work/f/fromeo/CMSSW_8_0_12_FW/src/BSMFramework/BSM3G_TNT_Maker/python/miniAOD_RD.py
INFO 2016-07-26 16:21:53,444: 	 Finished importing CMSSW configuration /afs/cern.ch/work/f/fromeo/CMSSW_8_0_12_FW/src/BSMFramework/BSM3G_TNT_Maker/python/miniAOD_RD.py
DEBUG 2016-07-26 16:21:53,444: 	 Writing CMSSW configuration to /afs/cern.ch/work/f/fromeo/CMSSW_8_0_12_FW/src/BSMFramework/BSM3G_TNT_Maker/crab/Firts2016_SEleC/crab_Firts2016_SEleC/inputs/PSet.py
DEBUG 2016-07-26 16:21:53,548: 	 The following EDM output files will be collected: []
DEBUG 2016-07-26 16:21:53,548: 	 The following TFile output files will be collected: ['OutTree_SingleEle.root']
DEBUG 2016-07-26 16:21:53,548: 	 The following user output files will be collected: []
DEBUG 2016-07-26 16:21:53,548: 	 Loading required information from the environment
DEBUG 2016-07-26 16:21:53,548: 	 Found CMSSW_8_0_12 for slc6_amd64_gcc530 with base /afs/cern.ch/work/f/fromeo/CMSSW_8_0_12_FW
DEBUG 2016-07-26 16:21:53,548: 	 Making tarball in /afs/cern.ch/work/f/fromeo/CMSSW_8_0_12_FW/src/BSMFramework/BSM3G_TNT_Maker/crab/Firts2016_SEleC/crab_Firts2016_SEleC/inputs/a5f02eae-1d31-4a1a-8d4e-1311fe32a590default.tgz
DEBUG 2016-07-26 16:21:53,549: 	 Checking directory /afs/cern.ch/work/f/fromeo/CMSSW_8_0_12_FW/lib
DEBUG 2016-07-26 16:21:53,549: 	 Adding directory /afs/cern.ch/work/f/fromeo/CMSSW_8_0_12_FW/lib to tarball
DEBUG 2016-07-26 16:21:53,806: 	 Checking directory /afs/cern.ch/work/f/fromeo/CMSSW_8_0_12_FW/biglib
DEBUG 2016-07-26 16:21:53,806: 	 Adding directory /afs/cern.ch/work/f/fromeo/CMSSW_8_0_12_FW/biglib to tarball
DEBUG 2016-07-26 16:21:53,808: 	 Checking directory /afs/cern.ch/work/f/fromeo/CMSSW_8_0_12_FW/module
DEBUG 2016-07-26 16:21:53,847: 	 Adding data directory /afs/cern.ch/work/f/fromeo/CMSSW_8_0_12_FW/src/BSMFramework/BSM3G_TNT_Maker/data to tarball
DEBUG 2016-07-26 16:22:05,844: 	 Adding data directory /afs/cern.ch/work/f/fromeo/CMSSW_8_0_12_FW/src/BSMFramework/BSM3G_TNT_Maker/interface to tarball
DEBUG 2016-07-26 16:22:05,995: 	 Uploading archive /afs/cern.ch/work/f/fromeo/CMSSW_8_0_12_FW/src/BSMFramework/BSM3G_TNT_Maker/crab/Firts2016_SEleC/crab_Firts2016_SEleC/inputs/a5f02eae-1d31-4a1a-8d4e-1311fe32a590default.tgz to the CRAB cache. Using URI https://cmsweb.cern.ch/crabcache
DEBUG 2016-07-26 16:22:18,172: 	 Loading required information from the environment
DEBUG 2016-07-26 16:22:18,172: 	 Found CMSSW_8_0_12 for slc6_amd64_gcc530 with base /afs/cern.ch/work/f/fromeo/CMSSW_8_0_12_FW
DEBUG 2016-07-26 16:22:18,172: 	 Making tarball in /afs/cern.ch/work/f/fromeo/CMSSW_8_0_12_FW/src/BSMFramework/BSM3G_TNT_Maker/crab/Firts2016_SEleC/crab_Firts2016_SEleC/inputs/debugFiles.tgz
DEBUG 2016-07-26 16:22:18,179: 	 Uploading archive /afs/cern.ch/work/f/fromeo/CMSSW_8_0_12_FW/src/BSMFramework/BSM3G_TNT_Maker/crab/Firts2016_SEleC/crab_Firts2016_SEleC/inputs/debugFiles.tgz to the CRAB cache. Using URI https://cmsweb.cern.ch/crabcache
DEBUG 2016-07-26 16:22:18,582: 	 Result uploading input files: 98a65cb2d4ed2fc025d59bcb0b39e5f3278b4185ad1965bfd362ff9185dbbf8a.tar.gz 
DEBUG 2016-07-26 16:22:18,582: 	 Attaching lumi mask /afs/cern.ch/work/f/fromeo/CMSSW_8_0_12_FW/src/BSMFramework/BSM3G_TNT_Maker/data/JSON/Cert_271036-276097_13TeV_PromptReco_Collisions16_JSON_NoL1T_v2.txt to the request
DEBUG 2016-07-26 16:22:18,582: 	 Reading lumi-mask from /afs/cern.ch/work/f/fromeo/CMSSW_8_0_12_FW/src/BSMFramework/BSM3G_TNT_Maker/data/JSON/Cert_271036-276097_13TeV_PromptReco_Collisions16_JSON_NoL1T_v2.txt
WARNING 2016-07-26 16:22:18,583: 	 Warning: The following output files will not be published, as they are not EDM files: ['OutTree_SingleEle.root']
INFO 2016-07-26 16:22:18,583: 	 Sending the request to the server
DEBUG 2016-07-26 16:22:18,584: 	 Submitting {'maxjobruntime': 1250, 'ignorelocality': 0, 'savelogsflag': 0, 'useparent': 0, 'asyncdest': 'T2_CN_Beijing', 'algoargs': 30, 'cachefilename': '98a65cb2d4ed2fc025d59bcb0b39e5f3278b4185ad1965bfd362ff9185dbbf8a.tar.gz', 'numcores': 1, 'addoutputfiles': [], 'generator': 'pythia', 'maxmemory': 2000, 'publishdbsurl': 'https://cmsweb.cern.ch/dbs/prod/phys03/DBSWriter', 'priority': 10, 'jobsw': 'CMSSW_8_0_12', 'edmoutfiles': [], 'userfiles': [], 'primarydataset': '', 'inputdata': '/SingleElectron/Run2016C-PromptReco-v2/MINIAOD', 'lfn': '/store/user/fromeo/', 'dryrun': 0, 'workflow': 'crab_Firts2016_SEleC', 'adduserfiles': [], 'jobarch': 'slc6_amd64_gcc530', 'lumis': ['1,1279', '1,459', '100,292', '1,53', '1,18', '2,25', '1,112', '1,6', '1,309', '1,90', '1,29', '62,352,354,733', '1,33', '1,113,115,412', '1,391', '1,214', '1,214,219,647', '71,71,73,282,284,325,327,338', '1,233', '1,192', '73,256,258,318,320,813,815,1064', '1,598', '77,437', '1,173', '83,252,254,2545', '1,100', '1,1814,1820,2126', '108,332', '1,67', '1,43', '1,207', '1,516', '31,95', '81,191', '1,623', '1,678', '1,40,42,82', '1,1152,1161,1176', '1,607', '1,701', '1,546', '2,19', '1,210', '1,154', '97,97,99,158', '1,424', '1,959', '1,3', '1,225', '60,1003', '1,14', '3,17', '1,698', '1,29,31,31,33,33,35,93', '1,632', '1,170', '94,144', '88,439', '1,1820', '94,268', '1,342', '1,2207', '92,493', '1,431', '1,752', '37,37,39,57', '1,91', '1,1192', '1,1003', '1,47', '1,905', '64,782', '1,1241', '1,136', '1,1781,1786,2061', '78,81,105,137', '1,96', '1,392', '1,915', '1,517', '1,442,444,647', '106,106,108,431', '1,989', '91,180', '1,132', '1,74', '96,143', '1,347', '1,121', '1,142,144,201', '55,617', '1,1929', '1,1253', '141,282', '1,427', '1,520', '76,356', '1,353', '81,365', '1,22,28,569', '127,421,424,1449', '1,2667,2669,3096', '1,105', '1,337', '1,17', '1,9', '1,4', '1,56', '1,7', '1,311,315,315', '1,140', '1,300', '1,305', '1,131,133,762', '1,367', '1,53,56,115,117,251', '1,297', '1,13', '1,429,431,1163,1166,1170,1184,1293', '1,186,198,726', '1,2263', '73,109', '1,1393', '62,298,300,354,356,440', '1,289', '1,475', '1,318,348,361', '7,15,17,18,21,186,191,192,195,196,205,210,213,216,219,224,227,234,237,240,247,248,251,252,255,264,267,270,275,298,301,460', '1,2,4,5,17,20', '3,53,63,64,66,126', '1,14,19,89', '82,139,141,172', '74,149', '1,507'], 'nonprodsw': 0, 'tfileoutfiles': ['OutTree_SingleEle.root'], 'oneEventMode': 0, 'debugfilename': '91ded5f7b09df7cc086f889a6c66c024eaf09fe8cfcf9e11823891fca0f6d18d.tar.gz', 'cacheurl': 'https://cmsweb.cern.ch/crabcache', 'saveoutput': 1, 'publication': 1, 'runs': [u'273158', u'273302', u'273402', u'273403', u'273404', u'273405', u'273406', u'273408', u'273409', u'273410', u'273411', u'273425', u'273446', u'273447', u'273448', u'273449', u'273450', u'273492', u'273493', u'273494', u'273502', u'273503', u'273554', u'273555', u'273725', u'273728', u'273730', u'274094', u'274146', u'274159', u'274160', u'274161', u'274172', u'274198', u'274199', u'274200', u'274240', u'274241', u'274244', u'274250', u'274251', u'274283', u'274284', u'274286', u'274314', u'274315', u'274316', u'274317', u'274319', u'274335', u'274336', u'274337', u'274338', u'274339', u'274344', u'274345', u'274382', u'274387', u'274388', u'274420', u'274421', u'274422', u'274440', u'274441', u'274442', u'274954', u'274955', u'274968', u'274969', u'274970', u'274971', u'274998', u'274999', u'275000', u'275001', u'275059', u'275066', u'275067', u'275068', u'275073', u'275074', u'275124', u'275125', u'275282', u'275283', u'275284', u'275290', u'275291', u'275292', u'275293', u'275309', u'275310', u'275311', u'275319', u'275337', u'275338', u'275344', u'275345', u'275370', u'275371', u'275375', u'275376', u'275657', u'275658', u'275659', u'275761', u'275767', u'275772', u'275773', u'275774', u'275776', u'275777', u'275778', u'275782', u'275832', u'275833', u'275834', u'275835', u'275836', u'275837', u'275847', u'275886', u'275890', u'275911', u'275912', u'275913', u'275918', u'275920', u'275921', u'275923', u'275931', u'275963', u'276092', u'276097'], 'totalunits': 0, 'splitalgo': 'LumiBased', 'nonvaliddata': 0, 'dbsurl': 'https://cmsweb.cern.ch/dbs/prod/global/DBSReader', 'publishgroupname': 0, 'jobtype': 'Analysis', 'publishname2': ''} 
DEBUG 2016-07-26 16:22:18,585: 	 Encoded submit request: maxjobruntime=1250&ignorelocality=0&savelogsflag=0&useparent=0&asyncdest=T2_CN_Beijing&algoargs=30&cachefilename=98a65cb2d4ed2fc025d59bcb0b39e5f3278b4185ad1965bfd362ff9185dbbf8a.tar.gz&numcores=1&generator=pythia&maxmemory=2000&publishdbsurl=https%3A%2F%2Fcmsweb.cern.ch%2Fdbs%2Fprod%2Fphys03%2FDBSWriter&priority=10&jobsw=CMSSW_8_0_12&primarydataset=&inputdata=%2FSingleElectron%2FRun2016C-PromptReco-v2%2FMINIAOD&lfn=%2Fstore%2Fuser%2Ffromeo%2F&dryrun=0&workflow=crab_Firts2016_SEleC&jobarch=slc6_amd64_gcc530&nonprodsw=0&oneEventMode=0&debugfilename=91ded5f7b09df7cc086f889a6c66c024eaf09fe8cfcf9e11823891fca0f6d18d.tar.gz&cacheurl=https%3A%2F%2Fcmsweb.cern.ch%2Fcrabcache&saveoutput=1&publication=1&totalunits=0&splitalgo=LumiBased&nonvaliddata=0&dbsurl=https%3A%2F%2Fcmsweb.cern.ch%2Fdbs%2Fprod%2Fglobal%2FDBSReader&publishgroupname=0&jobtype=Analysis&publishname2=&tfileoutfiles=OutTree_SingleEle.root&runs=273158&runs=273302&runs=273402&runs=273403&runs=273404&runs=273405&runs=273406&runs=273408&runs=273409&runs=273410&runs=273411&runs=273425&runs=273446&runs=273447&runs=273448&runs=273449&runs=273450&runs=273492&runs=273493&runs=273494&runs=273502&runs=273503&runs=273554&runs=273555&runs=273725&runs=273728&runs=273730&runs=274094&runs=274146&runs=274159&runs=274160&runs=274161&runs=274172&runs=274198&runs=274199&runs=274200&runs=274240&runs=274241&runs=274244&runs=274250&runs=274251&runs=274283&runs=274284&runs=274286&runs=274314&runs=274315&runs=274316&runs=274317&runs=274319&runs=274335&runs=274336&runs=274337&runs=274338&runs=274339&runs=274344&runs=274345&runs=274382&runs=274387&runs=274388&runs=274420&runs=274421&runs=274422&runs=274440&runs=274441&runs=274442&runs=274954&runs=274955&runs=274968&runs=274969&runs=274970&runs=274971&runs=274998&runs=274999&runs=275000&runs=275001&runs=275059&runs=275066&runs=275067&runs=275068&runs=275073&runs=275074&runs=275124&runs=275125&runs=275282&runs=275283&runs=275284&runs=275290&runs=275291&runs=275292&runs=275293&runs=275309&runs=275310&runs=275311&runs=275319&runs=275337&runs=275338&runs=275344&runs=275345&runs=275370&runs=275371&runs=275375&runs=275376&runs=275657&runs=275658&runs=275659&runs=275761&runs=275767&runs=275772&runs=275773&runs=275774&runs=275776&runs=275777&runs=275778&runs=275782&runs=275832&runs=275833&runs=275834&runs=275835&runs=275836&runs=275837&runs=275847&runs=275886&runs=275890&runs=275911&runs=275912&runs=275913&runs=275918&runs=275920&runs=275921&runs=275923&runs=275931&runs=275963&runs=276092&runs=276097&lumis=1%2C1279&lumis=1%2C459&lumis=100%2C292&lumis=1%2C53&lumis=1%2C18&lumis=2%2C25&lumis=1%2C112&lumis=1%2C6&lumis=1%2C309&lumis=1%2C90&lumis=1%2C29&lumis=62%2C352%2C354%2C733&lumis=1%2C33&lumis=1%2C113%2C115%2C412&lumis=1%2C391&lumis=1%2C214&lumis=1%2C214%2C219%2C647&lumis=71%2C71%2C73%2C282%2C284%2C325%2C327%2C338&lumis=1%2C233&lumis=1%2C192&lumis=73%2C256%2C258%2C318%2C320%2C813%2C815%2C1064&lumis=1%2C598&lumis=77%2C437&lumis=1%2C173&lumis=83%2C252%2C254%2C2545&lumis=1%2C100&lumis=1%2C1814%2C1820%2C2126&lumis=108%2C332&lumis=1%2C67&lumis=1%2C43&lumis=1%2C207&lumis=1%2C516&lumis=31%2C95&lumis=81%2C191&lumis=1%2C623&lumis=1%2C678&lumis=1%2C40%2C42%2C82&lumis=1%2C1152%2C1161%2C1176&lumis=1%2C607&lumis=1%2C701&lumis=1%2C546&lumis=2%2C19&lumis=1%2C210&lumis=1%2C154&lumis=97%2C97%2C99%2C158&lumis=1%2C424&lumis=1%2C959&lumis=1%2C3&lumis=1%2C225&lumis=60%2C1003&lumis=1%2C14&lumis=3%2C17&lumis=1%2C698&lumis=1%2C29%2C31%2C31%2C33%2C33%2C35%2C93&lumis=1%2C632&lumis=1%2C170&lumis=94%2C144&lumis=88%2C439&lumis=1%2C1820&lumis=94%2C268&lumis=1%2C342&lumis=1%2C2207&lumis=92%2C493&lumis=1%2C431&lumis=1%2C752&lumis=37%2C37%2C39%2C57&lumis=1%2C91&lumis=1%2C1192&lumis=1%2C1003&lumis=1%2C47&lumis=1%2C905&lumis=64%2C782&lumis=1%2C1241&lumis=1%2C136&lumis=1%2C1781%2C1786%2C2061&lumis=78%2C81%2C105%2C137&lumis=1%2C96&lumis=1%2C392&lumis=1%2C915&lumis=1%2C517&lumis=1%2C442%2C444%2C647&lumis=106%2C106%2C108%2C431&lumis=1%2C989&lumis=91%2C180&lumis=1%2C132&lumis=1%2C74&lumis=96%2C143&lumis=1%2C347&lumis=1%2C121&lumis=1%2C142%2C144%2C201&lumis=55%2C617&lumis=1%2C1929&lumis=1%2C1253&lumis=141%2C282&lumis=1%2C427&lumis=1%2C520&lumis=76%2C356&lumis=1%2C353&lumis=81%2C365&lumis=1%2C22%2C28%2C569&lumis=127%2C421%2C424%2C1449&lumis=1%2C2667%2C2669%2C3096&lumis=1%2C105&lumis=1%2C337&lumis=1%2C17&lumis=1%2C9&lumis=1%2C4&lumis=1%2C56&lumis=1%2C7&lumis=1%2C311%2C315%2C315&lumis=1%2C140&lumis=1%2C300&lumis=1%2C305&lumis=1%2C131%2C133%2C762&lumis=1%2C367&lumis=1%2C53%2C56%2C115%2C117%2C251&lumis=1%2C297&lumis=1%2C13&lumis=1%2C429%2C431%2C1163%2C1166%2C1170%2C1184%2C1293&lumis=1%2C186%2C198%2C726&lumis=1%2C2263&lumis=73%2C109&lumis=1%2C1393&lumis=62%2C298%2C300%2C354%2C356%2C440&lumis=1%2C289&lumis=1%2C475&lumis=1%2C318%2C348%2C361&lumis=7%2C15%2C17%2C18%2C21%2C186%2C191%2C192%2C195%2C196%2C205%2C210%2C213%2C216%2C219%2C224%2C227%2C234%2C237%2C240%2C247%2C248%2C251%2C252%2C255%2C264%2C267%2C270%2C275%2C298%2C301%2C460&lumis=1%2C2%2C4%2C5%2C17%2C20&lumis=3%2C53%2C63%2C64%2C66%2C126&lumis=1%2C14%2C19%2C89&lumis=82%2C139%2C141%2C172&lumis=74%2C149&lumis=1%2C507
DEBUG 2016-07-26 16:22:19,463: 	 Result: {'result': [{'RequestName': '160726_142218:fromeo_crab_Firts2016_SEleC'}]}
INFO 2016-07-26 16:22:19,466: 	 Success: Your task has been delivered to the CRAB3 server.
INFO 2016-07-26 16:22:19,466: 	 Task name: 160726_142218:fromeo_crab_Firts2016_SEleC
INFO 2016-07-26 16:22:19,466: 	 Please use 'crab status' to check how the submission process proceeds.
DEBUG 2016-07-26 16:22:19,466: 	 About to return
DEBUG 2016-07-26 17:13:11,759: 	 Executing command: 'status'
DEBUG 2016-07-26 17:13:11,765: 	 Found CRAB cache file /afs/cern.ch/user/f/fromeo/.crab3
DEBUG 2016-07-26 17:13:11,799: 	 Checking credentials
DEBUG 2016-07-26 17:13:11,800: 	 Found proxy file /tmp/x509up_u30997
DEBUG 2016-07-26 17:13:11,800: 	 Getting proxy life time left
DEBUG 2016-07-26 17:13:13,014: 	 Executing : 
 command : voms-proxy-info -file /tmp/x509up_u30997 -timeleft
 output : 83279

 error: 
 retcode : 0
DEBUG 2016-07-26 17:13:13,828: 	 Executing : 
 command : voms-proxy-info -file /tmp/x509up_u30997 -actimeleft
 output : 83278

 error: 
 retcode : 0
DEBUG 2016-07-26 17:13:13,828: 	 Proxy valid for 23:07:59 hours
DEBUG 2016-07-26 17:13:13,969: 	 Executing : 
 command : openssl x509 -in ~/.globus/usercert.pem -subject -noout
 output : subject= /DC=ch/DC=cern/OU=Organic Units/OU=Users/CN=fromeo/CN=674630/CN=Francesco Romeo

 error: 
 retcode : 0
DEBUG 2016-07-26 17:13:13,969: 	 Checking credentials
DEBUG 2016-07-26 17:13:13,969: 	 Found proxy file /tmp/x509up_u30997
DEBUG 2016-07-26 17:13:13,969: 	 Getting proxy life time left
DEBUG 2016-07-26 17:13:15,088: 	 Executing : 
 command : voms-proxy-info -file /tmp/x509up_u30997 -timeleft
 output : 83276

 error: 
 retcode : 0
DEBUG 2016-07-26 17:13:16,097: 	 Executing : 
 command : voms-proxy-info -file /tmp/x509up_u30997 -actimeleft
 output : 83276

 error: 
 retcode : 0
DEBUG 2016-07-26 17:13:16,097: 	 Proxy valid for 23:07:56 hours
DEBUG 2016-07-26 17:13:16,443: 	 Registering user credentials for server /DC=ch/DC=cern/OU=computers/CN=vocms(045|052|021|031|0118|0118a|0119|0108).cern.ch
DEBUG 2016-07-26 17:13:16,555: 	 Executing : 
 command : openssl x509 -in ~/.globus/usercert.pem -subject -noout
 output : subject= /DC=ch/DC=cern/OU=Organic Units/OU=Users/CN=fromeo/CN=674630/CN=Francesco Romeo

 error: 
 retcode : 0
DEBUG 2016-07-26 17:13:16,555: 	 Getting myproxy life time left for myproxy.cern.ch
DEBUG 2016-07-26 17:13:16,555: 	 Calculating hash of /DC=ch/DC=cern/OU=Organic Units/OU=Users/CN=fromeo/CN=674630/CN=Francesco Romeo_cmsweb.cern.ch for credential name
DEBUG 2016-07-26 17:13:17,065: 	 Executing : 
 command : myproxy-info -l 83bb954b043085ec6b5075bf38fafc2a023a8c7b -s myproxy.cern.ch
 output : username: 83bb954b043085ec6b5075bf38fafc2a023a8c7b
owner: /DC=ch/DC=cern/OU=Organic Units/OU=Users/CN=fromeo/CN=674630/CN=Francesco Romeo
  renewal policy: /DC=ch/DC=cern/OU=computers/CN=vocms(045|052|021|031|0118|0118a|0119|0108).cern.ch
  trusted retrieval policy: /DC=ch/DC=cern/OU=computers/CN=vocms(045|052|021|031|0118|0118a|0119|0108).cern.ch
  timeleft: 386:37:55  (16.1 days)

 error: 
 retcode : 0
DEBUG 2016-07-26 17:13:17,068: 	 Myproxy is valid: 1391875
DEBUG 2016-07-26 17:13:17,068: 	 Command use: status
DEBUG 2016-07-26 17:13:17,068: 	 Options use: ['Firts2016_SEleC/crab_Firts2016_SEleC']
DEBUG 2016-07-26 17:13:17,477: 	 CRABClient version: 3.3.1607.patch1
DEBUG 2016-07-26 17:13:17,477: 	 Instance is prod
DEBUG 2016-07-26 17:13:17,478: 	 Server base url is cmsweb.cern.ch
DEBUG 2016-07-26 17:13:17,478: 	 Command url /crabserver/prod/workflow
DEBUG 2016-07-26 17:13:17,478: 	 Looking up detailed status of task 160726_142218:fromeo_crab_Firts2016_SEleC
DEBUG 2016-07-26 17:13:19,202: 	 {'status': 'SUBMITTED', 'username': 'fromeo', 'jobsPerStatus': {'running': 44, 'transferring': 323, 'finished': 25}, 'jobs': {'344': {'State': 'transferring'}, '345': {'State': 'transferring'}, '346': {'State': 'transferring'}, '347': {'State': 'transferring'}, '340': {'State': 'transferring'}, '341': {'State': 'transferring'}, '342': {'State': 'transferring'}, '343': {'State': 'transferring'}, '348': {'State': 'running'}, '349': {'State': 'transferring'}, '298': {'State': 'transferring'}, '299': {'State': 'finished'}, '296': {'State': 'transferring'}, '297': {'State': 'transferring'}, '294': {'State': 'transferring'}, '295': {'State': 'transferring'}, '292': {'State': 'transferring'}, '293': {'State': 'transferring'}, '290': {'State': 'transferring'}, '291': {'State': 'transferring'}, '199': {'State': 'finished'}, '198': {'State': 'transferring'}, '195': {'State': 'transferring'}, '194': {'State': 'transferring'}, '197': {'State': 'transferring'}, '196': {'State': 'transferring'}, '191': {'State': 'transferring'}, '190': {'State': 'transferring'}, '193': {'State': 'transferring'}, '192': {'State': 'transferring'}, '270': {'State': 'transferring'}, '271': {'State': 'transferring'}, '272': {'State': 'transferring'}, '273': {'State': 'transferring'}, '274': {'State': 'transferring'}, '275': {'State': 'finished'}, '276': {'State': 'transferring'}, '277': {'State': 'transferring'}, '278': {'State': 'transferring'}, '279': {'State': 'transferring'}, '108': {'State': 'transferring'}, '109': {'State': 'transferring'}, '102': {'State': 'transferring'}, '103': {'State': 'transferring'}, '100': {'State': 'transferring'}, '101': {'State': 'transferring'}, '106': {'State': 'transferring'}, '107': {'State': 'transferring'}, '104': {'State': 'transferring'}, '105': {'State': 'transferring'}, '39': {'State': 'running'}, '38': {'State': 'running'}, '33': {'State': 'running'}, '32': {'State': 'running'}, '31': {'State': 'transferring'}, '30': {'State': 'running'}, '37': {'State': 'transferring'}, '36': {'State': 'transferring'}, '35': {'State': 'transferring'}, '34': {'State': 'running'}, '339': {'State': 'transferring'}, '338': {'State': 'transferring'}, '335': {'State': 'transferring'}, '334': {'State': 'running'}, '337': {'State': 'transferring'}, '336': {'State': 'transferring'}, '331': {'State': 'transferring'}, '330': {'State': 'transferring'}, '333': {'State': 'transferring'}, '332': {'State': 'transferring'}, '6': {'State': 'transferring'}, '99': {'State': 'transferring'}, '98': {'State': 'transferring'}, '91': {'State': 'running'}, '90': {'State': 'transferring'}, '93': {'State': 'transferring'}, '92': {'State': 'transferring'}, '95': {'State': 'transferring'}, '94': {'State': 'transferring'}, '97': {'State': 'transferring'}, '96': {'State': 'transferring'}, '238': {'State': 'finished'}, '239': {'State': 'transferring'}, '234': {'State': 'transferring'}, '235': {'State': 'transferring'}, '236': {'State': 'transferring'}, '237': {'State': 'transferring'}, '230': {'State': 'transferring'}, '231': {'State': 'transferring'}, '232': {'State': 'finished'}, '233': {'State': 'transferring'}, '1': {'State': 'running'}, '146': {'State': 'transferring'}, '147': {'State': 'running'}, '144': {'State': 'transferring'}, '145': {'State': 'transferring'}, '142': {'State': 'transferring'}, '143': {'State': 'transferring'}, '140': {'State': 'transferring'}, '141': {'State': 'transferring'}, '148': {'State': 'transferring'}, '149': {'State': 'transferring'}, '133': {'State': 'transferring'}, '132': {'State': 'transferring'}, '131': {'State': 'transferring'}, '130': {'State': 'transferring'}, '137': {'State': 'transferring'}, '136': {'State': 'transferring'}, '135': {'State': 'transferring'}, '134': {'State': 'transferring'}, '139': {'State': 'transferring'}, '138': {'State': 'transferring'}, '24': {'State': 'running'}, '25': {'State': 'transferring'}, '26': {'State': 'running'}, '27': {'State': 'transferring'}, '20': {'State': 'transferring'}, '21': {'State': 'transferring'}, '22': {'State': 'running'}, '23': {'State': 'running'}, '28': {'State': 'transferring'}, '29': {'State': 'running'}, '379': {'State': 'transferring'}, '378': {'State': 'transferring'}, '371': {'State': 'transferring'}, '370': {'State': 'transferring'}, '373': {'State': 'running'}, '372': {'State': 'transferring'}, '375': {'State': 'transferring'}, '374': {'State': 'transferring'}, '377': {'State': 'running'}, '376': {'State': 'transferring'}, '392': {'State': 'transferring'}, '88': {'State': 'transferring'}, '89': {'State': 'transferring'}, '82': {'State': 'transferring'}, '181': {'State': 'transferring'}, '80': {'State': 'transferring'}, '81': {'State': 'transferring'}, '86': {'State': 'running'}, '87': {'State': 'running'}, '84': {'State': 'transferring'}, '85': {'State': 'running'}, '7': {'State': 'transferring'}, '245': {'State': 'transferring'}, '244': {'State': 'transferring'}, '247': {'State': 'finished'}, '246': {'State': 'finished'}, '241': {'State': 'transferring'}, '240': {'State': 'transferring'}, '243': {'State': 'transferring'}, '242': {'State': 'transferring'}, '249': {'State': 'transferring'}, '248': {'State': 'finished'}, '179': {'State': 'transferring'}, '178': {'State': 'transferring'}, '177': {'State': 'transferring'}, '176': {'State': 'transferring'}, '175': {'State': 'transferring'}, '174': {'State': 'transferring'}, '173': {'State': 'transferring'}, '172': {'State': 'transferring'}, '171': {'State': 'transferring'}, '170': {'State': 'transferring'}, '182': {'State': 'transferring'}, '183': {'State': 'transferring'}, '180': {'State': 'transferring'}, '2': {'State': 'transferring'}, '186': {'State': 'transferring'}, '187': {'State': 'transferring'}, '184': {'State': 'transferring'}, '185': {'State': 'transferring'}, '188': {'State': 'transferring'}, '189': {'State': 'transferring'}, '11': {'State': 'transferring'}, '10': {'State': 'transferring'}, '13': {'State': 'transferring'}, '12': {'State': 'transferring'}, '15': {'State': 'running'}, '14': {'State': 'transferring'}, '17': {'State': 'transferring'}, '16': {'State': 'running'}, '19': {'State': 'transferring'}, '18': {'State': 'transferring'}, '62': {'State': 'transferring'}, '322': {'State': 'transferring'}, '323': {'State': 'transferring'}, '320': {'State': 'transferring'}, '321': {'State': 'transferring'}, '326': {'State': 'transferring'}, '327': {'State': 'transferring'}, '324': {'State': 'transferring'}, '325': {'State': 'transferring'}, '328': {'State': 'transferring'}, '329': {'State': 'transferring'}, '201': {'State': 'transferring'}, '200': {'State': 'transferring'}, '203': {'State': 'transferring'}, '202': {'State': 'transferring'}, '205': {'State': 'transferring'}, '204': {'State': 'transferring'}, '207': {'State': 'finished'}, '206': {'State': 'finished'}, '209': {'State': 'transferring'}, '208': {'State': 'transferring'}, '77': {'State': 'transferring'}, '76': {'State': 'running'}, '75': {'State': 'transferring'}, '74': {'State': 'finished'}, '73': {'State': 'transferring'}, '72': {'State': 'running'}, '71': {'State': 'transferring'}, '70': {'State': 'transferring'}, '79': {'State': 'transferring'}, '78': {'State': 'transferring'}, '8': {'State': 'transferring'}, '120': {'State': 'transferring'}, '121': {'State': 'transferring'}, '122': {'State': 'transferring'}, '123': {'State': 'transferring'}, '124': {'State': 'transferring'}, '125': {'State': 'transferring'}, '126': {'State': 'transferring'}, '127': {'State': 'transferring'}, '128': {'State': 'transferring'}, '129': {'State': 'transferring'}, '319': {'State': 'transferring'}, '318': {'State': 'transferring'}, '313': {'State': 'transferring'}, '312': {'State': 'transferring'}, '311': {'State': 'transferring'}, '310': {'State': 'transferring'}, '317': {'State': 'transferring'}, '316': {'State': 'transferring'}, '315': {'State': 'transferring'}, '314': {'State': 'transferring'}, '3': {'State': 'transferring'}, '368': {'State': 'transferring'}, '369': {'State': 'running'}, '366': {'State': 'transferring'}, '367': {'State': 'transferring'}, '364': {'State': 'transferring'}, '365': {'State': 'transferring'}, '362': {'State': 'running'}, '363': {'State': 'transferring'}, '360': {'State': 'transferring'}, '361': {'State': 'transferring'}, '380': {'State': 'running'}, '381': {'State': 'transferring'}, '382': {'State': 'running'}, '383': {'State': 'transferring'}, '384': {'State': 'running'}, '385': {'State': 'transferring'}, '386': {'State': 'transferring'}, '387': {'State': 'transferring'}, '388': {'State': 'running'}, '389': {'State': 'transferring'}, '252': {'State': 'transferring'}, '60': {'State': 'running'}, '61': {'State': 'running'}, '258': {'State': 'transferring'}, '63': {'State': 'running'}, '64': {'State': 'transferring'}, '65': {'State': 'running'}, '66': {'State': 'transferring'}, '67': {'State': 'running'}, '68': {'State': 'running'}, '69': {'State': 'finished'}, '250': {'State': 'transferring'}, '251': {'State': 'transferring'}, '256': {'State': 'transferring'}, '257': {'State': 'transferring'}, '254': {'State': 'transferring'}, '255': {'State': 'transferring'}, '168': {'State': 'transferring'}, '169': {'State': 'transferring'}, '164': {'State': 'transferring'}, '165': {'State': 'transferring'}, '166': {'State': 'transferring'}, '167': {'State': 'transferring'}, '160': {'State': 'transferring'}, '161': {'State': 'transferring'}, '162': {'State': 'transferring'}, '163': {'State': 'transferring'}, '9': {'State': 'transferring'}, '357': {'State': 'transferring'}, '356': {'State': 'finished'}, '355': {'State': 'transferring'}, '354': {'State': 'transferring'}, '353': {'State': 'transferring'}, '352': {'State': 'transferring'}, '351': {'State': 'running'}, '350': {'State': 'transferring'}, '359': {'State': 'transferring'}, '358': {'State': 'running'}, '216': {'State': 'finished'}, '217': {'State': 'transferring'}, '214': {'State': 'transferring'}, '215': {'State': 'transferring'}, '212': {'State': 'transferring'}, '213': {'State': 'transferring'}, '210': {'State': 'transferring'}, '211': {'State': 'transferring'}, '218': {'State': 'transferring'}, '219': {'State': 'transferring'}, '289': {'State': 'finished'}, '288': {'State': 'finished'}, '4': {'State': 'running'}, '281': {'State': 'finished'}, '280': {'State': 'transferring'}, '283': {'State': 'transferring'}, '282': {'State': 'transferring'}, '285': {'State': 'transferring'}, '284': {'State': 'transferring'}, '287': {'State': 'finished'}, '286': {'State': 'transferring'}, '263': {'State': 'transferring'}, '262': {'State': 'transferring'}, '261': {'State': 'transferring'}, '260': {'State': 'transferring'}, '267': {'State': 'transferring'}, '266': {'State': 'transferring'}, '265': {'State': 'transferring'}, '264': {'State': 'transferring'}, '269': {'State': 'transferring'}, '268': {'State': 'transferring'}, '59': {'State': 'transferring'}, '58': {'State': 'transferring'}, '55': {'State': 'transferring'}, '54': {'State': 'transferring'}, '57': {'State': 'transferring'}, '56': {'State': 'transferring'}, '51': {'State': 'transferring'}, '50': {'State': 'transferring'}, '53': {'State': 'running'}, '52': {'State': 'transferring'}, '259': {'State': 'transferring'}, '115': {'State': 'transferring'}, '114': {'State': 'transferring'}, '117': {'State': 'transferring'}, '116': {'State': 'transferring'}, '111': {'State': 'transferring'}, '110': {'State': 'transferring'}, '113': {'State': 'transferring'}, '253': {'State': 'transferring'}, '119': {'State': 'transferring'}, '118': {'State': 'transferring'}, '308': {'State': 'transferring'}, '309': {'State': 'transferring'}, '300': {'State': 'finished'}, '301': {'State': 'transferring'}, '302': {'State': 'transferring'}, '303': {'State': 'transferring'}, '304': {'State': 'transferring'}, '305': {'State': 'transferring'}, '306': {'State': 'transferring'}, '307': {'State': 'transferring'}, '229': {'State': 'finished'}, '228': {'State': 'transferring'}, '227': {'State': 'transferring'}, '226': {'State': 'finished'}, '225': {'State': 'finished'}, '224': {'State': 'finished'}, '223': {'State': 'finished'}, '222': {'State': 'transferring'}, '221': {'State': 'finished'}, '220': {'State': 'transferring'}, '391': {'State': 'transferring'}, '390': {'State': 'transferring'}, '151': {'State': 'transferring'}, '150': {'State': 'transferring'}, '153': {'State': 'transferring'}, '152': {'State': 'transferring'}, '155': {'State': 'transferring'}, '154': {'State': 'transferring'}, '157': {'State': 'transferring'}, '156': {'State': 'transferring'}, '159': {'State': 'transferring'}, '158': {'State': 'transferring'}, '112': {'State': 'transferring'}, '83': {'State': 'running'}, '48': {'State': 'transferring'}, '49': {'State': 'transferring'}, '46': {'State': 'transferring'}, '47': {'State': 'running'}, '44': {'State': 'transferring'}, '45': {'State': 'transferring'}, '42': {'State': 'transferring'}, '43': {'State': 'transferring'}, '40': {'State': 'running'}, '41': {'State': 'transferring'}, '5': {'State': 'transferring'}}, 'publication': {}, 'taskWarningMsg': [], 'schedd': 'crab3@vocms0106.cern.ch', 'publicationFailures': {}, 'outdatasets': None, 'statusFailureMsg': '', 'taskFailureMsg': '', 'failedJobdefs': 0, 'ASOURL': 'https://cmsweb.cern.ch/couchdb2', 'command': 'SUBMIT', 'totalJobdefs': 0, 'submissionTime': 1469542939, 'jobdefErrors': [], 'collector': 'cmsgwms-collector-global.cern.ch,cmssrv221.fnal.gov', 'jobList': [['transferring', 344], ['transferring', 345], ['transferring', 346], ['transferring', 347], ['transferring', 340], ['transferring', 341], ['transferring', 342], ['transferring', 343], ['running', 348], ['transferring', 349], ['transferring', 298], ['finished', 299], ['transferring', 296], ['transferring', 297], ['transferring', 294], ['transferring', 295], ['transferring', 292], ['transferring', 293], ['transferring', 290], ['transferring', 291], ['finished', 199], ['transferring', 198], ['transferring', 195], ['transferring', 194], ['transferring', 197], ['transferring', 196], ['transferring', 191], ['transferring', 190], ['transferring', 193], ['transferring', 192], ['transferring', 270], ['transferring', 271], ['transferring', 272], ['transferring', 273], ['transferring', 274], ['finished', 275], ['transferring', 276], ['transferring', 277], ['transferring', 278], ['transferring', 279], ['transferring', 108], ['transferring', 109], ['transferring', 102], ['transferring', 103], ['transferring', 100], ['transferring', 101], ['transferring', 106], ['transferring', 107], ['transferring', 104], ['transferring', 105], ['running', 39], ['running', 38], ['running', 33], ['running', 32], ['transferring', 31], ['running', 30], ['transferring', 37], ['transferring', 36], ['transferring', 35], ['running', 34], ['transferring', 339], ['transferring', 338], ['transferring', 335], ['running', 334], ['transferring', 337], ['transferring', 336], ['transferring', 331], ['transferring', 330], ['transferring', 333], ['transferring', 332], ['transferring', 6], ['transferring', 99], ['transferring', 98], ['running', 91], ['transferring', 90], ['transferring', 93], ['transferring', 92], ['transferring', 95], ['transferring', 94], ['transferring', 97], ['transferring', 96], ['finished', 238], ['transferring', 239], ['transferring', 234], ['transferring', 235], ['transferring', 236], ['transferring', 237], ['transferring', 230], ['transferring', 231], ['finished', 232], ['transferring', 233], ['running', 1], ['transferring', 146], ['running', 147], ['transferring', 144], ['transferring', 145], ['transferring', 142], ['transferring', 143], ['transferring', 140], ['transferring', 141], ['transferring', 148], ['transferring', 149], ['transferring', 133], ['transferring', 132], ['transferring', 131], ['transferring', 130], ['transferring', 137], ['transferring', 136], ['transferring', 135], ['transferring', 134], ['transferring', 139], ['transferring', 138], ['running', 24], ['transferring', 25], ['running', 26], ['transferring', 27], ['transferring', 20], ['transferring', 21], ['running', 22], ['running', 23], ['transferring', 28], ['running', 29], ['transferring', 379], ['transferring', 378], ['transferring', 371], ['transferring', 370], ['running', 373], ['transferring', 372], ['transferring', 375], ['transferring', 374], ['running', 377], ['transferring', 376], ['transferring', 392], ['transferring', 88], ['transferring', 89], ['transferring', 82], ['running', 83], ['transferring', 80], ['transferring', 81], ['running', 86], ['running', 87], ['transferring', 84], ['running', 85], ['transferring', 7], ['transferring', 245], ['transferring', 244], ['finished', 247], ['finished', 246], ['transferring', 241], ['transferring', 240], ['transferring', 243], ['transferring', 242], ['transferring', 249], ['finished', 248], ['transferring', 179], ['transferring', 178], ['transferring', 177], ['transferring', 176], ['transferring', 175], ['transferring', 174], ['transferring', 173], ['transferring', 172], ['transferring', 171], ['transferring', 170], ['transferring', 253], ['transferring', 182], ['transferring', 183], ['transferring', 180], ['transferring', 181], ['transferring', 186], ['transferring', 187], ['transferring', 184], ['transferring', 185], ['transferring', 188], ['transferring', 189], ['transferring', 11], ['transferring', 10], ['transferring', 13], ['transferring', 12], ['running', 15], ['transferring', 14], ['transferring', 17], ['running', 16], ['transferring', 19], ['transferring', 18], ['transferring', 62], ['transferring', 322], ['transferring', 323], ['transferring', 320], ['transferring', 321], ['transferring', 326], ['transferring', 327], ['transferring', 324], ['transferring', 325], ['transferring', 328], ['transferring', 329], ['transferring', 201], ['transferring', 200], ['transferring', 203], ['transferring', 202], ['transferring', 205], ['transferring', 204], ['finished', 207], ['finished', 206], ['transferring', 209], ['transferring', 208], ['transferring', 77], ['running', 76], ['transferring', 75], ['finished', 74], ['transferring', 73], ['running', 72], ['transferring', 71], ['transferring', 70], ['transferring', 79], ['transferring', 78], ['transferring', 2], ['transferring', 8], ['running', 68], ['transferring', 120], ['transferring', 121], ['transferring', 122], ['transferring', 123], ['transferring', 124], ['transferring', 125], ['transferring', 126], ['transferring', 127], ['transferring', 128], ['transferring', 129], ['transferring', 319], ['transferring', 318], ['transferring', 313], ['transferring', 312], ['transferring', 311], ['transferring', 310], ['transferring', 317], ['transferring', 316], ['transferring', 315], ['transferring', 314], ['transferring', 3], ['transferring', 368], ['running', 369], ['transferring', 366], ['transferring', 367], ['transferring', 364], ['transferring', 365], ['running', 362], ['transferring', 363], ['transferring', 360], ['transferring', 361], ['running', 380], ['transferring', 381], ['running', 382], ['transferring', 383], ['running', 384], ['transferring', 385], ['transferring', 386], ['transferring', 387], ['running', 388], ['transferring', 389], ['running', 60], ['running', 61], ['transferring', 258], ['transferring', 259], ['transferring', 64], ['running', 65], ['transferring', 66], ['running', 67], ['transferring', 252], ['finished', 69], ['transferring', 250], ['transferring', 251], ['transferring', 256], ['transferring', 257], ['transferring', 254], ['transferring', 255], ['transferring', 168], ['transferring', 169], ['transferring', 164], ['transferring', 165], ['transferring', 166], ['transferring', 167], ['transferring', 160], ['transferring', 161], ['transferring', 162], ['transferring', 163], ['transferring', 9], ['transferring', 357], ['finished', 356], ['transferring', 355], ['transferring', 354], ['transferring', 353], ['transferring', 352], ['running', 351], ['transferring', 350], ['transferring', 359], ['running', 358], ['finished', 216], ['transferring', 217], ['transferring', 214], ['transferring', 215], ['transferring', 212], ['transferring', 213], ['transferring', 210], ['transferring', 211], ['transferring', 218], ['transferring', 219], ['finished', 289], ['finished', 288], ['running', 4], ['finished', 281], ['transferring', 280], ['transferring', 283], ['transferring', 282], ['transferring', 285], ['transferring', 284], ['finished', 287], ['transferring', 286], ['transferring', 263], ['transferring', 262], ['transferring', 261], ['transferring', 260], ['transferring', 267], ['transferring', 266], ['transferring', 265], ['transferring', 264], ['transferring', 269], ['transferring', 268], ['transferring', 59], ['transferring', 58], ['transferring', 55], ['transferring', 54], ['transferring', 57], ['transferring', 56], ['transferring', 51], ['transferring', 50], ['running', 53], ['transferring', 52], ['running', 63], ['transferring', 115], ['transferring', 114], ['transferring', 117], ['transferring', 116], ['transferring', 111], ['transferring', 110], ['transferring', 113], ['transferring', 112], ['transferring', 119], ['transferring', 118], ['transferring', 308], ['transferring', 309], ['finished', 300], ['transferring', 301], ['transferring', 302], ['transferring', 303], ['transferring', 304], ['transferring', 305], ['transferring', 306], ['transferring', 307], ['finished', 229], ['transferring', 228], ['transferring', 227], ['finished', 226], ['finished', 225], ['finished', 224], ['finished', 223], ['transferring', 222], ['finished', 221], ['transferring', 220], ['transferring', 391], ['transferring', 390], ['transferring', 151], ['transferring', 150], ['transferring', 153], ['transferring', 152], ['transferring', 155], ['transferring', 154], ['transferring', 157], ['transferring', 156], ['transferring', 159], ['transferring', 158], ['transferring', 48], ['transferring', 49], ['transferring', 46], ['running', 47], ['transferring', 44], ['transferring', 45], ['transferring', 42], ['transferring', 43], ['running', 40], ['transferring', 41], ['transferring', 5]]}
INFO 2016-07-26 17:13:19,202: 	 CRAB project directory:		/afs/cern.ch/work/f/fromeo/CMSSW_8_0_12_FW/src/BSMFramework/BSM3G_TNT_Maker/crab/Firts2016_SEleC/crab_Firts2016_SEleC
INFO 2016-07-26 17:13:19,203: 	 Task name:			160726_142218:fromeo_crab_Firts2016_SEleC
INFO 2016-07-26 17:13:19,203: 	 Grid scheduler:			crab3@vocms0106.cern.ch
INFO 2016-07-26 17:13:19,203: 	 Task status:			SUBMITTED
INFO 2016-07-26 17:13:19,203: 	 Dashboard monitoring URL:	http://dashb-cms-job.cern.ch/dashboard/templates/task-analysis/#user=fromeo&table=Mains&pattern=160726_142218%3Afromeo_crab_Firts2016_SEleC
INFO 2016-07-26 17:13:19,203: 	 
Jobs status:			finished        6.4% ( 25/392)
INFO 2016-07-26 17:13:19,203: 	 				running        11.2% ( 44/392)
INFO 2016-07-26 17:13:19,203: 	 				transferring   82.4% (323/392)
INFO 2016-07-26 17:13:19,203: 	 
No publication information available yet
INFO 2016-07-26 17:13:19,209: 	 Log file is /afs/cern.ch/work/f/fromeo/CMSSW_8_0_12_FW/src/BSMFramework/BSM3G_TNT_Maker/crab/Firts2016_SEleC/crab_Firts2016_SEleC/crab.log
DEBUG 2016-07-26 19:02:01,506: 	 Executing command: 'status'
DEBUG 2016-07-26 19:02:01,507: 	 Found CRAB cache file /afs/cern.ch/user/f/fromeo/.crab3
DEBUG 2016-07-26 19:02:01,538: 	 Checking credentials
DEBUG 2016-07-26 19:02:01,538: 	 Found proxy file /tmp/x509up_u30997
DEBUG 2016-07-26 19:02:01,538: 	 Getting proxy life time left
DEBUG 2016-07-26 19:02:02,044: 	 Executing : 
 command : voms-proxy-info -file /tmp/x509up_u30997 -timeleft
 output : 75798

 error: 
 retcode : 0
DEBUG 2016-07-26 19:02:02,658: 	 Executing : 
 command : voms-proxy-info -file /tmp/x509up_u30997 -actimeleft
 output : 75798

 error: 
 retcode : 0
DEBUG 2016-07-26 19:02:02,658: 	 Proxy valid for 21:03:18 hours
DEBUG 2016-07-26 19:02:02,849: 	 Executing : 
 command : openssl x509 -in ~/.globus/usercert.pem -subject -noout
 output : subject= /DC=ch/DC=cern/OU=Organic Units/OU=Users/CN=fromeo/CN=674630/CN=Francesco Romeo

 error: 
 retcode : 0
DEBUG 2016-07-26 19:02:02,850: 	 Checking credentials
DEBUG 2016-07-26 19:02:02,850: 	 Found proxy file /tmp/x509up_u30997
DEBUG 2016-07-26 19:02:02,850: 	 Getting proxy life time left
DEBUG 2016-07-26 19:02:03,456: 	 Executing : 
 command : voms-proxy-info -file /tmp/x509up_u30997 -timeleft
 output : 75797

 error: 
 retcode : 0
DEBUG 2016-07-26 19:02:04,161: 	 Executing : 
 command : voms-proxy-info -file /tmp/x509up_u30997 -actimeleft
 output : 75796

 error: 
 retcode : 0
DEBUG 2016-07-26 19:02:04,162: 	 Proxy valid for 21:03:17 hours
DEBUG 2016-07-26 19:02:04,562: 	 Registering user credentials for server /DC=ch/DC=cern/OU=computers/CN=vocms(045|052|021|031|0118|0118a|0119|0108).cern.ch
DEBUG 2016-07-26 19:02:04,672: 	 Executing : 
 command : openssl x509 -in ~/.globus/usercert.pem -subject -noout
 output : subject= /DC=ch/DC=cern/OU=Organic Units/OU=Users/CN=fromeo/CN=674630/CN=Francesco Romeo

 error: 
 retcode : 0
DEBUG 2016-07-26 19:02:04,672: 	 Getting myproxy life time left for myproxy.cern.ch
DEBUG 2016-07-26 19:02:04,672: 	 Calculating hash of /DC=ch/DC=cern/OU=Organic Units/OU=Users/CN=fromeo/CN=674630/CN=Francesco Romeo_cmsweb.cern.ch for credential name
DEBUG 2016-07-26 19:02:04,875: 	 Executing : 
 command : myproxy-info -l 83bb954b043085ec6b5075bf38fafc2a023a8c7b -s myproxy.cern.ch
 output : username: 83bb954b043085ec6b5075bf38fafc2a023a8c7b
owner: /DC=ch/DC=cern/OU=Organic Units/OU=Users/CN=fromeo/CN=674630/CN=Francesco Romeo
  renewal policy: /DC=ch/DC=cern/OU=computers/CN=vocms(045|052|021|031|0118|0118a|0119|0108).cern.ch
  trusted retrieval policy: /DC=ch/DC=cern/OU=computers/CN=vocms(045|052|021|031|0118|0118a|0119|0108).cern.ch
  timeleft: 384:49:07  (16.0 days)

 error: 
 retcode : 0
DEBUG 2016-07-26 19:02:04,879: 	 Myproxy is valid: 1385347
DEBUG 2016-07-26 19:02:04,879: 	 Command use: status
DEBUG 2016-07-26 19:02:04,879: 	 Options use: ['Firts2016_SEleC/crab_Firts2016_SEleC']
DEBUG 2016-07-26 19:02:05,304: 	 CRABClient version: 3.3.1607.patch1
DEBUG 2016-07-26 19:02:05,304: 	 Instance is prod
DEBUG 2016-07-26 19:02:05,304: 	 Server base url is cmsweb.cern.ch
DEBUG 2016-07-26 19:02:05,304: 	 Command url /crabserver/prod/workflow
DEBUG 2016-07-26 19:02:05,304: 	 Looking up detailed status of task 160726_142218:fromeo_crab_Firts2016_SEleC
DEBUG 2016-07-26 19:02:07,153: 	 {'status': 'SUBMITTED', 'username': 'fromeo', 'jobsPerStatus': {'finished': 391, 'transferring': 1}, 'jobs': {'344': {'State': 'finished'}, '345': {'State': 'finished'}, '346': {'State': 'finished'}, '347': {'State': 'finished'}, '340': {'State': 'finished'}, '341': {'State': 'finished'}, '342': {'State': 'finished'}, '343': {'State': 'finished'}, '348': {'State': 'finished'}, '349': {'State': 'finished'}, '298': {'State': 'finished'}, '299': {'State': 'finished'}, '296': {'State': 'finished'}, '297': {'State': 'finished'}, '294': {'State': 'finished'}, '295': {'State': 'finished'}, '292': {'State': 'finished'}, '293': {'State': 'finished'}, '290': {'State': 'finished'}, '291': {'State': 'finished'}, '199': {'State': 'finished'}, '198': {'State': 'finished'}, '195': {'State': 'finished'}, '194': {'State': 'finished'}, '197': {'State': 'finished'}, '196': {'State': 'finished'}, '191': {'State': 'finished'}, '190': {'State': 'finished'}, '193': {'State': 'finished'}, '192': {'State': 'finished'}, '270': {'State': 'finished'}, '271': {'State': 'finished'}, '272': {'State': 'finished'}, '273': {'State': 'finished'}, '274': {'State': 'finished'}, '275': {'State': 'finished'}, '276': {'State': 'finished'}, '277': {'State': 'finished'}, '278': {'State': 'finished'}, '279': {'State': 'finished'}, '108': {'State': 'finished'}, '109': {'State': 'finished'}, '102': {'State': 'finished'}, '103': {'State': 'finished'}, '100': {'State': 'finished'}, '101': {'State': 'finished'}, '106': {'State': 'finished'}, '107': {'State': 'finished'}, '104': {'State': 'finished'}, '105': {'State': 'finished'}, '39': {'State': 'finished'}, '38': {'State': 'finished'}, '33': {'State': 'finished'}, '32': {'State': 'finished'}, '31': {'State': 'finished'}, '30': {'State': 'finished'}, '37': {'State': 'finished'}, '36': {'State': 'finished'}, '35': {'State': 'finished'}, '34': {'State': 'finished'}, '339': {'State': 'finished'}, '338': {'State': 'finished'}, '335': {'State': 'finished'}, '334': {'State': 'finished'}, '337': {'State': 'finished'}, '336': {'State': 'finished'}, '331': {'State': 'finished'}, '330': {'State': 'finished'}, '333': {'State': 'finished'}, '332': {'State': 'finished'}, '6': {'State': 'finished'}, '99': {'State': 'finished'}, '98': {'State': 'finished'}, '91': {'State': 'finished'}, '90': {'State': 'finished'}, '93': {'State': 'finished'}, '92': {'State': 'finished'}, '95': {'State': 'finished'}, '94': {'State': 'finished'}, '97': {'State': 'finished'}, '96': {'State': 'finished'}, '238': {'State': 'finished'}, '239': {'State': 'finished'}, '234': {'State': 'finished'}, '235': {'State': 'finished'}, '236': {'State': 'finished'}, '237': {'State': 'finished'}, '230': {'State': 'finished'}, '231': {'State': 'finished'}, '232': {'State': 'finished'}, '233': {'State': 'finished'}, '1': {'State': 'finished'}, '146': {'State': 'finished'}, '147': {'State': 'finished'}, '144': {'State': 'finished'}, '145': {'State': 'finished'}, '142': {'State': 'finished'}, '143': {'State': 'finished'}, '140': {'State': 'finished'}, '141': {'State': 'finished'}, '148': {'State': 'finished'}, '149': {'State': 'finished'}, '133': {'State': 'finished'}, '132': {'State': 'finished'}, '131': {'State': 'finished'}, '130': {'State': 'finished'}, '137': {'State': 'finished'}, '136': {'State': 'finished'}, '135': {'State': 'finished'}, '134': {'State': 'finished'}, '139': {'State': 'finished'}, '138': {'State': 'finished'}, '24': {'State': 'finished'}, '25': {'State': 'finished'}, '26': {'State': 'finished'}, '27': {'State': 'finished'}, '20': {'State': 'finished'}, '21': {'State': 'finished'}, '22': {'State': 'finished'}, '23': {'State': 'finished'}, '28': {'State': 'finished'}, '29': {'State': 'finished'}, '379': {'State': 'finished'}, '378': {'State': 'finished'}, '371': {'State': 'finished'}, '370': {'State': 'finished'}, '373': {'State': 'finished'}, '372': {'State': 'finished'}, '375': {'State': 'finished'}, '374': {'State': 'finished'}, '377': {'State': 'finished'}, '376': {'State': 'finished'}, '392': {'State': 'finished'}, '88': {'State': 'finished'}, '89': {'State': 'finished'}, '82': {'State': 'finished'}, '181': {'State': 'finished'}, '80': {'State': 'finished'}, '81': {'State': 'finished'}, '86': {'State': 'finished'}, '87': {'State': 'finished'}, '84': {'State': 'finished'}, '85': {'State': 'finished'}, '7': {'State': 'finished'}, '245': {'State': 'finished'}, '244': {'State': 'finished'}, '247': {'State': 'finished'}, '246': {'State': 'finished'}, '241': {'State': 'finished'}, '240': {'State': 'finished'}, '243': {'State': 'finished'}, '242': {'State': 'finished'}, '249': {'State': 'finished'}, '248': {'State': 'finished'}, '179': {'State': 'finished'}, '178': {'State': 'finished'}, '177': {'State': 'finished'}, '176': {'State': 'finished'}, '175': {'State': 'finished'}, '174': {'State': 'finished'}, '173': {'State': 'finished'}, '172': {'State': 'finished'}, '171': {'State': 'finished'}, '170': {'State': 'finished'}, '182': {'State': 'finished'}, '183': {'State': 'finished'}, '180': {'State': 'finished'}, '2': {'State': 'finished'}, '186': {'State': 'finished'}, '187': {'State': 'finished'}, '184': {'State': 'finished'}, '185': {'State': 'finished'}, '188': {'State': 'finished'}, '189': {'State': 'finished'}, '11': {'State': 'finished'}, '10': {'State': 'finished'}, '13': {'State': 'finished'}, '12': {'State': 'finished'}, '15': {'State': 'finished'}, '14': {'State': 'finished'}, '17': {'State': 'finished'}, '16': {'State': 'finished'}, '19': {'State': 'finished'}, '18': {'State': 'finished'}, '62': {'State': 'finished'}, '322': {'State': 'finished'}, '323': {'State': 'finished'}, '320': {'State': 'finished'}, '321': {'State': 'finished'}, '326': {'State': 'finished'}, '327': {'State': 'finished'}, '324': {'State': 'finished'}, '325': {'State': 'finished'}, '328': {'State': 'finished'}, '329': {'State': 'finished'}, '201': {'State': 'finished'}, '200': {'State': 'finished'}, '203': {'State': 'finished'}, '202': {'State': 'finished'}, '205': {'State': 'finished'}, '204': {'State': 'finished'}, '207': {'State': 'finished'}, '206': {'State': 'finished'}, '209': {'State': 'finished'}, '208': {'State': 'finished'}, '77': {'State': 'finished'}, '76': {'State': 'finished'}, '75': {'State': 'finished'}, '74': {'State': 'finished'}, '73': {'State': 'finished'}, '72': {'State': 'finished'}, '71': {'State': 'finished'}, '70': {'State': 'finished'}, '79': {'State': 'finished'}, '78': {'State': 'finished'}, '8': {'State': 'finished'}, '120': {'State': 'finished'}, '121': {'State': 'finished'}, '122': {'State': 'finished'}, '123': {'State': 'finished'}, '124': {'State': 'finished'}, '125': {'State': 'finished'}, '126': {'State': 'finished'}, '127': {'State': 'finished'}, '128': {'State': 'finished'}, '129': {'State': 'finished'}, '319': {'State': 'finished'}, '318': {'State': 'finished'}, '313': {'State': 'finished'}, '312': {'State': 'finished'}, '311': {'State': 'finished'}, '310': {'State': 'finished'}, '317': {'State': 'finished'}, '316': {'State': 'finished'}, '315': {'State': 'finished'}, '314': {'State': 'finished'}, '3': {'State': 'finished'}, '368': {'State': 'finished'}, '369': {'State': 'finished'}, '366': {'State': 'finished'}, '367': {'State': 'finished'}, '364': {'State': 'finished'}, '365': {'State': 'finished'}, '362': {'State': 'finished'}, '363': {'State': 'finished'}, '360': {'State': 'finished'}, '361': {'State': 'finished'}, '380': {'State': 'finished'}, '381': {'State': 'finished'}, '382': {'State': 'finished'}, '383': {'State': 'finished'}, '384': {'State': 'finished'}, '385': {'State': 'finished'}, '386': {'State': 'finished'}, '387': {'State': 'finished'}, '388': {'State': 'finished'}, '389': {'State': 'finished'}, '252': {'State': 'finished'}, '60': {'State': 'finished'}, '61': {'State': 'finished'}, '258': {'State': 'finished'}, '63': {'State': 'transferring'}, '64': {'State': 'finished'}, '65': {'State': 'finished'}, '66': {'State': 'finished'}, '67': {'State': 'finished'}, '68': {'State': 'finished'}, '69': {'State': 'finished'}, '250': {'State': 'finished'}, '251': {'State': 'finished'}, '256': {'State': 'finished'}, '257': {'State': 'finished'}, '254': {'State': 'finished'}, '255': {'State': 'finished'}, '168': {'State': 'finished'}, '169': {'State': 'finished'}, '164': {'State': 'finished'}, '165': {'State': 'finished'}, '166': {'State': 'finished'}, '167': {'State': 'finished'}, '160': {'State': 'finished'}, '161': {'State': 'finished'}, '162': {'State': 'finished'}, '163': {'State': 'finished'}, '9': {'State': 'finished'}, '357': {'State': 'finished'}, '356': {'State': 'finished'}, '355': {'State': 'finished'}, '354': {'State': 'finished'}, '353': {'State': 'finished'}, '352': {'State': 'finished'}, '351': {'State': 'finished'}, '350': {'State': 'finished'}, '359': {'State': 'finished'}, '358': {'State': 'finished'}, '216': {'State': 'finished'}, '217': {'State': 'finished'}, '214': {'State': 'finished'}, '215': {'State': 'finished'}, '212': {'State': 'finished'}, '213': {'State': 'finished'}, '210': {'State': 'finished'}, '211': {'State': 'finished'}, '218': {'State': 'finished'}, '219': {'State': 'finished'}, '289': {'State': 'finished'}, '288': {'State': 'finished'}, '4': {'State': 'finished'}, '281': {'State': 'finished'}, '280': {'State': 'finished'}, '283': {'State': 'finished'}, '282': {'State': 'finished'}, '285': {'State': 'finished'}, '284': {'State': 'finished'}, '287': {'State': 'finished'}, '286': {'State': 'finished'}, '263': {'State': 'finished'}, '262': {'State': 'finished'}, '261': {'State': 'finished'}, '260': {'State': 'finished'}, '267': {'State': 'finished'}, '266': {'State': 'finished'}, '265': {'State': 'finished'}, '264': {'State': 'finished'}, '269': {'State': 'finished'}, '268': {'State': 'finished'}, '59': {'State': 'finished'}, '58': {'State': 'finished'}, '55': {'State': 'finished'}, '54': {'State': 'finished'}, '57': {'State': 'finished'}, '56': {'State': 'finished'}, '51': {'State': 'finished'}, '50': {'State': 'finished'}, '53': {'State': 'finished'}, '52': {'State': 'finished'}, '259': {'State': 'finished'}, '115': {'State': 'finished'}, '114': {'State': 'finished'}, '117': {'State': 'finished'}, '116': {'State': 'finished'}, '111': {'State': 'finished'}, '110': {'State': 'finished'}, '113': {'State': 'finished'}, '253': {'State': 'finished'}, '119': {'State': 'finished'}, '118': {'State': 'finished'}, '308': {'State': 'finished'}, '309': {'State': 'finished'}, '300': {'State': 'finished'}, '301': {'State': 'finished'}, '302': {'State': 'finished'}, '303': {'State': 'finished'}, '304': {'State': 'finished'}, '305': {'State': 'finished'}, '306': {'State': 'finished'}, '307': {'State': 'finished'}, '229': {'State': 'finished'}, '228': {'State': 'finished'}, '227': {'State': 'finished'}, '226': {'State': 'finished'}, '225': {'State': 'finished'}, '224': {'State': 'finished'}, '223': {'State': 'finished'}, '222': {'State': 'finished'}, '221': {'State': 'finished'}, '220': {'State': 'finished'}, '391': {'State': 'finished'}, '390': {'State': 'finished'}, '151': {'State': 'finished'}, '150': {'State': 'finished'}, '153': {'State': 'finished'}, '152': {'State': 'finished'}, '155': {'State': 'finished'}, '154': {'State': 'finished'}, '157': {'State': 'finished'}, '156': {'State': 'finished'}, '159': {'State': 'finished'}, '158': {'State': 'finished'}, '112': {'State': 'finished'}, '83': {'State': 'finished'}, '48': {'State': 'finished'}, '49': {'State': 'finished'}, '46': {'State': 'finished'}, '47': {'State': 'finished'}, '44': {'State': 'finished'}, '45': {'State': 'finished'}, '42': {'State': 'finished'}, '43': {'State': 'finished'}, '40': {'State': 'finished'}, '41': {'State': 'finished'}, '5': {'State': 'finished'}}, 'publication': {}, 'taskWarningMsg': [], 'schedd': 'crab3@vocms0106.cern.ch', 'publicationFailures': {}, 'outdatasets': None, 'statusFailureMsg': '', 'taskFailureMsg': '', 'failedJobdefs': 0, 'ASOURL': 'https://cmsweb.cern.ch/couchdb2', 'command': 'SUBMIT', 'totalJobdefs': 0, 'submissionTime': 1469542939, 'jobdefErrors': [], 'collector': 'cmsgwms-collector-global.cern.ch,cmssrv221.fnal.gov', 'jobList': [['finished', 344], ['finished', 345], ['finished', 346], ['finished', 347], ['finished', 340], ['finished', 341], ['finished', 342], ['finished', 343], ['finished', 348], ['finished', 349], ['finished', 298], ['finished', 299], ['finished', 296], ['finished', 297], ['finished', 294], ['finished', 295], ['finished', 292], ['finished', 293], ['finished', 290], ['finished', 291], ['finished', 199], ['finished', 198], ['finished', 195], ['finished', 194], ['finished', 197], ['finished', 196], ['finished', 191], ['finished', 190], ['finished', 193], ['finished', 192], ['finished', 270], ['finished', 271], ['finished', 272], ['finished', 273], ['finished', 274], ['finished', 275], ['finished', 276], ['finished', 277], ['finished', 278], ['finished', 279], ['finished', 108], ['finished', 109], ['finished', 102], ['finished', 103], ['finished', 100], ['finished', 101], ['finished', 106], ['finished', 107], ['finished', 104], ['finished', 105], ['finished', 39], ['finished', 38], ['finished', 33], ['finished', 32], ['finished', 31], ['finished', 30], ['finished', 37], ['finished', 36], ['finished', 35], ['finished', 34], ['finished', 339], ['finished', 338], ['finished', 335], ['finished', 334], ['finished', 337], ['finished', 336], ['finished', 331], ['finished', 330], ['finished', 333], ['finished', 332], ['finished', 6], ['finished', 99], ['finished', 98], ['finished', 91], ['finished', 90], ['finished', 93], ['finished', 92], ['finished', 95], ['finished', 94], ['finished', 97], ['finished', 96], ['finished', 238], ['finished', 239], ['finished', 234], ['finished', 235], ['finished', 236], ['finished', 237], ['finished', 230], ['finished', 231], ['finished', 232], ['finished', 233], ['finished', 1], ['finished', 146], ['finished', 147], ['finished', 144], ['finished', 145], ['finished', 142], ['finished', 143], ['finished', 140], ['finished', 141], ['finished', 148], ['finished', 149], ['finished', 133], ['finished', 132], ['finished', 131], ['finished', 130], ['finished', 137], ['finished', 136], ['finished', 135], ['finished', 134], ['finished', 139], ['finished', 138], ['finished', 24], ['finished', 25], ['finished', 26], ['finished', 27], ['finished', 20], ['finished', 21], ['finished', 22], ['finished', 23], ['finished', 28], ['finished', 29], ['finished', 379], ['finished', 378], ['finished', 371], ['finished', 370], ['finished', 373], ['finished', 372], ['finished', 375], ['finished', 374], ['finished', 377], ['finished', 376], ['finished', 392], ['finished', 88], ['finished', 89], ['finished', 82], ['finished', 83], ['finished', 80], ['finished', 81], ['finished', 86], ['finished', 87], ['finished', 84], ['finished', 85], ['finished', 7], ['finished', 245], ['finished', 244], ['finished', 247], ['finished', 246], ['finished', 241], ['finished', 240], ['finished', 243], ['finished', 242], ['finished', 249], ['finished', 248], ['finished', 179], ['finished', 178], ['finished', 177], ['finished', 176], ['finished', 175], ['finished', 174], ['finished', 173], ['finished', 172], ['finished', 171], ['finished', 170], ['finished', 253], ['finished', 182], ['finished', 183], ['finished', 180], ['finished', 181], ['finished', 186], ['finished', 187], ['finished', 184], ['finished', 185], ['finished', 188], ['finished', 189], ['finished', 11], ['finished', 10], ['finished', 13], ['finished', 12], ['finished', 15], ['finished', 14], ['finished', 17], ['finished', 16], ['finished', 19], ['finished', 18], ['finished', 62], ['finished', 322], ['finished', 323], ['finished', 320], ['finished', 321], ['finished', 326], ['finished', 327], ['finished', 324], ['finished', 325], ['finished', 328], ['finished', 329], ['finished', 201], ['finished', 200], ['finished', 203], ['finished', 202], ['finished', 205], ['finished', 204], ['finished', 207], ['finished', 206], ['finished', 209], ['finished', 208], ['finished', 77], ['finished', 76], ['finished', 75], ['finished', 74], ['finished', 73], ['finished', 72], ['finished', 71], ['finished', 70], ['finished', 79], ['finished', 78], ['finished', 2], ['finished', 8], ['finished', 68], ['finished', 120], ['finished', 121], ['finished', 122], ['finished', 123], ['finished', 124], ['finished', 125], ['finished', 126], ['finished', 127], ['finished', 128], ['finished', 129], ['finished', 319], ['finished', 318], ['finished', 313], ['finished', 312], ['finished', 311], ['finished', 310], ['finished', 317], ['finished', 316], ['finished', 315], ['finished', 314], ['finished', 3], ['finished', 368], ['finished', 369], ['finished', 366], ['finished', 367], ['finished', 364], ['finished', 365], ['finished', 362], ['finished', 363], ['finished', 360], ['finished', 361], ['finished', 380], ['finished', 381], ['finished', 382], ['finished', 383], ['finished', 384], ['finished', 385], ['finished', 386], ['finished', 387], ['finished', 388], ['finished', 389], ['finished', 60], ['finished', 61], ['finished', 258], ['finished', 259], ['finished', 64], ['finished', 65], ['finished', 66], ['finished', 67], ['finished', 252], ['finished', 69], ['finished', 250], ['finished', 251], ['finished', 256], ['finished', 257], ['finished', 254], ['finished', 255], ['finished', 168], ['finished', 169], ['finished', 164], ['finished', 165], ['finished', 166], ['finished', 167], ['finished', 160], ['finished', 161], ['finished', 162], ['finished', 163], ['finished', 9], ['finished', 357], ['finished', 356], ['finished', 355], ['finished', 354], ['finished', 353], ['finished', 352], ['finished', 351], ['finished', 350], ['finished', 359], ['finished', 358], ['finished', 216], ['finished', 217], ['finished', 214], ['finished', 215], ['finished', 212], ['finished', 213], ['finished', 210], ['finished', 211], ['finished', 218], ['finished', 219], ['finished', 289], ['finished', 288], ['finished', 4], ['finished', 281], ['finished', 280], ['finished', 283], ['finished', 282], ['finished', 285], ['finished', 284], ['finished', 287], ['finished', 286], ['finished', 263], ['finished', 262], ['finished', 261], ['finished', 260], ['finished', 267], ['finished', 266], ['finished', 265], ['finished', 264], ['finished', 269], ['finished', 268], ['finished', 59], ['finished', 58], ['finished', 55], ['finished', 54], ['finished', 57], ['finished', 56], ['finished', 51], ['finished', 50], ['finished', 53], ['finished', 52], ['transferring', 63], ['finished', 115], ['finished', 114], ['finished', 117], ['finished', 116], ['finished', 111], ['finished', 110], ['finished', 113], ['finished', 112], ['finished', 119], ['finished', 118], ['finished', 308], ['finished', 309], ['finished', 300], ['finished', 301], ['finished', 302], ['finished', 303], ['finished', 304], ['finished', 305], ['finished', 306], ['finished', 307], ['finished', 229], ['finished', 228], ['finished', 227], ['finished', 226], ['finished', 225], ['finished', 224], ['finished', 223], ['finished', 222], ['finished', 221], ['finished', 220], ['finished', 391], ['finished', 390], ['finished', 151], ['finished', 150], ['finished', 153], ['finished', 152], ['finished', 155], ['finished', 154], ['finished', 157], ['finished', 156], ['finished', 159], ['finished', 158], ['finished', 48], ['finished', 49], ['finished', 46], ['finished', 47], ['finished', 44], ['finished', 45], ['finished', 42], ['finished', 43], ['finished', 40], ['finished', 41], ['finished', 5]]}
INFO 2016-07-26 19:02:07,153: 	 CRAB project directory:		/afs/cern.ch/work/f/fromeo/CMSSW_8_0_12_FW/src/BSMFramework/BSM3G_TNT_Maker/crab/Firts2016_SEleC/crab_Firts2016_SEleC
INFO 2016-07-26 19:02:07,153: 	 Task name:			160726_142218:fromeo_crab_Firts2016_SEleC
INFO 2016-07-26 19:02:07,153: 	 Grid scheduler:			crab3@vocms0106.cern.ch
INFO 2016-07-26 19:02:07,154: 	 Task status:			SUBMITTED
INFO 2016-07-26 19:02:07,154: 	 Dashboard monitoring URL:	http://dashb-cms-job.cern.ch/dashboard/templates/task-analysis/#user=fromeo&table=Mains&pattern=160726_142218%3Afromeo_crab_Firts2016_SEleC
INFO 2016-07-26 19:02:07,154: 	 
Jobs status:			finished       99.7% (391/392)
INFO 2016-07-26 19:02:07,154: 	 				transferring    0.3% (  1/392)
INFO 2016-07-26 19:02:07,154: 	 
No publication information available yet
INFO 2016-07-26 19:02:07,317: 	 Log file is /afs/cern.ch/work/f/fromeo/CMSSW_8_0_12_FW/src/BSMFramework/BSM3G_TNT_Maker/crab/Firts2016_SEleC/crab_Firts2016_SEleC/crab.log
DEBUG 2016-07-27 11:08:01,852: 	 Executing command: 'status'
DEBUG 2016-07-27 11:08:01,852: 	 Found CRAB cache file /afs/cern.ch/user/f/fromeo/.crab3
DEBUG 2016-07-27 11:08:01,885: 	 Checking credentials
DEBUG 2016-07-27 11:08:01,885: 	 Found proxy file /tmp/x509up_u30997
DEBUG 2016-07-27 11:08:01,885: 	 Getting proxy life time left
DEBUG 2016-07-27 11:08:02,609: 	 Executing : 
 command : voms-proxy-info -file /tmp/x509up_u30997 -timeleft
 output : 86127

 error: 
 retcode : 0
DEBUG 2016-07-27 11:08:03,326: 	 Executing : 
 command : voms-proxy-info -file /tmp/x509up_u30997 -actimeleft
 output : 86125

 error: 
 retcode : 0
DEBUG 2016-07-27 11:08:03,327: 	 Proxy valid for 23:55:27 hours
DEBUG 2016-07-27 11:08:03,583: 	 Executing : 
 command : openssl x509 -in ~/.globus/usercert.pem -subject -noout
 output : subject= /DC=ch/DC=cern/OU=Organic Units/OU=Users/CN=fromeo/CN=674630/CN=Francesco Romeo

 error: 
 retcode : 0
DEBUG 2016-07-27 11:08:03,584: 	 Checking credentials
DEBUG 2016-07-27 11:08:03,584: 	 Found proxy file /tmp/x509up_u30997
DEBUG 2016-07-27 11:08:03,584: 	 Getting proxy life time left
DEBUG 2016-07-27 11:08:04,291: 	 Executing : 
 command : voms-proxy-info -file /tmp/x509up_u30997 -timeleft
 output : 86125

 error: 
 retcode : 0
DEBUG 2016-07-27 11:08:04,894: 	 Executing : 
 command : voms-proxy-info -file /tmp/x509up_u30997 -actimeleft
 output : 86124

 error: 
 retcode : 0
DEBUG 2016-07-27 11:08:04,895: 	 Proxy valid for 23:55:25 hours
DEBUG 2016-07-27 11:08:05,299: 	 Registering user credentials for server /DC=ch/DC=cern/OU=computers/CN=vocms(045|052|021|031|0118|0118a|0119|0108).cern.ch
DEBUG 2016-07-27 11:08:05,431: 	 Executing : 
 command : openssl x509 -in ~/.globus/usercert.pem -subject -noout
 output : subject= /DC=ch/DC=cern/OU=Organic Units/OU=Users/CN=fromeo/CN=674630/CN=Francesco Romeo

 error: 
 retcode : 0
DEBUG 2016-07-27 11:08:05,432: 	 Getting myproxy life time left for myproxy.cern.ch
DEBUG 2016-07-27 11:08:05,432: 	 Calculating hash of /DC=ch/DC=cern/OU=Organic Units/OU=Users/CN=fromeo/CN=674630/CN=Francesco Romeo_cmsweb.cern.ch for credential name
DEBUG 2016-07-27 11:08:05,641: 	 Executing : 
 command : myproxy-info -l 83bb954b043085ec6b5075bf38fafc2a023a8c7b -s myproxy.cern.ch
 output : username: 83bb954b043085ec6b5075bf38fafc2a023a8c7b
owner: /DC=ch/DC=cern/OU=Organic Units/OU=Users/CN=fromeo/CN=674630/CN=Francesco Romeo
  renewal policy: /DC=ch/DC=cern/OU=computers/CN=vocms(045|052|021|031|0118|0118a|0119|0108).cern.ch
  trusted retrieval policy: /DC=ch/DC=cern/OU=computers/CN=vocms(045|052|021|031|0118|0118a|0119|0108).cern.ch
  timeleft: 368:43:06  (15.4 days)

 error: 
 retcode : 0
DEBUG 2016-07-27 11:08:05,644: 	 Myproxy is valid: 1327386
DEBUG 2016-07-27 11:08:05,644: 	 Command use: status
DEBUG 2016-07-27 11:08:05,644: 	 Options use: ['Firts2016_SEleC/crab_Firts2016_SEleC']
DEBUG 2016-07-27 11:08:06,034: 	 CRABClient version: 3.3.1607.patch1
DEBUG 2016-07-27 11:08:06,034: 	 Instance is prod
DEBUG 2016-07-27 11:08:06,034: 	 Server base url is cmsweb.cern.ch
DEBUG 2016-07-27 11:08:06,034: 	 Command url /crabserver/prod/workflow
DEBUG 2016-07-27 11:08:06,034: 	 Looking up detailed status of task 160726_142218:fromeo_crab_Firts2016_SEleC
DEBUG 2016-07-27 11:08:06,989: 	 {'status': 'COMPLETED', 'username': 'fromeo', 'jobsPerStatus': {'finished': 392}, 'jobs': {'344': {'State': 'finished'}, '345': {'State': 'finished'}, '346': {'State': 'finished'}, '347': {'State': 'finished'}, '340': {'State': 'finished'}, '341': {'State': 'finished'}, '342': {'State': 'finished'}, '343': {'State': 'finished'}, '348': {'State': 'finished'}, '349': {'State': 'finished'}, '298': {'State': 'finished'}, '299': {'State': 'finished'}, '296': {'State': 'finished'}, '297': {'State': 'finished'}, '294': {'State': 'finished'}, '295': {'State': 'finished'}, '292': {'State': 'finished'}, '293': {'State': 'finished'}, '290': {'State': 'finished'}, '291': {'State': 'finished'}, '199': {'State': 'finished'}, '198': {'State': 'finished'}, '195': {'State': 'finished'}, '194': {'State': 'finished'}, '197': {'State': 'finished'}, '196': {'State': 'finished'}, '191': {'State': 'finished'}, '190': {'State': 'finished'}, '193': {'State': 'finished'}, '192': {'State': 'finished'}, '270': {'State': 'finished'}, '271': {'State': 'finished'}, '272': {'State': 'finished'}, '273': {'State': 'finished'}, '274': {'State': 'finished'}, '275': {'State': 'finished'}, '276': {'State': 'finished'}, '277': {'State': 'finished'}, '278': {'State': 'finished'}, '279': {'State': 'finished'}, '108': {'State': 'finished'}, '109': {'State': 'finished'}, '102': {'State': 'finished'}, '103': {'State': 'finished'}, '100': {'State': 'finished'}, '101': {'State': 'finished'}, '106': {'State': 'finished'}, '107': {'State': 'finished'}, '104': {'State': 'finished'}, '105': {'State': 'finished'}, '39': {'State': 'finished'}, '38': {'State': 'finished'}, '33': {'State': 'finished'}, '32': {'State': 'finished'}, '31': {'State': 'finished'}, '30': {'State': 'finished'}, '37': {'State': 'finished'}, '36': {'State': 'finished'}, '35': {'State': 'finished'}, '34': {'State': 'finished'}, '339': {'State': 'finished'}, '338': {'State': 'finished'}, '335': {'State': 'finished'}, '334': {'State': 'finished'}, '337': {'State': 'finished'}, '336': {'State': 'finished'}, '331': {'State': 'finished'}, '330': {'State': 'finished'}, '333': {'State': 'finished'}, '332': {'State': 'finished'}, '6': {'State': 'finished'}, '99': {'State': 'finished'}, '98': {'State': 'finished'}, '91': {'State': 'finished'}, '90': {'State': 'finished'}, '93': {'State': 'finished'}, '92': {'State': 'finished'}, '95': {'State': 'finished'}, '94': {'State': 'finished'}, '97': {'State': 'finished'}, '96': {'State': 'finished'}, '238': {'State': 'finished'}, '239': {'State': 'finished'}, '234': {'State': 'finished'}, '235': {'State': 'finished'}, '236': {'State': 'finished'}, '237': {'State': 'finished'}, '230': {'State': 'finished'}, '231': {'State': 'finished'}, '232': {'State': 'finished'}, '233': {'State': 'finished'}, '1': {'State': 'finished'}, '146': {'State': 'finished'}, '147': {'State': 'finished'}, '144': {'State': 'finished'}, '145': {'State': 'finished'}, '142': {'State': 'finished'}, '143': {'State': 'finished'}, '140': {'State': 'finished'}, '141': {'State': 'finished'}, '148': {'State': 'finished'}, '149': {'State': 'finished'}, '133': {'State': 'finished'}, '132': {'State': 'finished'}, '131': {'State': 'finished'}, '130': {'State': 'finished'}, '137': {'State': 'finished'}, '136': {'State': 'finished'}, '135': {'State': 'finished'}, '134': {'State': 'finished'}, '139': {'State': 'finished'}, '138': {'State': 'finished'}, '24': {'State': 'finished'}, '25': {'State': 'finished'}, '26': {'State': 'finished'}, '27': {'State': 'finished'}, '20': {'State': 'finished'}, '21': {'State': 'finished'}, '22': {'State': 'finished'}, '23': {'State': 'finished'}, '28': {'State': 'finished'}, '29': {'State': 'finished'}, '379': {'State': 'finished'}, '378': {'State': 'finished'}, '371': {'State': 'finished'}, '370': {'State': 'finished'}, '373': {'State': 'finished'}, '372': {'State': 'finished'}, '375': {'State': 'finished'}, '374': {'State': 'finished'}, '377': {'State': 'finished'}, '376': {'State': 'finished'}, '392': {'State': 'finished'}, '88': {'State': 'finished'}, '89': {'State': 'finished'}, '82': {'State': 'finished'}, '181': {'State': 'finished'}, '80': {'State': 'finished'}, '81': {'State': 'finished'}, '86': {'State': 'finished'}, '87': {'State': 'finished'}, '84': {'State': 'finished'}, '85': {'State': 'finished'}, '7': {'State': 'finished'}, '245': {'State': 'finished'}, '244': {'State': 'finished'}, '247': {'State': 'finished'}, '246': {'State': 'finished'}, '241': {'State': 'finished'}, '240': {'State': 'finished'}, '243': {'State': 'finished'}, '242': {'State': 'finished'}, '249': {'State': 'finished'}, '248': {'State': 'finished'}, '179': {'State': 'finished'}, '178': {'State': 'finished'}, '177': {'State': 'finished'}, '176': {'State': 'finished'}, '175': {'State': 'finished'}, '174': {'State': 'finished'}, '173': {'State': 'finished'}, '172': {'State': 'finished'}, '171': {'State': 'finished'}, '170': {'State': 'finished'}, '182': {'State': 'finished'}, '183': {'State': 'finished'}, '180': {'State': 'finished'}, '2': {'State': 'finished'}, '186': {'State': 'finished'}, '187': {'State': 'finished'}, '184': {'State': 'finished'}, '185': {'State': 'finished'}, '188': {'State': 'finished'}, '189': {'State': 'finished'}, '11': {'State': 'finished'}, '10': {'State': 'finished'}, '13': {'State': 'finished'}, '12': {'State': 'finished'}, '15': {'State': 'finished'}, '14': {'State': 'finished'}, '17': {'State': 'finished'}, '16': {'State': 'finished'}, '19': {'State': 'finished'}, '18': {'State': 'finished'}, '62': {'State': 'finished'}, '322': {'State': 'finished'}, '323': {'State': 'finished'}, '320': {'State': 'finished'}, '321': {'State': 'finished'}, '326': {'State': 'finished'}, '327': {'State': 'finished'}, '324': {'State': 'finished'}, '325': {'State': 'finished'}, '328': {'State': 'finished'}, '329': {'State': 'finished'}, '201': {'State': 'finished'}, '200': {'State': 'finished'}, '203': {'State': 'finished'}, '202': {'State': 'finished'}, '205': {'State': 'finished'}, '204': {'State': 'finished'}, '207': {'State': 'finished'}, '206': {'State': 'finished'}, '209': {'State': 'finished'}, '208': {'State': 'finished'}, '77': {'State': 'finished'}, '76': {'State': 'finished'}, '75': {'State': 'finished'}, '74': {'State': 'finished'}, '73': {'State': 'finished'}, '72': {'State': 'finished'}, '71': {'State': 'finished'}, '70': {'State': 'finished'}, '79': {'State': 'finished'}, '78': {'State': 'finished'}, '8': {'State': 'finished'}, '120': {'State': 'finished'}, '121': {'State': 'finished'}, '122': {'State': 'finished'}, '123': {'State': 'finished'}, '124': {'State': 'finished'}, '125': {'State': 'finished'}, '126': {'State': 'finished'}, '127': {'State': 'finished'}, '128': {'State': 'finished'}, '129': {'State': 'finished'}, '319': {'State': 'finished'}, '318': {'State': 'finished'}, '313': {'State': 'finished'}, '312': {'State': 'finished'}, '311': {'State': 'finished'}, '310': {'State': 'finished'}, '317': {'State': 'finished'}, '316': {'State': 'finished'}, '315': {'State': 'finished'}, '314': {'State': 'finished'}, '3': {'State': 'finished'}, '368': {'State': 'finished'}, '369': {'State': 'finished'}, '366': {'State': 'finished'}, '367': {'State': 'finished'}, '364': {'State': 'finished'}, '365': {'State': 'finished'}, '362': {'State': 'finished'}, '363': {'State': 'finished'}, '360': {'State': 'finished'}, '361': {'State': 'finished'}, '380': {'State': 'finished'}, '381': {'State': 'finished'}, '382': {'State': 'finished'}, '383': {'State': 'finished'}, '384': {'State': 'finished'}, '385': {'State': 'finished'}, '386': {'State': 'finished'}, '387': {'State': 'finished'}, '388': {'State': 'finished'}, '389': {'State': 'finished'}, '252': {'State': 'finished'}, '60': {'State': 'finished'}, '61': {'State': 'finished'}, '258': {'State': 'finished'}, '63': {'State': 'finished'}, '64': {'State': 'finished'}, '65': {'State': 'finished'}, '66': {'State': 'finished'}, '67': {'State': 'finished'}, '68': {'State': 'finished'}, '69': {'State': 'finished'}, '250': {'State': 'finished'}, '251': {'State': 'finished'}, '256': {'State': 'finished'}, '257': {'State': 'finished'}, '254': {'State': 'finished'}, '255': {'State': 'finished'}, '168': {'State': 'finished'}, '169': {'State': 'finished'}, '164': {'State': 'finished'}, '165': {'State': 'finished'}, '166': {'State': 'finished'}, '167': {'State': 'finished'}, '160': {'State': 'finished'}, '161': {'State': 'finished'}, '162': {'State': 'finished'}, '163': {'State': 'finished'}, '9': {'State': 'finished'}, '357': {'State': 'finished'}, '356': {'State': 'finished'}, '355': {'State': 'finished'}, '354': {'State': 'finished'}, '353': {'State': 'finished'}, '352': {'State': 'finished'}, '351': {'State': 'finished'}, '350': {'State': 'finished'}, '359': {'State': 'finished'}, '358': {'State': 'finished'}, '216': {'State': 'finished'}, '217': {'State': 'finished'}, '214': {'State': 'finished'}, '215': {'State': 'finished'}, '212': {'State': 'finished'}, '213': {'State': 'finished'}, '210': {'State': 'finished'}, '211': {'State': 'finished'}, '218': {'State': 'finished'}, '219': {'State': 'finished'}, '289': {'State': 'finished'}, '288': {'State': 'finished'}, '4': {'State': 'finished'}, '281': {'State': 'finished'}, '280': {'State': 'finished'}, '283': {'State': 'finished'}, '282': {'State': 'finished'}, '285': {'State': 'finished'}, '284': {'State': 'finished'}, '287': {'State': 'finished'}, '286': {'State': 'finished'}, '263': {'State': 'finished'}, '262': {'State': 'finished'}, '261': {'State': 'finished'}, '260': {'State': 'finished'}, '267': {'State': 'finished'}, '266': {'State': 'finished'}, '265': {'State': 'finished'}, '264': {'State': 'finished'}, '269': {'State': 'finished'}, '268': {'State': 'finished'}, '59': {'State': 'finished'}, '58': {'State': 'finished'}, '55': {'State': 'finished'}, '54': {'State': 'finished'}, '57': {'State': 'finished'}, '56': {'State': 'finished'}, '51': {'State': 'finished'}, '50': {'State': 'finished'}, '53': {'State': 'finished'}, '52': {'State': 'finished'}, '259': {'State': 'finished'}, '115': {'State': 'finished'}, '114': {'State': 'finished'}, '117': {'State': 'finished'}, '116': {'State': 'finished'}, '111': {'State': 'finished'}, '110': {'State': 'finished'}, '113': {'State': 'finished'}, '253': {'State': 'finished'}, '119': {'State': 'finished'}, '118': {'State': 'finished'}, '308': {'State': 'finished'}, '309': {'State': 'finished'}, '300': {'State': 'finished'}, '301': {'State': 'finished'}, '302': {'State': 'finished'}, '303': {'State': 'finished'}, '304': {'State': 'finished'}, '305': {'State': 'finished'}, '306': {'State': 'finished'}, '307': {'State': 'finished'}, '229': {'State': 'finished'}, '228': {'State': 'finished'}, '227': {'State': 'finished'}, '226': {'State': 'finished'}, '225': {'State': 'finished'}, '224': {'State': 'finished'}, '223': {'State': 'finished'}, '222': {'State': 'finished'}, '221': {'State': 'finished'}, '220': {'State': 'finished'}, '391': {'State': 'finished'}, '390': {'State': 'finished'}, '151': {'State': 'finished'}, '150': {'State': 'finished'}, '153': {'State': 'finished'}, '152': {'State': 'finished'}, '155': {'State': 'finished'}, '154': {'State': 'finished'}, '157': {'State': 'finished'}, '156': {'State': 'finished'}, '159': {'State': 'finished'}, '158': {'State': 'finished'}, '112': {'State': 'finished'}, '83': {'State': 'finished'}, '48': {'State': 'finished'}, '49': {'State': 'finished'}, '46': {'State': 'finished'}, '47': {'State': 'finished'}, '44': {'State': 'finished'}, '45': {'State': 'finished'}, '42': {'State': 'finished'}, '43': {'State': 'finished'}, '40': {'State': 'finished'}, '41': {'State': 'finished'}, '5': {'State': 'finished'}}, 'publication': {}, 'taskWarningMsg': [], 'schedd': 'crab3@vocms0106.cern.ch', 'publicationFailures': {}, 'outdatasets': None, 'statusFailureMsg': '', 'taskFailureMsg': '', 'failedJobdefs': 0, 'ASOURL': 'https://cmsweb.cern.ch/couchdb2', 'command': 'SUBMIT', 'totalJobdefs': 0, 'submissionTime': 1469542939, 'jobdefErrors': [], 'collector': 'cmsgwms-collector-global.cern.ch,cmssrv221.fnal.gov', 'jobList': [['finished', 344], ['finished', 345], ['finished', 346], ['finished', 347], ['finished', 340], ['finished', 341], ['finished', 342], ['finished', 343], ['finished', 348], ['finished', 349], ['finished', 298], ['finished', 299], ['finished', 296], ['finished', 297], ['finished', 294], ['finished', 295], ['finished', 292], ['finished', 293], ['finished', 290], ['finished', 291], ['finished', 199], ['finished', 198], ['finished', 195], ['finished', 194], ['finished', 197], ['finished', 196], ['finished', 191], ['finished', 190], ['finished', 193], ['finished', 192], ['finished', 270], ['finished', 271], ['finished', 272], ['finished', 273], ['finished', 274], ['finished', 275], ['finished', 276], ['finished', 277], ['finished', 278], ['finished', 279], ['finished', 108], ['finished', 109], ['finished', 102], ['finished', 103], ['finished', 100], ['finished', 101], ['finished', 106], ['finished', 107], ['finished', 104], ['finished', 105], ['finished', 39], ['finished', 38], ['finished', 33], ['finished', 32], ['finished', 31], ['finished', 30], ['finished', 37], ['finished', 36], ['finished', 35], ['finished', 34], ['finished', 339], ['finished', 338], ['finished', 335], ['finished', 334], ['finished', 337], ['finished', 336], ['finished', 331], ['finished', 330], ['finished', 333], ['finished', 332], ['finished', 6], ['finished', 99], ['finished', 98], ['finished', 91], ['finished', 90], ['finished', 93], ['finished', 92], ['finished', 95], ['finished', 94], ['finished', 97], ['finished', 96], ['finished', 238], ['finished', 239], ['finished', 234], ['finished', 235], ['finished', 236], ['finished', 237], ['finished', 230], ['finished', 231], ['finished', 232], ['finished', 233], ['finished', 1], ['finished', 146], ['finished', 147], ['finished', 144], ['finished', 145], ['finished', 142], ['finished', 143], ['finished', 140], ['finished', 141], ['finished', 148], ['finished', 149], ['finished', 133], ['finished', 132], ['finished', 131], ['finished', 130], ['finished', 137], ['finished', 136], ['finished', 135], ['finished', 134], ['finished', 139], ['finished', 138], ['finished', 24], ['finished', 25], ['finished', 26], ['finished', 27], ['finished', 20], ['finished', 21], ['finished', 22], ['finished', 23], ['finished', 28], ['finished', 29], ['finished', 379], ['finished', 378], ['finished', 371], ['finished', 370], ['finished', 373], ['finished', 372], ['finished', 375], ['finished', 374], ['finished', 377], ['finished', 376], ['finished', 392], ['finished', 88], ['finished', 89], ['finished', 82], ['finished', 83], ['finished', 80], ['finished', 81], ['finished', 86], ['finished', 87], ['finished', 84], ['finished', 85], ['finished', 7], ['finished', 245], ['finished', 244], ['finished', 247], ['finished', 246], ['finished', 241], ['finished', 240], ['finished', 243], ['finished', 242], ['finished', 249], ['finished', 248], ['finished', 179], ['finished', 178], ['finished', 177], ['finished', 176], ['finished', 175], ['finished', 174], ['finished', 173], ['finished', 172], ['finished', 171], ['finished', 170], ['finished', 253], ['finished', 182], ['finished', 183], ['finished', 180], ['finished', 181], ['finished', 186], ['finished', 187], ['finished', 184], ['finished', 185], ['finished', 188], ['finished', 189], ['finished', 11], ['finished', 10], ['finished', 13], ['finished', 12], ['finished', 15], ['finished', 14], ['finished', 17], ['finished', 16], ['finished', 19], ['finished', 18], ['finished', 62], ['finished', 322], ['finished', 323], ['finished', 320], ['finished', 321], ['finished', 326], ['finished', 327], ['finished', 324], ['finished', 325], ['finished', 328], ['finished', 329], ['finished', 201], ['finished', 200], ['finished', 203], ['finished', 202], ['finished', 205], ['finished', 204], ['finished', 207], ['finished', 206], ['finished', 209], ['finished', 208], ['finished', 77], ['finished', 76], ['finished', 75], ['finished', 74], ['finished', 73], ['finished', 72], ['finished', 71], ['finished', 70], ['finished', 79], ['finished', 78], ['finished', 2], ['finished', 8], ['finished', 68], ['finished', 120], ['finished', 121], ['finished', 122], ['finished', 123], ['finished', 124], ['finished', 125], ['finished', 126], ['finished', 127], ['finished', 128], ['finished', 129], ['finished', 319], ['finished', 318], ['finished', 313], ['finished', 312], ['finished', 311], ['finished', 310], ['finished', 317], ['finished', 316], ['finished', 315], ['finished', 314], ['finished', 3], ['finished', 368], ['finished', 369], ['finished', 366], ['finished', 367], ['finished', 364], ['finished', 365], ['finished', 362], ['finished', 363], ['finished', 360], ['finished', 361], ['finished', 380], ['finished', 381], ['finished', 382], ['finished', 383], ['finished', 384], ['finished', 385], ['finished', 386], ['finished', 387], ['finished', 388], ['finished', 389], ['finished', 60], ['finished', 61], ['finished', 258], ['finished', 259], ['finished', 64], ['finished', 65], ['finished', 66], ['finished', 67], ['finished', 252], ['finished', 69], ['finished', 250], ['finished', 251], ['finished', 256], ['finished', 257], ['finished', 254], ['finished', 255], ['finished', 168], ['finished', 169], ['finished', 164], ['finished', 165], ['finished', 166], ['finished', 167], ['finished', 160], ['finished', 161], ['finished', 162], ['finished', 163], ['finished', 9], ['finished', 357], ['finished', 356], ['finished', 355], ['finished', 354], ['finished', 353], ['finished', 352], ['finished', 351], ['finished', 350], ['finished', 359], ['finished', 358], ['finished', 216], ['finished', 217], ['finished', 214], ['finished', 215], ['finished', 212], ['finished', 213], ['finished', 210], ['finished', 211], ['finished', 218], ['finished', 219], ['finished', 289], ['finished', 288], ['finished', 4], ['finished', 281], ['finished', 280], ['finished', 283], ['finished', 282], ['finished', 285], ['finished', 284], ['finished', 287], ['finished', 286], ['finished', 263], ['finished', 262], ['finished', 261], ['finished', 260], ['finished', 267], ['finished', 266], ['finished', 265], ['finished', 264], ['finished', 269], ['finished', 268], ['finished', 59], ['finished', 58], ['finished', 55], ['finished', 54], ['finished', 57], ['finished', 56], ['finished', 51], ['finished', 50], ['finished', 53], ['finished', 52], ['finished', 63], ['finished', 115], ['finished', 114], ['finished', 117], ['finished', 116], ['finished', 111], ['finished', 110], ['finished', 113], ['finished', 112], ['finished', 119], ['finished', 118], ['finished', 308], ['finished', 309], ['finished', 300], ['finished', 301], ['finished', 302], ['finished', 303], ['finished', 304], ['finished', 305], ['finished', 306], ['finished', 307], ['finished', 229], ['finished', 228], ['finished', 227], ['finished', 226], ['finished', 225], ['finished', 224], ['finished', 223], ['finished', 222], ['finished', 221], ['finished', 220], ['finished', 391], ['finished', 390], ['finished', 151], ['finished', 150], ['finished', 153], ['finished', 152], ['finished', 155], ['finished', 154], ['finished', 157], ['finished', 156], ['finished', 159], ['finished', 158], ['finished', 48], ['finished', 49], ['finished', 46], ['finished', 47], ['finished', 44], ['finished', 45], ['finished', 42], ['finished', 43], ['finished', 40], ['finished', 41], ['finished', 5]]}
INFO 2016-07-27 11:08:06,989: 	 CRAB project directory:		/afs/cern.ch/work/f/fromeo/CMSSW_8_0_12_FW/src/BSMFramework/BSM3G_TNT_Maker/crab/Firts2016_SEleC/crab_Firts2016_SEleC
INFO 2016-07-27 11:08:06,989: 	 Task name:			160726_142218:fromeo_crab_Firts2016_SEleC
INFO 2016-07-27 11:08:06,989: 	 Grid scheduler:			crab3@vocms0106.cern.ch
INFO 2016-07-27 11:08:06,989: 	 Task status:			COMPLETED
INFO 2016-07-27 11:08:06,990: 	 Dashboard monitoring URL:	http://dashb-cms-job.cern.ch/dashboard/templates/task-analysis/#user=fromeo&table=Mains&pattern=160726_142218%3Afromeo_crab_Firts2016_SEleC
INFO 2016-07-27 11:08:06,990: 	 
Jobs status:			finished      100.0% (392/392)
INFO 2016-07-27 11:08:06,990: 	 
No publication information available yet
INFO 2016-07-27 11:08:07,034: 	 Log file is /afs/cern.ch/work/f/fromeo/CMSSW_8_0_12_FW/src/BSMFramework/BSM3G_TNT_Maker/crab/Firts2016_SEleC/crab_Firts2016_SEleC/crab.log
