DEBUG 2016-07-26 17:21:00,168: 	 Executing command: 'submit'
DEBUG 2016-07-26 17:21:00,168: 	 Found CRAB cache file /afs/cern.ch/user/f/fromeo/.crab3
DEBUG 2016-07-26 17:21:00,206: 	 Checking credentials
DEBUG 2016-07-26 17:21:00,207: 	 Found proxy file /tmp/x509up_u30997
DEBUG 2016-07-26 17:21:00,207: 	 Getting proxy life time left
DEBUG 2016-07-26 17:21:00,914: 	 Executing : 
 command : voms-proxy-info -file /tmp/x509up_u30997 -timeleft
 output : 81860

 error: 
 retcode : 0
DEBUG 2016-07-26 17:21:01,519: 	 Executing : 
 command : voms-proxy-info -file /tmp/x509up_u30997 -actimeleft
 output : 81859

 error: 
 retcode : 0
DEBUG 2016-07-26 17:21:01,519: 	 Proxy valid for 22:44:20 hours
DEBUG 2016-07-26 17:21:01,520: 	 Will use CRAB Analysis plugin (i.e. will run an analysis job type).
DEBUG 2016-07-26 17:21:01,661: 	 Executing : 
 command : openssl x509 -in ~/.globus/usercert.pem -subject -noout
 output : subject= /DC=ch/DC=cern/OU=Organic Units/OU=Users/CN=fromeo/CN=674630/CN=Francesco Romeo

 error: 
 retcode : 0
DEBUG 2016-07-26 17:21:01,661: 	 Checking credentials
DEBUG 2016-07-26 17:21:01,661: 	 Found proxy file /tmp/x509up_u30997
DEBUG 2016-07-26 17:21:01,661: 	 Getting proxy life time left
DEBUG 2016-07-26 17:21:02,266: 	 Executing : 
 command : voms-proxy-info -file /tmp/x509up_u30997 -timeleft
 output : 81858

 error: 
 retcode : 0
DEBUG 2016-07-26 17:21:02,882: 	 Executing : 
 command : voms-proxy-info -file /tmp/x509up_u30997 -actimeleft
 output : 81858

 error: 
 retcode : 0
DEBUG 2016-07-26 17:21:02,882: 	 Proxy valid for 22:44:18 hours
DEBUG 2016-07-26 17:21:03,489: 	 Executing : 
 command : env X509_USER_PROXY=/tmp/x509up_u30997 voms-proxy-info -fqan
 output : /cms/Role=NULL/Capability=NULL

 error: 
 retcode : 0
DEBUG 2016-07-26 17:21:23,388: 	 Registering user credentials for server /DC=ch/DC=cern/OU=computers/CN=vocms(045|052|021|031|0118|0118a|0119|0108).cern.ch
DEBUG 2016-07-26 17:21:23,512: 	 Executing : 
 command : openssl x509 -in ~/.globus/usercert.pem -subject -noout
 output : subject= /DC=ch/DC=cern/OU=Organic Units/OU=Users/CN=fromeo/CN=674630/CN=Francesco Romeo

 error: 
 retcode : 0
DEBUG 2016-07-26 17:21:23,513: 	 Getting myproxy life time left for myproxy.cern.ch
DEBUG 2016-07-26 17:21:23,513: 	 Calculating hash of /DC=ch/DC=cern/OU=Organic Units/OU=Users/CN=fromeo/CN=674630/CN=Francesco Romeo_cmsweb.cern.ch for credential name
DEBUG 2016-07-26 17:21:23,718: 	 Executing : 
 command : myproxy-info -l 83bb954b043085ec6b5075bf38fafc2a023a8c7b -s myproxy.cern.ch
 output : username: 83bb954b043085ec6b5075bf38fafc2a023a8c7b
owner: /DC=ch/DC=cern/OU=Organic Units/OU=Users/CN=fromeo/CN=674630/CN=Francesco Romeo
  renewal policy: /DC=ch/DC=cern/OU=computers/CN=vocms(045|052|021|031|0118|0118a|0119|0108).cern.ch
  trusted retrieval policy: /DC=ch/DC=cern/OU=computers/CN=vocms(045|052|021|031|0118|0118a|0119|0108).cern.ch
  timeleft: 386:29:48  (16.1 days)

 error: 
 retcode : 0
DEBUG 2016-07-26 17:21:23,719: 	 Myproxy is valid: 1391388
DEBUG 2016-07-26 17:21:23,719: 	 Command use: submit
DEBUG 2016-07-26 17:21:23,719: 	 Options use: ['--config', <WMCore.Configuration.Configuration object at 0x7fec14cc1c90>]
DEBUG 2016-07-26 17:21:24,107: 	 CRABClient version: 3.3.1607.patch1
DEBUG 2016-07-26 17:21:24,107: 	 Instance is prod
DEBUG 2016-07-26 17:21:24,107: 	 Server base url is cmsweb.cern.ch
DEBUG 2016-07-26 17:21:24,108: 	 Command url /crabserver/prod/workflow
DEBUG 2016-07-26 17:21:24,108: 	 Started submission
DEBUG 2016-07-26 17:21:24,108: 	 Working on /afs/cern.ch/work/f/fromeo/CMSSW_8_0_12_FW/src/BSMFramework/BSM3G_TNT_Maker/crab/First2016_2_ZZ/crab_First2016_2_ZZ
DEBUG 2016-07-26 17:21:24,926: 	 Loading required information from the environment
DEBUG 2016-07-26 17:21:24,927: 	 Found CMSSW_8_0_12 for slc6_amd64_gcc530 with base /afs/cern.ch/work/f/fromeo/CMSSW_8_0_12_FW
DEBUG 2016-07-26 17:21:24,954: 	 UNIQUE NAME: tarUUID 84d5d968-3c01-4e75-aa00-07ad53939dd8 
DEBUG 2016-07-26 17:21:24,955: 	 self.config: from WMCore.Configuration import Configuration
config = Configuration()
config.section_('General')
config.General.workArea = 'First2016_2_ZZ'
config.General.requestName = 'First2016_2_ZZ'
config.section_('JobType')
config.JobType.psetName = '/afs/cern.ch/work/f/fromeo/CMSSW_8_0_12_FW/src/BSMFramework/BSM3G_TNT_Maker/python/miniAOD_MC.py'
config.JobType.pluginName = 'Analysis'
config.section_('Data')
config.Data.inputDataset = '/ZZ_TuneCUETP8M1_13TeV-pythia8/RunIISpring16MiniAODv2-PUSpring16_80X_mcRun2_asymptotic_2016_miniAODv2_v0-v1/MINIAODSIM'
config.Data.totalUnits = 2500
config.Data.unitsPerJob = 1
config.Data.inputDBS = 'global'
config.Data.splitting = 'FileBased'
config.Data.outLFNDirBase = '/store/user/fromeo/'
config.section_('Site')
config.Site.storageSite = 'T2_CN_Beijing'
config.section_('User')
config.section_('Debug')

DEBUG 2016-07-26 17:21:24,955: 	 self.config.JobType.psetName: /afs/cern.ch/work/f/fromeo/CMSSW_8_0_12_FW/src/BSMFramework/BSM3G_TNT_Maker/python/miniAOD_MC.py
INFO 2016-07-26 17:21:24,955: 	 Importing CMSSW configuration /afs/cern.ch/work/f/fromeo/CMSSW_8_0_12_FW/src/BSMFramework/BSM3G_TNT_Maker/python/miniAOD_MC.py
INFO 2016-07-26 17:21:24,966: 	 Finished importing CMSSW configuration /afs/cern.ch/work/f/fromeo/CMSSW_8_0_12_FW/src/BSMFramework/BSM3G_TNT_Maker/python/miniAOD_MC.py
DEBUG 2016-07-26 17:21:24,967: 	 Writing CMSSW configuration to /afs/cern.ch/work/f/fromeo/CMSSW_8_0_12_FW/src/BSMFramework/BSM3G_TNT_Maker/crab/First2016_2_ZZ/crab_First2016_2_ZZ/inputs/PSet.py
DEBUG 2016-07-26 17:21:25,084: 	 The following EDM output files will be collected: []
DEBUG 2016-07-26 17:21:25,084: 	 The following TFile output files will be collected: ['OutTree.root']
DEBUG 2016-07-26 17:21:25,084: 	 The following user output files will be collected: []
DEBUG 2016-07-26 17:21:25,084: 	 Loading required information from the environment
DEBUG 2016-07-26 17:21:25,084: 	 Found CMSSW_8_0_12 for slc6_amd64_gcc530 with base /afs/cern.ch/work/f/fromeo/CMSSW_8_0_12_FW
DEBUG 2016-07-26 17:21:25,084: 	 Making tarball in /afs/cern.ch/work/f/fromeo/CMSSW_8_0_12_FW/src/BSMFramework/BSM3G_TNT_Maker/crab/First2016_2_ZZ/crab_First2016_2_ZZ/inputs/84d5d968-3c01-4e75-aa00-07ad53939dd8default.tgz
DEBUG 2016-07-26 17:21:25,085: 	 Checking directory /afs/cern.ch/work/f/fromeo/CMSSW_8_0_12_FW/lib
DEBUG 2016-07-26 17:21:25,085: 	 Adding directory /afs/cern.ch/work/f/fromeo/CMSSW_8_0_12_FW/lib to tarball
DEBUG 2016-07-26 17:21:25,348: 	 Checking directory /afs/cern.ch/work/f/fromeo/CMSSW_8_0_12_FW/biglib
DEBUG 2016-07-26 17:21:25,348: 	 Adding directory /afs/cern.ch/work/f/fromeo/CMSSW_8_0_12_FW/biglib to tarball
DEBUG 2016-07-26 17:21:25,351: 	 Checking directory /afs/cern.ch/work/f/fromeo/CMSSW_8_0_12_FW/module
DEBUG 2016-07-26 17:21:25,453: 	 Adding data directory /afs/cern.ch/work/f/fromeo/CMSSW_8_0_12_FW/src/BSMFramework/BSM3G_TNT_Maker/data to tarball
DEBUG 2016-07-26 17:21:36,571: 	 Adding data directory /afs/cern.ch/work/f/fromeo/CMSSW_8_0_12_FW/src/BSMFramework/BSM3G_TNT_Maker/interface to tarball
DEBUG 2016-07-26 17:21:37,069: 	 Uploading archive /afs/cern.ch/work/f/fromeo/CMSSW_8_0_12_FW/src/BSMFramework/BSM3G_TNT_Maker/crab/First2016_2_ZZ/crab_First2016_2_ZZ/inputs/84d5d968-3c01-4e75-aa00-07ad53939dd8default.tgz to the CRAB cache. Using URI https://cmsweb.cern.ch/crabcache
DEBUG 2016-07-26 17:21:49,230: 	 Loading required information from the environment
DEBUG 2016-07-26 17:21:49,230: 	 Found CMSSW_8_0_12 for slc6_amd64_gcc530 with base /afs/cern.ch/work/f/fromeo/CMSSW_8_0_12_FW
DEBUG 2016-07-26 17:21:49,231: 	 Making tarball in /afs/cern.ch/work/f/fromeo/CMSSW_8_0_12_FW/src/BSMFramework/BSM3G_TNT_Maker/crab/First2016_2_ZZ/crab_First2016_2_ZZ/inputs/debugFiles.tgz
DEBUG 2016-07-26 17:21:49,235: 	 Uploading archive /afs/cern.ch/work/f/fromeo/CMSSW_8_0_12_FW/src/BSMFramework/BSM3G_TNT_Maker/crab/First2016_2_ZZ/crab_First2016_2_ZZ/inputs/debugFiles.tgz to the CRAB cache. Using URI https://cmsweb.cern.ch/crabcache
DEBUG 2016-07-26 17:21:49,630: 	 Result uploading input files: ce2186359eada7c79f145f1479090610ccd8dab56169dfa382f4136a83bf922f.tar.gz 
WARNING 2016-07-26 17:21:49,630: 	 Warning: The following output files will not be published, as they are not EDM files: ['OutTree.root']
INFO 2016-07-26 17:21:49,630: 	 Sending the request to the server
DEBUG 2016-07-26 17:21:49,631: 	 Submitting {'maxjobruntime': 1250, 'ignorelocality': 0, 'savelogsflag': 0, 'useparent': 0, 'asyncdest': 'T2_CN_Beijing', 'algoargs': 1, 'cachefilename': 'ce2186359eada7c79f145f1479090610ccd8dab56169dfa382f4136a83bf922f.tar.gz', 'numcores': 1, 'addoutputfiles': [], 'generator': 'pythia', 'maxmemory': 2000, 'publishdbsurl': 'https://cmsweb.cern.ch/dbs/prod/phys03/DBSWriter', 'priority': 10, 'jobsw': 'CMSSW_8_0_12', 'edmoutfiles': [], 'userfiles': [], 'primarydataset': '', 'inputdata': '/ZZ_TuneCUETP8M1_13TeV-pythia8/RunIISpring16MiniAODv2-PUSpring16_80X_mcRun2_asymptotic_2016_miniAODv2_v0-v1/MINIAODSIM', 'lfn': '/store/user/fromeo/', 'dryrun': 0, 'workflow': 'crab_First2016_2_ZZ', 'adduserfiles': [], 'nonprodsw': 0, 'tfileoutfiles': ['OutTree.root'], 'oneEventMode': 0, 'debugfilename': '0e547a580282fabb77d02aae011a08b60f11e96ac7faffbac1334495f505da28.tar.gz', 'cacheurl': 'https://cmsweb.cern.ch/crabcache', 'saveoutput': 1, 'publication': 1, 'jobarch': 'slc6_amd64_gcc530', 'totalunits': 2500, 'splitalgo': 'FileBased', 'nonvaliddata': 0, 'dbsurl': 'https://cmsweb.cern.ch/dbs/prod/global/DBSReader', 'publishgroupname': 0, 'jobtype': 'Analysis', 'publishname2': ''} 
DEBUG 2016-07-26 17:21:49,631: 	 Encoded submit request: maxjobruntime=1250&ignorelocality=0&savelogsflag=0&useparent=0&asyncdest=T2_CN_Beijing&algoargs=1&cachefilename=ce2186359eada7c79f145f1479090610ccd8dab56169dfa382f4136a83bf922f.tar.gz&numcores=1&generator=pythia&maxmemory=2000&publishdbsurl=https%3A%2F%2Fcmsweb.cern.ch%2Fdbs%2Fprod%2Fphys03%2FDBSWriter&priority=10&jobsw=CMSSW_8_0_12&primarydataset=&inputdata=%2FZZ_TuneCUETP8M1_13TeV-pythia8%2FRunIISpring16MiniAODv2-PUSpring16_80X_mcRun2_asymptotic_2016_miniAODv2_v0-v1%2FMINIAODSIM&lfn=%2Fstore%2Fuser%2Ffromeo%2F&dryrun=0&workflow=crab_First2016_2_ZZ&nonprodsw=0&oneEventMode=0&debugfilename=0e547a580282fabb77d02aae011a08b60f11e96ac7faffbac1334495f505da28.tar.gz&cacheurl=https%3A%2F%2Fcmsweb.cern.ch%2Fcrabcache&saveoutput=1&publication=1&jobarch=slc6_amd64_gcc530&totalunits=2500&splitalgo=FileBased&nonvaliddata=0&dbsurl=https%3A%2F%2Fcmsweb.cern.ch%2Fdbs%2Fprod%2Fglobal%2FDBSReader&publishgroupname=0&jobtype=Analysis&publishname2=&tfileoutfiles=OutTree.root
DEBUG 2016-07-26 17:21:50,965: 	 Result: {'result': [{'RequestName': '160726_152149:fromeo_crab_First2016_2_ZZ'}]}
INFO 2016-07-26 17:21:50,967: 	 Success: Your task has been delivered to the CRAB3 server.
INFO 2016-07-26 17:21:50,967: 	 Task name: 160726_152149:fromeo_crab_First2016_2_ZZ
INFO 2016-07-26 17:21:50,967: 	 Please use 'crab status' to check how the submission process proceeds.
DEBUG 2016-07-26 17:21:50,967: 	 About to return
DEBUG 2016-07-26 19:07:32,383: 	 Executing command: 'status'
DEBUG 2016-07-26 19:07:32,383: 	 Found CRAB cache file /afs/cern.ch/user/f/fromeo/.crab3
DEBUG 2016-07-26 19:07:32,417: 	 Checking credentials
DEBUG 2016-07-26 19:07:32,417: 	 Found proxy file /tmp/x509up_u30997
DEBUG 2016-07-26 19:07:32,417: 	 Getting proxy life time left
DEBUG 2016-07-26 19:07:33,028: 	 Executing : 
 command : voms-proxy-info -file /tmp/x509up_u30997 -timeleft
 output : 75467

 error: 
 retcode : 0
DEBUG 2016-07-26 19:07:33,540: 	 Executing : 
 command : voms-proxy-info -file /tmp/x509up_u30997 -actimeleft
 output : 75467

 error: 
 retcode : 0
DEBUG 2016-07-26 19:07:33,541: 	 Proxy valid for 20:57:47 hours
DEBUG 2016-07-26 19:07:33,692: 	 Executing : 
 command : openssl x509 -in ~/.globus/usercert.pem -subject -noout
 output : subject= /DC=ch/DC=cern/OU=Organic Units/OU=Users/CN=fromeo/CN=674630/CN=Francesco Romeo

 error: 
 retcode : 0
DEBUG 2016-07-26 19:07:33,692: 	 Checking credentials
DEBUG 2016-07-26 19:07:33,692: 	 Found proxy file /tmp/x509up_u30997
DEBUG 2016-07-26 19:07:33,692: 	 Getting proxy life time left
DEBUG 2016-07-26 19:07:34,400: 	 Executing : 
 command : voms-proxy-info -file /tmp/x509up_u30997 -timeleft
 output : 75466

 error: 
 retcode : 0
DEBUG 2016-07-26 19:07:34,904: 	 Executing : 
 command : voms-proxy-info -file /tmp/x509up_u30997 -actimeleft
 output : 75466

 error: 
 retcode : 0
DEBUG 2016-07-26 19:07:34,904: 	 Proxy valid for 20:57:46 hours
DEBUG 2016-07-26 19:07:35,282: 	 Registering user credentials for server /DC=ch/DC=cern/OU=computers/CN=vocms(045|052|021|031|0118|0118a|0119|0108).cern.ch
DEBUG 2016-07-26 19:07:35,392: 	 Executing : 
 command : openssl x509 -in ~/.globus/usercert.pem -subject -noout
 output : subject= /DC=ch/DC=cern/OU=Organic Units/OU=Users/CN=fromeo/CN=674630/CN=Francesco Romeo

 error: 
 retcode : 0
DEBUG 2016-07-26 19:07:35,393: 	 Getting myproxy life time left for myproxy.cern.ch
DEBUG 2016-07-26 19:07:35,393: 	 Calculating hash of /DC=ch/DC=cern/OU=Organic Units/OU=Users/CN=fromeo/CN=674630/CN=Francesco Romeo_cmsweb.cern.ch for credential name
DEBUG 2016-07-26 19:07:35,596: 	 Executing : 
 command : myproxy-info -l 83bb954b043085ec6b5075bf38fafc2a023a8c7b -s myproxy.cern.ch
 output : username: 83bb954b043085ec6b5075bf38fafc2a023a8c7b
owner: /DC=ch/DC=cern/OU=Organic Units/OU=Users/CN=fromeo/CN=674630/CN=Francesco Romeo
  renewal policy: /DC=ch/DC=cern/OU=computers/CN=vocms(045|052|021|031|0118|0118a|0119|0108).cern.ch
  trusted retrieval policy: /DC=ch/DC=cern/OU=computers/CN=vocms(045|052|021|031|0118|0118a|0119|0108).cern.ch
  timeleft: 384:43:36  (16.0 days)

 error: 
 retcode : 0
DEBUG 2016-07-26 19:07:35,598: 	 Myproxy is valid: 1385016
DEBUG 2016-07-26 19:07:35,598: 	 Command use: status
DEBUG 2016-07-26 19:07:35,598: 	 Options use: ['First2016_2_ZZ/crab_First2016_2_ZZ']
DEBUG 2016-07-26 19:07:36,027: 	 CRABClient version: 3.3.1607.patch1
DEBUG 2016-07-26 19:07:36,027: 	 Instance is prod
DEBUG 2016-07-26 19:07:36,027: 	 Server base url is cmsweb.cern.ch
DEBUG 2016-07-26 19:07:36,027: 	 Command url /crabserver/prod/workflow
DEBUG 2016-07-26 19:07:36,027: 	 Looking up detailed status of task 160726_152149:fromeo_crab_First2016_2_ZZ
DEBUG 2016-07-26 19:07:37,947: 	 {'status': 'COMPLETED', 'username': 'fromeo', 'jobsPerStatus': {'finished': 25}, 'jobs': {'24': {'State': 'finished'}, '25': {'State': 'finished'}, '20': {'State': 'finished'}, '21': {'State': 'finished'}, '22': {'State': 'finished'}, '23': {'State': 'finished'}, '1': {'State': 'finished'}, '3': {'State': 'finished'}, '2': {'State': 'finished'}, '5': {'State': 'finished'}, '4': {'State': 'finished'}, '7': {'State': 'finished'}, '6': {'State': 'finished'}, '9': {'State': 'finished'}, '8': {'State': 'finished'}, '11': {'State': 'finished'}, '10': {'State': 'finished'}, '13': {'State': 'finished'}, '12': {'State': 'finished'}, '15': {'State': 'finished'}, '14': {'State': 'finished'}, '17': {'State': 'finished'}, '16': {'State': 'finished'}, '19': {'State': 'finished'}, '18': {'State': 'finished'}}, 'publication': {}, 'taskWarningMsg': [], 'schedd': 'crab3-1@submit-5.t2.ucsd.edu', 'publicationFailures': {}, 'outdatasets': None, 'statusFailureMsg': '', 'taskFailureMsg': '', 'failedJobdefs': 0, 'ASOURL': 'https://cmsweb.cern.ch/couchdb2', 'command': 'SUBMIT', 'totalJobdefs': 0, 'submissionTime': 1469546510, 'jobdefErrors': [], 'collector': 'cmsgwms-collector-global.cern.ch,cmssrv221.fnal.gov', 'jobList': [['finished', 24], ['finished', 25], ['finished', 20], ['finished', 21], ['finished', 22], ['finished', 23], ['finished', 1], ['finished', 3], ['finished', 2], ['finished', 5], ['finished', 4], ['finished', 7], ['finished', 6], ['finished', 9], ['finished', 8], ['finished', 11], ['finished', 10], ['finished', 13], ['finished', 12], ['finished', 15], ['finished', 14], ['finished', 17], ['finished', 16], ['finished', 19], ['finished', 18]]}
INFO 2016-07-26 19:07:37,948: 	 CRAB project directory:		/afs/cern.ch/work/f/fromeo/CMSSW_8_0_12_FW/src/BSMFramework/BSM3G_TNT_Maker/crab/First2016_2_ZZ/crab_First2016_2_ZZ
INFO 2016-07-26 19:07:37,948: 	 Task name:			160726_152149:fromeo_crab_First2016_2_ZZ
INFO 2016-07-26 19:07:37,948: 	 Grid scheduler:			crab3-1@submit-5.t2.ucsd.edu
INFO 2016-07-26 19:07:37,948: 	 Task status:			COMPLETED
INFO 2016-07-26 19:07:37,948: 	 Dashboard monitoring URL:	http://dashb-cms-job.cern.ch/dashboard/templates/task-analysis/#user=fromeo&table=Mains&pattern=160726_152149%3Afromeo_crab_First2016_2_ZZ
INFO 2016-07-26 19:07:37,948: 	 
Jobs status:			finished      100.0% (25/25)
INFO 2016-07-26 19:07:37,949: 	 
No publication information available yet
INFO 2016-07-26 19:07:37,971: 	 Log file is /afs/cern.ch/work/f/fromeo/CMSSW_8_0_12_FW/src/BSMFramework/BSM3G_TNT_Maker/crab/First2016_2_ZZ/crab_First2016_2_ZZ/crab.log
DEBUG 2016-07-27 11:05:03,409: 	 Executing command: 'status'
DEBUG 2016-07-27 11:05:03,409: 	 Found CRAB cache file /afs/cern.ch/user/f/fromeo/.crab3
DEBUG 2016-07-27 11:05:03,421: 	 Checking credentials
DEBUG 2016-07-27 11:05:03,422: 	 Found proxy file /tmp/x509up_u30997
DEBUG 2016-07-27 11:05:03,422: 	 Getting proxy life time left
DEBUG 2016-07-27 11:05:04,333: 	 Executing : 
 command : voms-proxy-info -file /tmp/x509up_u30997 -timeleft
 output : 86305

 error: 
 retcode : 0
DEBUG 2016-07-27 11:05:05,140: 	 Executing : 
 command : voms-proxy-info -file /tmp/x509up_u30997 -actimeleft
 output : 86303

 error: 
 retcode : 0
DEBUG 2016-07-27 11:05:05,140: 	 Proxy valid for 23:58:25 hours
DEBUG 2016-07-27 11:05:05,499: 	 Executing : 
 command : openssl x509 -in ~/.globus/usercert.pem -subject -noout
 output : subject= /DC=ch/DC=cern/OU=Organic Units/OU=Users/CN=fromeo/CN=674630/CN=Francesco Romeo

 error: 
 retcode : 0
DEBUG 2016-07-27 11:05:05,499: 	 Checking credentials
DEBUG 2016-07-27 11:05:05,499: 	 Found proxy file /tmp/x509up_u30997
DEBUG 2016-07-27 11:05:05,499: 	 Getting proxy life time left
DEBUG 2016-07-27 11:05:06,416: 	 Executing : 
 command : voms-proxy-info -file /tmp/x509up_u30997 -timeleft
 output : 86303

 error: 
 retcode : 0
DEBUG 2016-07-27 11:05:07,322: 	 Executing : 
 command : voms-proxy-info -file /tmp/x509up_u30997 -actimeleft
 output : 86301

 error: 
 retcode : 0
DEBUG 2016-07-27 11:05:07,322: 	 Proxy valid for 23:58:23 hours
DEBUG 2016-07-27 11:05:07,733: 	 Registering user credentials for server /DC=ch/DC=cern/OU=computers/CN=vocms(045|052|021|031|0118|0118a|0119|0108).cern.ch
DEBUG 2016-07-27 11:05:07,863: 	 Executing : 
 command : openssl x509 -in ~/.globus/usercert.pem -subject -noout
 output : subject= /DC=ch/DC=cern/OU=Organic Units/OU=Users/CN=fromeo/CN=674630/CN=Francesco Romeo

 error: 
 retcode : 0
DEBUG 2016-07-27 11:05:07,863: 	 Getting myproxy life time left for myproxy.cern.ch
DEBUG 2016-07-27 11:05:07,863: 	 Calculating hash of /DC=ch/DC=cern/OU=Organic Units/OU=Users/CN=fromeo/CN=674630/CN=Francesco Romeo_cmsweb.cern.ch for credential name
DEBUG 2016-07-27 11:05:08,378: 	 Executing : 
 command : myproxy-info -l 83bb954b043085ec6b5075bf38fafc2a023a8c7b -s myproxy.cern.ch
 output : username: 83bb954b043085ec6b5075bf38fafc2a023a8c7b
owner: /DC=ch/DC=cern/OU=Organic Units/OU=Users/CN=fromeo/CN=674630/CN=Francesco Romeo
  renewal policy: /DC=ch/DC=cern/OU=computers/CN=vocms(045|052|021|031|0118|0118a|0119|0108).cern.ch
  trusted retrieval policy: /DC=ch/DC=cern/OU=computers/CN=vocms(045|052|021|031|0118|0118a|0119|0108).cern.ch
  timeleft: 368:46:03  (15.4 days)

 error: 
 retcode : 0
DEBUG 2016-07-27 11:05:08,381: 	 Myproxy is valid: 1327563
DEBUG 2016-07-27 11:05:08,381: 	 Command use: status
DEBUG 2016-07-27 11:05:08,381: 	 Options use: ['First2016_2_ZZ/crab_First2016_2_ZZ']
DEBUG 2016-07-27 11:05:08,856: 	 CRABClient version: 3.3.1607.patch1
DEBUG 2016-07-27 11:05:08,856: 	 Instance is prod
DEBUG 2016-07-27 11:05:08,856: 	 Server base url is cmsweb.cern.ch
DEBUG 2016-07-27 11:05:08,856: 	 Command url /crabserver/prod/workflow
DEBUG 2016-07-27 11:05:08,856: 	 Looking up detailed status of task 160726_152149:fromeo_crab_First2016_2_ZZ
DEBUG 2016-07-27 11:05:10,852: 	 {'status': 'COMPLETED', 'username': 'fromeo', 'jobsPerStatus': {'finished': 25}, 'jobs': {'24': {'State': 'finished'}, '25': {'State': 'finished'}, '20': {'State': 'finished'}, '21': {'State': 'finished'}, '22': {'State': 'finished'}, '23': {'State': 'finished'}, '1': {'State': 'finished'}, '3': {'State': 'finished'}, '2': {'State': 'finished'}, '5': {'State': 'finished'}, '4': {'State': 'finished'}, '7': {'State': 'finished'}, '6': {'State': 'finished'}, '9': {'State': 'finished'}, '8': {'State': 'finished'}, '11': {'State': 'finished'}, '10': {'State': 'finished'}, '13': {'State': 'finished'}, '12': {'State': 'finished'}, '15': {'State': 'finished'}, '14': {'State': 'finished'}, '17': {'State': 'finished'}, '16': {'State': 'finished'}, '19': {'State': 'finished'}, '18': {'State': 'finished'}}, 'publication': {}, 'taskWarningMsg': [], 'schedd': 'crab3-1@submit-5.t2.ucsd.edu', 'publicationFailures': {}, 'outdatasets': None, 'statusFailureMsg': '', 'taskFailureMsg': '', 'failedJobdefs': 0, 'ASOURL': 'https://cmsweb.cern.ch/couchdb2', 'command': 'SUBMIT', 'totalJobdefs': 0, 'submissionTime': 1469546510, 'jobdefErrors': [], 'collector': 'cmsgwms-collector-global.cern.ch,cmssrv221.fnal.gov', 'jobList': [['finished', 24], ['finished', 25], ['finished', 20], ['finished', 21], ['finished', 22], ['finished', 23], ['finished', 1], ['finished', 3], ['finished', 2], ['finished', 5], ['finished', 4], ['finished', 7], ['finished', 6], ['finished', 9], ['finished', 8], ['finished', 11], ['finished', 10], ['finished', 13], ['finished', 12], ['finished', 15], ['finished', 14], ['finished', 17], ['finished', 16], ['finished', 19], ['finished', 18]]}
INFO 2016-07-27 11:05:10,852: 	 CRAB project directory:		/afs/cern.ch/work/f/fromeo/CMSSW_8_0_12_FW/src/BSMFramework/BSM3G_TNT_Maker/crab/First2016_2_ZZ/crab_First2016_2_ZZ
INFO 2016-07-27 11:05:10,852: 	 Task name:			160726_152149:fromeo_crab_First2016_2_ZZ
INFO 2016-07-27 11:05:10,852: 	 Grid scheduler:			crab3-1@submit-5.t2.ucsd.edu
INFO 2016-07-27 11:05:10,853: 	 Task status:			COMPLETED
INFO 2016-07-27 11:05:10,853: 	 Dashboard monitoring URL:	http://dashb-cms-job.cern.ch/dashboard/templates/task-analysis/#user=fromeo&table=Mains&pattern=160726_152149%3Afromeo_crab_First2016_2_ZZ
INFO 2016-07-27 11:05:10,853: 	 
Jobs status:			finished      100.0% (25/25)
INFO 2016-07-27 11:05:10,853: 	 
No publication information available yet
INFO 2016-07-27 11:05:10,873: 	 Log file is /afs/cern.ch/work/f/fromeo/CMSSW_8_0_12_FW/src/BSMFramework/BSM3G_TNT_Maker/crab/First2016_2_ZZ/crab_First2016_2_ZZ/crab.log
