DEBUG 2016-07-26 17:19:53,355: 	 Executing command: 'submit'
DEBUG 2016-07-26 17:19:53,355: 	 Found CRAB cache file /afs/cern.ch/user/f/fromeo/.crab3
DEBUG 2016-07-26 17:19:53,363: 	 Checking credentials
DEBUG 2016-07-26 17:19:53,364: 	 Found proxy file /tmp/x509up_u30997
DEBUG 2016-07-26 17:19:53,364: 	 Getting proxy life time left
DEBUG 2016-07-26 17:19:54,073: 	 Executing : 
 command : voms-proxy-info -file /tmp/x509up_u30997 -timeleft
 output : 81926

 error: 
 retcode : 0
DEBUG 2016-07-26 17:19:54,785: 	 Executing : 
 command : voms-proxy-info -file /tmp/x509up_u30997 -actimeleft
 output : 81926

 error: 
 retcode : 0
DEBUG 2016-07-26 17:19:54,785: 	 Proxy valid for 22:45:26 hours
DEBUG 2016-07-26 17:19:54,786: 	 Will use CRAB Analysis plugin (i.e. will run an analysis job type).
DEBUG 2016-07-26 17:19:54,915: 	 Executing : 
 command : openssl x509 -in ~/.globus/usercert.pem -subject -noout
 output : subject= /DC=ch/DC=cern/OU=Organic Units/OU=Users/CN=fromeo/CN=674630/CN=Francesco Romeo

 error: 
 retcode : 0
DEBUG 2016-07-26 17:19:54,915: 	 Checking credentials
DEBUG 2016-07-26 17:19:54,916: 	 Found proxy file /tmp/x509up_u30997
DEBUG 2016-07-26 17:19:54,916: 	 Getting proxy life time left
DEBUG 2016-07-26 17:19:55,526: 	 Executing : 
 command : voms-proxy-info -file /tmp/x509up_u30997 -timeleft
 output : 81925

 error: 
 retcode : 0
DEBUG 2016-07-26 17:19:56,361: 	 Executing : 
 command : voms-proxy-info -file /tmp/x509up_u30997 -actimeleft
 output : 81924

 error: 
 retcode : 0
DEBUG 2016-07-26 17:19:56,361: 	 Proxy valid for 22:45:25 hours
DEBUG 2016-07-26 17:19:56,980: 	 Executing : 
 command : env X509_USER_PROXY=/tmp/x509up_u30997 voms-proxy-info -fqan
 output : /cms/Role=NULL/Capability=NULL

 error: 
 retcode : 0
DEBUG 2016-07-26 17:19:57,320: 	 Registering user credentials for server /DC=ch/DC=cern/OU=computers/CN=vocms(045|052|021|031|0118|0118a|0119|0108).cern.ch
DEBUG 2016-07-26 17:19:57,434: 	 Executing : 
 command : openssl x509 -in ~/.globus/usercert.pem -subject -noout
 output : subject= /DC=ch/DC=cern/OU=Organic Units/OU=Users/CN=fromeo/CN=674630/CN=Francesco Romeo

 error: 
 retcode : 0
DEBUG 2016-07-26 17:19:57,434: 	 Getting myproxy life time left for myproxy.cern.ch
DEBUG 2016-07-26 17:19:57,435: 	 Calculating hash of /DC=ch/DC=cern/OU=Organic Units/OU=Users/CN=fromeo/CN=674630/CN=Francesco Romeo_cmsweb.cern.ch for credential name
DEBUG 2016-07-26 17:19:57,641: 	 Executing : 
 command : myproxy-info -l 83bb954b043085ec6b5075bf38fafc2a023a8c7b -s myproxy.cern.ch
 output : username: 83bb954b043085ec6b5075bf38fafc2a023a8c7b
owner: /DC=ch/DC=cern/OU=Organic Units/OU=Users/CN=fromeo/CN=674630/CN=Francesco Romeo
  renewal policy: /DC=ch/DC=cern/OU=computers/CN=vocms(045|052|021|031|0118|0118a|0119|0108).cern.ch
  trusted retrieval policy: /DC=ch/DC=cern/OU=computers/CN=vocms(045|052|021|031|0118|0118a|0119|0108).cern.ch
  timeleft: 386:31:14  (16.1 days)

 error: 
 retcode : 0
DEBUG 2016-07-26 17:19:57,641: 	 Myproxy is valid: 1391474
DEBUG 2016-07-26 17:19:57,642: 	 Command use: submit
DEBUG 2016-07-26 17:19:57,642: 	 Options use: ['--config', <WMCore.Configuration.Configuration object at 0x7fec14cc1c90>]
DEBUG 2016-07-26 17:19:57,961: 	 CRABClient version: 3.3.1607.patch1
DEBUG 2016-07-26 17:19:57,961: 	 Instance is prod
DEBUG 2016-07-26 17:19:57,961: 	 Server base url is cmsweb.cern.ch
DEBUG 2016-07-26 17:19:57,961: 	 Command url /crabserver/prod/workflow
DEBUG 2016-07-26 17:19:57,961: 	 Started submission
DEBUG 2016-07-26 17:19:57,961: 	 Working on /afs/cern.ch/work/f/fromeo/CMSSW_8_0_12_FW/src/BSMFramework/BSM3G_TNT_Maker/crab/First2016_2_WZ/crab_First2016_2_WZ
DEBUG 2016-07-26 17:19:58,337: 	 Loading required information from the environment
DEBUG 2016-07-26 17:19:58,337: 	 Found CMSSW_8_0_12 for slc6_amd64_gcc530 with base /afs/cern.ch/work/f/fromeo/CMSSW_8_0_12_FW
DEBUG 2016-07-26 17:19:58,363: 	 UNIQUE NAME: tarUUID da0f80de-dbbe-4f80-96a8-696c52b46639 
DEBUG 2016-07-26 17:19:58,363: 	 self.config: from WMCore.Configuration import Configuration
config = Configuration()
config.section_('General')
config.General.workArea = 'First2016_2_WZ'
config.General.requestName = 'First2016_2_WZ'
config.section_('JobType')
config.JobType.psetName = '/afs/cern.ch/work/f/fromeo/CMSSW_8_0_12_FW/src/BSMFramework/BSM3G_TNT_Maker/python/miniAOD_MC.py'
config.JobType.pluginName = 'Analysis'
config.section_('Data')
config.Data.inputDataset = '/WZ_TuneCUETP8M1_13TeV-pythia8/RunIISpring16MiniAODv2-PUSpring16_80X_mcRun2_asymptotic_2016_miniAODv2_v0-v1/MINIAODSIM'
config.Data.totalUnits = 2500
config.Data.unitsPerJob = 1
config.Data.inputDBS = 'global'
config.Data.splitting = 'FileBased'
config.Data.outLFNDirBase = '/store/user/fromeo/'
config.section_('Site')
config.Site.storageSite = 'T2_CN_Beijing'
config.section_('User')
config.section_('Debug')

DEBUG 2016-07-26 17:19:58,363: 	 self.config.JobType.psetName: /afs/cern.ch/work/f/fromeo/CMSSW_8_0_12_FW/src/BSMFramework/BSM3G_TNT_Maker/python/miniAOD_MC.py
INFO 2016-07-26 17:19:58,364: 	 Importing CMSSW configuration /afs/cern.ch/work/f/fromeo/CMSSW_8_0_12_FW/src/BSMFramework/BSM3G_TNT_Maker/python/miniAOD_MC.py
INFO 2016-07-26 17:19:58,380: 	 Finished importing CMSSW configuration /afs/cern.ch/work/f/fromeo/CMSSW_8_0_12_FW/src/BSMFramework/BSM3G_TNT_Maker/python/miniAOD_MC.py
DEBUG 2016-07-26 17:19:58,380: 	 Writing CMSSW configuration to /afs/cern.ch/work/f/fromeo/CMSSW_8_0_12_FW/src/BSMFramework/BSM3G_TNT_Maker/crab/First2016_2_WZ/crab_First2016_2_WZ/inputs/PSet.py
DEBUG 2016-07-26 17:19:58,519: 	 The following EDM output files will be collected: []
DEBUG 2016-07-26 17:19:58,519: 	 The following TFile output files will be collected: ['OutTree.root']
DEBUG 2016-07-26 17:19:58,519: 	 The following user output files will be collected: []
DEBUG 2016-07-26 17:19:58,519: 	 Loading required information from the environment
DEBUG 2016-07-26 17:19:58,519: 	 Found CMSSW_8_0_12 for slc6_amd64_gcc530 with base /afs/cern.ch/work/f/fromeo/CMSSW_8_0_12_FW
DEBUG 2016-07-26 17:19:58,520: 	 Making tarball in /afs/cern.ch/work/f/fromeo/CMSSW_8_0_12_FW/src/BSMFramework/BSM3G_TNT_Maker/crab/First2016_2_WZ/crab_First2016_2_WZ/inputs/da0f80de-dbbe-4f80-96a8-696c52b46639default.tgz
DEBUG 2016-07-26 17:19:58,521: 	 Checking directory /afs/cern.ch/work/f/fromeo/CMSSW_8_0_12_FW/lib
DEBUG 2016-07-26 17:19:58,521: 	 Adding directory /afs/cern.ch/work/f/fromeo/CMSSW_8_0_12_FW/lib to tarball
DEBUG 2016-07-26 17:19:58,826: 	 Checking directory /afs/cern.ch/work/f/fromeo/CMSSW_8_0_12_FW/biglib
DEBUG 2016-07-26 17:19:58,826: 	 Adding directory /afs/cern.ch/work/f/fromeo/CMSSW_8_0_12_FW/biglib to tarball
DEBUG 2016-07-26 17:19:58,827: 	 Checking directory /afs/cern.ch/work/f/fromeo/CMSSW_8_0_12_FW/module
DEBUG 2016-07-26 17:19:58,853: 	 Adding data directory /afs/cern.ch/work/f/fromeo/CMSSW_8_0_12_FW/src/BSMFramework/BSM3G_TNT_Maker/data to tarball
DEBUG 2016-07-26 17:20:09,901: 	 Adding data directory /afs/cern.ch/work/f/fromeo/CMSSW_8_0_12_FW/src/BSMFramework/BSM3G_TNT_Maker/interface to tarball
DEBUG 2016-07-26 17:20:10,331: 	 Uploading archive /afs/cern.ch/work/f/fromeo/CMSSW_8_0_12_FW/src/BSMFramework/BSM3G_TNT_Maker/crab/First2016_2_WZ/crab_First2016_2_WZ/inputs/da0f80de-dbbe-4f80-96a8-696c52b46639default.tgz to the CRAB cache. Using URI https://cmsweb.cern.ch/crabcache
DEBUG 2016-07-26 17:20:21,872: 	 Loading required information from the environment
DEBUG 2016-07-26 17:20:21,872: 	 Found CMSSW_8_0_12 for slc6_amd64_gcc530 with base /afs/cern.ch/work/f/fromeo/CMSSW_8_0_12_FW
DEBUG 2016-07-26 17:20:21,873: 	 Making tarball in /afs/cern.ch/work/f/fromeo/CMSSW_8_0_12_FW/src/BSMFramework/BSM3G_TNT_Maker/crab/First2016_2_WZ/crab_First2016_2_WZ/inputs/debugFiles.tgz
DEBUG 2016-07-26 17:20:21,881: 	 Uploading archive /afs/cern.ch/work/f/fromeo/CMSSW_8_0_12_FW/src/BSMFramework/BSM3G_TNT_Maker/crab/First2016_2_WZ/crab_First2016_2_WZ/inputs/debugFiles.tgz to the CRAB cache. Using URI https://cmsweb.cern.ch/crabcache
DEBUG 2016-07-26 17:20:22,347: 	 Result uploading input files: ce2186359eada7c79f145f1479090610ccd8dab56169dfa382f4136a83bf922f.tar.gz 
WARNING 2016-07-26 17:20:22,347: 	 Warning: The following output files will not be published, as they are not EDM files: ['OutTree.root']
INFO 2016-07-26 17:20:22,347: 	 Sending the request to the server
DEBUG 2016-07-26 17:20:22,347: 	 Submitting {'maxjobruntime': 1250, 'ignorelocality': 0, 'savelogsflag': 0, 'useparent': 0, 'asyncdest': 'T2_CN_Beijing', 'algoargs': 1, 'cachefilename': 'ce2186359eada7c79f145f1479090610ccd8dab56169dfa382f4136a83bf922f.tar.gz', 'numcores': 1, 'addoutputfiles': [], 'generator': 'pythia', 'maxmemory': 2000, 'publishdbsurl': 'https://cmsweb.cern.ch/dbs/prod/phys03/DBSWriter', 'priority': 10, 'jobsw': 'CMSSW_8_0_12', 'edmoutfiles': [], 'userfiles': [], 'primarydataset': '', 'inputdata': '/WZ_TuneCUETP8M1_13TeV-pythia8/RunIISpring16MiniAODv2-PUSpring16_80X_mcRun2_asymptotic_2016_miniAODv2_v0-v1/MINIAODSIM', 'lfn': '/store/user/fromeo/', 'dryrun': 0, 'workflow': 'crab_First2016_2_WZ', 'adduserfiles': [], 'nonprodsw': 0, 'tfileoutfiles': ['OutTree.root'], 'oneEventMode': 0, 'debugfilename': '9e619b339d5f4a2578dd5ba4e9276b93924dc7d068e649e46582ab11a8715579.tar.gz', 'cacheurl': 'https://cmsweb.cern.ch/crabcache', 'saveoutput': 1, 'publication': 1, 'jobarch': 'slc6_amd64_gcc530', 'totalunits': 2500, 'splitalgo': 'FileBased', 'nonvaliddata': 0, 'dbsurl': 'https://cmsweb.cern.ch/dbs/prod/global/DBSReader', 'publishgroupname': 0, 'jobtype': 'Analysis', 'publishname2': ''} 
DEBUG 2016-07-26 17:20:22,348: 	 Encoded submit request: maxjobruntime=1250&ignorelocality=0&savelogsflag=0&useparent=0&asyncdest=T2_CN_Beijing&algoargs=1&cachefilename=ce2186359eada7c79f145f1479090610ccd8dab56169dfa382f4136a83bf922f.tar.gz&numcores=1&generator=pythia&maxmemory=2000&publishdbsurl=https%3A%2F%2Fcmsweb.cern.ch%2Fdbs%2Fprod%2Fphys03%2FDBSWriter&priority=10&jobsw=CMSSW_8_0_12&primarydataset=&inputdata=%2FWZ_TuneCUETP8M1_13TeV-pythia8%2FRunIISpring16MiniAODv2-PUSpring16_80X_mcRun2_asymptotic_2016_miniAODv2_v0-v1%2FMINIAODSIM&lfn=%2Fstore%2Fuser%2Ffromeo%2F&dryrun=0&workflow=crab_First2016_2_WZ&nonprodsw=0&oneEventMode=0&debugfilename=9e619b339d5f4a2578dd5ba4e9276b93924dc7d068e649e46582ab11a8715579.tar.gz&cacheurl=https%3A%2F%2Fcmsweb.cern.ch%2Fcrabcache&saveoutput=1&publication=1&jobarch=slc6_amd64_gcc530&totalunits=2500&splitalgo=FileBased&nonvaliddata=0&dbsurl=https%3A%2F%2Fcmsweb.cern.ch%2Fdbs%2Fprod%2Fglobal%2FDBSReader&publishgroupname=0&jobtype=Analysis&publishname2=&tfileoutfiles=OutTree.root
