DEBUG 2016-07-26 16:09:04,828: 	 Executing command: 'submit'
DEBUG 2016-07-26 16:09:04,835: 	 Found CRAB cache file /afs/cern.ch/user/f/fromeo/.crab3
DEBUG 2016-07-26 16:09:04,844: 	 Checking credentials
DEBUG 2016-07-26 16:09:04,845: 	 Found proxy file /tmp/x509up_u30997
DEBUG 2016-07-26 16:09:04,845: 	 Getting proxy life time left
DEBUG 2016-07-26 16:09:05,453: 	 Executing : 
 command : voms-proxy-info -file /tmp/x509up_u30997 -timeleft
 output : 86175

 error: 
 retcode : 0
DEBUG 2016-07-26 16:09:06,059: 	 Executing : 
 command : voms-proxy-info -file /tmp/x509up_u30997 -actimeleft
 output : 86174

 error: 
 retcode : 0
DEBUG 2016-07-26 16:09:06,060: 	 Proxy valid for 23:56:15 hours
DEBUG 2016-07-26 16:09:06,060: 	 Will use CRAB Analysis plugin (i.e. will run an analysis job type).
DEBUG 2016-07-26 16:09:06,258: 	 Executing : 
 command : openssl x509 -in ~/.globus/usercert.pem -subject -noout
 output : subject= /DC=ch/DC=cern/OU=Organic Units/OU=Users/CN=fromeo/CN=674630/CN=Francesco Romeo

 error: 
 retcode : 0
DEBUG 2016-07-26 16:09:06,259: 	 Checking credentials
DEBUG 2016-07-26 16:09:06,260: 	 Found proxy file /tmp/x509up_u30997
DEBUG 2016-07-26 16:09:06,260: 	 Getting proxy life time left
DEBUG 2016-07-26 16:09:06,878: 	 Executing : 
 command : voms-proxy-info -file /tmp/x509up_u30997 -timeleft
 output : 86174

 error: 
 retcode : 0
DEBUG 2016-07-26 16:09:07,487: 	 Executing : 
 command : voms-proxy-info -file /tmp/x509up_u30997 -actimeleft
 output : 86173

 error: 
 retcode : 0
DEBUG 2016-07-26 16:09:07,488: 	 Proxy valid for 23:56:14 hours
DEBUG 2016-07-26 16:09:08,098: 	 Executing : 
 command : env X509_USER_PROXY=/tmp/x509up_u30997 voms-proxy-info -fqan
 output : /cms/Role=NULL/Capability=NULL

 error: 
 retcode : 0
DEBUG 2016-07-26 16:09:08,452: 	 Registering user credentials for server /DC=ch/DC=cern/OU=computers/CN=vocms(045|052|021|031|0118|0118a|0119|0108).cern.ch
DEBUG 2016-07-26 16:09:08,563: 	 Executing : 
 command : openssl x509 -in ~/.globus/usercert.pem -subject -noout
 output : subject= /DC=ch/DC=cern/OU=Organic Units/OU=Users/CN=fromeo/CN=674630/CN=Francesco Romeo

 error: 
 retcode : 0
DEBUG 2016-07-26 16:09:08,563: 	 Getting myproxy life time left for myproxy.cern.ch
DEBUG 2016-07-26 16:09:08,564: 	 Calculating hash of /DC=ch/DC=cern/OU=Organic Units/OU=Users/CN=fromeo/CN=674630/CN=Francesco Romeo_cmsweb.cern.ch for credential name
DEBUG 2016-07-26 16:09:08,768: 	 Executing : 
 command : myproxy-info -l 83bb954b043085ec6b5075bf38fafc2a023a8c7b -s myproxy.cern.ch
 output : username: 83bb954b043085ec6b5075bf38fafc2a023a8c7b
owner: /DC=ch/DC=cern/OU=Organic Units/OU=Users/CN=fromeo/CN=674630/CN=Francesco Romeo
  renewal policy: /DC=ch/DC=cern/OU=computers/CN=vocms(045|052|021|031|0118|0118a|0119|0108).cern.ch
  trusted retrieval policy: /DC=ch/DC=cern/OU=computers/CN=vocms(045|052|021|031|0118|0118a|0119|0108).cern.ch
  timeleft: 387:42:03  (16.2 days)

 error: 
 retcode : 0
DEBUG 2016-07-26 16:09:08,768: 	 Myproxy is valid: 1395723
DEBUG 2016-07-26 16:09:08,768: 	 Command use: submit
DEBUG 2016-07-26 16:09:08,768: 	 Options use: ['--config', <WMCore.Configuration.Configuration object at 0x7f2b480b3c90>]
DEBUG 2016-07-26 16:09:09,086: 	 CRABClient version: 3.3.1607.patch1
DEBUG 2016-07-26 16:09:09,086: 	 Instance is prod
DEBUG 2016-07-26 16:09:09,086: 	 Server base url is cmsweb.cern.ch
DEBUG 2016-07-26 16:09:09,086: 	 Command url /crabserver/prod/workflow
DEBUG 2016-07-26 16:09:09,087: 	 Started submission
DEBUG 2016-07-26 16:09:09,087: 	 Working on /afs/cern.ch/work/f/fromeo/CMSSW_8_0_12_FW/src/BSMFramework/BSM3G_TNT_Maker/crab/First2016_WW/crab_First2016_WW
DEBUG 2016-07-26 16:09:09,453: 	 Loading required information from the environment
DEBUG 2016-07-26 16:09:09,453: 	 Found CMSSW_8_0_12 for slc6_amd64_gcc530 with base /afs/cern.ch/work/f/fromeo/CMSSW_8_0_12_FW
DEBUG 2016-07-26 16:09:09,474: 	 UNIQUE NAME: tarUUID 0dc6bc8c-d07b-4403-8c18-f49e8ec11c18 
DEBUG 2016-07-26 16:09:09,475: 	 self.config: from WMCore.Configuration import Configuration
config = Configuration()
config.section_('General')
config.General.workArea = 'First2016_WW'
config.General.requestName = 'First2016_WW'
config.section_('JobType')
config.JobType.psetName = '/afs/cern.ch/work/f/fromeo/CMSSW_8_0_12_FW/src/BSMFramework/BSM3G_TNT_Maker/python/miniAOD_MC.py'
config.JobType.pluginName = 'Analysis'
config.section_('Data')
config.Data.inputDataset = '/WW_TuneCUETP8M1_13TeV-pythia8/RunIISpring16MiniAODv2-PUSpring16_80X_mcRun2_asymptotic_2016_miniAODv2_v0-v1/MINIAODSIM'
config.Data.totalUnits = 2500
config.Data.unitsPerJob = 1
config.Data.inputDBS = 'global'
config.Data.splitting = 'FileBased'
config.Data.outLFNDirBase = '/store/user/fromeo/'
config.section_('Site')
config.Site.storageSite = 'T2_CN_Beijing'
config.section_('User')
config.section_('Debug')

DEBUG 2016-07-26 16:09:09,475: 	 self.config.JobType.psetName: /afs/cern.ch/work/f/fromeo/CMSSW_8_0_12_FW/src/BSMFramework/BSM3G_TNT_Maker/python/miniAOD_MC.py
INFO 2016-07-26 16:09:09,475: 	 Importing CMSSW configuration /afs/cern.ch/work/f/fromeo/CMSSW_8_0_12_FW/src/BSMFramework/BSM3G_TNT_Maker/python/miniAOD_MC.py
INFO 2016-07-26 16:09:09,485: 	 Finished importing CMSSW configuration /afs/cern.ch/work/f/fromeo/CMSSW_8_0_12_FW/src/BSMFramework/BSM3G_TNT_Maker/python/miniAOD_MC.py
DEBUG 2016-07-26 16:09:09,486: 	 Writing CMSSW configuration to /afs/cern.ch/work/f/fromeo/CMSSW_8_0_12_FW/src/BSMFramework/BSM3G_TNT_Maker/crab/First2016_WW/crab_First2016_WW/inputs/PSet.py
DEBUG 2016-07-26 16:09:09,808: 	 The following EDM output files will be collected: []
DEBUG 2016-07-26 16:09:09,808: 	 The following TFile output files will be collected: ['OutTree.root']
DEBUG 2016-07-26 16:09:09,808: 	 The following user output files will be collected: []
DEBUG 2016-07-26 16:09:09,808: 	 Loading required information from the environment
DEBUG 2016-07-26 16:09:09,808: 	 Found CMSSW_8_0_12 for slc6_amd64_gcc530 with base /afs/cern.ch/work/f/fromeo/CMSSW_8_0_12_FW
DEBUG 2016-07-26 16:09:09,809: 	 Making tarball in /afs/cern.ch/work/f/fromeo/CMSSW_8_0_12_FW/src/BSMFramework/BSM3G_TNT_Maker/crab/First2016_WW/crab_First2016_WW/inputs/0dc6bc8c-d07b-4403-8c18-f49e8ec11c18default.tgz
DEBUG 2016-07-26 16:09:09,810: 	 Checking directory /afs/cern.ch/work/f/fromeo/CMSSW_8_0_12_FW/lib
DEBUG 2016-07-26 16:09:09,810: 	 Adding directory /afs/cern.ch/work/f/fromeo/CMSSW_8_0_12_FW/lib to tarball
DEBUG 2016-07-26 16:09:10,055: 	 Checking directory /afs/cern.ch/work/f/fromeo/CMSSW_8_0_12_FW/biglib
DEBUG 2016-07-26 16:09:10,055: 	 Adding directory /afs/cern.ch/work/f/fromeo/CMSSW_8_0_12_FW/biglib to tarball
DEBUG 2016-07-26 16:09:10,056: 	 Checking directory /afs/cern.ch/work/f/fromeo/CMSSW_8_0_12_FW/module
DEBUG 2016-07-26 16:09:10,062: 	 Adding data directory /afs/cern.ch/work/f/fromeo/CMSSW_8_0_12_FW/src/BSMFramework/BSM3G_TNT_Maker/data to tarball
DEBUG 2016-07-26 16:09:20,992: 	 Adding data directory /afs/cern.ch/work/f/fromeo/CMSSW_8_0_12_FW/src/BSMFramework/BSM3G_TNT_Maker/interface to tarball
DEBUG 2016-07-26 16:09:21,723: 	 Uploading archive /afs/cern.ch/work/f/fromeo/CMSSW_8_0_12_FW/src/BSMFramework/BSM3G_TNT_Maker/crab/First2016_WW/crab_First2016_WW/inputs/0dc6bc8c-d07b-4403-8c18-f49e8ec11c18default.tgz to the CRAB cache. Using URI https://cmsweb.cern.ch/crabcache
DEBUG 2016-07-26 16:09:32,521: 	 Loading required information from the environment
DEBUG 2016-07-26 16:09:32,521: 	 Found CMSSW_8_0_12 for slc6_amd64_gcc530 with base /afs/cern.ch/work/f/fromeo/CMSSW_8_0_12_FW
DEBUG 2016-07-26 16:09:32,521: 	 Making tarball in /afs/cern.ch/work/f/fromeo/CMSSW_8_0_12_FW/src/BSMFramework/BSM3G_TNT_Maker/crab/First2016_WW/crab_First2016_WW/inputs/debugFiles.tgz
DEBUG 2016-07-26 16:09:32,528: 	 Uploading archive /afs/cern.ch/work/f/fromeo/CMSSW_8_0_12_FW/src/BSMFramework/BSM3G_TNT_Maker/crab/First2016_WW/crab_First2016_WW/inputs/debugFiles.tgz to the CRAB cache. Using URI https://cmsweb.cern.ch/crabcache
DEBUG 2016-07-26 16:09:32,890: 	 Result uploading input files: 7a111a33bd37f6861011a85d8bf9cf6cc9a8693dc6879c9c1a23d4a76c63844f.tar.gz 
WARNING 2016-07-26 16:09:32,890: 	 Warning: The following output files will not be published, as they are not EDM files: ['OutTree.root']
INFO 2016-07-26 16:09:32,890: 	 Sending the request to the server
DEBUG 2016-07-26 16:09:32,890: 	 Submitting {'maxjobruntime': 1250, 'ignorelocality': 0, 'savelogsflag': 0, 'useparent': 0, 'asyncdest': 'T2_CN_Beijing', 'algoargs': 1, 'cachefilename': '7a111a33bd37f6861011a85d8bf9cf6cc9a8693dc6879c9c1a23d4a76c63844f.tar.gz', 'numcores': 1, 'addoutputfiles': [], 'generator': 'pythia', 'maxmemory': 2000, 'publishdbsurl': 'https://cmsweb.cern.ch/dbs/prod/phys03/DBSWriter', 'priority': 10, 'jobsw': 'CMSSW_8_0_12', 'edmoutfiles': [], 'userfiles': [], 'primarydataset': '', 'inputdata': '/WW_TuneCUETP8M1_13TeV-pythia8/RunIISpring16MiniAODv2-PUSpring16_80X_mcRun2_asymptotic_2016_miniAODv2_v0-v1/MINIAODSIM', 'lfn': '/store/user/fromeo/', 'dryrun': 0, 'workflow': 'crab_First2016_WW', 'adduserfiles': [], 'nonprodsw': 0, 'tfileoutfiles': ['OutTree.root'], 'oneEventMode': 0, 'debugfilename': '76a077ede41769341d089253698dee18926d681297c2c36988baffc8dd6d6c7f.tar.gz', 'cacheurl': 'https://cmsweb.cern.ch/crabcache', 'saveoutput': 1, 'publication': 1, 'jobarch': 'slc6_amd64_gcc530', 'totalunits': 2500, 'splitalgo': 'FileBased', 'nonvaliddata': 0, 'dbsurl': 'https://cmsweb.cern.ch/dbs/prod/global/DBSReader', 'publishgroupname': 0, 'jobtype': 'Analysis', 'publishname2': ''} 
DEBUG 2016-07-26 16:09:32,890: 	 Encoded submit request: maxjobruntime=1250&ignorelocality=0&savelogsflag=0&useparent=0&asyncdest=T2_CN_Beijing&algoargs=1&cachefilename=7a111a33bd37f6861011a85d8bf9cf6cc9a8693dc6879c9c1a23d4a76c63844f.tar.gz&numcores=1&generator=pythia&maxmemory=2000&publishdbsurl=https%3A%2F%2Fcmsweb.cern.ch%2Fdbs%2Fprod%2Fphys03%2FDBSWriter&priority=10&jobsw=CMSSW_8_0_12&primarydataset=&inputdata=%2FWW_TuneCUETP8M1_13TeV-pythia8%2FRunIISpring16MiniAODv2-PUSpring16_80X_mcRun2_asymptotic_2016_miniAODv2_v0-v1%2FMINIAODSIM&lfn=%2Fstore%2Fuser%2Ffromeo%2F&dryrun=0&workflow=crab_First2016_WW&nonprodsw=0&oneEventMode=0&debugfilename=76a077ede41769341d089253698dee18926d681297c2c36988baffc8dd6d6c7f.tar.gz&cacheurl=https%3A%2F%2Fcmsweb.cern.ch%2Fcrabcache&saveoutput=1&publication=1&jobarch=slc6_amd64_gcc530&totalunits=2500&splitalgo=FileBased&nonvaliddata=0&dbsurl=https%3A%2F%2Fcmsweb.cern.ch%2Fdbs%2Fprod%2Fglobal%2FDBSReader&publishgroupname=0&jobtype=Analysis&publishname2=&tfileoutfiles=OutTree.root
DEBUG 2016-07-26 16:09:33,605: 	 Result: {'result': [{'RequestName': '160726_140933:fromeo_crab_First2016_WW'}]}
INFO 2016-07-26 16:09:33,607: 	 Success: Your task has been delivered to the CRAB3 server.
INFO 2016-07-26 16:09:33,607: 	 Task name: 160726_140933:fromeo_crab_First2016_WW
INFO 2016-07-26 16:09:33,608: 	 Please use 'crab status' to check how the submission process proceeds.
DEBUG 2016-07-26 16:09:33,608: 	 About to return
DEBUG 2016-07-26 17:09:40,195: 	 Executing command: 'status'
DEBUG 2016-07-26 17:09:40,195: 	 Found CRAB cache file /afs/cern.ch/user/f/fromeo/.crab3
DEBUG 2016-07-26 17:09:40,227: 	 Checking credentials
DEBUG 2016-07-26 17:09:40,227: 	 Found proxy file /tmp/x509up_u30997
DEBUG 2016-07-26 17:09:40,227: 	 Getting proxy life time left
DEBUG 2016-07-26 17:09:41,040: 	 Executing : 
 command : voms-proxy-info -file /tmp/x509up_u30997 -timeleft
 output : 82540

 error: 
 retcode : 0
DEBUG 2016-07-26 17:09:41,652: 	 Executing : 
 command : voms-proxy-info -file /tmp/x509up_u30997 -actimeleft
 output : 82539

 error: 
 retcode : 0
DEBUG 2016-07-26 17:09:41,652: 	 Proxy valid for 22:55:40 hours
DEBUG 2016-07-26 17:09:42,063: 	 Executing : 
 command : openssl x509 -in ~/.globus/usercert.pem -subject -noout
 output : subject= /DC=ch/DC=cern/OU=Organic Units/OU=Users/CN=fromeo/CN=674630/CN=Francesco Romeo

 error: 
 retcode : 0
DEBUG 2016-07-26 17:09:42,063: 	 Checking credentials
DEBUG 2016-07-26 17:09:42,063: 	 Found proxy file /tmp/x509up_u30997
DEBUG 2016-07-26 17:09:42,063: 	 Getting proxy life time left
DEBUG 2016-07-26 17:09:42,769: 	 Executing : 
 command : voms-proxy-info -file /tmp/x509up_u30997 -timeleft
 output : 82538

 error: 
 retcode : 0
DEBUG 2016-07-26 17:09:43,480: 	 Executing : 
 command : voms-proxy-info -file /tmp/x509up_u30997 -actimeleft
 output : 82537

 error: 
 retcode : 0
DEBUG 2016-07-26 17:09:43,481: 	 Proxy valid for 22:55:38 hours
DEBUG 2016-07-26 17:09:43,860: 	 Registering user credentials for server /DC=ch/DC=cern/OU=computers/CN=vocms(045|052|021|031|0118|0118a|0119|0108).cern.ch
DEBUG 2016-07-26 17:09:43,971: 	 Executing : 
 command : openssl x509 -in ~/.globus/usercert.pem -subject -noout
 output : subject= /DC=ch/DC=cern/OU=Organic Units/OU=Users/CN=fromeo/CN=674630/CN=Francesco Romeo

 error: 
 retcode : 0
DEBUG 2016-07-26 17:09:43,971: 	 Getting myproxy life time left for myproxy.cern.ch
DEBUG 2016-07-26 17:09:43,971: 	 Calculating hash of /DC=ch/DC=cern/OU=Organic Units/OU=Users/CN=fromeo/CN=674630/CN=Francesco Romeo_cmsweb.cern.ch for credential name
DEBUG 2016-07-26 17:09:44,381: 	 Executing : 
 command : myproxy-info -l 83bb954b043085ec6b5075bf38fafc2a023a8c7b -s myproxy.cern.ch
 output : username: 83bb954b043085ec6b5075bf38fafc2a023a8c7b
owner: /DC=ch/DC=cern/OU=Organic Units/OU=Users/CN=fromeo/CN=674630/CN=Francesco Romeo
  renewal policy: /DC=ch/DC=cern/OU=computers/CN=vocms(045|052|021|031|0118|0118a|0119|0108).cern.ch
  trusted retrieval policy: /DC=ch/DC=cern/OU=computers/CN=vocms(045|052|021|031|0118|0118a|0119|0108).cern.ch
  timeleft: 386:41:27  (16.1 days)

 error: 
 retcode : 0
DEBUG 2016-07-26 17:09:44,384: 	 Myproxy is valid: 1392087
DEBUG 2016-07-26 17:09:44,384: 	 Command use: status
DEBUG 2016-07-26 17:09:44,384: 	 Options use: ['First2016_WW/crab_First2016_WW']
DEBUG 2016-07-26 17:09:44,717: 	 CRABClient version: 3.3.1607.patch1
DEBUG 2016-07-26 17:09:44,717: 	 Instance is prod
DEBUG 2016-07-26 17:09:44,717: 	 Server base url is cmsweb.cern.ch
DEBUG 2016-07-26 17:09:44,717: 	 Command url /crabserver/prod/workflow
DEBUG 2016-07-26 17:09:44,718: 	 Looking up detailed status of task 160726_140933:fromeo_crab_First2016_WW
DEBUG 2016-07-26 17:09:45,123: 	 {'status': 'FAILED', 'username': 'fromeo', 'jobsPerStatus': {'failed': 24}, 'jobs': {'24': {'State': 'failed', 'Error': [8001, 'CmsRunFailure\nCMSSW error message follows.\nFatal Exception\nAn exception of category \'ProductNotFound\' occurred while\n   [0] Processing run: 1 lumi: 45 event: 8785\n   [1] Running path \'p\'\n   [2] Calling event method for module BSM3G_TNT_Maker/\'TNT\'\nException Message:\nPrincipal::getByLabel: Found zero products matching all criteria\nLooking for type: edm::TriggerResults\nLooking for module label: TriggerResults\nLooking for productInstanceName: \nLooking for process: HLT2\n   Additional Info:\n      [a] If you wish to continue processing events after a ProductNotFound exception,\nadd "SkipEvent = cms.untracked.vstring(\'ProductNotFound\')" to the "options" PSet in the configuration.\n', {'type': 'Fatal Exception', 'details': 'An exception of category \'ProductNotFound\' occurred while\n   [0] Processing run: 1 lumi: 45 event: 8785\n   [1] Running path \'p\'\n   [2] Calling event method for module BSM3G_TNT_Maker/\'TNT\'\nException Message:\nPrincipal::getByLabel: Found zero products matching all criteria\nLooking for type: edm::TriggerResults\nLooking for module label: TriggerResults\nLooking for productInstanceName: \nLooking for process: HLT2\n   Additional Info:\n      [a] If you wish to continue processing events after a ProductNotFound exception,\nadd "SkipEvent = cms.untracked.vstring(\'ProductNotFound\')" to the "options" PSet in the configuration.', 'exitCode': '8001'}]}, '20': {'State': 'failed', 'Error': [8001, 'CmsRunFailure\nCMSSW error message follows.\nFatal Exception\nAn exception of category \'ProductNotFound\' occurred while\n   [0] Processing run: 1 lumi: 96 event: 18963\n   [1] Running path \'p\'\n   [2] Calling event method for module BSM3G_TNT_Maker/\'TNT\'\nException Message:\nPrincipal::getByLabel: Found zero products matching all criteria\nLooking for type: edm::TriggerResults\nLooking for module label: TriggerResults\nLooking for productInstanceName: \nLooking for process: HLT2\n   Additional Info:\n      [a] If you wish to continue processing events after a ProductNotFound exception,\nadd "SkipEvent = cms.untracked.vstring(\'ProductNotFound\')" to the "options" PSet in the configuration.\n', {'type': 'Fatal Exception', 'details': 'An exception of category \'ProductNotFound\' occurred while\n   [0] Processing run: 1 lumi: 96 event: 18963\n   [1] Running path \'p\'\n   [2] Calling event method for module BSM3G_TNT_Maker/\'TNT\'\nException Message:\nPrincipal::getByLabel: Found zero products matching all criteria\nLooking for type: edm::TriggerResults\nLooking for module label: TriggerResults\nLooking for productInstanceName: \nLooking for process: HLT2\n   Additional Info:\n      [a] If you wish to continue processing events after a ProductNotFound exception,\nadd "SkipEvent = cms.untracked.vstring(\'ProductNotFound\')" to the "options" PSet in the configuration.', 'exitCode': '8001'}]}, '21': {'State': 'failed', 'Error': [8001, 'CmsRunFailure\nCMSSW error message follows.\nFatal Exception\nAn exception of category \'ProductNotFound\' occurred while\n   [0] Processing run: 1 lumi: 50 event: 9783\n   [1] Running path \'p\'\n   [2] Calling event method for module BSM3G_TNT_Maker/\'TNT\'\nException Message:\nPrincipal::getByLabel: Found zero products matching all criteria\nLooking for type: edm::TriggerResults\nLooking for module label: TriggerResults\nLooking for productInstanceName: \nLooking for process: HLT2\n   Additional Info:\n      [a] If you wish to continue processing events after a ProductNotFound exception,\nadd "SkipEvent = cms.untracked.vstring(\'ProductNotFound\')" to the "options" PSet in the configuration.\n', {'type': 'Fatal Exception', 'details': 'An exception of category \'ProductNotFound\' occurred while\n   [0] Processing run: 1 lumi: 50 event: 9783\n   [1] Running path \'p\'\n   [2] Calling event method for module BSM3G_TNT_Maker/\'TNT\'\nException Message:\nPrincipal::getByLabel: Found zero products matching all criteria\nLooking for type: edm::TriggerResults\nLooking for module label: TriggerResults\nLooking for productInstanceName: \nLooking for process: HLT2\n   Additional Info:\n      [a] If you wish to continue processing events after a ProductNotFound exception,\nadd "SkipEvent = cms.untracked.vstring(\'ProductNotFound\')" to the "options" PSet in the configuration.', 'exitCode': '8001'}]}, '22': {'State': 'failed', 'Error': [8001, 'CmsRunFailure\nCMSSW error message follows.\nFatal Exception\nAn exception of category \'ProductNotFound\' occurred while\n   [0] Processing run: 1 lumi: 2591 event: 516965\n   [1] Running path \'p\'\n   [2] Calling event method for module BSM3G_TNT_Maker/\'TNT\'\nException Message:\nPrincipal::getByLabel: Found zero products matching all criteria\nLooking for type: edm::TriggerResults\nLooking for module label: TriggerResults\nLooking for productInstanceName: \nLooking for process: HLT2\n   Additional Info:\n      [a] If you wish to continue processing events after a ProductNotFound exception,\nadd "SkipEvent = cms.untracked.vstring(\'ProductNotFound\')" to the "options" PSet in the configuration.\n', {'type': 'Fatal Exception', 'details': 'An exception of category \'ProductNotFound\' occurred while\n   [0] Processing run: 1 lumi: 2591 event: 516965\n   [1] Running path \'p\'\n   [2] Calling event method for module BSM3G_TNT_Maker/\'TNT\'\nException Message:\nPrincipal::getByLabel: Found zero products matching all criteria\nLooking for type: edm::TriggerResults\nLooking for module label: TriggerResults\nLooking for productInstanceName: \nLooking for process: HLT2\n   Additional Info:\n      [a] If you wish to continue processing events after a ProductNotFound exception,\nadd "SkipEvent = cms.untracked.vstring(\'ProductNotFound\')" to the "options" PSet in the configuration.', 'exitCode': '8001'}]}, '23': {'State': 'failed', 'Error': [8001, 'CmsRunFailure\nCMSSW error message follows.\nFatal Exception\nAn exception of category \'ProductNotFound\' occurred while\n   [0] Processing run: 1 lumi: 2312 event: 461277\n   [1] Running path \'p\'\n   [2] Calling event method for module BSM3G_TNT_Maker/\'TNT\'\nException Message:\nPrincipal::getByLabel: Found zero products matching all criteria\nLooking for type: edm::TriggerResults\nLooking for module label: TriggerResults\nLooking for productInstanceName: \nLooking for process: HLT2\n   Additional Info:\n      [a] If you wish to continue processing events after a ProductNotFound exception,\nadd "SkipEvent = cms.untracked.vstring(\'ProductNotFound\')" to the "options" PSet in the configuration.\n', {'type': 'Fatal Exception', 'details': 'An exception of category \'ProductNotFound\' occurred while\n   [0] Processing run: 1 lumi: 2312 event: 461277\n   [1] Running path \'p\'\n   [2] Calling event method for module BSM3G_TNT_Maker/\'TNT\'\nException Message:\nPrincipal::getByLabel: Found zero products matching all criteria\nLooking for type: edm::TriggerResults\nLooking for module label: TriggerResults\nLooking for productInstanceName: \nLooking for process: HLT2\n   Additional Info:\n      [a] If you wish to continue processing events after a ProductNotFound exception,\nadd "SkipEvent = cms.untracked.vstring(\'ProductNotFound\')" to the "options" PSet in the configuration.', 'exitCode': '8001'}]}, '1': {'State': 'failed', 'Error': [8001, 'CmsRunFailure\nCMSSW error message follows.\nFatal Exception\nAn exception of category \'ProductNotFound\' occurred while\n   [0] Processing run: 1 lumi: 1 event: 1\n   [1] Running path \'p\'\n   [2] Calling event method for module BSM3G_TNT_Maker/\'TNT\'\nException Message:\nPrincipal::getByLabel: Found zero products matching all criteria\nLooking for type: edm::TriggerResults\nLooking for module label: TriggerResults\nLooking for productInstanceName: \nLooking for process: HLT2\n   Additional Info:\n      [a] If you wish to continue processing events after a ProductNotFound exception,\nadd "SkipEvent = cms.untracked.vstring(\'ProductNotFound\')" to the "options" PSet in the configuration.\n', {'type': 'Fatal Exception', 'details': 'An exception of category \'ProductNotFound\' occurred while\n   [0] Processing run: 1 lumi: 1 event: 1\n   [1] Running path \'p\'\n   [2] Calling event method for module BSM3G_TNT_Maker/\'TNT\'\nException Message:\nPrincipal::getByLabel: Found zero products matching all criteria\nLooking for type: edm::TriggerResults\nLooking for module label: TriggerResults\nLooking for productInstanceName: \nLooking for process: HLT2\n   Additional Info:\n      [a] If you wish to continue processing events after a ProductNotFound exception,\nadd "SkipEvent = cms.untracked.vstring(\'ProductNotFound\')" to the "options" PSet in the configuration.', 'exitCode': '8001'}]}, '3': {'State': 'failed', 'Error': [8001, 'CmsRunFailure\nCMSSW error message follows.\nFatal Exception\nAn exception of category \'ProductNotFound\' occurred while\n   [0] Processing run: 1 lumi: 584 event: 116369\n   [1] Running path \'p\'\n   [2] Calling event method for module BSM3G_TNT_Maker/\'TNT\'\nException Message:\nPrincipal::getByLabel: Found zero products matching all criteria\nLooking for type: edm::TriggerResults\nLooking for module label: TriggerResults\nLooking for productInstanceName: \nLooking for process: HLT2\n   Additional Info:\n      [a] If you wish to continue processing events after a ProductNotFound exception,\nadd "SkipEvent = cms.untracked.vstring(\'ProductNotFound\')" to the "options" PSet in the configuration.\n', {'type': 'Fatal Exception', 'details': 'An exception of category \'ProductNotFound\' occurred while\n   [0] Processing run: 1 lumi: 584 event: 116369\n   [1] Running path \'p\'\n   [2] Calling event method for module BSM3G_TNT_Maker/\'TNT\'\nException Message:\nPrincipal::getByLabel: Found zero products matching all criteria\nLooking for type: edm::TriggerResults\nLooking for module label: TriggerResults\nLooking for productInstanceName: \nLooking for process: HLT2\n   Additional Info:\n      [a] If you wish to continue processing events after a ProductNotFound exception,\nadd "SkipEvent = cms.untracked.vstring(\'ProductNotFound\')" to the "options" PSet in the configuration.', 'exitCode': '8001'}]}, '2': {'State': 'failed', 'Error': [8001, 'CmsRunFailure\nCMSSW error message follows.\nFatal Exception\nAn exception of category \'ProductNotFound\' occurred while\n   [0] Processing run: 1 lumi: 3413 event: 681037\n   [1] Running path \'p\'\n   [2] Calling event method for module BSM3G_TNT_Maker/\'TNT\'\nException Message:\nPrincipal::getByLabel: Found zero products matching all criteria\nLooking for type: edm::TriggerResults\nLooking for module label: TriggerResults\nLooking for productInstanceName: \nLooking for process: HLT2\n   Additional Info:\n      [a] If you wish to continue processing events after a ProductNotFound exception,\nadd "SkipEvent = cms.untracked.vstring(\'ProductNotFound\')" to the "options" PSet in the configuration.\n', {'type': 'Fatal Exception', 'details': 'An exception of category \'ProductNotFound\' occurred while\n   [0] Processing run: 1 lumi: 3413 event: 681037\n   [1] Running path \'p\'\n   [2] Calling event method for module BSM3G_TNT_Maker/\'TNT\'\nException Message:\nPrincipal::getByLabel: Found zero products matching all criteria\nLooking for type: edm::TriggerResults\nLooking for module label: TriggerResults\nLooking for productInstanceName: \nLooking for process: HLT2\n   Additional Info:\n      [a] If you wish to continue processing events after a ProductNotFound exception,\nadd "SkipEvent = cms.untracked.vstring(\'ProductNotFound\')" to the "options" PSet in the configuration.', 'exitCode': '8001'}]}, '5': {'State': 'failed', 'Error': [8001, 'CmsRunFailure\nCMSSW error message follows.\nFatal Exception\nAn exception of category \'ProductNotFound\' occurred while\n   [0] Processing run: 1 lumi: 81 event: 15969\n   [1] Running path \'p\'\n   [2] Calling event method for module BSM3G_TNT_Maker/\'TNT\'\nException Message:\nPrincipal::getByLabel: Found zero products matching all criteria\nLooking for type: edm::TriggerResults\nLooking for module label: TriggerResults\nLooking for productInstanceName: \nLooking for process: HLT2\n   Additional Info:\n      [a] If you wish to continue processing events after a ProductNotFound exception,\nadd "SkipEvent = cms.untracked.vstring(\'ProductNotFound\')" to the "options" PSet in the configuration.\n', {'type': 'Fatal Exception', 'details': 'An exception of category \'ProductNotFound\' occurred while\n   [0] Processing run: 1 lumi: 81 event: 15969\n   [1] Running path \'p\'\n   [2] Calling event method for module BSM3G_TNT_Maker/\'TNT\'\nException Message:\nPrincipal::getByLabel: Found zero products matching all criteria\nLooking for type: edm::TriggerResults\nLooking for module label: TriggerResults\nLooking for productInstanceName: \nLooking for process: HLT2\n   Additional Info:\n      [a] If you wish to continue processing events after a ProductNotFound exception,\nadd "SkipEvent = cms.untracked.vstring(\'ProductNotFound\')" to the "options" PSet in the configuration.', 'exitCode': '8001'}]}, '4': {'State': 'failed', 'Error': [8001, 'CmsRunFailure\nCMSSW error message follows.\nFatal Exception\nAn exception of category \'ProductNotFound\' occurred while\n   [0] Processing run: 1 lumi: 968 event: 193015\n   [1] Running path \'p\'\n   [2] Calling event method for module BSM3G_TNT_Maker/\'TNT\'\nException Message:\nPrincipal::getByLabel: Found zero products matching all criteria\nLooking for type: edm::TriggerResults\nLooking for module label: TriggerResults\nLooking for productInstanceName: \nLooking for process: HLT2\n   Additional Info:\n      [a] If you wish to continue processing events after a ProductNotFound exception,\nadd "SkipEvent = cms.untracked.vstring(\'ProductNotFound\')" to the "options" PSet in the configuration.\n', {'type': 'Fatal Exception', 'details': 'An exception of category \'ProductNotFound\' occurred while\n   [0] Processing run: 1 lumi: 968 event: 193015\n   [1] Running path \'p\'\n   [2] Calling event method for module BSM3G_TNT_Maker/\'TNT\'\nException Message:\nPrincipal::getByLabel: Found zero products matching all criteria\nLooking for type: edm::TriggerResults\nLooking for module label: TriggerResults\nLooking for productInstanceName: \nLooking for process: HLT2\n   Additional Info:\n      [a] If you wish to continue processing events after a ProductNotFound exception,\nadd "SkipEvent = cms.untracked.vstring(\'ProductNotFound\')" to the "options" PSet in the configuration.', 'exitCode': '8001'}]}, '7': {'State': 'failed', 'Error': [8001, 'CmsRunFailure\nCMSSW error message follows.\nFatal Exception\nAn exception of category \'ProductNotFound\' occurred while\n   [0] Processing run: 1 lumi: 196 event: 38923\n   [1] Running path \'p\'\n   [2] Calling event method for module BSM3G_TNT_Maker/\'TNT\'\nException Message:\nPrincipal::getByLabel: Found zero products matching all criteria\nLooking for type: edm::TriggerResults\nLooking for module label: TriggerResults\nLooking for productInstanceName: \nLooking for process: HLT2\n   Additional Info:\n      [a] If you wish to continue processing events after a ProductNotFound exception,\nadd "SkipEvent = cms.untracked.vstring(\'ProductNotFound\')" to the "options" PSet in the configuration.\n', {'type': 'Fatal Exception', 'details': 'An exception of category \'ProductNotFound\' occurred while\n   [0] Processing run: 1 lumi: 196 event: 38923\n   [1] Running path \'p\'\n   [2] Calling event method for module BSM3G_TNT_Maker/\'TNT\'\nException Message:\nPrincipal::getByLabel: Found zero products matching all criteria\nLooking for type: edm::TriggerResults\nLooking for module label: TriggerResults\nLooking for productInstanceName: \nLooking for process: HLT2\n   Additional Info:\n      [a] If you wish to continue processing events after a ProductNotFound exception,\nadd "SkipEvent = cms.untracked.vstring(\'ProductNotFound\')" to the "options" PSet in the configuration.', 'exitCode': '8001'}]}, '6': {'State': 'failed', 'Error': [8001, 'CmsRunFailure\nCMSSW error message follows.\nFatal Exception\nAn exception of category \'ProductNotFound\' occurred while\n   [0] Processing run: 1 lumi: 105 event: 20761\n   [1] Running path \'p\'\n   [2] Calling event method for module BSM3G_TNT_Maker/\'TNT\'\nException Message:\nPrincipal::getByLabel: Found zero products matching all criteria\nLooking for type: edm::TriggerResults\nLooking for module label: TriggerResults\nLooking for productInstanceName: \nLooking for process: HLT2\n   Additional Info:\n      [a] If you wish to continue processing events after a ProductNotFound exception,\nadd "SkipEvent = cms.untracked.vstring(\'ProductNotFound\')" to the "options" PSet in the configuration.\n', {'type': 'Fatal Exception', 'details': 'An exception of category \'ProductNotFound\' occurred while\n   [0] Processing run: 1 lumi: 105 event: 20761\n   [1] Running path \'p\'\n   [2] Calling event method for module BSM3G_TNT_Maker/\'TNT\'\nException Message:\nPrincipal::getByLabel: Found zero products matching all criteria\nLooking for type: edm::TriggerResults\nLooking for module label: TriggerResults\nLooking for productInstanceName: \nLooking for process: HLT2\n   Additional Info:\n      [a] If you wish to continue processing events after a ProductNotFound exception,\nadd "SkipEvent = cms.untracked.vstring(\'ProductNotFound\')" to the "options" PSet in the configuration.', 'exitCode': '8001'}]}, '9': {'State': 'failed', 'Error': [8001, 'CmsRunFailure\nCMSSW error message follows.\nFatal Exception\nAn exception of category \'ProductNotFound\' occurred while\n   [0] Processing run: 1 lumi: 126 event: 24951\n   [1] Running path \'p\'\n   [2] Calling event method for module BSM3G_TNT_Maker/\'TNT\'\nException Message:\nPrincipal::getByLabel: Found zero products matching all criteria\nLooking for type: edm::TriggerResults\nLooking for module label: TriggerResults\nLooking for productInstanceName: \nLooking for process: HLT2\n   Additional Info:\n      [a] If you wish to continue processing events after a ProductNotFound exception,\nadd "SkipEvent = cms.untracked.vstring(\'ProductNotFound\')" to the "options" PSet in the configuration.\n', {'type': 'Fatal Exception', 'details': 'An exception of category \'ProductNotFound\' occurred while\n   [0] Processing run: 1 lumi: 126 event: 24951\n   [1] Running path \'p\'\n   [2] Calling event method for module BSM3G_TNT_Maker/\'TNT\'\nException Message:\nPrincipal::getByLabel: Found zero products matching all criteria\nLooking for type: edm::TriggerResults\nLooking for module label: TriggerResults\nLooking for productInstanceName: \nLooking for process: HLT2\n   Additional Info:\n      [a] If you wish to continue processing events after a ProductNotFound exception,\nadd "SkipEvent = cms.untracked.vstring(\'ProductNotFound\')" to the "options" PSet in the configuration.', 'exitCode': '8001'}]}, '8': {'State': 'failed', 'Error': [8001, 'CmsRunFailure\nCMSSW error message follows.\nFatal Exception\nAn exception of category \'ProductNotFound\' occurred while\n   [0] Processing run: 1 lumi: 725 event: 144513\n   [1] Running path \'p\'\n   [2] Calling event method for module BSM3G_TNT_Maker/\'TNT\'\nException Message:\nPrincipal::getByLabel: Found zero products matching all criteria\nLooking for type: edm::TriggerResults\nLooking for module label: TriggerResults\nLooking for productInstanceName: \nLooking for process: HLT2\n   Additional Info:\n      [a] If you wish to continue processing events after a ProductNotFound exception,\nadd "SkipEvent = cms.untracked.vstring(\'ProductNotFound\')" to the "options" PSet in the configuration.\n', {'type': 'Fatal Exception', 'details': 'An exception of category \'ProductNotFound\' occurred while\n   [0] Processing run: 1 lumi: 725 event: 144513\n   [1] Running path \'p\'\n   [2] Calling event method for module BSM3G_TNT_Maker/\'TNT\'\nException Message:\nPrincipal::getByLabel: Found zero products matching all criteria\nLooking for type: edm::TriggerResults\nLooking for module label: TriggerResults\nLooking for productInstanceName: \nLooking for process: HLT2\n   Additional Info:\n      [a] If you wish to continue processing events after a ProductNotFound exception,\nadd "SkipEvent = cms.untracked.vstring(\'ProductNotFound\')" to the "options" PSet in the configuration.', 'exitCode': '8001'}]}, '11': {'State': 'failed', 'Error': [8001, 'CmsRunFailure\nCMSSW error message follows.\nFatal Exception\nAn exception of category \'ProductNotFound\' occurred while\n   [0] Processing run: 1 lumi: 773 event: 154093\n   [1] Running path \'p\'\n   [2] Calling event method for module BSM3G_TNT_Maker/\'TNT\'\nException Message:\nPrincipal::getByLabel: Found zero products matching all criteria\nLooking for type: edm::TriggerResults\nLooking for module label: TriggerResults\nLooking for productInstanceName: \nLooking for process: HLT2\n   Additional Info:\n      [a] If you wish to continue processing events after a ProductNotFound exception,\nadd "SkipEvent = cms.untracked.vstring(\'ProductNotFound\')" to the "options" PSet in the configuration.\n', {'type': 'Fatal Exception', 'details': 'An exception of category \'ProductNotFound\' occurred while\n   [0] Processing run: 1 lumi: 773 event: 154093\n   [1] Running path \'p\'\n   [2] Calling event method for module BSM3G_TNT_Maker/\'TNT\'\nException Message:\nPrincipal::getByLabel: Found zero products matching all criteria\nLooking for type: edm::TriggerResults\nLooking for module label: TriggerResults\nLooking for productInstanceName: \nLooking for process: HLT2\n   Additional Info:\n      [a] If you wish to continue processing events after a ProductNotFound exception,\nadd "SkipEvent = cms.untracked.vstring(\'ProductNotFound\')" to the "options" PSet in the configuration.', 'exitCode': '8001'}]}, '10': {'State': 'failed', 'Error': [8001, 'CmsRunFailure\nCMSSW error message follows.\nFatal Exception\nAn exception of category \'ProductNotFound\' occurred while\n   [0] Processing run: 1 lumi: 2530 event: 504791\n   [1] Running path \'p\'\n   [2] Calling event method for module BSM3G_TNT_Maker/\'TNT\'\nException Message:\nPrincipal::getByLabel: Found zero products matching all criteria\nLooking for type: edm::TriggerResults\nLooking for module label: TriggerResults\nLooking for productInstanceName: \nLooking for process: HLT2\n   Additional Info:\n      [a] If you wish to continue processing events after a ProductNotFound exception,\nadd "SkipEvent = cms.untracked.vstring(\'ProductNotFound\')" to the "options" PSet in the configuration.\n', {'type': 'Fatal Exception', 'details': 'An exception of category \'ProductNotFound\' occurred while\n   [0] Processing run: 1 lumi: 2530 event: 504791\n   [1] Running path \'p\'\n   [2] Calling event method for module BSM3G_TNT_Maker/\'TNT\'\nException Message:\nPrincipal::getByLabel: Found zero products matching all criteria\nLooking for type: edm::TriggerResults\nLooking for module label: TriggerResults\nLooking for productInstanceName: \nLooking for process: HLT2\n   Additional Info:\n      [a] If you wish to continue processing events after a ProductNotFound exception,\nadd "SkipEvent = cms.untracked.vstring(\'ProductNotFound\')" to the "options" PSet in the configuration.', 'exitCode': '8001'}]}, '13': {'State': 'failed', 'Error': [8001, 'CmsRunFailure\nCMSSW error message follows.\nFatal Exception\nAn exception of category \'ProductNotFound\' occurred while\n   [0] Processing run: 1 lumi: 200 event: 39723\n   [1] Running path \'p\'\n   [2] Calling event method for module BSM3G_TNT_Maker/\'TNT\'\nException Message:\nPrincipal::getByLabel: Found zero products matching all criteria\nLooking for type: edm::TriggerResults\nLooking for module label: TriggerResults\nLooking for productInstanceName: \nLooking for process: HLT2\n   Additional Info:\n      [a] If you wish to continue processing events after a ProductNotFound exception,\nadd "SkipEvent = cms.untracked.vstring(\'ProductNotFound\')" to the "options" PSet in the configuration.\n', {'type': 'Fatal Exception', 'details': 'An exception of category \'ProductNotFound\' occurred while\n   [0] Processing run: 1 lumi: 200 event: 39723\n   [1] Running path \'p\'\n   [2] Calling event method for module BSM3G_TNT_Maker/\'TNT\'\nException Message:\nPrincipal::getByLabel: Found zero products matching all criteria\nLooking for type: edm::TriggerResults\nLooking for module label: TriggerResults\nLooking for productInstanceName: \nLooking for process: HLT2\n   Additional Info:\n      [a] If you wish to continue processing events after a ProductNotFound exception,\nadd "SkipEvent = cms.untracked.vstring(\'ProductNotFound\')" to the "options" PSet in the configuration.', 'exitCode': '8001'}]}, '12': {'State': 'failed', 'Error': [8001, 'CmsRunFailure\nCMSSW error message follows.\nFatal Exception\nAn exception of category \'ProductNotFound\' occurred while\n   [0] Processing run: 1 lumi: 16 event: 2995\n   [1] Running path \'p\'\n   [2] Calling event method for module BSM3G_TNT_Maker/\'TNT\'\nException Message:\nPrincipal::getByLabel: Found zero products matching all criteria\nLooking for type: edm::TriggerResults\nLooking for module label: TriggerResults\nLooking for productInstanceName: \nLooking for process: HLT2\n   Additional Info:\n      [a] If you wish to continue processing events after a ProductNotFound exception,\nadd "SkipEvent = cms.untracked.vstring(\'ProductNotFound\')" to the "options" PSet in the configuration.\n', {'type': 'Fatal Exception', 'details': 'An exception of category \'ProductNotFound\' occurred while\n   [0] Processing run: 1 lumi: 16 event: 2995\n   [1] Running path \'p\'\n   [2] Calling event method for module BSM3G_TNT_Maker/\'TNT\'\nException Message:\nPrincipal::getByLabel: Found zero products matching all criteria\nLooking for type: edm::TriggerResults\nLooking for module label: TriggerResults\nLooking for productInstanceName: \nLooking for process: HLT2\n   Additional Info:\n      [a] If you wish to continue processing events after a ProductNotFound exception,\nadd "SkipEvent = cms.untracked.vstring(\'ProductNotFound\')" to the "options" PSet in the configuration.', 'exitCode': '8001'}]}, '15': {'State': 'failed', 'Error': [8001, 'CmsRunFailure\nCMSSW error message follows.\nFatal Exception\nAn exception of category \'ProductNotFound\' occurred while\n   [0] Processing run: 1 lumi: 35 event: 6789\n   [1] Running path \'p\'\n   [2] Calling event method for module BSM3G_TNT_Maker/\'TNT\'\nException Message:\nPrincipal::getByLabel: Found zero products matching all criteria\nLooking for type: edm::TriggerResults\nLooking for module label: TriggerResults\nLooking for productInstanceName: \nLooking for process: HLT2\n   Additional Info:\n      [a] If you wish to continue processing events after a ProductNotFound exception,\nadd "SkipEvent = cms.untracked.vstring(\'ProductNotFound\')" to the "options" PSet in the configuration.\n', {'type': 'Fatal Exception', 'details': 'An exception of category \'ProductNotFound\' occurred while\n   [0] Processing run: 1 lumi: 35 event: 6789\n   [1] Running path \'p\'\n   [2] Calling event method for module BSM3G_TNT_Maker/\'TNT\'\nException Message:\nPrincipal::getByLabel: Found zero products matching all criteria\nLooking for type: edm::TriggerResults\nLooking for module label: TriggerResults\nLooking for productInstanceName: \nLooking for process: HLT2\n   Additional Info:\n      [a] If you wish to continue processing events after a ProductNotFound exception,\nadd "SkipEvent = cms.untracked.vstring(\'ProductNotFound\')" to the "options" PSet in the configuration.', 'exitCode': '8001'}]}, '14': {'State': 'failed', 'Error': [8001, 'CmsRunFailure\nCMSSW error message follows.\nFatal Exception\nAn exception of category \'ProductNotFound\' occurred while\n   [0] Processing run: 1 lumi: 456 event: 90819\n   [1] Running path \'p\'\n   [2] Calling event method for module BSM3G_TNT_Maker/\'TNT\'\nException Message:\nPrincipal::getByLabel: Found zero products matching all criteria\nLooking for type: edm::TriggerResults\nLooking for module label: TriggerResults\nLooking for productInstanceName: \nLooking for process: HLT2\n   Additional Info:\n      [a] If you wish to continue processing events after a ProductNotFound exception,\nadd "SkipEvent = cms.untracked.vstring(\'ProductNotFound\')" to the "options" PSet in the configuration.\n', {'type': 'Fatal Exception', 'details': 'An exception of category \'ProductNotFound\' occurred while\n   [0] Processing run: 1 lumi: 456 event: 90819\n   [1] Running path \'p\'\n   [2] Calling event method for module BSM3G_TNT_Maker/\'TNT\'\nException Message:\nPrincipal::getByLabel: Found zero products matching all criteria\nLooking for type: edm::TriggerResults\nLooking for module label: TriggerResults\nLooking for productInstanceName: \nLooking for process: HLT2\n   Additional Info:\n      [a] If you wish to continue processing events after a ProductNotFound exception,\nadd "SkipEvent = cms.untracked.vstring(\'ProductNotFound\')" to the "options" PSet in the configuration.', 'exitCode': '8001'}]}, '17': {'State': 'failed', 'Error': [8001, 'CmsRunFailure\nCMSSW error message follows.\nFatal Exception\nAn exception of category \'ProductNotFound\' occurred while\n   [0] Processing run: 1 lumi: 5 event: 801\n   [1] Running path \'p\'\n   [2] Calling event method for module BSM3G_TNT_Maker/\'TNT\'\nException Message:\nPrincipal::getByLabel: Found zero products matching all criteria\nLooking for type: edm::TriggerResults\nLooking for module label: TriggerResults\nLooking for productInstanceName: \nLooking for process: HLT2\n   Additional Info:\n      [a] If you wish to continue processing events after a ProductNotFound exception,\nadd "SkipEvent = cms.untracked.vstring(\'ProductNotFound\')" to the "options" PSet in the configuration.\n', {'type': 'Fatal Exception', 'details': 'An exception of category \'ProductNotFound\' occurred while\n   [0] Processing run: 1 lumi: 5 event: 801\n   [1] Running path \'p\'\n   [2] Calling event method for module BSM3G_TNT_Maker/\'TNT\'\nException Message:\nPrincipal::getByLabel: Found zero products matching all criteria\nLooking for type: edm::TriggerResults\nLooking for module label: TriggerResults\nLooking for productInstanceName: \nLooking for process: HLT2\n   Additional Info:\n      [a] If you wish to continue processing events after a ProductNotFound exception,\nadd "SkipEvent = cms.untracked.vstring(\'ProductNotFound\')" to the "options" PSet in the configuration.', 'exitCode': '8001'}]}, '16': {'State': 'failed', 'Error': [8001, 'CmsRunFailure\nCMSSW error message follows.\nFatal Exception\nAn exception of category \'ProductNotFound\' occurred while\n   [0] Processing run: 1 lumi: 320 event: 63675\n   [1] Running path \'p\'\n   [2] Calling event method for module BSM3G_TNT_Maker/\'TNT\'\nException Message:\nPrincipal::getByLabel: Found zero products matching all criteria\nLooking for type: edm::TriggerResults\nLooking for module label: TriggerResults\nLooking for productInstanceName: \nLooking for process: HLT2\n   Additional Info:\n      [a] If you wish to continue processing events after a ProductNotFound exception,\nadd "SkipEvent = cms.untracked.vstring(\'ProductNotFound\')" to the "options" PSet in the configuration.\n', {'type': 'Fatal Exception', 'details': 'An exception of category \'ProductNotFound\' occurred while\n   [0] Processing run: 1 lumi: 320 event: 63675\n   [1] Running path \'p\'\n   [2] Calling event method for module BSM3G_TNT_Maker/\'TNT\'\nException Message:\nPrincipal::getByLabel: Found zero products matching all criteria\nLooking for type: edm::TriggerResults\nLooking for module label: TriggerResults\nLooking for productInstanceName: \nLooking for process: HLT2\n   Additional Info:\n      [a] If you wish to continue processing events after a ProductNotFound exception,\nadd "SkipEvent = cms.untracked.vstring(\'ProductNotFound\')" to the "options" PSet in the configuration.', 'exitCode': '8001'}]}, '19': {'State': 'failed', 'Error': [8001, 'CmsRunFailure\nCMSSW error message follows.\nFatal Exception\nAn exception of category \'ProductNotFound\' occurred while\n   [0] Processing run: 1 lumi: 141 event: 27945\n   [1] Running path \'p\'\n   [2] Calling event method for module BSM3G_TNT_Maker/\'TNT\'\nException Message:\nPrincipal::getByLabel: Found zero products matching all criteria\nLooking for type: edm::TriggerResults\nLooking for module label: TriggerResults\nLooking for productInstanceName: \nLooking for process: HLT2\n   Additional Info:\n      [a] If you wish to continue processing events after a ProductNotFound exception,\nadd "SkipEvent = cms.untracked.vstring(\'ProductNotFound\')" to the "options" PSet in the configuration.\n', {'type': 'Fatal Exception', 'details': 'An exception of category \'ProductNotFound\' occurred while\n   [0] Processing run: 1 lumi: 141 event: 27945\n   [1] Running path \'p\'\n   [2] Calling event method for module BSM3G_TNT_Maker/\'TNT\'\nException Message:\nPrincipal::getByLabel: Found zero products matching all criteria\nLooking for type: edm::TriggerResults\nLooking for module label: TriggerResults\nLooking for productInstanceName: \nLooking for process: HLT2\n   Additional Info:\n      [a] If you wish to continue processing events after a ProductNotFound exception,\nadd "SkipEvent = cms.untracked.vstring(\'ProductNotFound\')" to the "options" PSet in the configuration.', 'exitCode': '8001'}]}, '18': {'State': 'failed', 'Error': [8001, 'CmsRunFailure\nCMSSW error message follows.\nFatal Exception\nAn exception of category \'ProductNotFound\' occurred while\n   [0] Processing run: 1 lumi: 1268 event: 252895\n   [1] Running path \'p\'\n   [2] Calling event method for module BSM3G_TNT_Maker/\'TNT\'\nException Message:\nPrincipal::getByLabel: Found zero products matching all criteria\nLooking for type: edm::TriggerResults\nLooking for module label: TriggerResults\nLooking for productInstanceName: \nLooking for process: HLT2\n   Additional Info:\n      [a] If you wish to continue processing events after a ProductNotFound exception,\nadd "SkipEvent = cms.untracked.vstring(\'ProductNotFound\')" to the "options" PSet in the configuration.\n', {'type': 'Fatal Exception', 'details': 'An exception of category \'ProductNotFound\' occurred while\n   [0] Processing run: 1 lumi: 1268 event: 252895\n   [1] Running path \'p\'\n   [2] Calling event method for module BSM3G_TNT_Maker/\'TNT\'\nException Message:\nPrincipal::getByLabel: Found zero products matching all criteria\nLooking for type: edm::TriggerResults\nLooking for module label: TriggerResults\nLooking for productInstanceName: \nLooking for process: HLT2\n   Additional Info:\n      [a] If you wish to continue processing events after a ProductNotFound exception,\nadd "SkipEvent = cms.untracked.vstring(\'ProductNotFound\')" to the "options" PSet in the configuration.', 'exitCode': '8001'}]}}, 'publication': {}, 'taskWarningMsg': [], 'schedd': 'crab3@vocms0112.cern.ch', 'publicationFailures': {}, 'outdatasets': None, 'statusFailureMsg': '', 'taskFailureMsg': '', 'failedJobdefs': 0, 'ASOURL': 'https://cmsweb.cern.ch/couchdb2', 'command': 'SUBMIT', 'totalJobdefs': 0, 'submissionTime': 1469542173, 'jobdefErrors': [], 'collector': 'cmsgwms-collector-global.cern.ch,cmssrv221.fnal.gov', 'jobList': [['failed', 24], ['failed', 20], ['failed', 21], ['failed', 22], ['failed', 23], ['failed', 1], ['failed', 3], ['failed', 2], ['failed', 5], ['failed', 4], ['failed', 7], ['failed', 6], ['failed', 9], ['failed', 8], ['failed', 11], ['failed', 10], ['failed', 13], ['failed', 12], ['failed', 15], ['failed', 14], ['failed', 17], ['failed', 16], ['failed', 19], ['failed', 18]]}
INFO 2016-07-26 17:09:45,124: 	 CRAB project directory:		/afs/cern.ch/work/f/fromeo/CMSSW_8_0_12_FW/src/BSMFramework/BSM3G_TNT_Maker/crab/First2016_WW/crab_First2016_WW
INFO 2016-07-26 17:09:45,124: 	 Task name:			160726_140933:fromeo_crab_First2016_WW
INFO 2016-07-26 17:09:45,124: 	 Grid scheduler:			crab3@vocms0112.cern.ch
INFO 2016-07-26 17:09:45,124: 	 Task status:			FAILED
INFO 2016-07-26 17:09:45,124: 	 Dashboard monitoring URL:	http://dashb-cms-job.cern.ch/dashboard/templates/task-analysis/#user=fromeo&table=Mains&pattern=160726_140933%3Afromeo_crab_First2016_WW
INFO 2016-07-26 17:09:45,124: 	 
Jobs status:			failed        100.0% (24/24)
INFO 2016-07-26 17:09:45,124: 	 
No publication information available yet
INFO 2016-07-26 17:09:45,124: 	 
Error Summary: (use crab status --verboseErrors for details about the errors)

24 jobs failed with exit code 8001

Have a look at https://twiki.cern.ch/twiki/bin/viewauth/CMSPublic/JobExitCodes for a description of the exit codes.
INFO 2016-07-26 17:09:45,135: 	 Log file is /afs/cern.ch/work/f/fromeo/CMSSW_8_0_12_FW/src/BSMFramework/BSM3G_TNT_Maker/crab/First2016_WW/crab_First2016_WW/crab.log
DEBUG 2016-07-26 19:04:02,535: 	 Executing command: 'status'
DEBUG 2016-07-26 19:04:02,535: 	 Found CRAB cache file /afs/cern.ch/user/f/fromeo/.crab3
DEBUG 2016-07-26 19:04:02,609: 	 Checking credentials
DEBUG 2016-07-26 19:04:02,609: 	 Found proxy file /tmp/x509up_u30997
DEBUG 2016-07-26 19:04:02,609: 	 Getting proxy life time left
DEBUG 2016-07-26 19:04:03,430: 	 Executing : 
 command : voms-proxy-info -file /tmp/x509up_u30997 -timeleft
 output : 75677

 error: 
 retcode : 0
DEBUG 2016-07-26 19:04:04,253: 	 Executing : 
 command : voms-proxy-info -file /tmp/x509up_u30997 -actimeleft
 output : 75676

 error: 
 retcode : 0
DEBUG 2016-07-26 19:04:04,254: 	 Proxy valid for 21:01:17 hours
DEBUG 2016-07-26 19:04:04,992: 	 Executing : 
 command : openssl x509 -in ~/.globus/usercert.pem -subject -noout
 output : subject= /DC=ch/DC=cern/OU=Organic Units/OU=Users/CN=fromeo/CN=674630/CN=Francesco Romeo

 error: 
 retcode : 0
DEBUG 2016-07-26 19:04:04,992: 	 Checking credentials
DEBUG 2016-07-26 19:04:04,993: 	 Found proxy file /tmp/x509up_u30997
DEBUG 2016-07-26 19:04:04,993: 	 Getting proxy life time left
DEBUG 2016-07-26 19:04:05,601: 	 Executing : 
 command : voms-proxy-info -file /tmp/x509up_u30997 -timeleft
 output : 75675

 error: 
 retcode : 0
DEBUG 2016-07-26 19:04:06,211: 	 Executing : 
 command : voms-proxy-info -file /tmp/x509up_u30997 -actimeleft
 output : 75674

 error: 
 retcode : 0
DEBUG 2016-07-26 19:04:06,211: 	 Proxy valid for 21:01:15 hours
DEBUG 2016-07-26 19:04:06,597: 	 Registering user credentials for server /DC=ch/DC=cern/OU=computers/CN=vocms(045|052|021|031|0118|0118a|0119|0108).cern.ch
DEBUG 2016-07-26 19:04:06,715: 	 Executing : 
 command : openssl x509 -in ~/.globus/usercert.pem -subject -noout
 output : subject= /DC=ch/DC=cern/OU=Organic Units/OU=Users/CN=fromeo/CN=674630/CN=Francesco Romeo

 error: 
 retcode : 0
DEBUG 2016-07-26 19:04:06,715: 	 Getting myproxy life time left for myproxy.cern.ch
DEBUG 2016-07-26 19:04:06,715: 	 Calculating hash of /DC=ch/DC=cern/OU=Organic Units/OU=Users/CN=fromeo/CN=674630/CN=Francesco Romeo_cmsweb.cern.ch for credential name
DEBUG 2016-07-26 19:04:07,121: 	 Executing : 
 command : myproxy-info -l 83bb954b043085ec6b5075bf38fafc2a023a8c7b -s myproxy.cern.ch
 output : username: 83bb954b043085ec6b5075bf38fafc2a023a8c7b
owner: /DC=ch/DC=cern/OU=Organic Units/OU=Users/CN=fromeo/CN=674630/CN=Francesco Romeo
  renewal policy: /DC=ch/DC=cern/OU=computers/CN=vocms(045|052|021|031|0118|0118a|0119|0108).cern.ch
  trusted retrieval policy: /DC=ch/DC=cern/OU=computers/CN=vocms(045|052|021|031|0118|0118a|0119|0108).cern.ch
  timeleft: 384:47:04  (16.0 days)

 error: 
 retcode : 0
DEBUG 2016-07-26 19:04:07,125: 	 Myproxy is valid: 1385224
DEBUG 2016-07-26 19:04:07,125: 	 Command use: status
DEBUG 2016-07-26 19:04:07,125: 	 Options use: ['First2016_WW/crab_First2016_WW']
DEBUG 2016-07-26 19:04:07,456: 	 CRABClient version: 3.3.1607.patch1
DEBUG 2016-07-26 19:04:07,456: 	 Instance is prod
DEBUG 2016-07-26 19:04:07,456: 	 Server base url is cmsweb.cern.ch
DEBUG 2016-07-26 19:04:07,457: 	 Command url /crabserver/prod/workflow
DEBUG 2016-07-26 19:04:07,457: 	 Looking up detailed status of task 160726_140933:fromeo_crab_First2016_WW
DEBUG 2016-07-26 19:04:07,954: 	 {'status': 'FAILED', 'username': 'fromeo', 'jobsPerStatus': {'failed': 24}, 'jobs': {'24': {'State': 'failed', 'Error': [8001, 'CmsRunFailure\nCMSSW error message follows.\nFatal Exception\nAn exception of category \'ProductNotFound\' occurred while\n   [0] Processing run: 1 lumi: 45 event: 8785\n   [1] Running path \'p\'\n   [2] Calling event method for module BSM3G_TNT_Maker/\'TNT\'\nException Message:\nPrincipal::getByLabel: Found zero products matching all criteria\nLooking for type: edm::TriggerResults\nLooking for module label: TriggerResults\nLooking for productInstanceName: \nLooking for process: HLT2\n   Additional Info:\n      [a] If you wish to continue processing events after a ProductNotFound exception,\nadd "SkipEvent = cms.untracked.vstring(\'ProductNotFound\')" to the "options" PSet in the configuration.\n', {'type': 'Fatal Exception', 'details': 'An exception of category \'ProductNotFound\' occurred while\n   [0] Processing run: 1 lumi: 45 event: 8785\n   [1] Running path \'p\'\n   [2] Calling event method for module BSM3G_TNT_Maker/\'TNT\'\nException Message:\nPrincipal::getByLabel: Found zero products matching all criteria\nLooking for type: edm::TriggerResults\nLooking for module label: TriggerResults\nLooking for productInstanceName: \nLooking for process: HLT2\n   Additional Info:\n      [a] If you wish to continue processing events after a ProductNotFound exception,\nadd "SkipEvent = cms.untracked.vstring(\'ProductNotFound\')" to the "options" PSet in the configuration.', 'exitCode': '8001'}]}, '20': {'State': 'failed', 'Error': [8001, 'CmsRunFailure\nCMSSW error message follows.\nFatal Exception\nAn exception of category \'ProductNotFound\' occurred while\n   [0] Processing run: 1 lumi: 96 event: 18963\n   [1] Running path \'p\'\n   [2] Calling event method for module BSM3G_TNT_Maker/\'TNT\'\nException Message:\nPrincipal::getByLabel: Found zero products matching all criteria\nLooking for type: edm::TriggerResults\nLooking for module label: TriggerResults\nLooking for productInstanceName: \nLooking for process: HLT2\n   Additional Info:\n      [a] If you wish to continue processing events after a ProductNotFound exception,\nadd "SkipEvent = cms.untracked.vstring(\'ProductNotFound\')" to the "options" PSet in the configuration.\n', {'type': 'Fatal Exception', 'details': 'An exception of category \'ProductNotFound\' occurred while\n   [0] Processing run: 1 lumi: 96 event: 18963\n   [1] Running path \'p\'\n   [2] Calling event method for module BSM3G_TNT_Maker/\'TNT\'\nException Message:\nPrincipal::getByLabel: Found zero products matching all criteria\nLooking for type: edm::TriggerResults\nLooking for module label: TriggerResults\nLooking for productInstanceName: \nLooking for process: HLT2\n   Additional Info:\n      [a] If you wish to continue processing events after a ProductNotFound exception,\nadd "SkipEvent = cms.untracked.vstring(\'ProductNotFound\')" to the "options" PSet in the configuration.', 'exitCode': '8001'}]}, '21': {'State': 'failed', 'Error': [8001, 'CmsRunFailure\nCMSSW error message follows.\nFatal Exception\nAn exception of category \'ProductNotFound\' occurred while\n   [0] Processing run: 1 lumi: 50 event: 9783\n   [1] Running path \'p\'\n   [2] Calling event method for module BSM3G_TNT_Maker/\'TNT\'\nException Message:\nPrincipal::getByLabel: Found zero products matching all criteria\nLooking for type: edm::TriggerResults\nLooking for module label: TriggerResults\nLooking for productInstanceName: \nLooking for process: HLT2\n   Additional Info:\n      [a] If you wish to continue processing events after a ProductNotFound exception,\nadd "SkipEvent = cms.untracked.vstring(\'ProductNotFound\')" to the "options" PSet in the configuration.\n', {'type': 'Fatal Exception', 'details': 'An exception of category \'ProductNotFound\' occurred while\n   [0] Processing run: 1 lumi: 50 event: 9783\n   [1] Running path \'p\'\n   [2] Calling event method for module BSM3G_TNT_Maker/\'TNT\'\nException Message:\nPrincipal::getByLabel: Found zero products matching all criteria\nLooking for type: edm::TriggerResults\nLooking for module label: TriggerResults\nLooking for productInstanceName: \nLooking for process: HLT2\n   Additional Info:\n      [a] If you wish to continue processing events after a ProductNotFound exception,\nadd "SkipEvent = cms.untracked.vstring(\'ProductNotFound\')" to the "options" PSet in the configuration.', 'exitCode': '8001'}]}, '22': {'State': 'failed', 'Error': [8001, 'CmsRunFailure\nCMSSW error message follows.\nFatal Exception\nAn exception of category \'ProductNotFound\' occurred while\n   [0] Processing run: 1 lumi: 2591 event: 516965\n   [1] Running path \'p\'\n   [2] Calling event method for module BSM3G_TNT_Maker/\'TNT\'\nException Message:\nPrincipal::getByLabel: Found zero products matching all criteria\nLooking for type: edm::TriggerResults\nLooking for module label: TriggerResults\nLooking for productInstanceName: \nLooking for process: HLT2\n   Additional Info:\n      [a] If you wish to continue processing events after a ProductNotFound exception,\nadd "SkipEvent = cms.untracked.vstring(\'ProductNotFound\')" to the "options" PSet in the configuration.\n', {'type': 'Fatal Exception', 'details': 'An exception of category \'ProductNotFound\' occurred while\n   [0] Processing run: 1 lumi: 2591 event: 516965\n   [1] Running path \'p\'\n   [2] Calling event method for module BSM3G_TNT_Maker/\'TNT\'\nException Message:\nPrincipal::getByLabel: Found zero products matching all criteria\nLooking for type: edm::TriggerResults\nLooking for module label: TriggerResults\nLooking for productInstanceName: \nLooking for process: HLT2\n   Additional Info:\n      [a] If you wish to continue processing events after a ProductNotFound exception,\nadd "SkipEvent = cms.untracked.vstring(\'ProductNotFound\')" to the "options" PSet in the configuration.', 'exitCode': '8001'}]}, '23': {'State': 'failed', 'Error': [8001, 'CmsRunFailure\nCMSSW error message follows.\nFatal Exception\nAn exception of category \'ProductNotFound\' occurred while\n   [0] Processing run: 1 lumi: 2312 event: 461277\n   [1] Running path \'p\'\n   [2] Calling event method for module BSM3G_TNT_Maker/\'TNT\'\nException Message:\nPrincipal::getByLabel: Found zero products matching all criteria\nLooking for type: edm::TriggerResults\nLooking for module label: TriggerResults\nLooking for productInstanceName: \nLooking for process: HLT2\n   Additional Info:\n      [a] If you wish to continue processing events after a ProductNotFound exception,\nadd "SkipEvent = cms.untracked.vstring(\'ProductNotFound\')" to the "options" PSet in the configuration.\n', {'type': 'Fatal Exception', 'details': 'An exception of category \'ProductNotFound\' occurred while\n   [0] Processing run: 1 lumi: 2312 event: 461277\n   [1] Running path \'p\'\n   [2] Calling event method for module BSM3G_TNT_Maker/\'TNT\'\nException Message:\nPrincipal::getByLabel: Found zero products matching all criteria\nLooking for type: edm::TriggerResults\nLooking for module label: TriggerResults\nLooking for productInstanceName: \nLooking for process: HLT2\n   Additional Info:\n      [a] If you wish to continue processing events after a ProductNotFound exception,\nadd "SkipEvent = cms.untracked.vstring(\'ProductNotFound\')" to the "options" PSet in the configuration.', 'exitCode': '8001'}]}, '1': {'State': 'failed', 'Error': [8001, 'CmsRunFailure\nCMSSW error message follows.\nFatal Exception\nAn exception of category \'ProductNotFound\' occurred while\n   [0] Processing run: 1 lumi: 1 event: 1\n   [1] Running path \'p\'\n   [2] Calling event method for module BSM3G_TNT_Maker/\'TNT\'\nException Message:\nPrincipal::getByLabel: Found zero products matching all criteria\nLooking for type: edm::TriggerResults\nLooking for module label: TriggerResults\nLooking for productInstanceName: \nLooking for process: HLT2\n   Additional Info:\n      [a] If you wish to continue processing events after a ProductNotFound exception,\nadd "SkipEvent = cms.untracked.vstring(\'ProductNotFound\')" to the "options" PSet in the configuration.\n', {'type': 'Fatal Exception', 'details': 'An exception of category \'ProductNotFound\' occurred while\n   [0] Processing run: 1 lumi: 1 event: 1\n   [1] Running path \'p\'\n   [2] Calling event method for module BSM3G_TNT_Maker/\'TNT\'\nException Message:\nPrincipal::getByLabel: Found zero products matching all criteria\nLooking for type: edm::TriggerResults\nLooking for module label: TriggerResults\nLooking for productInstanceName: \nLooking for process: HLT2\n   Additional Info:\n      [a] If you wish to continue processing events after a ProductNotFound exception,\nadd "SkipEvent = cms.untracked.vstring(\'ProductNotFound\')" to the "options" PSet in the configuration.', 'exitCode': '8001'}]}, '3': {'State': 'failed', 'Error': [8001, 'CmsRunFailure\nCMSSW error message follows.\nFatal Exception\nAn exception of category \'ProductNotFound\' occurred while\n   [0] Processing run: 1 lumi: 584 event: 116369\n   [1] Running path \'p\'\n   [2] Calling event method for module BSM3G_TNT_Maker/\'TNT\'\nException Message:\nPrincipal::getByLabel: Found zero products matching all criteria\nLooking for type: edm::TriggerResults\nLooking for module label: TriggerResults\nLooking for productInstanceName: \nLooking for process: HLT2\n   Additional Info:\n      [a] If you wish to continue processing events after a ProductNotFound exception,\nadd "SkipEvent = cms.untracked.vstring(\'ProductNotFound\')" to the "options" PSet in the configuration.\n', {'type': 'Fatal Exception', 'details': 'An exception of category \'ProductNotFound\' occurred while\n   [0] Processing run: 1 lumi: 584 event: 116369\n   [1] Running path \'p\'\n   [2] Calling event method for module BSM3G_TNT_Maker/\'TNT\'\nException Message:\nPrincipal::getByLabel: Found zero products matching all criteria\nLooking for type: edm::TriggerResults\nLooking for module label: TriggerResults\nLooking for productInstanceName: \nLooking for process: HLT2\n   Additional Info:\n      [a] If you wish to continue processing events after a ProductNotFound exception,\nadd "SkipEvent = cms.untracked.vstring(\'ProductNotFound\')" to the "options" PSet in the configuration.', 'exitCode': '8001'}]}, '2': {'State': 'failed', 'Error': [8001, 'CmsRunFailure\nCMSSW error message follows.\nFatal Exception\nAn exception of category \'ProductNotFound\' occurred while\n   [0] Processing run: 1 lumi: 3413 event: 681037\n   [1] Running path \'p\'\n   [2] Calling event method for module BSM3G_TNT_Maker/\'TNT\'\nException Message:\nPrincipal::getByLabel: Found zero products matching all criteria\nLooking for type: edm::TriggerResults\nLooking for module label: TriggerResults\nLooking for productInstanceName: \nLooking for process: HLT2\n   Additional Info:\n      [a] If you wish to continue processing events after a ProductNotFound exception,\nadd "SkipEvent = cms.untracked.vstring(\'ProductNotFound\')" to the "options" PSet in the configuration.\n', {'type': 'Fatal Exception', 'details': 'An exception of category \'ProductNotFound\' occurred while\n   [0] Processing run: 1 lumi: 3413 event: 681037\n   [1] Running path \'p\'\n   [2] Calling event method for module BSM3G_TNT_Maker/\'TNT\'\nException Message:\nPrincipal::getByLabel: Found zero products matching all criteria\nLooking for type: edm::TriggerResults\nLooking for module label: TriggerResults\nLooking for productInstanceName: \nLooking for process: HLT2\n   Additional Info:\n      [a] If you wish to continue processing events after a ProductNotFound exception,\nadd "SkipEvent = cms.untracked.vstring(\'ProductNotFound\')" to the "options" PSet in the configuration.', 'exitCode': '8001'}]}, '5': {'State': 'failed', 'Error': [8001, 'CmsRunFailure\nCMSSW error message follows.\nFatal Exception\nAn exception of category \'ProductNotFound\' occurred while\n   [0] Processing run: 1 lumi: 81 event: 15969\n   [1] Running path \'p\'\n   [2] Calling event method for module BSM3G_TNT_Maker/\'TNT\'\nException Message:\nPrincipal::getByLabel: Found zero products matching all criteria\nLooking for type: edm::TriggerResults\nLooking for module label: TriggerResults\nLooking for productInstanceName: \nLooking for process: HLT2\n   Additional Info:\n      [a] If you wish to continue processing events after a ProductNotFound exception,\nadd "SkipEvent = cms.untracked.vstring(\'ProductNotFound\')" to the "options" PSet in the configuration.\n', {'type': 'Fatal Exception', 'details': 'An exception of category \'ProductNotFound\' occurred while\n   [0] Processing run: 1 lumi: 81 event: 15969\n   [1] Running path \'p\'\n   [2] Calling event method for module BSM3G_TNT_Maker/\'TNT\'\nException Message:\nPrincipal::getByLabel: Found zero products matching all criteria\nLooking for type: edm::TriggerResults\nLooking for module label: TriggerResults\nLooking for productInstanceName: \nLooking for process: HLT2\n   Additional Info:\n      [a] If you wish to continue processing events after a ProductNotFound exception,\nadd "SkipEvent = cms.untracked.vstring(\'ProductNotFound\')" to the "options" PSet in the configuration.', 'exitCode': '8001'}]}, '4': {'State': 'failed', 'Error': [8001, 'CmsRunFailure\nCMSSW error message follows.\nFatal Exception\nAn exception of category \'ProductNotFound\' occurred while\n   [0] Processing run: 1 lumi: 968 event: 193015\n   [1] Running path \'p\'\n   [2] Calling event method for module BSM3G_TNT_Maker/\'TNT\'\nException Message:\nPrincipal::getByLabel: Found zero products matching all criteria\nLooking for type: edm::TriggerResults\nLooking for module label: TriggerResults\nLooking for productInstanceName: \nLooking for process: HLT2\n   Additional Info:\n      [a] If you wish to continue processing events after a ProductNotFound exception,\nadd "SkipEvent = cms.untracked.vstring(\'ProductNotFound\')" to the "options" PSet in the configuration.\n', {'type': 'Fatal Exception', 'details': 'An exception of category \'ProductNotFound\' occurred while\n   [0] Processing run: 1 lumi: 968 event: 193015\n   [1] Running path \'p\'\n   [2] Calling event method for module BSM3G_TNT_Maker/\'TNT\'\nException Message:\nPrincipal::getByLabel: Found zero products matching all criteria\nLooking for type: edm::TriggerResults\nLooking for module label: TriggerResults\nLooking for productInstanceName: \nLooking for process: HLT2\n   Additional Info:\n      [a] If you wish to continue processing events after a ProductNotFound exception,\nadd "SkipEvent = cms.untracked.vstring(\'ProductNotFound\')" to the "options" PSet in the configuration.', 'exitCode': '8001'}]}, '7': {'State': 'failed', 'Error': [8001, 'CmsRunFailure\nCMSSW error message follows.\nFatal Exception\nAn exception of category \'ProductNotFound\' occurred while\n   [0] Processing run: 1 lumi: 196 event: 38923\n   [1] Running path \'p\'\n   [2] Calling event method for module BSM3G_TNT_Maker/\'TNT\'\nException Message:\nPrincipal::getByLabel: Found zero products matching all criteria\nLooking for type: edm::TriggerResults\nLooking for module label: TriggerResults\nLooking for productInstanceName: \nLooking for process: HLT2\n   Additional Info:\n      [a] If you wish to continue processing events after a ProductNotFound exception,\nadd "SkipEvent = cms.untracked.vstring(\'ProductNotFound\')" to the "options" PSet in the configuration.\n', {'type': 'Fatal Exception', 'details': 'An exception of category \'ProductNotFound\' occurred while\n   [0] Processing run: 1 lumi: 196 event: 38923\n   [1] Running path \'p\'\n   [2] Calling event method for module BSM3G_TNT_Maker/\'TNT\'\nException Message:\nPrincipal::getByLabel: Found zero products matching all criteria\nLooking for type: edm::TriggerResults\nLooking for module label: TriggerResults\nLooking for productInstanceName: \nLooking for process: HLT2\n   Additional Info:\n      [a] If you wish to continue processing events after a ProductNotFound exception,\nadd "SkipEvent = cms.untracked.vstring(\'ProductNotFound\')" to the "options" PSet in the configuration.', 'exitCode': '8001'}]}, '6': {'State': 'failed', 'Error': [8001, 'CmsRunFailure\nCMSSW error message follows.\nFatal Exception\nAn exception of category \'ProductNotFound\' occurred while\n   [0] Processing run: 1 lumi: 105 event: 20761\n   [1] Running path \'p\'\n   [2] Calling event method for module BSM3G_TNT_Maker/\'TNT\'\nException Message:\nPrincipal::getByLabel: Found zero products matching all criteria\nLooking for type: edm::TriggerResults\nLooking for module label: TriggerResults\nLooking for productInstanceName: \nLooking for process: HLT2\n   Additional Info:\n      [a] If you wish to continue processing events after a ProductNotFound exception,\nadd "SkipEvent = cms.untracked.vstring(\'ProductNotFound\')" to the "options" PSet in the configuration.\n', {'type': 'Fatal Exception', 'details': 'An exception of category \'ProductNotFound\' occurred while\n   [0] Processing run: 1 lumi: 105 event: 20761\n   [1] Running path \'p\'\n   [2] Calling event method for module BSM3G_TNT_Maker/\'TNT\'\nException Message:\nPrincipal::getByLabel: Found zero products matching all criteria\nLooking for type: edm::TriggerResults\nLooking for module label: TriggerResults\nLooking for productInstanceName: \nLooking for process: HLT2\n   Additional Info:\n      [a] If you wish to continue processing events after a ProductNotFound exception,\nadd "SkipEvent = cms.untracked.vstring(\'ProductNotFound\')" to the "options" PSet in the configuration.', 'exitCode': '8001'}]}, '9': {'State': 'failed', 'Error': [8001, 'CmsRunFailure\nCMSSW error message follows.\nFatal Exception\nAn exception of category \'ProductNotFound\' occurred while\n   [0] Processing run: 1 lumi: 126 event: 24951\n   [1] Running path \'p\'\n   [2] Calling event method for module BSM3G_TNT_Maker/\'TNT\'\nException Message:\nPrincipal::getByLabel: Found zero products matching all criteria\nLooking for type: edm::TriggerResults\nLooking for module label: TriggerResults\nLooking for productInstanceName: \nLooking for process: HLT2\n   Additional Info:\n      [a] If you wish to continue processing events after a ProductNotFound exception,\nadd "SkipEvent = cms.untracked.vstring(\'ProductNotFound\')" to the "options" PSet in the configuration.\n', {'type': 'Fatal Exception', 'details': 'An exception of category \'ProductNotFound\' occurred while\n   [0] Processing run: 1 lumi: 126 event: 24951\n   [1] Running path \'p\'\n   [2] Calling event method for module BSM3G_TNT_Maker/\'TNT\'\nException Message:\nPrincipal::getByLabel: Found zero products matching all criteria\nLooking for type: edm::TriggerResults\nLooking for module label: TriggerResults\nLooking for productInstanceName: \nLooking for process: HLT2\n   Additional Info:\n      [a] If you wish to continue processing events after a ProductNotFound exception,\nadd "SkipEvent = cms.untracked.vstring(\'ProductNotFound\')" to the "options" PSet in the configuration.', 'exitCode': '8001'}]}, '8': {'State': 'failed', 'Error': [8001, 'CmsRunFailure\nCMSSW error message follows.\nFatal Exception\nAn exception of category \'ProductNotFound\' occurred while\n   [0] Processing run: 1 lumi: 725 event: 144513\n   [1] Running path \'p\'\n   [2] Calling event method for module BSM3G_TNT_Maker/\'TNT\'\nException Message:\nPrincipal::getByLabel: Found zero products matching all criteria\nLooking for type: edm::TriggerResults\nLooking for module label: TriggerResults\nLooking for productInstanceName: \nLooking for process: HLT2\n   Additional Info:\n      [a] If you wish to continue processing events after a ProductNotFound exception,\nadd "SkipEvent = cms.untracked.vstring(\'ProductNotFound\')" to the "options" PSet in the configuration.\n', {'type': 'Fatal Exception', 'details': 'An exception of category \'ProductNotFound\' occurred while\n   [0] Processing run: 1 lumi: 725 event: 144513\n   [1] Running path \'p\'\n   [2] Calling event method for module BSM3G_TNT_Maker/\'TNT\'\nException Message:\nPrincipal::getByLabel: Found zero products matching all criteria\nLooking for type: edm::TriggerResults\nLooking for module label: TriggerResults\nLooking for productInstanceName: \nLooking for process: HLT2\n   Additional Info:\n      [a] If you wish to continue processing events after a ProductNotFound exception,\nadd "SkipEvent = cms.untracked.vstring(\'ProductNotFound\')" to the "options" PSet in the configuration.', 'exitCode': '8001'}]}, '11': {'State': 'failed', 'Error': [8001, 'CmsRunFailure\nCMSSW error message follows.\nFatal Exception\nAn exception of category \'ProductNotFound\' occurred while\n   [0] Processing run: 1 lumi: 773 event: 154093\n   [1] Running path \'p\'\n   [2] Calling event method for module BSM3G_TNT_Maker/\'TNT\'\nException Message:\nPrincipal::getByLabel: Found zero products matching all criteria\nLooking for type: edm::TriggerResults\nLooking for module label: TriggerResults\nLooking for productInstanceName: \nLooking for process: HLT2\n   Additional Info:\n      [a] If you wish to continue processing events after a ProductNotFound exception,\nadd "SkipEvent = cms.untracked.vstring(\'ProductNotFound\')" to the "options" PSet in the configuration.\n', {'type': 'Fatal Exception', 'details': 'An exception of category \'ProductNotFound\' occurred while\n   [0] Processing run: 1 lumi: 773 event: 154093\n   [1] Running path \'p\'\n   [2] Calling event method for module BSM3G_TNT_Maker/\'TNT\'\nException Message:\nPrincipal::getByLabel: Found zero products matching all criteria\nLooking for type: edm::TriggerResults\nLooking for module label: TriggerResults\nLooking for productInstanceName: \nLooking for process: HLT2\n   Additional Info:\n      [a] If you wish to continue processing events after a ProductNotFound exception,\nadd "SkipEvent = cms.untracked.vstring(\'ProductNotFound\')" to the "options" PSet in the configuration.', 'exitCode': '8001'}]}, '10': {'State': 'failed', 'Error': [8001, 'CmsRunFailure\nCMSSW error message follows.\nFatal Exception\nAn exception of category \'ProductNotFound\' occurred while\n   [0] Processing run: 1 lumi: 2530 event: 504791\n   [1] Running path \'p\'\n   [2] Calling event method for module BSM3G_TNT_Maker/\'TNT\'\nException Message:\nPrincipal::getByLabel: Found zero products matching all criteria\nLooking for type: edm::TriggerResults\nLooking for module label: TriggerResults\nLooking for productInstanceName: \nLooking for process: HLT2\n   Additional Info:\n      [a] If you wish to continue processing events after a ProductNotFound exception,\nadd "SkipEvent = cms.untracked.vstring(\'ProductNotFound\')" to the "options" PSet in the configuration.\n', {'type': 'Fatal Exception', 'details': 'An exception of category \'ProductNotFound\' occurred while\n   [0] Processing run: 1 lumi: 2530 event: 504791\n   [1] Running path \'p\'\n   [2] Calling event method for module BSM3G_TNT_Maker/\'TNT\'\nException Message:\nPrincipal::getByLabel: Found zero products matching all criteria\nLooking for type: edm::TriggerResults\nLooking for module label: TriggerResults\nLooking for productInstanceName: \nLooking for process: HLT2\n   Additional Info:\n      [a] If you wish to continue processing events after a ProductNotFound exception,\nadd "SkipEvent = cms.untracked.vstring(\'ProductNotFound\')" to the "options" PSet in the configuration.', 'exitCode': '8001'}]}, '13': {'State': 'failed', 'Error': [8001, 'CmsRunFailure\nCMSSW error message follows.\nFatal Exception\nAn exception of category \'ProductNotFound\' occurred while\n   [0] Processing run: 1 lumi: 200 event: 39723\n   [1] Running path \'p\'\n   [2] Calling event method for module BSM3G_TNT_Maker/\'TNT\'\nException Message:\nPrincipal::getByLabel: Found zero products matching all criteria\nLooking for type: edm::TriggerResults\nLooking for module label: TriggerResults\nLooking for productInstanceName: \nLooking for process: HLT2\n   Additional Info:\n      [a] If you wish to continue processing events after a ProductNotFound exception,\nadd "SkipEvent = cms.untracked.vstring(\'ProductNotFound\')" to the "options" PSet in the configuration.\n', {'type': 'Fatal Exception', 'details': 'An exception of category \'ProductNotFound\' occurred while\n   [0] Processing run: 1 lumi: 200 event: 39723\n   [1] Running path \'p\'\n   [2] Calling event method for module BSM3G_TNT_Maker/\'TNT\'\nException Message:\nPrincipal::getByLabel: Found zero products matching all criteria\nLooking for type: edm::TriggerResults\nLooking for module label: TriggerResults\nLooking for productInstanceName: \nLooking for process: HLT2\n   Additional Info:\n      [a] If you wish to continue processing events after a ProductNotFound exception,\nadd "SkipEvent = cms.untracked.vstring(\'ProductNotFound\')" to the "options" PSet in the configuration.', 'exitCode': '8001'}]}, '12': {'State': 'failed', 'Error': [8001, 'CmsRunFailure\nCMSSW error message follows.\nFatal Exception\nAn exception of category \'ProductNotFound\' occurred while\n   [0] Processing run: 1 lumi: 16 event: 2995\n   [1] Running path \'p\'\n   [2] Calling event method for module BSM3G_TNT_Maker/\'TNT\'\nException Message:\nPrincipal::getByLabel: Found zero products matching all criteria\nLooking for type: edm::TriggerResults\nLooking for module label: TriggerResults\nLooking for productInstanceName: \nLooking for process: HLT2\n   Additional Info:\n      [a] If you wish to continue processing events after a ProductNotFound exception,\nadd "SkipEvent = cms.untracked.vstring(\'ProductNotFound\')" to the "options" PSet in the configuration.\n', {'type': 'Fatal Exception', 'details': 'An exception of category \'ProductNotFound\' occurred while\n   [0] Processing run: 1 lumi: 16 event: 2995\n   [1] Running path \'p\'\n   [2] Calling event method for module BSM3G_TNT_Maker/\'TNT\'\nException Message:\nPrincipal::getByLabel: Found zero products matching all criteria\nLooking for type: edm::TriggerResults\nLooking for module label: TriggerResults\nLooking for productInstanceName: \nLooking for process: HLT2\n   Additional Info:\n      [a] If you wish to continue processing events after a ProductNotFound exception,\nadd "SkipEvent = cms.untracked.vstring(\'ProductNotFound\')" to the "options" PSet in the configuration.', 'exitCode': '8001'}]}, '15': {'State': 'failed', 'Error': [8001, 'CmsRunFailure\nCMSSW error message follows.\nFatal Exception\nAn exception of category \'ProductNotFound\' occurred while\n   [0] Processing run: 1 lumi: 35 event: 6789\n   [1] Running path \'p\'\n   [2] Calling event method for module BSM3G_TNT_Maker/\'TNT\'\nException Message:\nPrincipal::getByLabel: Found zero products matching all criteria\nLooking for type: edm::TriggerResults\nLooking for module label: TriggerResults\nLooking for productInstanceName: \nLooking for process: HLT2\n   Additional Info:\n      [a] If you wish to continue processing events after a ProductNotFound exception,\nadd "SkipEvent = cms.untracked.vstring(\'ProductNotFound\')" to the "options" PSet in the configuration.\n', {'type': 'Fatal Exception', 'details': 'An exception of category \'ProductNotFound\' occurred while\n   [0] Processing run: 1 lumi: 35 event: 6789\n   [1] Running path \'p\'\n   [2] Calling event method for module BSM3G_TNT_Maker/\'TNT\'\nException Message:\nPrincipal::getByLabel: Found zero products matching all criteria\nLooking for type: edm::TriggerResults\nLooking for module label: TriggerResults\nLooking for productInstanceName: \nLooking for process: HLT2\n   Additional Info:\n      [a] If you wish to continue processing events after a ProductNotFound exception,\nadd "SkipEvent = cms.untracked.vstring(\'ProductNotFound\')" to the "options" PSet in the configuration.', 'exitCode': '8001'}]}, '14': {'State': 'failed', 'Error': [8001, 'CmsRunFailure\nCMSSW error message follows.\nFatal Exception\nAn exception of category \'ProductNotFound\' occurred while\n   [0] Processing run: 1 lumi: 456 event: 90819\n   [1] Running path \'p\'\n   [2] Calling event method for module BSM3G_TNT_Maker/\'TNT\'\nException Message:\nPrincipal::getByLabel: Found zero products matching all criteria\nLooking for type: edm::TriggerResults\nLooking for module label: TriggerResults\nLooking for productInstanceName: \nLooking for process: HLT2\n   Additional Info:\n      [a] If you wish to continue processing events after a ProductNotFound exception,\nadd "SkipEvent = cms.untracked.vstring(\'ProductNotFound\')" to the "options" PSet in the configuration.\n', {'type': 'Fatal Exception', 'details': 'An exception of category \'ProductNotFound\' occurred while\n   [0] Processing run: 1 lumi: 456 event: 90819\n   [1] Running path \'p\'\n   [2] Calling event method for module BSM3G_TNT_Maker/\'TNT\'\nException Message:\nPrincipal::getByLabel: Found zero products matching all criteria\nLooking for type: edm::TriggerResults\nLooking for module label: TriggerResults\nLooking for productInstanceName: \nLooking for process: HLT2\n   Additional Info:\n      [a] If you wish to continue processing events after a ProductNotFound exception,\nadd "SkipEvent = cms.untracked.vstring(\'ProductNotFound\')" to the "options" PSet in the configuration.', 'exitCode': '8001'}]}, '17': {'State': 'failed', 'Error': [8001, 'CmsRunFailure\nCMSSW error message follows.\nFatal Exception\nAn exception of category \'ProductNotFound\' occurred while\n   [0] Processing run: 1 lumi: 5 event: 801\n   [1] Running path \'p\'\n   [2] Calling event method for module BSM3G_TNT_Maker/\'TNT\'\nException Message:\nPrincipal::getByLabel: Found zero products matching all criteria\nLooking for type: edm::TriggerResults\nLooking for module label: TriggerResults\nLooking for productInstanceName: \nLooking for process: HLT2\n   Additional Info:\n      [a] If you wish to continue processing events after a ProductNotFound exception,\nadd "SkipEvent = cms.untracked.vstring(\'ProductNotFound\')" to the "options" PSet in the configuration.\n', {'type': 'Fatal Exception', 'details': 'An exception of category \'ProductNotFound\' occurred while\n   [0] Processing run: 1 lumi: 5 event: 801\n   [1] Running path \'p\'\n   [2] Calling event method for module BSM3G_TNT_Maker/\'TNT\'\nException Message:\nPrincipal::getByLabel: Found zero products matching all criteria\nLooking for type: edm::TriggerResults\nLooking for module label: TriggerResults\nLooking for productInstanceName: \nLooking for process: HLT2\n   Additional Info:\n      [a] If you wish to continue processing events after a ProductNotFound exception,\nadd "SkipEvent = cms.untracked.vstring(\'ProductNotFound\')" to the "options" PSet in the configuration.', 'exitCode': '8001'}]}, '16': {'State': 'failed', 'Error': [8001, 'CmsRunFailure\nCMSSW error message follows.\nFatal Exception\nAn exception of category \'ProductNotFound\' occurred while\n   [0] Processing run: 1 lumi: 320 event: 63675\n   [1] Running path \'p\'\n   [2] Calling event method for module BSM3G_TNT_Maker/\'TNT\'\nException Message:\nPrincipal::getByLabel: Found zero products matching all criteria\nLooking for type: edm::TriggerResults\nLooking for module label: TriggerResults\nLooking for productInstanceName: \nLooking for process: HLT2\n   Additional Info:\n      [a] If you wish to continue processing events after a ProductNotFound exception,\nadd "SkipEvent = cms.untracked.vstring(\'ProductNotFound\')" to the "options" PSet in the configuration.\n', {'type': 'Fatal Exception', 'details': 'An exception of category \'ProductNotFound\' occurred while\n   [0] Processing run: 1 lumi: 320 event: 63675\n   [1] Running path \'p\'\n   [2] Calling event method for module BSM3G_TNT_Maker/\'TNT\'\nException Message:\nPrincipal::getByLabel: Found zero products matching all criteria\nLooking for type: edm::TriggerResults\nLooking for module label: TriggerResults\nLooking for productInstanceName: \nLooking for process: HLT2\n   Additional Info:\n      [a] If you wish to continue processing events after a ProductNotFound exception,\nadd "SkipEvent = cms.untracked.vstring(\'ProductNotFound\')" to the "options" PSet in the configuration.', 'exitCode': '8001'}]}, '19': {'State': 'failed', 'Error': [8001, 'CmsRunFailure\nCMSSW error message follows.\nFatal Exception\nAn exception of category \'ProductNotFound\' occurred while\n   [0] Processing run: 1 lumi: 141 event: 27945\n   [1] Running path \'p\'\n   [2] Calling event method for module BSM3G_TNT_Maker/\'TNT\'\nException Message:\nPrincipal::getByLabel: Found zero products matching all criteria\nLooking for type: edm::TriggerResults\nLooking for module label: TriggerResults\nLooking for productInstanceName: \nLooking for process: HLT2\n   Additional Info:\n      [a] If you wish to continue processing events after a ProductNotFound exception,\nadd "SkipEvent = cms.untracked.vstring(\'ProductNotFound\')" to the "options" PSet in the configuration.\n', {'type': 'Fatal Exception', 'details': 'An exception of category \'ProductNotFound\' occurred while\n   [0] Processing run: 1 lumi: 141 event: 27945\n   [1] Running path \'p\'\n   [2] Calling event method for module BSM3G_TNT_Maker/\'TNT\'\nException Message:\nPrincipal::getByLabel: Found zero products matching all criteria\nLooking for type: edm::TriggerResults\nLooking for module label: TriggerResults\nLooking for productInstanceName: \nLooking for process: HLT2\n   Additional Info:\n      [a] If you wish to continue processing events after a ProductNotFound exception,\nadd "SkipEvent = cms.untracked.vstring(\'ProductNotFound\')" to the "options" PSet in the configuration.', 'exitCode': '8001'}]}, '18': {'State': 'failed', 'Error': [8001, 'CmsRunFailure\nCMSSW error message follows.\nFatal Exception\nAn exception of category \'ProductNotFound\' occurred while\n   [0] Processing run: 1 lumi: 1268 event: 252895\n   [1] Running path \'p\'\n   [2] Calling event method for module BSM3G_TNT_Maker/\'TNT\'\nException Message:\nPrincipal::getByLabel: Found zero products matching all criteria\nLooking for type: edm::TriggerResults\nLooking for module label: TriggerResults\nLooking for productInstanceName: \nLooking for process: HLT2\n   Additional Info:\n      [a] If you wish to continue processing events after a ProductNotFound exception,\nadd "SkipEvent = cms.untracked.vstring(\'ProductNotFound\')" to the "options" PSet in the configuration.\n', {'type': 'Fatal Exception', 'details': 'An exception of category \'ProductNotFound\' occurred while\n   [0] Processing run: 1 lumi: 1268 event: 252895\n   [1] Running path \'p\'\n   [2] Calling event method for module BSM3G_TNT_Maker/\'TNT\'\nException Message:\nPrincipal::getByLabel: Found zero products matching all criteria\nLooking for type: edm::TriggerResults\nLooking for module label: TriggerResults\nLooking for productInstanceName: \nLooking for process: HLT2\n   Additional Info:\n      [a] If you wish to continue processing events after a ProductNotFound exception,\nadd "SkipEvent = cms.untracked.vstring(\'ProductNotFound\')" to the "options" PSet in the configuration.', 'exitCode': '8001'}]}}, 'publication': {}, 'taskWarningMsg': [], 'schedd': 'crab3@vocms0112.cern.ch', 'publicationFailures': {}, 'outdatasets': None, 'statusFailureMsg': '', 'taskFailureMsg': '', 'failedJobdefs': 0, 'ASOURL': 'https://cmsweb.cern.ch/couchdb2', 'command': 'SUBMIT', 'totalJobdefs': 0, 'submissionTime': 1469542173, 'jobdefErrors': [], 'collector': 'cmsgwms-collector-global.cern.ch,cmssrv221.fnal.gov', 'jobList': [['failed', 24], ['failed', 20], ['failed', 21], ['failed', 22], ['failed', 23], ['failed', 1], ['failed', 3], ['failed', 2], ['failed', 5], ['failed', 4], ['failed', 7], ['failed', 6], ['failed', 9], ['failed', 8], ['failed', 11], ['failed', 10], ['failed', 13], ['failed', 12], ['failed', 15], ['failed', 14], ['failed', 17], ['failed', 16], ['failed', 19], ['failed', 18]]}
INFO 2016-07-26 19:04:07,955: 	 CRAB project directory:		/afs/cern.ch/work/f/fromeo/CMSSW_8_0_12_FW/src/BSMFramework/BSM3G_TNT_Maker/crab/First2016_WW/crab_First2016_WW
INFO 2016-07-26 19:04:07,955: 	 Task name:			160726_140933:fromeo_crab_First2016_WW
INFO 2016-07-26 19:04:07,955: 	 Grid scheduler:			crab3@vocms0112.cern.ch
INFO 2016-07-26 19:04:07,955: 	 Task status:			FAILED
INFO 2016-07-26 19:04:07,955: 	 Dashboard monitoring URL:	http://dashb-cms-job.cern.ch/dashboard/templates/task-analysis/#user=fromeo&table=Mains&pattern=160726_140933%3Afromeo_crab_First2016_WW
INFO 2016-07-26 19:04:07,955: 	 
Jobs status:			failed        100.0% (24/24)
INFO 2016-07-26 19:04:07,955: 	 
No publication information available yet
INFO 2016-07-26 19:04:07,955: 	 
Error Summary: (use crab status --verboseErrors for details about the errors)

24 jobs failed with exit code 8001

Have a look at https://twiki.cern.ch/twiki/bin/viewauth/CMSPublic/JobExitCodes for a description of the exit codes.
INFO 2016-07-26 19:04:07,995: 	 Log file is /afs/cern.ch/work/f/fromeo/CMSSW_8_0_12_FW/src/BSMFramework/BSM3G_TNT_Maker/crab/First2016_WW/crab_First2016_WW/crab.log
