DEBUG 2016-07-26 16:10:05,122: 	 Executing command: 'submit'
DEBUG 2016-07-26 16:10:05,123: 	 Found CRAB cache file /afs/cern.ch/user/f/fromeo/.crab3
DEBUG 2016-07-26 16:10:05,134: 	 Checking credentials
DEBUG 2016-07-26 16:10:05,135: 	 Found proxy file /tmp/x509up_u30997
DEBUG 2016-07-26 16:10:05,135: 	 Getting proxy life time left
DEBUG 2016-07-26 16:10:05,745: 	 Executing : 
 command : voms-proxy-info -file /tmp/x509up_u30997 -timeleft
 output : 86115

 error: 
 retcode : 0
DEBUG 2016-07-26 16:10:06,252: 	 Executing : 
 command : voms-proxy-info -file /tmp/x509up_u30997 -actimeleft
 output : 86114

 error: 
 retcode : 0
DEBUG 2016-07-26 16:10:06,252: 	 Proxy valid for 23:55:15 hours
DEBUG 2016-07-26 16:10:06,253: 	 Will use CRAB Analysis plugin (i.e. will run an analysis job type).
DEBUG 2016-07-26 16:10:06,382: 	 Executing : 
 command : openssl x509 -in ~/.globus/usercert.pem -subject -noout
 output : subject= /DC=ch/DC=cern/OU=Organic Units/OU=Users/CN=fromeo/CN=674630/CN=Francesco Romeo

 error: 
 retcode : 0
DEBUG 2016-07-26 16:10:06,382: 	 Checking credentials
DEBUG 2016-07-26 16:10:06,383: 	 Found proxy file /tmp/x509up_u30997
DEBUG 2016-07-26 16:10:06,383: 	 Getting proxy life time left
DEBUG 2016-07-26 16:10:06,890: 	 Executing : 
 command : voms-proxy-info -file /tmp/x509up_u30997 -timeleft
 output : 86114

 error: 
 retcode : 0
DEBUG 2016-07-26 16:10:07,399: 	 Executing : 
 command : voms-proxy-info -file /tmp/x509up_u30997 -actimeleft
 output : 86113

 error: 
 retcode : 0
DEBUG 2016-07-26 16:10:07,399: 	 Proxy valid for 23:55:14 hours
DEBUG 2016-07-26 16:10:08,004: 	 Executing : 
 command : env X509_USER_PROXY=/tmp/x509up_u30997 voms-proxy-info -fqan
 output : /cms/Role=NULL/Capability=NULL

 error: 
 retcode : 0
DEBUG 2016-07-26 16:10:08,350: 	 Registering user credentials for server /DC=ch/DC=cern/OU=computers/CN=vocms(045|052|021|031|0118|0118a|0119|0108).cern.ch
DEBUG 2016-07-26 16:10:08,461: 	 Executing : 
 command : openssl x509 -in ~/.globus/usercert.pem -subject -noout
 output : subject= /DC=ch/DC=cern/OU=Organic Units/OU=Users/CN=fromeo/CN=674630/CN=Francesco Romeo

 error: 
 retcode : 0
DEBUG 2016-07-26 16:10:08,461: 	 Getting myproxy life time left for myproxy.cern.ch
DEBUG 2016-07-26 16:10:08,461: 	 Calculating hash of /DC=ch/DC=cern/OU=Organic Units/OU=Users/CN=fromeo/CN=674630/CN=Francesco Romeo_cmsweb.cern.ch for credential name
DEBUG 2016-07-26 16:10:08,666: 	 Executing : 
 command : myproxy-info -l 83bb954b043085ec6b5075bf38fafc2a023a8c7b -s myproxy.cern.ch
 output : username: 83bb954b043085ec6b5075bf38fafc2a023a8c7b
owner: /DC=ch/DC=cern/OU=Organic Units/OU=Users/CN=fromeo/CN=674630/CN=Francesco Romeo
  renewal policy: /DC=ch/DC=cern/OU=computers/CN=vocms(045|052|021|031|0118|0118a|0119|0108).cern.ch
  trusted retrieval policy: /DC=ch/DC=cern/OU=computers/CN=vocms(045|052|021|031|0118|0118a|0119|0108).cern.ch
  timeleft: 387:41:03  (16.2 days)

 error: 
 retcode : 0
DEBUG 2016-07-26 16:10:08,667: 	 Myproxy is valid: 1395663
DEBUG 2016-07-26 16:10:08,667: 	 Command use: submit
DEBUG 2016-07-26 16:10:08,667: 	 Options use: ['--config', <WMCore.Configuration.Configuration object at 0x7f2b480b3c90>]
DEBUG 2016-07-26 16:10:09,023: 	 CRABClient version: 3.3.1607.patch1
DEBUG 2016-07-26 16:10:09,024: 	 Instance is prod
DEBUG 2016-07-26 16:10:09,024: 	 Server base url is cmsweb.cern.ch
DEBUG 2016-07-26 16:10:09,024: 	 Command url /crabserver/prod/workflow
DEBUG 2016-07-26 16:10:09,024: 	 Started submission
DEBUG 2016-07-26 16:10:09,024: 	 Working on /afs/cern.ch/work/f/fromeo/CMSSW_8_0_12_FW/src/BSMFramework/BSM3G_TNT_Maker/crab/First2016_ZZ/crab_First2016_ZZ
DEBUG 2016-07-26 16:10:09,377: 	 Loading required information from the environment
DEBUG 2016-07-26 16:10:09,377: 	 Found CMSSW_8_0_12 for slc6_amd64_gcc530 with base /afs/cern.ch/work/f/fromeo/CMSSW_8_0_12_FW
DEBUG 2016-07-26 16:10:09,397: 	 UNIQUE NAME: tarUUID 230d31ad-2ce4-4df9-b06e-660edbb335e6 
DEBUG 2016-07-26 16:10:09,398: 	 self.config: from WMCore.Configuration import Configuration
config = Configuration()
config.section_('General')
config.General.workArea = 'First2016_ZZ'
config.General.requestName = 'First2016_ZZ'
config.section_('JobType')
config.JobType.psetName = '/afs/cern.ch/work/f/fromeo/CMSSW_8_0_12_FW/src/BSMFramework/BSM3G_TNT_Maker/python/miniAOD_MC.py'
config.JobType.pluginName = 'Analysis'
config.section_('Data')
config.Data.inputDataset = '/ZZ_TuneCUETP8M1_13TeV-pythia8/RunIISpring16MiniAODv2-PUSpring16_80X_mcRun2_asymptotic_2016_miniAODv2_v0-v1/MINIAODSIM'
config.Data.totalUnits = 2500
config.Data.unitsPerJob = 1
config.Data.inputDBS = 'global'
config.Data.splitting = 'FileBased'
config.Data.outLFNDirBase = '/store/user/fromeo/'
config.section_('Site')
config.Site.storageSite = 'T2_CN_Beijing'
config.section_('User')
config.section_('Debug')

DEBUG 2016-07-26 16:10:09,398: 	 self.config.JobType.psetName: /afs/cern.ch/work/f/fromeo/CMSSW_8_0_12_FW/src/BSMFramework/BSM3G_TNT_Maker/python/miniAOD_MC.py
INFO 2016-07-26 16:10:09,398: 	 Importing CMSSW configuration /afs/cern.ch/work/f/fromeo/CMSSW_8_0_12_FW/src/BSMFramework/BSM3G_TNT_Maker/python/miniAOD_MC.py
INFO 2016-07-26 16:10:09,410: 	 Finished importing CMSSW configuration /afs/cern.ch/work/f/fromeo/CMSSW_8_0_12_FW/src/BSMFramework/BSM3G_TNT_Maker/python/miniAOD_MC.py
DEBUG 2016-07-26 16:10:09,410: 	 Writing CMSSW configuration to /afs/cern.ch/work/f/fromeo/CMSSW_8_0_12_FW/src/BSMFramework/BSM3G_TNT_Maker/crab/First2016_ZZ/crab_First2016_ZZ/inputs/PSet.py
DEBUG 2016-07-26 16:10:09,518: 	 The following EDM output files will be collected: []
DEBUG 2016-07-26 16:10:09,518: 	 The following TFile output files will be collected: ['OutTree.root']
DEBUG 2016-07-26 16:10:09,519: 	 The following user output files will be collected: []
DEBUG 2016-07-26 16:10:09,519: 	 Loading required information from the environment
DEBUG 2016-07-26 16:10:09,519: 	 Found CMSSW_8_0_12 for slc6_amd64_gcc530 with base /afs/cern.ch/work/f/fromeo/CMSSW_8_0_12_FW
DEBUG 2016-07-26 16:10:09,519: 	 Making tarball in /afs/cern.ch/work/f/fromeo/CMSSW_8_0_12_FW/src/BSMFramework/BSM3G_TNT_Maker/crab/First2016_ZZ/crab_First2016_ZZ/inputs/230d31ad-2ce4-4df9-b06e-660edbb335e6default.tgz
DEBUG 2016-07-26 16:10:09,520: 	 Checking directory /afs/cern.ch/work/f/fromeo/CMSSW_8_0_12_FW/lib
DEBUG 2016-07-26 16:10:09,520: 	 Adding directory /afs/cern.ch/work/f/fromeo/CMSSW_8_0_12_FW/lib to tarball
DEBUG 2016-07-26 16:10:09,775: 	 Checking directory /afs/cern.ch/work/f/fromeo/CMSSW_8_0_12_FW/biglib
DEBUG 2016-07-26 16:10:09,775: 	 Adding directory /afs/cern.ch/work/f/fromeo/CMSSW_8_0_12_FW/biglib to tarball
DEBUG 2016-07-26 16:10:09,776: 	 Checking directory /afs/cern.ch/work/f/fromeo/CMSSW_8_0_12_FW/module
DEBUG 2016-07-26 16:10:09,797: 	 Adding data directory /afs/cern.ch/work/f/fromeo/CMSSW_8_0_12_FW/src/BSMFramework/BSM3G_TNT_Maker/data to tarball
DEBUG 2016-07-26 16:10:21,074: 	 Adding data directory /afs/cern.ch/work/f/fromeo/CMSSW_8_0_12_FW/src/BSMFramework/BSM3G_TNT_Maker/interface to tarball
DEBUG 2016-07-26 16:10:21,718: 	 Uploading archive /afs/cern.ch/work/f/fromeo/CMSSW_8_0_12_FW/src/BSMFramework/BSM3G_TNT_Maker/crab/First2016_ZZ/crab_First2016_ZZ/inputs/230d31ad-2ce4-4df9-b06e-660edbb335e6default.tgz to the CRAB cache. Using URI https://cmsweb.cern.ch/crabcache
DEBUG 2016-07-26 16:10:35,049: 	 Loading required information from the environment
DEBUG 2016-07-26 16:10:35,049: 	 Found CMSSW_8_0_12 for slc6_amd64_gcc530 with base /afs/cern.ch/work/f/fromeo/CMSSW_8_0_12_FW
DEBUG 2016-07-26 16:10:35,049: 	 Making tarball in /afs/cern.ch/work/f/fromeo/CMSSW_8_0_12_FW/src/BSMFramework/BSM3G_TNT_Maker/crab/First2016_ZZ/crab_First2016_ZZ/inputs/debugFiles.tgz
DEBUG 2016-07-26 16:10:35,058: 	 Uploading archive /afs/cern.ch/work/f/fromeo/CMSSW_8_0_12_FW/src/BSMFramework/BSM3G_TNT_Maker/crab/First2016_ZZ/crab_First2016_ZZ/inputs/debugFiles.tgz to the CRAB cache. Using URI https://cmsweb.cern.ch/crabcache
DEBUG 2016-07-26 16:10:35,445: 	 Result uploading input files: 7a111a33bd37f6861011a85d8bf9cf6cc9a8693dc6879c9c1a23d4a76c63844f.tar.gz 
WARNING 2016-07-26 16:10:35,446: 	 Warning: The following output files will not be published, as they are not EDM files: ['OutTree.root']
INFO 2016-07-26 16:10:35,446: 	 Sending the request to the server
DEBUG 2016-07-26 16:10:35,449: 	 Submitting {'maxjobruntime': 1250, 'ignorelocality': 0, 'savelogsflag': 0, 'useparent': 0, 'asyncdest': 'T2_CN_Beijing', 'algoargs': 1, 'cachefilename': '7a111a33bd37f6861011a85d8bf9cf6cc9a8693dc6879c9c1a23d4a76c63844f.tar.gz', 'numcores': 1, 'addoutputfiles': [], 'generator': 'pythia', 'maxmemory': 2000, 'publishdbsurl': 'https://cmsweb.cern.ch/dbs/prod/phys03/DBSWriter', 'priority': 10, 'jobsw': 'CMSSW_8_0_12', 'edmoutfiles': [], 'userfiles': [], 'primarydataset': '', 'inputdata': '/ZZ_TuneCUETP8M1_13TeV-pythia8/RunIISpring16MiniAODv2-PUSpring16_80X_mcRun2_asymptotic_2016_miniAODv2_v0-v1/MINIAODSIM', 'lfn': '/store/user/fromeo/', 'dryrun': 0, 'workflow': 'crab_First2016_ZZ', 'adduserfiles': [], 'nonprodsw': 0, 'tfileoutfiles': ['OutTree.root'], 'oneEventMode': 0, 'debugfilename': '0fe385daa54d5e56c5f1c5a9c9880a9f66fa82a90b1334c07a05321a33a5fdaa.tar.gz', 'cacheurl': 'https://cmsweb.cern.ch/crabcache', 'saveoutput': 1, 'publication': 1, 'jobarch': 'slc6_amd64_gcc530', 'totalunits': 2500, 'splitalgo': 'FileBased', 'nonvaliddata': 0, 'dbsurl': 'https://cmsweb.cern.ch/dbs/prod/global/DBSReader', 'publishgroupname': 0, 'jobtype': 'Analysis', 'publishname2': ''} 
DEBUG 2016-07-26 16:10:35,449: 	 Encoded submit request: maxjobruntime=1250&ignorelocality=0&savelogsflag=0&useparent=0&asyncdest=T2_CN_Beijing&algoargs=1&cachefilename=7a111a33bd37f6861011a85d8bf9cf6cc9a8693dc6879c9c1a23d4a76c63844f.tar.gz&numcores=1&generator=pythia&maxmemory=2000&publishdbsurl=https%3A%2F%2Fcmsweb.cern.ch%2Fdbs%2Fprod%2Fphys03%2FDBSWriter&priority=10&jobsw=CMSSW_8_0_12&primarydataset=&inputdata=%2FZZ_TuneCUETP8M1_13TeV-pythia8%2FRunIISpring16MiniAODv2-PUSpring16_80X_mcRun2_asymptotic_2016_miniAODv2_v0-v1%2FMINIAODSIM&lfn=%2Fstore%2Fuser%2Ffromeo%2F&dryrun=0&workflow=crab_First2016_ZZ&nonprodsw=0&oneEventMode=0&debugfilename=0fe385daa54d5e56c5f1c5a9c9880a9f66fa82a90b1334c07a05321a33a5fdaa.tar.gz&cacheurl=https%3A%2F%2Fcmsweb.cern.ch%2Fcrabcache&saveoutput=1&publication=1&jobarch=slc6_amd64_gcc530&totalunits=2500&splitalgo=FileBased&nonvaliddata=0&dbsurl=https%3A%2F%2Fcmsweb.cern.ch%2Fdbs%2Fprod%2Fglobal%2FDBSReader&publishgroupname=0&jobtype=Analysis&publishname2=&tfileoutfiles=OutTree.root
DEBUG 2016-07-26 16:10:36,183: 	 Result: {'result': [{'RequestName': '160726_141035:fromeo_crab_First2016_ZZ'}]}
INFO 2016-07-26 16:10:36,186: 	 Success: Your task has been delivered to the CRAB3 server.
INFO 2016-07-26 16:10:36,186: 	 Task name: 160726_141035:fromeo_crab_First2016_ZZ
INFO 2016-07-26 16:10:36,186: 	 Please use 'crab status' to check how the submission process proceeds.
DEBUG 2016-07-26 16:10:36,186: 	 About to return
DEBUG 2016-07-26 17:09:50,886: 	 Executing command: 'status'
DEBUG 2016-07-26 17:09:50,886: 	 Found CRAB cache file /afs/cern.ch/user/f/fromeo/.crab3
DEBUG 2016-07-26 17:09:50,899: 	 Checking credentials
DEBUG 2016-07-26 17:09:50,899: 	 Found proxy file /tmp/x509up_u30997
DEBUG 2016-07-26 17:09:50,899: 	 Getting proxy life time left
DEBUG 2016-07-26 17:09:51,507: 	 Executing : 
 command : voms-proxy-info -file /tmp/x509up_u30997 -timeleft
 output : 82529

 error: 
 retcode : 0
DEBUG 2016-07-26 17:09:52,218: 	 Executing : 
 command : voms-proxy-info -file /tmp/x509up_u30997 -actimeleft
 output : 82528

 error: 
 retcode : 0
DEBUG 2016-07-26 17:09:52,219: 	 Proxy valid for 22:55:29 hours
DEBUG 2016-07-26 17:09:52,366: 	 Executing : 
 command : openssl x509 -in ~/.globus/usercert.pem -subject -noout
 output : subject= /DC=ch/DC=cern/OU=Organic Units/OU=Users/CN=fromeo/CN=674630/CN=Francesco Romeo

 error: 
 retcode : 0
DEBUG 2016-07-26 17:09:52,367: 	 Checking credentials
DEBUG 2016-07-26 17:09:52,367: 	 Found proxy file /tmp/x509up_u30997
DEBUG 2016-07-26 17:09:52,367: 	 Getting proxy life time left
DEBUG 2016-07-26 17:09:52,971: 	 Executing : 
 command : voms-proxy-info -file /tmp/x509up_u30997 -timeleft
 output : 82528

 error: 
 retcode : 0
DEBUG 2016-07-26 17:09:53,585: 	 Executing : 
 command : voms-proxy-info -file /tmp/x509up_u30997 -actimeleft
 output : 82527

 error: 
 retcode : 0
DEBUG 2016-07-26 17:09:53,585: 	 Proxy valid for 22:55:28 hours
DEBUG 2016-07-26 17:09:53,904: 	 Registering user credentials for server /DC=ch/DC=cern/OU=computers/CN=vocms(045|052|021|031|0118|0118a|0119|0108).cern.ch
DEBUG 2016-07-26 17:09:54,014: 	 Executing : 
 command : openssl x509 -in ~/.globus/usercert.pem -subject -noout
 output : subject= /DC=ch/DC=cern/OU=Organic Units/OU=Users/CN=fromeo/CN=674630/CN=Francesco Romeo

 error: 
 retcode : 0
DEBUG 2016-07-26 17:09:54,014: 	 Getting myproxy life time left for myproxy.cern.ch
DEBUG 2016-07-26 17:09:54,014: 	 Calculating hash of /DC=ch/DC=cern/OU=Organic Units/OU=Users/CN=fromeo/CN=674630/CN=Francesco Romeo_cmsweb.cern.ch for credential name
DEBUG 2016-07-26 17:09:54,223: 	 Executing : 
 command : myproxy-info -l 83bb954b043085ec6b5075bf38fafc2a023a8c7b -s myproxy.cern.ch
 output : username: 83bb954b043085ec6b5075bf38fafc2a023a8c7b
owner: /DC=ch/DC=cern/OU=Organic Units/OU=Users/CN=fromeo/CN=674630/CN=Francesco Romeo
  renewal policy: /DC=ch/DC=cern/OU=computers/CN=vocms(045|052|021|031|0118|0118a|0119|0108).cern.ch
  trusted retrieval policy: /DC=ch/DC=cern/OU=computers/CN=vocms(045|052|021|031|0118|0118a|0119|0108).cern.ch
  timeleft: 386:41:17  (16.1 days)

 error: 
 retcode : 0
DEBUG 2016-07-26 17:09:54,227: 	 Myproxy is valid: 1392077
DEBUG 2016-07-26 17:09:54,227: 	 Command use: status
DEBUG 2016-07-26 17:09:54,227: 	 Options use: ['First2016_ZZ/crab_First2016_ZZ']
DEBUG 2016-07-26 17:09:54,593: 	 CRABClient version: 3.3.1607.patch1
DEBUG 2016-07-26 17:09:54,593: 	 Instance is prod
DEBUG 2016-07-26 17:09:54,593: 	 Server base url is cmsweb.cern.ch
DEBUG 2016-07-26 17:09:54,593: 	 Command url /crabserver/prod/workflow
DEBUG 2016-07-26 17:09:54,593: 	 Looking up detailed status of task 160726_141035:fromeo_crab_First2016_ZZ
DEBUG 2016-07-26 17:09:56,439: 	 {'status': 'FAILED', 'username': 'fromeo', 'jobsPerStatus': {'failed': 25}, 'jobs': {'24': {'State': 'failed', 'Error': [8001, 'CmsRunFailure\nCMSSW error message follows.\nFatal Exception\nAn exception of category \'ProductNotFound\' occurred while\n   [0] Processing run: 1 lumi: 377 event: 69201\n   [1] Running path \'p\'\n   [2] Calling event method for module BSM3G_TNT_Maker/\'TNT\'\nException Message:\nPrincipal::getByLabel: Found zero products matching all criteria\nLooking for type: edm::TriggerResults\nLooking for module label: TriggerResults\nLooking for productInstanceName: \nLooking for process: HLT2\n   Additional Info:\n      [a] If you wish to continue processing events after a ProductNotFound exception,\nadd "SkipEvent = cms.untracked.vstring(\'ProductNotFound\')" to the "options" PSet in the configuration.\n', {'type': 'Fatal Exception', 'details': 'An exception of category \'ProductNotFound\' occurred while\n   [0] Processing run: 1 lumi: 377 event: 69201\n   [1] Running path \'p\'\n   [2] Calling event method for module BSM3G_TNT_Maker/\'TNT\'\nException Message:\nPrincipal::getByLabel: Found zero products matching all criteria\nLooking for type: edm::TriggerResults\nLooking for module label: TriggerResults\nLooking for productInstanceName: \nLooking for process: HLT2\n   Additional Info:\n      [a] If you wish to continue processing events after a ProductNotFound exception,\nadd "SkipEvent = cms.untracked.vstring(\'ProductNotFound\')" to the "options" PSet in the configuration.', 'exitCode': '8001'}]}, '25': {'State': 'failed', 'Error': [8001, 'CmsRunFailure\nCMSSW error message follows.\nFatal Exception\nAn exception of category \'ProductNotFound\' occurred while\n   [0] Processing run: 1 lumi: 31 event: 5521\n   [1] Running path \'p\'\n   [2] Calling event method for module BSM3G_TNT_Maker/\'TNT\'\nException Message:\nPrincipal::getByLabel: Found zero products matching all criteria\nLooking for type: edm::TriggerResults\nLooking for module label: TriggerResults\nLooking for productInstanceName: \nLooking for process: HLT2\n   Additional Info:\n      [a] If you wish to continue processing events after a ProductNotFound exception,\nadd "SkipEvent = cms.untracked.vstring(\'ProductNotFound\')" to the "options" PSet in the configuration.\n', {'type': 'Fatal Exception', 'details': 'An exception of category \'ProductNotFound\' occurred while\n   [0] Processing run: 1 lumi: 31 event: 5521\n   [1] Running path \'p\'\n   [2] Calling event method for module BSM3G_TNT_Maker/\'TNT\'\nException Message:\nPrincipal::getByLabel: Found zero products matching all criteria\nLooking for type: edm::TriggerResults\nLooking for module label: TriggerResults\nLooking for productInstanceName: \nLooking for process: HLT2\n   Additional Info:\n      [a] If you wish to continue processing events after a ProductNotFound exception,\nadd "SkipEvent = cms.untracked.vstring(\'ProductNotFound\')" to the "options" PSet in the configuration.', 'exitCode': '8001'}]}, '20': {'State': 'failed', 'Error': [8001, 'CmsRunFailure\nCMSSW error message follows.\nFatal Exception\nAn exception of category \'ProductNotFound\' occurred while\n   [0] Processing run: 1 lumi: 643 event: 118129\n   [1] Running path \'p\'\n   [2] Calling event method for module BSM3G_TNT_Maker/\'TNT\'\nException Message:\nPrincipal::getByLabel: Found zero products matching all criteria\nLooking for type: edm::TriggerResults\nLooking for module label: TriggerResults\nLooking for productInstanceName: \nLooking for process: HLT2\n   Additional Info:\n      [a] If you wish to continue processing events after a ProductNotFound exception,\nadd "SkipEvent = cms.untracked.vstring(\'ProductNotFound\')" to the "options" PSet in the configuration.\n', {'type': 'Fatal Exception', 'details': 'An exception of category \'ProductNotFound\' occurred while\n   [0] Processing run: 1 lumi: 643 event: 118129\n   [1] Running path \'p\'\n   [2] Calling event method for module BSM3G_TNT_Maker/\'TNT\'\nException Message:\nPrincipal::getByLabel: Found zero products matching all criteria\nLooking for type: edm::TriggerResults\nLooking for module label: TriggerResults\nLooking for productInstanceName: \nLooking for process: HLT2\n   Additional Info:\n      [a] If you wish to continue processing events after a ProductNotFound exception,\nadd "SkipEvent = cms.untracked.vstring(\'ProductNotFound\')" to the "options" PSet in the configuration.', 'exitCode': '8001'}]}, '21': {'State': 'failed', 'Error': [8001, 'CmsRunFailure\nCMSSW error message follows.\nFatal Exception\nAn exception of category \'ProductNotFound\' occurred while\n   [0] Processing run: 1 lumi: 2482 event: 456505\n   [1] Running path \'p\'\n   [2] Calling event method for module BSM3G_TNT_Maker/\'TNT\'\nException Message:\nPrincipal::getByLabel: Found zero products matching all criteria\nLooking for type: edm::TriggerResults\nLooking for module label: TriggerResults\nLooking for productInstanceName: \nLooking for process: HLT2\n   Additional Info:\n      [a] If you wish to continue processing events after a ProductNotFound exception,\nadd "SkipEvent = cms.untracked.vstring(\'ProductNotFound\')" to the "options" PSet in the configuration.\n', {'type': 'Fatal Exception', 'details': 'An exception of category \'ProductNotFound\' occurred while\n   [0] Processing run: 1 lumi: 2482 event: 456505\n   [1] Running path \'p\'\n   [2] Calling event method for module BSM3G_TNT_Maker/\'TNT\'\nException Message:\nPrincipal::getByLabel: Found zero products matching all criteria\nLooking for type: edm::TriggerResults\nLooking for module label: TriggerResults\nLooking for productInstanceName: \nLooking for process: HLT2\n   Additional Info:\n      [a] If you wish to continue processing events after a ProductNotFound exception,\nadd "SkipEvent = cms.untracked.vstring(\'ProductNotFound\')" to the "options" PSet in the configuration.', 'exitCode': '8001'}]}, '22': {'State': 'failed', 'Error': [8001, 'CmsRunFailure\nCMSSW error message follows.\nFatal Exception\nAn exception of category \'ProductNotFound\' occurred while\n   [0] Processing run: 1 lumi: 25 event: 4417\n   [1] Running path \'p\'\n   [2] Calling event method for module BSM3G_TNT_Maker/\'TNT\'\nException Message:\nPrincipal::getByLabel: Found zero products matching all criteria\nLooking for type: edm::TriggerResults\nLooking for module label: TriggerResults\nLooking for productInstanceName: \nLooking for process: HLT2\n   Additional Info:\n      [a] If you wish to continue processing events after a ProductNotFound exception,\nadd "SkipEvent = cms.untracked.vstring(\'ProductNotFound\')" to the "options" PSet in the configuration.\n', {'type': 'Fatal Exception', 'details': 'An exception of category \'ProductNotFound\' occurred while\n   [0] Processing run: 1 lumi: 25 event: 4417\n   [1] Running path \'p\'\n   [2] Calling event method for module BSM3G_TNT_Maker/\'TNT\'\nException Message:\nPrincipal::getByLabel: Found zero products matching all criteria\nLooking for type: edm::TriggerResults\nLooking for module label: TriggerResults\nLooking for productInstanceName: \nLooking for process: HLT2\n   Additional Info:\n      [a] If you wish to continue processing events after a ProductNotFound exception,\nadd "SkipEvent = cms.untracked.vstring(\'ProductNotFound\')" to the "options" PSet in the configuration.', 'exitCode': '8001'}]}, '23': {'State': 'failed', 'Error': [8001, 'CmsRunFailure\nCMSSW error message follows.\nFatal Exception\nAn exception of category \'ProductNotFound\' occurred while\n   [0] Processing run: 1 lumi: 58 event: 10489\n   [1] Running path \'p\'\n   [2] Calling event method for module BSM3G_TNT_Maker/\'TNT\'\nException Message:\nPrincipal::getByLabel: Found zero products matching all criteria\nLooking for type: edm::TriggerResults\nLooking for module label: TriggerResults\nLooking for productInstanceName: \nLooking for process: HLT2\n   Additional Info:\n      [a] If you wish to continue processing events after a ProductNotFound exception,\nadd "SkipEvent = cms.untracked.vstring(\'ProductNotFound\')" to the "options" PSet in the configuration.\n', {'type': 'Fatal Exception', 'details': 'An exception of category \'ProductNotFound\' occurred while\n   [0] Processing run: 1 lumi: 58 event: 10489\n   [1] Running path \'p\'\n   [2] Calling event method for module BSM3G_TNT_Maker/\'TNT\'\nException Message:\nPrincipal::getByLabel: Found zero products matching all criteria\nLooking for type: edm::TriggerResults\nLooking for module label: TriggerResults\nLooking for productInstanceName: \nLooking for process: HLT2\n   Additional Info:\n      [a] If you wish to continue processing events after a ProductNotFound exception,\nadd "SkipEvent = cms.untracked.vstring(\'ProductNotFound\')" to the "options" PSet in the configuration.', 'exitCode': '8001'}]}, '1': {'State': 'failed', 'Error': [8001, 'CmsRunFailure\nCMSSW error message follows.\nFatal Exception\nAn exception of category \'ProductNotFound\' occurred while\n   [0] Processing run: 1 lumi: 13 event: 2209\n   [1] Running path \'p\'\n   [2] Calling event method for module BSM3G_TNT_Maker/\'TNT\'\nException Message:\nPrincipal::getByLabel: Found zero products matching all criteria\nLooking for type: edm::TriggerResults\nLooking for module label: TriggerResults\nLooking for productInstanceName: \nLooking for process: HLT2\n   Additional Info:\n      [a] If you wish to continue processing events after a ProductNotFound exception,\nadd "SkipEvent = cms.untracked.vstring(\'ProductNotFound\')" to the "options" PSet in the configuration.\n', {'type': 'Fatal Exception', 'details': 'An exception of category \'ProductNotFound\' occurred while\n   [0] Processing run: 1 lumi: 13 event: 2209\n   [1] Running path \'p\'\n   [2] Calling event method for module BSM3G_TNT_Maker/\'TNT\'\nException Message:\nPrincipal::getByLabel: Found zero products matching all criteria\nLooking for type: edm::TriggerResults\nLooking for module label: TriggerResults\nLooking for productInstanceName: \nLooking for process: HLT2\n   Additional Info:\n      [a] If you wish to continue processing events after a ProductNotFound exception,\nadd "SkipEvent = cms.untracked.vstring(\'ProductNotFound\')" to the "options" PSet in the configuration.', 'exitCode': '8001'}]}, '3': {'State': 'failed', 'Error': [8001, 'CmsRunFailure\nCMSSW error message follows.\nFatal Exception\nAn exception of category \'ProductNotFound\' occurred while\n   [0] Processing run: 1 lumi: 1 event: 1\n   [1] Running path \'p\'\n   [2] Calling event method for module BSM3G_TNT_Maker/\'TNT\'\nException Message:\nPrincipal::getByLabel: Found zero products matching all criteria\nLooking for type: edm::TriggerResults\nLooking for module label: TriggerResults\nLooking for productInstanceName: \nLooking for process: HLT2\n   Additional Info:\n      [a] If you wish to continue processing events after a ProductNotFound exception,\nadd "SkipEvent = cms.untracked.vstring(\'ProductNotFound\')" to the "options" PSet in the configuration.\n', {'type': 'Fatal Exception', 'details': 'An exception of category \'ProductNotFound\' occurred while\n   [0] Processing run: 1 lumi: 1 event: 1\n   [1] Running path \'p\'\n   [2] Calling event method for module BSM3G_TNT_Maker/\'TNT\'\nException Message:\nPrincipal::getByLabel: Found zero products matching all criteria\nLooking for type: edm::TriggerResults\nLooking for module label: TriggerResults\nLooking for productInstanceName: \nLooking for process: HLT2\n   Additional Info:\n      [a] If you wish to continue processing events after a ProductNotFound exception,\nadd "SkipEvent = cms.untracked.vstring(\'ProductNotFound\')" to the "options" PSet in the configuration.', 'exitCode': '8001'}]}, '2': {'State': 'failed', 'Error': [8001, 'CmsRunFailure\nCMSSW error message follows.\nFatal Exception\nAn exception of category \'ProductNotFound\' occurred while\n   [0] Processing run: 1 lumi: 82 event: 14905\n   [1] Running path \'p\'\n   [2] Calling event method for module BSM3G_TNT_Maker/\'TNT\'\nException Message:\nPrincipal::getByLabel: Found zero products matching all criteria\nLooking for type: edm::TriggerResults\nLooking for module label: TriggerResults\nLooking for productInstanceName: \nLooking for process: HLT2\n   Additional Info:\n      [a] If you wish to continue processing events after a ProductNotFound exception,\nadd "SkipEvent = cms.untracked.vstring(\'ProductNotFound\')" to the "options" PSet in the configuration.\n', {'type': 'Fatal Exception', 'details': 'An exception of category \'ProductNotFound\' occurred while\n   [0] Processing run: 1 lumi: 82 event: 14905\n   [1] Running path \'p\'\n   [2] Calling event method for module BSM3G_TNT_Maker/\'TNT\'\nException Message:\nPrincipal::getByLabel: Found zero products matching all criteria\nLooking for type: edm::TriggerResults\nLooking for module label: TriggerResults\nLooking for productInstanceName: \nLooking for process: HLT2\n   Additional Info:\n      [a] If you wish to continue processing events after a ProductNotFound exception,\nadd "SkipEvent = cms.untracked.vstring(\'ProductNotFound\')" to the "options" PSet in the configuration.', 'exitCode': '8001'}]}, '5': {'State': 'failed', 'Error': [8001, 'CmsRunFailure\nCMSSW error message follows.\nFatal Exception\nAn exception of category \'ProductNotFound\' occurred while\n   [0] Processing run: 1 lumi: 731 event: 134337\n   [1] Running path \'p\'\n   [2] Calling event method for module BSM3G_TNT_Maker/\'TNT\'\nException Message:\nPrincipal::getByLabel: Found zero products matching all criteria\nLooking for type: edm::TriggerResults\nLooking for module label: TriggerResults\nLooking for productInstanceName: \nLooking for process: HLT2\n   Additional Info:\n      [a] If you wish to continue processing events after a ProductNotFound exception,\nadd "SkipEvent = cms.untracked.vstring(\'ProductNotFound\')" to the "options" PSet in the configuration.\n', {'type': 'Fatal Exception', 'details': 'An exception of category \'ProductNotFound\' occurred while\n   [0] Processing run: 1 lumi: 731 event: 134337\n   [1] Running path \'p\'\n   [2] Calling event method for module BSM3G_TNT_Maker/\'TNT\'\nException Message:\nPrincipal::getByLabel: Found zero products matching all criteria\nLooking for type: edm::TriggerResults\nLooking for module label: TriggerResults\nLooking for productInstanceName: \nLooking for process: HLT2\n   Additional Info:\n      [a] If you wish to continue processing events after a ProductNotFound exception,\nadd "SkipEvent = cms.untracked.vstring(\'ProductNotFound\')" to the "options" PSet in the configuration.', 'exitCode': '8001'}]}, '4': {'State': 'failed', 'Error': [8001, 'CmsRunFailure\nCMSSW error message follows.\nFatal Exception\nAn exception of category \'ProductNotFound\' occurred while\n   [0] Processing run: 1 lumi: 4 event: 553\n   [1] Running path \'p\'\n   [2] Calling event method for module BSM3G_TNT_Maker/\'TNT\'\nException Message:\nPrincipal::getByLabel: Found zero products matching all criteria\nLooking for type: edm::TriggerResults\nLooking for module label: TriggerResults\nLooking for productInstanceName: \nLooking for process: HLT2\n   Additional Info:\n      [a] If you wish to continue processing events after a ProductNotFound exception,\nadd "SkipEvent = cms.untracked.vstring(\'ProductNotFound\')" to the "options" PSet in the configuration.\n', {'type': 'Fatal Exception', 'details': 'An exception of category \'ProductNotFound\' occurred while\n   [0] Processing run: 1 lumi: 4 event: 553\n   [1] Running path \'p\'\n   [2] Calling event method for module BSM3G_TNT_Maker/\'TNT\'\nException Message:\nPrincipal::getByLabel: Found zero products matching all criteria\nLooking for type: edm::TriggerResults\nLooking for module label: TriggerResults\nLooking for productInstanceName: \nLooking for process: HLT2\n   Additional Info:\n      [a] If you wish to continue processing events after a ProductNotFound exception,\nadd "SkipEvent = cms.untracked.vstring(\'ProductNotFound\')" to the "options" PSet in the configuration.', 'exitCode': '8001'}]}, '7': {'State': 'failed', 'Error': [8001, 'CmsRunFailure\nCMSSW error message follows.\nFatal Exception\nAn exception of category \'ProductNotFound\' occurred while\n   [0] Processing run: 1 lumi: 2347 event: 431665\n   [1] Running path \'p\'\n   [2] Calling event method for module BSM3G_TNT_Maker/\'TNT\'\nException Message:\nPrincipal::getByLabel: Found zero products matching all criteria\nLooking for type: edm::TriggerResults\nLooking for module label: TriggerResults\nLooking for productInstanceName: \nLooking for process: HLT2\n   Additional Info:\n      [a] If you wish to continue processing events after a ProductNotFound exception,\nadd "SkipEvent = cms.untracked.vstring(\'ProductNotFound\')" to the "options" PSet in the configuration.\n', {'type': 'Fatal Exception', 'details': 'An exception of category \'ProductNotFound\' occurred while\n   [0] Processing run: 1 lumi: 2347 event: 431665\n   [1] Running path \'p\'\n   [2] Calling event method for module BSM3G_TNT_Maker/\'TNT\'\nException Message:\nPrincipal::getByLabel: Found zero products matching all criteria\nLooking for type: edm::TriggerResults\nLooking for module label: TriggerResults\nLooking for productInstanceName: \nLooking for process: HLT2\n   Additional Info:\n      [a] If you wish to continue processing events after a ProductNotFound exception,\nadd "SkipEvent = cms.untracked.vstring(\'ProductNotFound\')" to the "options" PSet in the configuration.', 'exitCode': '8001'}]}, '6': {'State': 'failed', 'Error': [8001, 'CmsRunFailure\nCMSSW error message follows.\nFatal Exception\nAn exception of category \'ProductNotFound\' occurred while\n   [0] Processing run: 1 lumi: 999 event: 183665\n   [1] Running path \'p\'\n   [2] Calling event method for module BSM3G_TNT_Maker/\'TNT\'\nException Message:\nPrincipal::getByLabel: Found zero products matching all criteria\nLooking for type: edm::TriggerResults\nLooking for module label: TriggerResults\nLooking for productInstanceName: \nLooking for process: HLT2\n   Additional Info:\n      [a] If you wish to continue processing events after a ProductNotFound exception,\nadd "SkipEvent = cms.untracked.vstring(\'ProductNotFound\')" to the "options" PSet in the configuration.\n', {'type': 'Fatal Exception', 'details': 'An exception of category \'ProductNotFound\' occurred while\n   [0] Processing run: 1 lumi: 999 event: 183665\n   [1] Running path \'p\'\n   [2] Calling event method for module BSM3G_TNT_Maker/\'TNT\'\nException Message:\nPrincipal::getByLabel: Found zero products matching all criteria\nLooking for type: edm::TriggerResults\nLooking for module label: TriggerResults\nLooking for productInstanceName: \nLooking for process: HLT2\n   Additional Info:\n      [a] If you wish to continue processing events after a ProductNotFound exception,\nadd "SkipEvent = cms.untracked.vstring(\'ProductNotFound\')" to the "options" PSet in the configuration.', 'exitCode': '8001'}]}, '9': {'State': 'failed', 'Error': [8001, 'CmsRunFailure\nCMSSW error message follows.\nFatal Exception\nAn exception of category \'ProductNotFound\' occurred while\n   [0] Processing run: 1 lumi: 133 event: 24289\n   [1] Running path \'p\'\n   [2] Calling event method for module BSM3G_TNT_Maker/\'TNT\'\nException Message:\nPrincipal::getByLabel: Found zero products matching all criteria\nLooking for type: edm::TriggerResults\nLooking for module label: TriggerResults\nLooking for productInstanceName: \nLooking for process: HLT2\n   Additional Info:\n      [a] If you wish to continue processing events after a ProductNotFound exception,\nadd "SkipEvent = cms.untracked.vstring(\'ProductNotFound\')" to the "options" PSet in the configuration.\n', {'type': 'Fatal Exception', 'details': 'An exception of category \'ProductNotFound\' occurred while\n   [0] Processing run: 1 lumi: 133 event: 24289\n   [1] Running path \'p\'\n   [2] Calling event method for module BSM3G_TNT_Maker/\'TNT\'\nException Message:\nPrincipal::getByLabel: Found zero products matching all criteria\nLooking for type: edm::TriggerResults\nLooking for module label: TriggerResults\nLooking for productInstanceName: \nLooking for process: HLT2\n   Additional Info:\n      [a] If you wish to continue processing events after a ProductNotFound exception,\nadd "SkipEvent = cms.untracked.vstring(\'ProductNotFound\')" to the "options" PSet in the configuration.', 'exitCode': '8001'}]}, '8': {'State': 'failed', 'Error': [8001, 'CmsRunFailure\nCMSSW error message follows.\nFatal Exception\nAn exception of category \'ProductNotFound\' occurred while\n   [0] Processing run: 1 lumi: 94 event: 17113\n   [1] Running path \'p\'\n   [2] Calling event method for module BSM3G_TNT_Maker/\'TNT\'\nException Message:\nPrincipal::getByLabel: Found zero products matching all criteria\nLooking for type: edm::TriggerResults\nLooking for module label: TriggerResults\nLooking for productInstanceName: \nLooking for process: HLT2\n   Additional Info:\n      [a] If you wish to continue processing events after a ProductNotFound exception,\nadd "SkipEvent = cms.untracked.vstring(\'ProductNotFound\')" to the "options" PSet in the configuration.\n', {'type': 'Fatal Exception', 'details': 'An exception of category \'ProductNotFound\' occurred while\n   [0] Processing run: 1 lumi: 94 event: 17113\n   [1] Running path \'p\'\n   [2] Calling event method for module BSM3G_TNT_Maker/\'TNT\'\nException Message:\nPrincipal::getByLabel: Found zero products matching all criteria\nLooking for type: edm::TriggerResults\nLooking for module label: TriggerResults\nLooking for productInstanceName: \nLooking for process: HLT2\n   Additional Info:\n      [a] If you wish to continue processing events after a ProductNotFound exception,\nadd "SkipEvent = cms.untracked.vstring(\'ProductNotFound\')" to the "options" PSet in the configuration.', 'exitCode': '8001'}]}, '11': {'State': 'failed', 'Error': [8001, 'CmsRunFailure\nCMSSW error message follows.\nFatal Exception\nAn exception of category \'ProductNotFound\' occurred while\n   [0] Processing run: 1 lumi: 231 event: 42353\n   [1] Running path \'p\'\n   [2] Calling event method for module BSM3G_TNT_Maker/\'TNT\'\nException Message:\nPrincipal::getByLabel: Found zero products matching all criteria\nLooking for type: edm::TriggerResults\nLooking for module label: TriggerResults\nLooking for productInstanceName: \nLooking for process: HLT2\n   Additional Info:\n      [a] If you wish to continue processing events after a ProductNotFound exception,\nadd "SkipEvent = cms.untracked.vstring(\'ProductNotFound\')" to the "options" PSet in the configuration.\n', {'type': 'Fatal Exception', 'details': 'An exception of category \'ProductNotFound\' occurred while\n   [0] Processing run: 1 lumi: 231 event: 42353\n   [1] Running path \'p\'\n   [2] Calling event method for module BSM3G_TNT_Maker/\'TNT\'\nException Message:\nPrincipal::getByLabel: Found zero products matching all criteria\nLooking for type: edm::TriggerResults\nLooking for module label: TriggerResults\nLooking for productInstanceName: \nLooking for process: HLT2\n   Additional Info:\n      [a] If you wish to continue processing events after a ProductNotFound exception,\nadd "SkipEvent = cms.untracked.vstring(\'ProductNotFound\')" to the "options" PSet in the configuration.', 'exitCode': '8001'}]}, '10': {'State': 'failed', 'Error': [8001, 'CmsRunFailure\nCMSSW error message follows.\nFatal Exception\nAn exception of category \'ProductNotFound\' occurred while\n   [0] Processing run: 1 lumi: 4328 event: 796185\n   [1] Running path \'p\'\n   [2] Calling event method for module BSM3G_TNT_Maker/\'TNT\'\nException Message:\nPrincipal::getByLabel: Found zero products matching all criteria\nLooking for type: edm::TriggerResults\nLooking for module label: TriggerResults\nLooking for productInstanceName: \nLooking for process: HLT2\n   Additional Info:\n      [a] If you wish to continue processing events after a ProductNotFound exception,\nadd "SkipEvent = cms.untracked.vstring(\'ProductNotFound\')" to the "options" PSet in the configuration.\n', {'type': 'Fatal Exception', 'details': 'An exception of category \'ProductNotFound\' occurred while\n   [0] Processing run: 1 lumi: 4328 event: 796185\n   [1] Running path \'p\'\n   [2] Calling event method for module BSM3G_TNT_Maker/\'TNT\'\nException Message:\nPrincipal::getByLabel: Found zero products matching all criteria\nLooking for type: edm::TriggerResults\nLooking for module label: TriggerResults\nLooking for productInstanceName: \nLooking for process: HLT2\n   Additional Info:\n      [a] If you wish to continue processing events after a ProductNotFound exception,\nadd "SkipEvent = cms.untracked.vstring(\'ProductNotFound\')" to the "options" PSet in the configuration.', 'exitCode': '8001'}]}, '13': {'State': 'failed', 'Error': [8001, 'CmsRunFailure\nCMSSW error message follows.\nFatal Exception\nAn exception of category \'ProductNotFound\' occurred while\n   [0] Processing run: 1 lumi: 43 event: 7729\n   [1] Running path \'p\'\n   [2] Calling event method for module BSM3G_TNT_Maker/\'TNT\'\nException Message:\nPrincipal::getByLabel: Found zero products matching all criteria\nLooking for type: edm::TriggerResults\nLooking for module label: TriggerResults\nLooking for productInstanceName: \nLooking for process: HLT2\n   Additional Info:\n      [a] If you wish to continue processing events after a ProductNotFound exception,\nadd "SkipEvent = cms.untracked.vstring(\'ProductNotFound\')" to the "options" PSet in the configuration.\n', {'type': 'Fatal Exception', 'details': 'An exception of category \'ProductNotFound\' occurred while\n   [0] Processing run: 1 lumi: 43 event: 7729\n   [1] Running path \'p\'\n   [2] Calling event method for module BSM3G_TNT_Maker/\'TNT\'\nException Message:\nPrincipal::getByLabel: Found zero products matching all criteria\nLooking for type: edm::TriggerResults\nLooking for module label: TriggerResults\nLooking for productInstanceName: \nLooking for process: HLT2\n   Additional Info:\n      [a] If you wish to continue processing events after a ProductNotFound exception,\nadd "SkipEvent = cms.untracked.vstring(\'ProductNotFound\')" to the "options" PSet in the configuration.', 'exitCode': '8001'}]}, '12': {'State': 'failed', 'Error': [8001, 'CmsRunFailure\nCMSSW error message follows.\nFatal Exception\nAn exception of category \'ProductNotFound\' occurred while\n   [0] Processing run: 1 lumi: 364 event: 66793\n   [1] Running path \'p\'\n   [2] Calling event method for module BSM3G_TNT_Maker/\'TNT\'\nException Message:\nPrincipal::getByLabel: Found zero products matching all criteria\nLooking for type: edm::TriggerResults\nLooking for module label: TriggerResults\nLooking for productInstanceName: \nLooking for process: HLT2\n   Additional Info:\n      [a] If you wish to continue processing events after a ProductNotFound exception,\nadd "SkipEvent = cms.untracked.vstring(\'ProductNotFound\')" to the "options" PSet in the configuration.\n', {'type': 'Fatal Exception', 'details': 'An exception of category \'ProductNotFound\' occurred while\n   [0] Processing run: 1 lumi: 364 event: 66793\n   [1] Running path \'p\'\n   [2] Calling event method for module BSM3G_TNT_Maker/\'TNT\'\nException Message:\nPrincipal::getByLabel: Found zero products matching all criteria\nLooking for type: edm::TriggerResults\nLooking for module label: TriggerResults\nLooking for productInstanceName: \nLooking for process: HLT2\n   Additional Info:\n      [a] If you wish to continue processing events after a ProductNotFound exception,\nadd "SkipEvent = cms.untracked.vstring(\'ProductNotFound\')" to the "options" PSet in the configuration.', 'exitCode': '8001'}]}, '15': {'State': 'failed', 'Error': [8001, 'CmsRunFailure\nCMSSW error message follows.\nFatal Exception\nAn exception of category \'ProductNotFound\' occurred while\n   [0] Processing run: 1 lumi: 187 event: 34225\n   [1] Running path \'p\'\n   [2] Calling event method for module BSM3G_TNT_Maker/\'TNT\'\nException Message:\nPrincipal::getByLabel: Found zero products matching all criteria\nLooking for type: edm::TriggerResults\nLooking for module label: TriggerResults\nLooking for productInstanceName: \nLooking for process: HLT2\n   Additional Info:\n      [a] If you wish to continue processing events after a ProductNotFound exception,\nadd "SkipEvent = cms.untracked.vstring(\'ProductNotFound\')" to the "options" PSet in the configuration.\n', {'type': 'Fatal Exception', 'details': 'An exception of category \'ProductNotFound\' occurred while\n   [0] Processing run: 1 lumi: 187 event: 34225\n   [1] Running path \'p\'\n   [2] Calling event method for module BSM3G_TNT_Maker/\'TNT\'\nException Message:\nPrincipal::getByLabel: Found zero products matching all criteria\nLooking for type: edm::TriggerResults\nLooking for module label: TriggerResults\nLooking for productInstanceName: \nLooking for process: HLT2\n   Additional Info:\n      [a] If you wish to continue processing events after a ProductNotFound exception,\nadd "SkipEvent = cms.untracked.vstring(\'ProductNotFound\')" to the "options" PSet in the configuration.', 'exitCode': '8001'}]}, '14': {'State': 'failed', 'Error': [8001, 'CmsRunFailure\nCMSSW error message follows.\nFatal Exception\nAn exception of category \'ProductNotFound\' occurred while\n   [0] Processing run: 1 lumi: 438 event: 80441\n   [1] Running path \'p\'\n   [2] Calling event method for module BSM3G_TNT_Maker/\'TNT\'\nException Message:\nPrincipal::getByLabel: Found zero products matching all criteria\nLooking for type: edm::TriggerResults\nLooking for module label: TriggerResults\nLooking for productInstanceName: \nLooking for process: HLT2\n   Additional Info:\n      [a] If you wish to continue processing events after a ProductNotFound exception,\nadd "SkipEvent = cms.untracked.vstring(\'ProductNotFound\')" to the "options" PSet in the configuration.\n', {'type': 'Fatal Exception', 'details': 'An exception of category \'ProductNotFound\' occurred while\n   [0] Processing run: 1 lumi: 438 event: 80441\n   [1] Running path \'p\'\n   [2] Calling event method for module BSM3G_TNT_Maker/\'TNT\'\nException Message:\nPrincipal::getByLabel: Found zero products matching all criteria\nLooking for type: edm::TriggerResults\nLooking for module label: TriggerResults\nLooking for productInstanceName: \nLooking for process: HLT2\n   Additional Info:\n      [a] If you wish to continue processing events after a ProductNotFound exception,\nadd "SkipEvent = cms.untracked.vstring(\'ProductNotFound\')" to the "options" PSet in the configuration.', 'exitCode': '8001'}]}, '17': {'State': 'failed', 'Error': [8001, 'CmsRunFailure\nCMSSW error message follows.\nFatal Exception\nAn exception of category \'ProductNotFound\' occurred while\n   [0] Processing run: 1 lumi: 298 event: 54649\n   [1] Running path \'p\'\n   [2] Calling event method for module BSM3G_TNT_Maker/\'TNT\'\nException Message:\nPrincipal::getByLabel: Found zero products matching all criteria\nLooking for type: edm::TriggerResults\nLooking for module label: TriggerResults\nLooking for productInstanceName: \nLooking for process: HLT2\n   Additional Info:\n      [a] If you wish to continue processing events after a ProductNotFound exception,\nadd "SkipEvent = cms.untracked.vstring(\'ProductNotFound\')" to the "options" PSet in the configuration.\n', {'type': 'Fatal Exception', 'details': 'An exception of category \'ProductNotFound\' occurred while\n   [0] Processing run: 1 lumi: 298 event: 54649\n   [1] Running path \'p\'\n   [2] Calling event method for module BSM3G_TNT_Maker/\'TNT\'\nException Message:\nPrincipal::getByLabel: Found zero products matching all criteria\nLooking for type: edm::TriggerResults\nLooking for module label: TriggerResults\nLooking for productInstanceName: \nLooking for process: HLT2\n   Additional Info:\n      [a] If you wish to continue processing events after a ProductNotFound exception,\nadd "SkipEvent = cms.untracked.vstring(\'ProductNotFound\')" to the "options" PSet in the configuration.', 'exitCode': '8001'}]}, '16': {'State': 'failed', 'Error': [8001, 'CmsRunFailure\nCMSSW error message follows.\nFatal Exception\nAn exception of category \'ProductNotFound\' occurred while\n   [0] Processing run: 1 lumi: 392 event: 71961\n   [1] Running path \'p\'\n   [2] Calling event method for module BSM3G_TNT_Maker/\'TNT\'\nException Message:\nPrincipal::getByLabel: Found zero products matching all criteria\nLooking for type: edm::TriggerResults\nLooking for module label: TriggerResults\nLooking for productInstanceName: \nLooking for process: HLT2\n   Additional Info:\n      [a] If you wish to continue processing events after a ProductNotFound exception,\nadd "SkipEvent = cms.untracked.vstring(\'ProductNotFound\')" to the "options" PSet in the configuration.\n', {'type': 'Fatal Exception', 'details': 'An exception of category \'ProductNotFound\' occurred while\n   [0] Processing run: 1 lumi: 392 event: 71961\n   [1] Running path \'p\'\n   [2] Calling event method for module BSM3G_TNT_Maker/\'TNT\'\nException Message:\nPrincipal::getByLabel: Found zero products matching all criteria\nLooking for type: edm::TriggerResults\nLooking for module label: TriggerResults\nLooking for productInstanceName: \nLooking for process: HLT2\n   Additional Info:\n      [a] If you wish to continue processing events after a ProductNotFound exception,\nadd "SkipEvent = cms.untracked.vstring(\'ProductNotFound\')" to the "options" PSet in the configuration.', 'exitCode': '8001'}]}, '19': {'State': 'failed', 'Error': [8001, 'CmsRunFailure\nCMSSW error message follows.\nFatal Exception\nAn exception of category \'ProductNotFound\' occurred while\n   [0] Processing run: 1 lumi: 55 event: 9937\n   [1] Running path \'p\'\n   [2] Calling event method for module BSM3G_TNT_Maker/\'TNT\'\nException Message:\nPrincipal::getByLabel: Found zero products matching all criteria\nLooking for type: edm::TriggerResults\nLooking for module label: TriggerResults\nLooking for productInstanceName: \nLooking for process: HLT2\n   Additional Info:\n      [a] If you wish to continue processing events after a ProductNotFound exception,\nadd "SkipEvent = cms.untracked.vstring(\'ProductNotFound\')" to the "options" PSet in the configuration.\n', {'type': 'Fatal Exception', 'details': 'An exception of category \'ProductNotFound\' occurred while\n   [0] Processing run: 1 lumi: 55 event: 9937\n   [1] Running path \'p\'\n   [2] Calling event method for module BSM3G_TNT_Maker/\'TNT\'\nException Message:\nPrincipal::getByLabel: Found zero products matching all criteria\nLooking for type: edm::TriggerResults\nLooking for module label: TriggerResults\nLooking for productInstanceName: \nLooking for process: HLT2\n   Additional Info:\n      [a] If you wish to continue processing events after a ProductNotFound exception,\nadd "SkipEvent = cms.untracked.vstring(\'ProductNotFound\')" to the "options" PSet in the configuration.', 'exitCode': '8001'}]}, '18': {'State': 'failed', 'Error': [8001, 'CmsRunFailure\nCMSSW error message follows.\nFatal Exception\nAn exception of category \'ProductNotFound\' occurred while\n   [0] Processing run: 1 lumi: 46 event: 8281\n   [1] Running path \'p\'\n   [2] Calling event method for module BSM3G_TNT_Maker/\'TNT\'\nException Message:\nPrincipal::getByLabel: Found zero products matching all criteria\nLooking for type: edm::TriggerResults\nLooking for module label: TriggerResults\nLooking for productInstanceName: \nLooking for process: HLT2\n   Additional Info:\n      [a] If you wish to continue processing events after a ProductNotFound exception,\nadd "SkipEvent = cms.untracked.vstring(\'ProductNotFound\')" to the "options" PSet in the configuration.\n', {'type': 'Fatal Exception', 'details': 'An exception of category \'ProductNotFound\' occurred while\n   [0] Processing run: 1 lumi: 46 event: 8281\n   [1] Running path \'p\'\n   [2] Calling event method for module BSM3G_TNT_Maker/\'TNT\'\nException Message:\nPrincipal::getByLabel: Found zero products matching all criteria\nLooking for type: edm::TriggerResults\nLooking for module label: TriggerResults\nLooking for productInstanceName: \nLooking for process: HLT2\n   Additional Info:\n      [a] If you wish to continue processing events after a ProductNotFound exception,\nadd "SkipEvent = cms.untracked.vstring(\'ProductNotFound\')" to the "options" PSet in the configuration.', 'exitCode': '8001'}]}}, 'publication': {}, 'taskWarningMsg': [], 'schedd': 'crab3@submit-1.t2.ucsd.edu', 'publicationFailures': {}, 'outdatasets': None, 'statusFailureMsg': '', 'taskFailureMsg': '', 'failedJobdefs': 0, 'ASOURL': 'https://cmsweb.cern.ch/couchdb2', 'command': 'SUBMIT', 'totalJobdefs': 0, 'submissionTime': 1469542236, 'jobdefErrors': [], 'collector': 'cmsgwms-collector-global.cern.ch,cmssrv221.fnal.gov', 'jobList': [['failed', 24], ['failed', 25], ['failed', 20], ['failed', 21], ['failed', 22], ['failed', 23], ['failed', 1], ['failed', 3], ['failed', 2], ['failed', 5], ['failed', 4], ['failed', 7], ['failed', 6], ['failed', 9], ['failed', 8], ['failed', 11], ['failed', 10], ['failed', 13], ['failed', 12], ['failed', 15], ['failed', 14], ['failed', 17], ['failed', 16], ['failed', 19], ['failed', 18]]}
INFO 2016-07-26 17:09:56,439: 	 CRAB project directory:		/afs/cern.ch/work/f/fromeo/CMSSW_8_0_12_FW/src/BSMFramework/BSM3G_TNT_Maker/crab/First2016_ZZ/crab_First2016_ZZ
INFO 2016-07-26 17:09:56,439: 	 Task name:			160726_141035:fromeo_crab_First2016_ZZ
INFO 2016-07-26 17:09:56,439: 	 Grid scheduler:			crab3@submit-1.t2.ucsd.edu
INFO 2016-07-26 17:09:56,439: 	 Task status:			FAILED
INFO 2016-07-26 17:09:56,439: 	 Dashboard monitoring URL:	http://dashb-cms-job.cern.ch/dashboard/templates/task-analysis/#user=fromeo&table=Mains&pattern=160726_141035%3Afromeo_crab_First2016_ZZ
INFO 2016-07-26 17:09:56,439: 	 
Jobs status:			failed        100.0% (25/25)
INFO 2016-07-26 17:09:56,439: 	 
No publication information available yet
INFO 2016-07-26 17:09:56,440: 	 
Error Summary: (use crab status --verboseErrors for details about the errors)

25 jobs failed with exit code 8001

Have a look at https://twiki.cern.ch/twiki/bin/viewauth/CMSPublic/JobExitCodes for a description of the exit codes.
INFO 2016-07-26 17:09:56,449: 	 Log file is /afs/cern.ch/work/f/fromeo/CMSSW_8_0_12_FW/src/BSMFramework/BSM3G_TNT_Maker/crab/First2016_ZZ/crab_First2016_ZZ/crab.log
DEBUG 2016-07-26 19:04:15,823: 	 Executing command: 'status'
DEBUG 2016-07-26 19:04:15,824: 	 Found CRAB cache file /afs/cern.ch/user/f/fromeo/.crab3
DEBUG 2016-07-26 19:04:15,859: 	 Checking credentials
DEBUG 2016-07-26 19:04:15,859: 	 Found proxy file /tmp/x509up_u30997
DEBUG 2016-07-26 19:04:15,859: 	 Getting proxy life time left
DEBUG 2016-07-26 19:04:16,574: 	 Executing : 
 command : voms-proxy-info -file /tmp/x509up_u30997 -timeleft
 output : 75664

 error: 
 retcode : 0
DEBUG 2016-07-26 19:04:19,234: 	 Executing : 
 command : voms-proxy-info -file /tmp/x509up_u30997 -actimeleft
 output : 75661

 error: 
 retcode : 0
DEBUG 2016-07-26 19:04:19,234: 	 Proxy valid for 21:01:04 hours
DEBUG 2016-07-26 19:04:19,479: 	 Executing : 
 command : openssl x509 -in ~/.globus/usercert.pem -subject -noout
 output : subject= /DC=ch/DC=cern/OU=Organic Units/OU=Users/CN=fromeo/CN=674630/CN=Francesco Romeo

 error: 
 retcode : 0
DEBUG 2016-07-26 19:04:19,480: 	 Checking credentials
DEBUG 2016-07-26 19:04:19,480: 	 Found proxy file /tmp/x509up_u30997
DEBUG 2016-07-26 19:04:19,480: 	 Getting proxy life time left
DEBUG 2016-07-26 19:04:20,205: 	 Executing : 
 command : voms-proxy-info -file /tmp/x509up_u30997 -timeleft
 output : 75660

 error: 
 retcode : 0
DEBUG 2016-07-26 19:04:20,941: 	 Executing : 
 command : voms-proxy-info -file /tmp/x509up_u30997 -actimeleft
 output : 75660

 error: 
 retcode : 0
DEBUG 2016-07-26 19:04:20,941: 	 Proxy valid for 21:01:00 hours
DEBUG 2016-07-26 19:04:21,338: 	 Registering user credentials for server /DC=ch/DC=cern/OU=computers/CN=vocms(045|052|021|031|0118|0118a|0119|0108).cern.ch
DEBUG 2016-07-26 19:04:21,451: 	 Executing : 
 command : openssl x509 -in ~/.globus/usercert.pem -subject -noout
 output : subject= /DC=ch/DC=cern/OU=Organic Units/OU=Users/CN=fromeo/CN=674630/CN=Francesco Romeo

 error: 
 retcode : 0
DEBUG 2016-07-26 19:04:21,452: 	 Getting myproxy life time left for myproxy.cern.ch
DEBUG 2016-07-26 19:04:21,452: 	 Calculating hash of /DC=ch/DC=cern/OU=Organic Units/OU=Users/CN=fromeo/CN=674630/CN=Francesco Romeo_cmsweb.cern.ch for credential name
DEBUG 2016-07-26 19:04:21,859: 	 Executing : 
 command : myproxy-info -l 83bb954b043085ec6b5075bf38fafc2a023a8c7b -s myproxy.cern.ch
 output : username: 83bb954b043085ec6b5075bf38fafc2a023a8c7b
owner: /DC=ch/DC=cern/OU=Organic Units/OU=Users/CN=fromeo/CN=674630/CN=Francesco Romeo
  renewal policy: /DC=ch/DC=cern/OU=computers/CN=vocms(045|052|021|031|0118|0118a|0119|0108).cern.ch
  trusted retrieval policy: /DC=ch/DC=cern/OU=computers/CN=vocms(045|052|021|031|0118|0118a|0119|0108).cern.ch
  timeleft: 384:46:50  (16.0 days)

 error: 
 retcode : 0
DEBUG 2016-07-26 19:04:21,862: 	 Myproxy is valid: 1385210
DEBUG 2016-07-26 19:04:21,862: 	 Command use: status
DEBUG 2016-07-26 19:04:21,862: 	 Options use: ['First2016_ZZ/crab_First2016_ZZ']
DEBUG 2016-07-26 19:04:22,308: 	 CRABClient version: 3.3.1607.patch1
DEBUG 2016-07-26 19:04:22,308: 	 Instance is prod
DEBUG 2016-07-26 19:04:22,308: 	 Server base url is cmsweb.cern.ch
DEBUG 2016-07-26 19:04:22,308: 	 Command url /crabserver/prod/workflow
DEBUG 2016-07-26 19:04:22,308: 	 Looking up detailed status of task 160726_141035:fromeo_crab_First2016_ZZ
DEBUG 2016-07-26 19:04:24,132: 	 {'status': 'FAILED', 'username': 'fromeo', 'jobsPerStatus': {'failed': 25}, 'jobs': {'24': {'State': 'failed', 'Error': [8001, 'CmsRunFailure\nCMSSW error message follows.\nFatal Exception\nAn exception of category \'ProductNotFound\' occurred while\n   [0] Processing run: 1 lumi: 377 event: 69201\n   [1] Running path \'p\'\n   [2] Calling event method for module BSM3G_TNT_Maker/\'TNT\'\nException Message:\nPrincipal::getByLabel: Found zero products matching all criteria\nLooking for type: edm::TriggerResults\nLooking for module label: TriggerResults\nLooking for productInstanceName: \nLooking for process: HLT2\n   Additional Info:\n      [a] If you wish to continue processing events after a ProductNotFound exception,\nadd "SkipEvent = cms.untracked.vstring(\'ProductNotFound\')" to the "options" PSet in the configuration.\n', {'type': 'Fatal Exception', 'details': 'An exception of category \'ProductNotFound\' occurred while\n   [0] Processing run: 1 lumi: 377 event: 69201\n   [1] Running path \'p\'\n   [2] Calling event method for module BSM3G_TNT_Maker/\'TNT\'\nException Message:\nPrincipal::getByLabel: Found zero products matching all criteria\nLooking for type: edm::TriggerResults\nLooking for module label: TriggerResults\nLooking for productInstanceName: \nLooking for process: HLT2\n   Additional Info:\n      [a] If you wish to continue processing events after a ProductNotFound exception,\nadd "SkipEvent = cms.untracked.vstring(\'ProductNotFound\')" to the "options" PSet in the configuration.', 'exitCode': '8001'}]}, '25': {'State': 'failed', 'Error': [8001, 'CmsRunFailure\nCMSSW error message follows.\nFatal Exception\nAn exception of category \'ProductNotFound\' occurred while\n   [0] Processing run: 1 lumi: 31 event: 5521\n   [1] Running path \'p\'\n   [2] Calling event method for module BSM3G_TNT_Maker/\'TNT\'\nException Message:\nPrincipal::getByLabel: Found zero products matching all criteria\nLooking for type: edm::TriggerResults\nLooking for module label: TriggerResults\nLooking for productInstanceName: \nLooking for process: HLT2\n   Additional Info:\n      [a] If you wish to continue processing events after a ProductNotFound exception,\nadd "SkipEvent = cms.untracked.vstring(\'ProductNotFound\')" to the "options" PSet in the configuration.\n', {'type': 'Fatal Exception', 'details': 'An exception of category \'ProductNotFound\' occurred while\n   [0] Processing run: 1 lumi: 31 event: 5521\n   [1] Running path \'p\'\n   [2] Calling event method for module BSM3G_TNT_Maker/\'TNT\'\nException Message:\nPrincipal::getByLabel: Found zero products matching all criteria\nLooking for type: edm::TriggerResults\nLooking for module label: TriggerResults\nLooking for productInstanceName: \nLooking for process: HLT2\n   Additional Info:\n      [a] If you wish to continue processing events after a ProductNotFound exception,\nadd "SkipEvent = cms.untracked.vstring(\'ProductNotFound\')" to the "options" PSet in the configuration.', 'exitCode': '8001'}]}, '20': {'State': 'failed', 'Error': [8001, 'CmsRunFailure\nCMSSW error message follows.\nFatal Exception\nAn exception of category \'ProductNotFound\' occurred while\n   [0] Processing run: 1 lumi: 643 event: 118129\n   [1] Running path \'p\'\n   [2] Calling event method for module BSM3G_TNT_Maker/\'TNT\'\nException Message:\nPrincipal::getByLabel: Found zero products matching all criteria\nLooking for type: edm::TriggerResults\nLooking for module label: TriggerResults\nLooking for productInstanceName: \nLooking for process: HLT2\n   Additional Info:\n      [a] If you wish to continue processing events after a ProductNotFound exception,\nadd "SkipEvent = cms.untracked.vstring(\'ProductNotFound\')" to the "options" PSet in the configuration.\n', {'type': 'Fatal Exception', 'details': 'An exception of category \'ProductNotFound\' occurred while\n   [0] Processing run: 1 lumi: 643 event: 118129\n   [1] Running path \'p\'\n   [2] Calling event method for module BSM3G_TNT_Maker/\'TNT\'\nException Message:\nPrincipal::getByLabel: Found zero products matching all criteria\nLooking for type: edm::TriggerResults\nLooking for module label: TriggerResults\nLooking for productInstanceName: \nLooking for process: HLT2\n   Additional Info:\n      [a] If you wish to continue processing events after a ProductNotFound exception,\nadd "SkipEvent = cms.untracked.vstring(\'ProductNotFound\')" to the "options" PSet in the configuration.', 'exitCode': '8001'}]}, '21': {'State': 'failed', 'Error': [8001, 'CmsRunFailure\nCMSSW error message follows.\nFatal Exception\nAn exception of category \'ProductNotFound\' occurred while\n   [0] Processing run: 1 lumi: 2482 event: 456505\n   [1] Running path \'p\'\n   [2] Calling event method for module BSM3G_TNT_Maker/\'TNT\'\nException Message:\nPrincipal::getByLabel: Found zero products matching all criteria\nLooking for type: edm::TriggerResults\nLooking for module label: TriggerResults\nLooking for productInstanceName: \nLooking for process: HLT2\n   Additional Info:\n      [a] If you wish to continue processing events after a ProductNotFound exception,\nadd "SkipEvent = cms.untracked.vstring(\'ProductNotFound\')" to the "options" PSet in the configuration.\n', {'type': 'Fatal Exception', 'details': 'An exception of category \'ProductNotFound\' occurred while\n   [0] Processing run: 1 lumi: 2482 event: 456505\n   [1] Running path \'p\'\n   [2] Calling event method for module BSM3G_TNT_Maker/\'TNT\'\nException Message:\nPrincipal::getByLabel: Found zero products matching all criteria\nLooking for type: edm::TriggerResults\nLooking for module label: TriggerResults\nLooking for productInstanceName: \nLooking for process: HLT2\n   Additional Info:\n      [a] If you wish to continue processing events after a ProductNotFound exception,\nadd "SkipEvent = cms.untracked.vstring(\'ProductNotFound\')" to the "options" PSet in the configuration.', 'exitCode': '8001'}]}, '22': {'State': 'failed', 'Error': [8001, 'CmsRunFailure\nCMSSW error message follows.\nFatal Exception\nAn exception of category \'ProductNotFound\' occurred while\n   [0] Processing run: 1 lumi: 25 event: 4417\n   [1] Running path \'p\'\n   [2] Calling event method for module BSM3G_TNT_Maker/\'TNT\'\nException Message:\nPrincipal::getByLabel: Found zero products matching all criteria\nLooking for type: edm::TriggerResults\nLooking for module label: TriggerResults\nLooking for productInstanceName: \nLooking for process: HLT2\n   Additional Info:\n      [a] If you wish to continue processing events after a ProductNotFound exception,\nadd "SkipEvent = cms.untracked.vstring(\'ProductNotFound\')" to the "options" PSet in the configuration.\n', {'type': 'Fatal Exception', 'details': 'An exception of category \'ProductNotFound\' occurred while\n   [0] Processing run: 1 lumi: 25 event: 4417\n   [1] Running path \'p\'\n   [2] Calling event method for module BSM3G_TNT_Maker/\'TNT\'\nException Message:\nPrincipal::getByLabel: Found zero products matching all criteria\nLooking for type: edm::TriggerResults\nLooking for module label: TriggerResults\nLooking for productInstanceName: \nLooking for process: HLT2\n   Additional Info:\n      [a] If you wish to continue processing events after a ProductNotFound exception,\nadd "SkipEvent = cms.untracked.vstring(\'ProductNotFound\')" to the "options" PSet in the configuration.', 'exitCode': '8001'}]}, '23': {'State': 'failed', 'Error': [8001, 'CmsRunFailure\nCMSSW error message follows.\nFatal Exception\nAn exception of category \'ProductNotFound\' occurred while\n   [0] Processing run: 1 lumi: 58 event: 10489\n   [1] Running path \'p\'\n   [2] Calling event method for module BSM3G_TNT_Maker/\'TNT\'\nException Message:\nPrincipal::getByLabel: Found zero products matching all criteria\nLooking for type: edm::TriggerResults\nLooking for module label: TriggerResults\nLooking for productInstanceName: \nLooking for process: HLT2\n   Additional Info:\n      [a] If you wish to continue processing events after a ProductNotFound exception,\nadd "SkipEvent = cms.untracked.vstring(\'ProductNotFound\')" to the "options" PSet in the configuration.\n', {'type': 'Fatal Exception', 'details': 'An exception of category \'ProductNotFound\' occurred while\n   [0] Processing run: 1 lumi: 58 event: 10489\n   [1] Running path \'p\'\n   [2] Calling event method for module BSM3G_TNT_Maker/\'TNT\'\nException Message:\nPrincipal::getByLabel: Found zero products matching all criteria\nLooking for type: edm::TriggerResults\nLooking for module label: TriggerResults\nLooking for productInstanceName: \nLooking for process: HLT2\n   Additional Info:\n      [a] If you wish to continue processing events after a ProductNotFound exception,\nadd "SkipEvent = cms.untracked.vstring(\'ProductNotFound\')" to the "options" PSet in the configuration.', 'exitCode': '8001'}]}, '1': {'State': 'failed', 'Error': [8001, 'CmsRunFailure\nCMSSW error message follows.\nFatal Exception\nAn exception of category \'ProductNotFound\' occurred while\n   [0] Processing run: 1 lumi: 13 event: 2209\n   [1] Running path \'p\'\n   [2] Calling event method for module BSM3G_TNT_Maker/\'TNT\'\nException Message:\nPrincipal::getByLabel: Found zero products matching all criteria\nLooking for type: edm::TriggerResults\nLooking for module label: TriggerResults\nLooking for productInstanceName: \nLooking for process: HLT2\n   Additional Info:\n      [a] If you wish to continue processing events after a ProductNotFound exception,\nadd "SkipEvent = cms.untracked.vstring(\'ProductNotFound\')" to the "options" PSet in the configuration.\n', {'type': 'Fatal Exception', 'details': 'An exception of category \'ProductNotFound\' occurred while\n   [0] Processing run: 1 lumi: 13 event: 2209\n   [1] Running path \'p\'\n   [2] Calling event method for module BSM3G_TNT_Maker/\'TNT\'\nException Message:\nPrincipal::getByLabel: Found zero products matching all criteria\nLooking for type: edm::TriggerResults\nLooking for module label: TriggerResults\nLooking for productInstanceName: \nLooking for process: HLT2\n   Additional Info:\n      [a] If you wish to continue processing events after a ProductNotFound exception,\nadd "SkipEvent = cms.untracked.vstring(\'ProductNotFound\')" to the "options" PSet in the configuration.', 'exitCode': '8001'}]}, '3': {'State': 'failed', 'Error': [8001, 'CmsRunFailure\nCMSSW error message follows.\nFatal Exception\nAn exception of category \'ProductNotFound\' occurred while\n   [0] Processing run: 1 lumi: 1 event: 1\n   [1] Running path \'p\'\n   [2] Calling event method for module BSM3G_TNT_Maker/\'TNT\'\nException Message:\nPrincipal::getByLabel: Found zero products matching all criteria\nLooking for type: edm::TriggerResults\nLooking for module label: TriggerResults\nLooking for productInstanceName: \nLooking for process: HLT2\n   Additional Info:\n      [a] If you wish to continue processing events after a ProductNotFound exception,\nadd "SkipEvent = cms.untracked.vstring(\'ProductNotFound\')" to the "options" PSet in the configuration.\n', {'type': 'Fatal Exception', 'details': 'An exception of category \'ProductNotFound\' occurred while\n   [0] Processing run: 1 lumi: 1 event: 1\n   [1] Running path \'p\'\n   [2] Calling event method for module BSM3G_TNT_Maker/\'TNT\'\nException Message:\nPrincipal::getByLabel: Found zero products matching all criteria\nLooking for type: edm::TriggerResults\nLooking for module label: TriggerResults\nLooking for productInstanceName: \nLooking for process: HLT2\n   Additional Info:\n      [a] If you wish to continue processing events after a ProductNotFound exception,\nadd "SkipEvent = cms.untracked.vstring(\'ProductNotFound\')" to the "options" PSet in the configuration.', 'exitCode': '8001'}]}, '2': {'State': 'failed', 'Error': [8001, 'CmsRunFailure\nCMSSW error message follows.\nFatal Exception\nAn exception of category \'ProductNotFound\' occurred while\n   [0] Processing run: 1 lumi: 82 event: 14905\n   [1] Running path \'p\'\n   [2] Calling event method for module BSM3G_TNT_Maker/\'TNT\'\nException Message:\nPrincipal::getByLabel: Found zero products matching all criteria\nLooking for type: edm::TriggerResults\nLooking for module label: TriggerResults\nLooking for productInstanceName: \nLooking for process: HLT2\n   Additional Info:\n      [a] If you wish to continue processing events after a ProductNotFound exception,\nadd "SkipEvent = cms.untracked.vstring(\'ProductNotFound\')" to the "options" PSet in the configuration.\n', {'type': 'Fatal Exception', 'details': 'An exception of category \'ProductNotFound\' occurred while\n   [0] Processing run: 1 lumi: 82 event: 14905\n   [1] Running path \'p\'\n   [2] Calling event method for module BSM3G_TNT_Maker/\'TNT\'\nException Message:\nPrincipal::getByLabel: Found zero products matching all criteria\nLooking for type: edm::TriggerResults\nLooking for module label: TriggerResults\nLooking for productInstanceName: \nLooking for process: HLT2\n   Additional Info:\n      [a] If you wish to continue processing events after a ProductNotFound exception,\nadd "SkipEvent = cms.untracked.vstring(\'ProductNotFound\')" to the "options" PSet in the configuration.', 'exitCode': '8001'}]}, '5': {'State': 'failed', 'Error': [8001, 'CmsRunFailure\nCMSSW error message follows.\nFatal Exception\nAn exception of category \'ProductNotFound\' occurred while\n   [0] Processing run: 1 lumi: 731 event: 134337\n   [1] Running path \'p\'\n   [2] Calling event method for module BSM3G_TNT_Maker/\'TNT\'\nException Message:\nPrincipal::getByLabel: Found zero products matching all criteria\nLooking for type: edm::TriggerResults\nLooking for module label: TriggerResults\nLooking for productInstanceName: \nLooking for process: HLT2\n   Additional Info:\n      [a] If you wish to continue processing events after a ProductNotFound exception,\nadd "SkipEvent = cms.untracked.vstring(\'ProductNotFound\')" to the "options" PSet in the configuration.\n', {'type': 'Fatal Exception', 'details': 'An exception of category \'ProductNotFound\' occurred while\n   [0] Processing run: 1 lumi: 731 event: 134337\n   [1] Running path \'p\'\n   [2] Calling event method for module BSM3G_TNT_Maker/\'TNT\'\nException Message:\nPrincipal::getByLabel: Found zero products matching all criteria\nLooking for type: edm::TriggerResults\nLooking for module label: TriggerResults\nLooking for productInstanceName: \nLooking for process: HLT2\n   Additional Info:\n      [a] If you wish to continue processing events after a ProductNotFound exception,\nadd "SkipEvent = cms.untracked.vstring(\'ProductNotFound\')" to the "options" PSet in the configuration.', 'exitCode': '8001'}]}, '4': {'State': 'failed', 'Error': [8001, 'CmsRunFailure\nCMSSW error message follows.\nFatal Exception\nAn exception of category \'ProductNotFound\' occurred while\n   [0] Processing run: 1 lumi: 4 event: 553\n   [1] Running path \'p\'\n   [2] Calling event method for module BSM3G_TNT_Maker/\'TNT\'\nException Message:\nPrincipal::getByLabel: Found zero products matching all criteria\nLooking for type: edm::TriggerResults\nLooking for module label: TriggerResults\nLooking for productInstanceName: \nLooking for process: HLT2\n   Additional Info:\n      [a] If you wish to continue processing events after a ProductNotFound exception,\nadd "SkipEvent = cms.untracked.vstring(\'ProductNotFound\')" to the "options" PSet in the configuration.\n', {'type': 'Fatal Exception', 'details': 'An exception of category \'ProductNotFound\' occurred while\n   [0] Processing run: 1 lumi: 4 event: 553\n   [1] Running path \'p\'\n   [2] Calling event method for module BSM3G_TNT_Maker/\'TNT\'\nException Message:\nPrincipal::getByLabel: Found zero products matching all criteria\nLooking for type: edm::TriggerResults\nLooking for module label: TriggerResults\nLooking for productInstanceName: \nLooking for process: HLT2\n   Additional Info:\n      [a] If you wish to continue processing events after a ProductNotFound exception,\nadd "SkipEvent = cms.untracked.vstring(\'ProductNotFound\')" to the "options" PSet in the configuration.', 'exitCode': '8001'}]}, '7': {'State': 'failed', 'Error': [8001, 'CmsRunFailure\nCMSSW error message follows.\nFatal Exception\nAn exception of category \'ProductNotFound\' occurred while\n   [0] Processing run: 1 lumi: 2347 event: 431665\n   [1] Running path \'p\'\n   [2] Calling event method for module BSM3G_TNT_Maker/\'TNT\'\nException Message:\nPrincipal::getByLabel: Found zero products matching all criteria\nLooking for type: edm::TriggerResults\nLooking for module label: TriggerResults\nLooking for productInstanceName: \nLooking for process: HLT2\n   Additional Info:\n      [a] If you wish to continue processing events after a ProductNotFound exception,\nadd "SkipEvent = cms.untracked.vstring(\'ProductNotFound\')" to the "options" PSet in the configuration.\n', {'type': 'Fatal Exception', 'details': 'An exception of category \'ProductNotFound\' occurred while\n   [0] Processing run: 1 lumi: 2347 event: 431665\n   [1] Running path \'p\'\n   [2] Calling event method for module BSM3G_TNT_Maker/\'TNT\'\nException Message:\nPrincipal::getByLabel: Found zero products matching all criteria\nLooking for type: edm::TriggerResults\nLooking for module label: TriggerResults\nLooking for productInstanceName: \nLooking for process: HLT2\n   Additional Info:\n      [a] If you wish to continue processing events after a ProductNotFound exception,\nadd "SkipEvent = cms.untracked.vstring(\'ProductNotFound\')" to the "options" PSet in the configuration.', 'exitCode': '8001'}]}, '6': {'State': 'failed', 'Error': [8001, 'CmsRunFailure\nCMSSW error message follows.\nFatal Exception\nAn exception of category \'ProductNotFound\' occurred while\n   [0] Processing run: 1 lumi: 999 event: 183665\n   [1] Running path \'p\'\n   [2] Calling event method for module BSM3G_TNT_Maker/\'TNT\'\nException Message:\nPrincipal::getByLabel: Found zero products matching all criteria\nLooking for type: edm::TriggerResults\nLooking for module label: TriggerResults\nLooking for productInstanceName: \nLooking for process: HLT2\n   Additional Info:\n      [a] If you wish to continue processing events after a ProductNotFound exception,\nadd "SkipEvent = cms.untracked.vstring(\'ProductNotFound\')" to the "options" PSet in the configuration.\n', {'type': 'Fatal Exception', 'details': 'An exception of category \'ProductNotFound\' occurred while\n   [0] Processing run: 1 lumi: 999 event: 183665\n   [1] Running path \'p\'\n   [2] Calling event method for module BSM3G_TNT_Maker/\'TNT\'\nException Message:\nPrincipal::getByLabel: Found zero products matching all criteria\nLooking for type: edm::TriggerResults\nLooking for module label: TriggerResults\nLooking for productInstanceName: \nLooking for process: HLT2\n   Additional Info:\n      [a] If you wish to continue processing events after a ProductNotFound exception,\nadd "SkipEvent = cms.untracked.vstring(\'ProductNotFound\')" to the "options" PSet in the configuration.', 'exitCode': '8001'}]}, '9': {'State': 'failed', 'Error': [8001, 'CmsRunFailure\nCMSSW error message follows.\nFatal Exception\nAn exception of category \'ProductNotFound\' occurred while\n   [0] Processing run: 1 lumi: 133 event: 24289\n   [1] Running path \'p\'\n   [2] Calling event method for module BSM3G_TNT_Maker/\'TNT\'\nException Message:\nPrincipal::getByLabel: Found zero products matching all criteria\nLooking for type: edm::TriggerResults\nLooking for module label: TriggerResults\nLooking for productInstanceName: \nLooking for process: HLT2\n   Additional Info:\n      [a] If you wish to continue processing events after a ProductNotFound exception,\nadd "SkipEvent = cms.untracked.vstring(\'ProductNotFound\')" to the "options" PSet in the configuration.\n', {'type': 'Fatal Exception', 'details': 'An exception of category \'ProductNotFound\' occurred while\n   [0] Processing run: 1 lumi: 133 event: 24289\n   [1] Running path \'p\'\n   [2] Calling event method for module BSM3G_TNT_Maker/\'TNT\'\nException Message:\nPrincipal::getByLabel: Found zero products matching all criteria\nLooking for type: edm::TriggerResults\nLooking for module label: TriggerResults\nLooking for productInstanceName: \nLooking for process: HLT2\n   Additional Info:\n      [a] If you wish to continue processing events after a ProductNotFound exception,\nadd "SkipEvent = cms.untracked.vstring(\'ProductNotFound\')" to the "options" PSet in the configuration.', 'exitCode': '8001'}]}, '8': {'State': 'failed', 'Error': [8001, 'CmsRunFailure\nCMSSW error message follows.\nFatal Exception\nAn exception of category \'ProductNotFound\' occurred while\n   [0] Processing run: 1 lumi: 94 event: 17113\n   [1] Running path \'p\'\n   [2] Calling event method for module BSM3G_TNT_Maker/\'TNT\'\nException Message:\nPrincipal::getByLabel: Found zero products matching all criteria\nLooking for type: edm::TriggerResults\nLooking for module label: TriggerResults\nLooking for productInstanceName: \nLooking for process: HLT2\n   Additional Info:\n      [a] If you wish to continue processing events after a ProductNotFound exception,\nadd "SkipEvent = cms.untracked.vstring(\'ProductNotFound\')" to the "options" PSet in the configuration.\n', {'type': 'Fatal Exception', 'details': 'An exception of category \'ProductNotFound\' occurred while\n   [0] Processing run: 1 lumi: 94 event: 17113\n   [1] Running path \'p\'\n   [2] Calling event method for module BSM3G_TNT_Maker/\'TNT\'\nException Message:\nPrincipal::getByLabel: Found zero products matching all criteria\nLooking for type: edm::TriggerResults\nLooking for module label: TriggerResults\nLooking for productInstanceName: \nLooking for process: HLT2\n   Additional Info:\n      [a] If you wish to continue processing events after a ProductNotFound exception,\nadd "SkipEvent = cms.untracked.vstring(\'ProductNotFound\')" to the "options" PSet in the configuration.', 'exitCode': '8001'}]}, '11': {'State': 'failed', 'Error': [8001, 'CmsRunFailure\nCMSSW error message follows.\nFatal Exception\nAn exception of category \'ProductNotFound\' occurred while\n   [0] Processing run: 1 lumi: 231 event: 42353\n   [1] Running path \'p\'\n   [2] Calling event method for module BSM3G_TNT_Maker/\'TNT\'\nException Message:\nPrincipal::getByLabel: Found zero products matching all criteria\nLooking for type: edm::TriggerResults\nLooking for module label: TriggerResults\nLooking for productInstanceName: \nLooking for process: HLT2\n   Additional Info:\n      [a] If you wish to continue processing events after a ProductNotFound exception,\nadd "SkipEvent = cms.untracked.vstring(\'ProductNotFound\')" to the "options" PSet in the configuration.\n', {'type': 'Fatal Exception', 'details': 'An exception of category \'ProductNotFound\' occurred while\n   [0] Processing run: 1 lumi: 231 event: 42353\n   [1] Running path \'p\'\n   [2] Calling event method for module BSM3G_TNT_Maker/\'TNT\'\nException Message:\nPrincipal::getByLabel: Found zero products matching all criteria\nLooking for type: edm::TriggerResults\nLooking for module label: TriggerResults\nLooking for productInstanceName: \nLooking for process: HLT2\n   Additional Info:\n      [a] If you wish to continue processing events after a ProductNotFound exception,\nadd "SkipEvent = cms.untracked.vstring(\'ProductNotFound\')" to the "options" PSet in the configuration.', 'exitCode': '8001'}]}, '10': {'State': 'failed', 'Error': [8001, 'CmsRunFailure\nCMSSW error message follows.\nFatal Exception\nAn exception of category \'ProductNotFound\' occurred while\n   [0] Processing run: 1 lumi: 4328 event: 796185\n   [1] Running path \'p\'\n   [2] Calling event method for module BSM3G_TNT_Maker/\'TNT\'\nException Message:\nPrincipal::getByLabel: Found zero products matching all criteria\nLooking for type: edm::TriggerResults\nLooking for module label: TriggerResults\nLooking for productInstanceName: \nLooking for process: HLT2\n   Additional Info:\n      [a] If you wish to continue processing events after a ProductNotFound exception,\nadd "SkipEvent = cms.untracked.vstring(\'ProductNotFound\')" to the "options" PSet in the configuration.\n', {'type': 'Fatal Exception', 'details': 'An exception of category \'ProductNotFound\' occurred while\n   [0] Processing run: 1 lumi: 4328 event: 796185\n   [1] Running path \'p\'\n   [2] Calling event method for module BSM3G_TNT_Maker/\'TNT\'\nException Message:\nPrincipal::getByLabel: Found zero products matching all criteria\nLooking for type: edm::TriggerResults\nLooking for module label: TriggerResults\nLooking for productInstanceName: \nLooking for process: HLT2\n   Additional Info:\n      [a] If you wish to continue processing events after a ProductNotFound exception,\nadd "SkipEvent = cms.untracked.vstring(\'ProductNotFound\')" to the "options" PSet in the configuration.', 'exitCode': '8001'}]}, '13': {'State': 'failed', 'Error': [8001, 'CmsRunFailure\nCMSSW error message follows.\nFatal Exception\nAn exception of category \'ProductNotFound\' occurred while\n   [0] Processing run: 1 lumi: 43 event: 7729\n   [1] Running path \'p\'\n   [2] Calling event method for module BSM3G_TNT_Maker/\'TNT\'\nException Message:\nPrincipal::getByLabel: Found zero products matching all criteria\nLooking for type: edm::TriggerResults\nLooking for module label: TriggerResults\nLooking for productInstanceName: \nLooking for process: HLT2\n   Additional Info:\n      [a] If you wish to continue processing events after a ProductNotFound exception,\nadd "SkipEvent = cms.untracked.vstring(\'ProductNotFound\')" to the "options" PSet in the configuration.\n', {'type': 'Fatal Exception', 'details': 'An exception of category \'ProductNotFound\' occurred while\n   [0] Processing run: 1 lumi: 43 event: 7729\n   [1] Running path \'p\'\n   [2] Calling event method for module BSM3G_TNT_Maker/\'TNT\'\nException Message:\nPrincipal::getByLabel: Found zero products matching all criteria\nLooking for type: edm::TriggerResults\nLooking for module label: TriggerResults\nLooking for productInstanceName: \nLooking for process: HLT2\n   Additional Info:\n      [a] If you wish to continue processing events after a ProductNotFound exception,\nadd "SkipEvent = cms.untracked.vstring(\'ProductNotFound\')" to the "options" PSet in the configuration.', 'exitCode': '8001'}]}, '12': {'State': 'failed', 'Error': [8001, 'CmsRunFailure\nCMSSW error message follows.\nFatal Exception\nAn exception of category \'ProductNotFound\' occurred while\n   [0] Processing run: 1 lumi: 364 event: 66793\n   [1] Running path \'p\'\n   [2] Calling event method for module BSM3G_TNT_Maker/\'TNT\'\nException Message:\nPrincipal::getByLabel: Found zero products matching all criteria\nLooking for type: edm::TriggerResults\nLooking for module label: TriggerResults\nLooking for productInstanceName: \nLooking for process: HLT2\n   Additional Info:\n      [a] If you wish to continue processing events after a ProductNotFound exception,\nadd "SkipEvent = cms.untracked.vstring(\'ProductNotFound\')" to the "options" PSet in the configuration.\n', {'type': 'Fatal Exception', 'details': 'An exception of category \'ProductNotFound\' occurred while\n   [0] Processing run: 1 lumi: 364 event: 66793\n   [1] Running path \'p\'\n   [2] Calling event method for module BSM3G_TNT_Maker/\'TNT\'\nException Message:\nPrincipal::getByLabel: Found zero products matching all criteria\nLooking for type: edm::TriggerResults\nLooking for module label: TriggerResults\nLooking for productInstanceName: \nLooking for process: HLT2\n   Additional Info:\n      [a] If you wish to continue processing events after a ProductNotFound exception,\nadd "SkipEvent = cms.untracked.vstring(\'ProductNotFound\')" to the "options" PSet in the configuration.', 'exitCode': '8001'}]}, '15': {'State': 'failed', 'Error': [8001, 'CmsRunFailure\nCMSSW error message follows.\nFatal Exception\nAn exception of category \'ProductNotFound\' occurred while\n   [0] Processing run: 1 lumi: 187 event: 34225\n   [1] Running path \'p\'\n   [2] Calling event method for module BSM3G_TNT_Maker/\'TNT\'\nException Message:\nPrincipal::getByLabel: Found zero products matching all criteria\nLooking for type: edm::TriggerResults\nLooking for module label: TriggerResults\nLooking for productInstanceName: \nLooking for process: HLT2\n   Additional Info:\n      [a] If you wish to continue processing events after a ProductNotFound exception,\nadd "SkipEvent = cms.untracked.vstring(\'ProductNotFound\')" to the "options" PSet in the configuration.\n', {'type': 'Fatal Exception', 'details': 'An exception of category \'ProductNotFound\' occurred while\n   [0] Processing run: 1 lumi: 187 event: 34225\n   [1] Running path \'p\'\n   [2] Calling event method for module BSM3G_TNT_Maker/\'TNT\'\nException Message:\nPrincipal::getByLabel: Found zero products matching all criteria\nLooking for type: edm::TriggerResults\nLooking for module label: TriggerResults\nLooking for productInstanceName: \nLooking for process: HLT2\n   Additional Info:\n      [a] If you wish to continue processing events after a ProductNotFound exception,\nadd "SkipEvent = cms.untracked.vstring(\'ProductNotFound\')" to the "options" PSet in the configuration.', 'exitCode': '8001'}]}, '14': {'State': 'failed', 'Error': [8001, 'CmsRunFailure\nCMSSW error message follows.\nFatal Exception\nAn exception of category \'ProductNotFound\' occurred while\n   [0] Processing run: 1 lumi: 438 event: 80441\n   [1] Running path \'p\'\n   [2] Calling event method for module BSM3G_TNT_Maker/\'TNT\'\nException Message:\nPrincipal::getByLabel: Found zero products matching all criteria\nLooking for type: edm::TriggerResults\nLooking for module label: TriggerResults\nLooking for productInstanceName: \nLooking for process: HLT2\n   Additional Info:\n      [a] If you wish to continue processing events after a ProductNotFound exception,\nadd "SkipEvent = cms.untracked.vstring(\'ProductNotFound\')" to the "options" PSet in the configuration.\n', {'type': 'Fatal Exception', 'details': 'An exception of category \'ProductNotFound\' occurred while\n   [0] Processing run: 1 lumi: 438 event: 80441\n   [1] Running path \'p\'\n   [2] Calling event method for module BSM3G_TNT_Maker/\'TNT\'\nException Message:\nPrincipal::getByLabel: Found zero products matching all criteria\nLooking for type: edm::TriggerResults\nLooking for module label: TriggerResults\nLooking for productInstanceName: \nLooking for process: HLT2\n   Additional Info:\n      [a] If you wish to continue processing events after a ProductNotFound exception,\nadd "SkipEvent = cms.untracked.vstring(\'ProductNotFound\')" to the "options" PSet in the configuration.', 'exitCode': '8001'}]}, '17': {'State': 'failed', 'Error': [8001, 'CmsRunFailure\nCMSSW error message follows.\nFatal Exception\nAn exception of category \'ProductNotFound\' occurred while\n   [0] Processing run: 1 lumi: 298 event: 54649\n   [1] Running path \'p\'\n   [2] Calling event method for module BSM3G_TNT_Maker/\'TNT\'\nException Message:\nPrincipal::getByLabel: Found zero products matching all criteria\nLooking for type: edm::TriggerResults\nLooking for module label: TriggerResults\nLooking for productInstanceName: \nLooking for process: HLT2\n   Additional Info:\n      [a] If you wish to continue processing events after a ProductNotFound exception,\nadd "SkipEvent = cms.untracked.vstring(\'ProductNotFound\')" to the "options" PSet in the configuration.\n', {'type': 'Fatal Exception', 'details': 'An exception of category \'ProductNotFound\' occurred while\n   [0] Processing run: 1 lumi: 298 event: 54649\n   [1] Running path \'p\'\n   [2] Calling event method for module BSM3G_TNT_Maker/\'TNT\'\nException Message:\nPrincipal::getByLabel: Found zero products matching all criteria\nLooking for type: edm::TriggerResults\nLooking for module label: TriggerResults\nLooking for productInstanceName: \nLooking for process: HLT2\n   Additional Info:\n      [a] If you wish to continue processing events after a ProductNotFound exception,\nadd "SkipEvent = cms.untracked.vstring(\'ProductNotFound\')" to the "options" PSet in the configuration.', 'exitCode': '8001'}]}, '16': {'State': 'failed', 'Error': [8001, 'CmsRunFailure\nCMSSW error message follows.\nFatal Exception\nAn exception of category \'ProductNotFound\' occurred while\n   [0] Processing run: 1 lumi: 392 event: 71961\n   [1] Running path \'p\'\n   [2] Calling event method for module BSM3G_TNT_Maker/\'TNT\'\nException Message:\nPrincipal::getByLabel: Found zero products matching all criteria\nLooking for type: edm::TriggerResults\nLooking for module label: TriggerResults\nLooking for productInstanceName: \nLooking for process: HLT2\n   Additional Info:\n      [a] If you wish to continue processing events after a ProductNotFound exception,\nadd "SkipEvent = cms.untracked.vstring(\'ProductNotFound\')" to the "options" PSet in the configuration.\n', {'type': 'Fatal Exception', 'details': 'An exception of category \'ProductNotFound\' occurred while\n   [0] Processing run: 1 lumi: 392 event: 71961\n   [1] Running path \'p\'\n   [2] Calling event method for module BSM3G_TNT_Maker/\'TNT\'\nException Message:\nPrincipal::getByLabel: Found zero products matching all criteria\nLooking for type: edm::TriggerResults\nLooking for module label: TriggerResults\nLooking for productInstanceName: \nLooking for process: HLT2\n   Additional Info:\n      [a] If you wish to continue processing events after a ProductNotFound exception,\nadd "SkipEvent = cms.untracked.vstring(\'ProductNotFound\')" to the "options" PSet in the configuration.', 'exitCode': '8001'}]}, '19': {'State': 'failed', 'Error': [8001, 'CmsRunFailure\nCMSSW error message follows.\nFatal Exception\nAn exception of category \'ProductNotFound\' occurred while\n   [0] Processing run: 1 lumi: 55 event: 9937\n   [1] Running path \'p\'\n   [2] Calling event method for module BSM3G_TNT_Maker/\'TNT\'\nException Message:\nPrincipal::getByLabel: Found zero products matching all criteria\nLooking for type: edm::TriggerResults\nLooking for module label: TriggerResults\nLooking for productInstanceName: \nLooking for process: HLT2\n   Additional Info:\n      [a] If you wish to continue processing events after a ProductNotFound exception,\nadd "SkipEvent = cms.untracked.vstring(\'ProductNotFound\')" to the "options" PSet in the configuration.\n', {'type': 'Fatal Exception', 'details': 'An exception of category \'ProductNotFound\' occurred while\n   [0] Processing run: 1 lumi: 55 event: 9937\n   [1] Running path \'p\'\n   [2] Calling event method for module BSM3G_TNT_Maker/\'TNT\'\nException Message:\nPrincipal::getByLabel: Found zero products matching all criteria\nLooking for type: edm::TriggerResults\nLooking for module label: TriggerResults\nLooking for productInstanceName: \nLooking for process: HLT2\n   Additional Info:\n      [a] If you wish to continue processing events after a ProductNotFound exception,\nadd "SkipEvent = cms.untracked.vstring(\'ProductNotFound\')" to the "options" PSet in the configuration.', 'exitCode': '8001'}]}, '18': {'State': 'failed', 'Error': [8001, 'CmsRunFailure\nCMSSW error message follows.\nFatal Exception\nAn exception of category \'ProductNotFound\' occurred while\n   [0] Processing run: 1 lumi: 46 event: 8281\n   [1] Running path \'p\'\n   [2] Calling event method for module BSM3G_TNT_Maker/\'TNT\'\nException Message:\nPrincipal::getByLabel: Found zero products matching all criteria\nLooking for type: edm::TriggerResults\nLooking for module label: TriggerResults\nLooking for productInstanceName: \nLooking for process: HLT2\n   Additional Info:\n      [a] If you wish to continue processing events after a ProductNotFound exception,\nadd "SkipEvent = cms.untracked.vstring(\'ProductNotFound\')" to the "options" PSet in the configuration.\n', {'type': 'Fatal Exception', 'details': 'An exception of category \'ProductNotFound\' occurred while\n   [0] Processing run: 1 lumi: 46 event: 8281\n   [1] Running path \'p\'\n   [2] Calling event method for module BSM3G_TNT_Maker/\'TNT\'\nException Message:\nPrincipal::getByLabel: Found zero products matching all criteria\nLooking for type: edm::TriggerResults\nLooking for module label: TriggerResults\nLooking for productInstanceName: \nLooking for process: HLT2\n   Additional Info:\n      [a] If you wish to continue processing events after a ProductNotFound exception,\nadd "SkipEvent = cms.untracked.vstring(\'ProductNotFound\')" to the "options" PSet in the configuration.', 'exitCode': '8001'}]}}, 'publication': {}, 'taskWarningMsg': [], 'schedd': 'crab3@submit-1.t2.ucsd.edu', 'publicationFailures': {}, 'outdatasets': None, 'statusFailureMsg': '', 'taskFailureMsg': '', 'failedJobdefs': 0, 'ASOURL': 'https://cmsweb.cern.ch/couchdb2', 'command': 'SUBMIT', 'totalJobdefs': 0, 'submissionTime': 1469542236, 'jobdefErrors': [], 'collector': 'cmsgwms-collector-global.cern.ch,cmssrv221.fnal.gov', 'jobList': [['failed', 24], ['failed', 25], ['failed', 20], ['failed', 21], ['failed', 22], ['failed', 23], ['failed', 1], ['failed', 3], ['failed', 2], ['failed', 5], ['failed', 4], ['failed', 7], ['failed', 6], ['failed', 9], ['failed', 8], ['failed', 11], ['failed', 10], ['failed', 13], ['failed', 12], ['failed', 15], ['failed', 14], ['failed', 17], ['failed', 16], ['failed', 19], ['failed', 18]]}
INFO 2016-07-26 19:04:24,132: 	 CRAB project directory:		/afs/cern.ch/work/f/fromeo/CMSSW_8_0_12_FW/src/BSMFramework/BSM3G_TNT_Maker/crab/First2016_ZZ/crab_First2016_ZZ
INFO 2016-07-26 19:04:24,133: 	 Task name:			160726_141035:fromeo_crab_First2016_ZZ
INFO 2016-07-26 19:04:24,133: 	 Grid scheduler:			crab3@submit-1.t2.ucsd.edu
INFO 2016-07-26 19:04:24,133: 	 Task status:			FAILED
INFO 2016-07-26 19:04:24,133: 	 Dashboard monitoring URL:	http://dashb-cms-job.cern.ch/dashboard/templates/task-analysis/#user=fromeo&table=Mains&pattern=160726_141035%3Afromeo_crab_First2016_ZZ
INFO 2016-07-26 19:04:24,133: 	 
Jobs status:			failed        100.0% (25/25)
INFO 2016-07-26 19:04:24,133: 	 
No publication information available yet
INFO 2016-07-26 19:04:24,133: 	 
Error Summary: (use crab status --verboseErrors for details about the errors)

25 jobs failed with exit code 8001

Have a look at https://twiki.cern.ch/twiki/bin/viewauth/CMSPublic/JobExitCodes for a description of the exit codes.
INFO 2016-07-26 19:04:24,160: 	 Log file is /afs/cern.ch/work/f/fromeo/CMSSW_8_0_12_FW/src/BSMFramework/BSM3G_TNT_Maker/crab/First2016_ZZ/crab_First2016_ZZ/crab.log
