DEBUG 2016-07-26 16:07:00,412: 	 Executing command: 'submit'
DEBUG 2016-07-26 16:07:00,415: 	 Found CRAB cache file /afs/cern.ch/user/f/fromeo/.crab3
DEBUG 2016-07-26 16:07:00,430: 	 Checking credentials
DEBUG 2016-07-26 16:07:00,431: 	 Found proxy file /tmp/x509up_u30997
DEBUG 2016-07-26 16:07:00,431: 	 Getting proxy life time left
DEBUG 2016-07-26 16:07:01,137: 	 Executing : 
 command : voms-proxy-info -file /tmp/x509up_u30997 -timeleft
 output : 86299

 error: 
 retcode : 0
DEBUG 2016-07-26 16:07:01,746: 	 Executing : 
 command : voms-proxy-info -file /tmp/x509up_u30997 -actimeleft
 output : 86299

 error: 
 retcode : 0
DEBUG 2016-07-26 16:07:01,746: 	 Proxy valid for 23:58:19 hours
DEBUG 2016-07-26 16:07:01,748: 	 Will use CRAB Analysis plugin (i.e. will run an analysis job type).
DEBUG 2016-07-26 16:07:01,917: 	 Executing : 
 command : openssl x509 -in ~/.globus/usercert.pem -subject -noout
 output : subject= /DC=ch/DC=cern/OU=Organic Units/OU=Users/CN=fromeo/CN=674630/CN=Francesco Romeo

 error: 
 retcode : 0
DEBUG 2016-07-26 16:07:01,917: 	 Checking credentials
DEBUG 2016-07-26 16:07:01,917: 	 Found proxy file /tmp/x509up_u30997
DEBUG 2016-07-26 16:07:01,918: 	 Getting proxy life time left
DEBUG 2016-07-26 16:07:02,535: 	 Executing : 
 command : voms-proxy-info -file /tmp/x509up_u30997 -timeleft
 output : 86298

 error: 
 retcode : 0
DEBUG 2016-07-26 16:07:03,351: 	 Executing : 
 command : voms-proxy-info -file /tmp/x509up_u30997 -actimeleft
 output : 86297

 error: 
 retcode : 0
DEBUG 2016-07-26 16:07:03,351: 	 Proxy valid for 23:58:18 hours
DEBUG 2016-07-26 16:07:03,856: 	 Executing : 
 command : env X509_USER_PROXY=/tmp/x509up_u30997 voms-proxy-info -fqan
 output : /cms/Role=NULL/Capability=NULL

 error: 
 retcode : 0
DEBUG 2016-07-26 16:07:04,267: 	 Registering user credentials for server /DC=ch/DC=cern/OU=computers/CN=vocms(045|052|021|031|0118|0118a|0119|0108).cern.ch
DEBUG 2016-07-26 16:07:04,398: 	 Executing : 
 command : openssl x509 -in ~/.globus/usercert.pem -subject -noout
 output : subject= /DC=ch/DC=cern/OU=Organic Units/OU=Users/CN=fromeo/CN=674630/CN=Francesco Romeo

 error: 
 retcode : 0
DEBUG 2016-07-26 16:07:04,398: 	 Getting myproxy life time left for myproxy.cern.ch
DEBUG 2016-07-26 16:07:04,398: 	 Calculating hash of /DC=ch/DC=cern/OU=Organic Units/OU=Users/CN=fromeo/CN=674630/CN=Francesco Romeo_cmsweb.cern.ch for credential name
DEBUG 2016-07-26 16:07:06,006: 	 Executing : 
 command : myproxy-info -l 83bb954b043085ec6b5075bf38fafc2a023a8c7b -s myproxy.cern.ch
 output : username: 83bb954b043085ec6b5075bf38fafc2a023a8c7b
owner: /DC=ch/DC=cern/OU=Organic Units/OU=Users/CN=fromeo/CN=674630/CN=Francesco Romeo
  renewal policy: /DC=ch/DC=cern/OU=computers/CN=vocms(045|052|021|031|0118|0118a|0119|0108).cern.ch
  trusted retrieval policy: /DC=ch/DC=cern/OU=computers/CN=vocms(045|052|021|031|0118|0118a|0119|0108).cern.ch
  timeleft: 387:44:06  (16.2 days)

 error: 
 retcode : 0
DEBUG 2016-07-26 16:07:06,007: 	 Myproxy is valid: 1395846
DEBUG 2016-07-26 16:07:06,007: 	 Command use: submit
DEBUG 2016-07-26 16:07:06,007: 	 Options use: ['--config', <WMCore.Configuration.Configuration object at 0x7f2b480b3c90>]
DEBUG 2016-07-26 16:07:06,392: 	 CRABClient version: 3.3.1607.patch1
DEBUG 2016-07-26 16:07:06,392: 	 Instance is prod
DEBUG 2016-07-26 16:07:06,392: 	 Server base url is cmsweb.cern.ch
DEBUG 2016-07-26 16:07:06,392: 	 Command url /crabserver/prod/workflow
DEBUG 2016-07-26 16:07:06,392: 	 Started submission
DEBUG 2016-07-26 16:07:06,392: 	 Working on /afs/cern.ch/work/f/fromeo/CMSSW_8_0_12_FW/src/BSMFramework/BSM3G_TNT_Maker/crab/First2016_ST/crab_First2016_ST
DEBUG 2016-07-26 16:07:06,738: 	 Loading required information from the environment
DEBUG 2016-07-26 16:07:06,738: 	 Found CMSSW_8_0_12 for slc6_amd64_gcc530 with base /afs/cern.ch/work/f/fromeo/CMSSW_8_0_12_FW
DEBUG 2016-07-26 16:07:06,757: 	 UNIQUE NAME: tarUUID 29ab2b2e-a0e3-4aea-9b80-f2b8e56d18a7 
DEBUG 2016-07-26 16:07:06,757: 	 self.config: from WMCore.Configuration import Configuration
config = Configuration()
config.section_('General')
config.General.workArea = 'First2016_ST'
config.General.requestName = 'First2016_ST'
config.section_('JobType')
config.JobType.psetName = '/afs/cern.ch/work/f/fromeo/CMSSW_8_0_12_FW/src/BSMFramework/BSM3G_TNT_Maker/python/miniAOD_MC.py'
config.JobType.pluginName = 'Analysis'
config.section_('Data')
config.Data.inputDataset = '/ST_tW_top_5f_inclusiveDecays_13TeV-powheg-pythia8_TuneCUETP8M1/RunIISpring16MiniAODv2-PUSpring16_80X_mcRun2_asymptotic_2016_miniAODv2_v0-v2/MINIAODSIM'
config.Data.totalUnits = 2500
config.Data.unitsPerJob = 1
config.Data.inputDBS = 'global'
config.Data.splitting = 'FileBased'
config.Data.outLFNDirBase = '/store/user/fromeo/'
config.section_('Site')
config.Site.storageSite = 'T2_CN_Beijing'
config.section_('User')
config.section_('Debug')

DEBUG 2016-07-26 16:07:06,757: 	 self.config.JobType.psetName: /afs/cern.ch/work/f/fromeo/CMSSW_8_0_12_FW/src/BSMFramework/BSM3G_TNT_Maker/python/miniAOD_MC.py
INFO 2016-07-26 16:07:06,758: 	 Importing CMSSW configuration /afs/cern.ch/work/f/fromeo/CMSSW_8_0_12_FW/src/BSMFramework/BSM3G_TNT_Maker/python/miniAOD_MC.py
INFO 2016-07-26 16:07:06,772: 	 Finished importing CMSSW configuration /afs/cern.ch/work/f/fromeo/CMSSW_8_0_12_FW/src/BSMFramework/BSM3G_TNT_Maker/python/miniAOD_MC.py
DEBUG 2016-07-26 16:07:06,772: 	 Writing CMSSW configuration to /afs/cern.ch/work/f/fromeo/CMSSW_8_0_12_FW/src/BSMFramework/BSM3G_TNT_Maker/crab/First2016_ST/crab_First2016_ST/inputs/PSet.py
DEBUG 2016-07-26 16:07:06,915: 	 The following EDM output files will be collected: []
DEBUG 2016-07-26 16:07:06,916: 	 The following TFile output files will be collected: ['OutTree.root']
DEBUG 2016-07-26 16:07:06,916: 	 The following user output files will be collected: []
DEBUG 2016-07-26 16:07:06,916: 	 Loading required information from the environment
DEBUG 2016-07-26 16:07:06,916: 	 Found CMSSW_8_0_12 for slc6_amd64_gcc530 with base /afs/cern.ch/work/f/fromeo/CMSSW_8_0_12_FW
DEBUG 2016-07-26 16:07:06,916: 	 Making tarball in /afs/cern.ch/work/f/fromeo/CMSSW_8_0_12_FW/src/BSMFramework/BSM3G_TNT_Maker/crab/First2016_ST/crab_First2016_ST/inputs/29ab2b2e-a0e3-4aea-9b80-f2b8e56d18a7default.tgz
DEBUG 2016-07-26 16:07:06,917: 	 Checking directory /afs/cern.ch/work/f/fromeo/CMSSW_8_0_12_FW/lib
DEBUG 2016-07-26 16:07:06,917: 	 Adding directory /afs/cern.ch/work/f/fromeo/CMSSW_8_0_12_FW/lib to tarball
DEBUG 2016-07-26 16:07:07,175: 	 Checking directory /afs/cern.ch/work/f/fromeo/CMSSW_8_0_12_FW/biglib
DEBUG 2016-07-26 16:07:07,175: 	 Adding directory /afs/cern.ch/work/f/fromeo/CMSSW_8_0_12_FW/biglib to tarball
DEBUG 2016-07-26 16:07:07,177: 	 Checking directory /afs/cern.ch/work/f/fromeo/CMSSW_8_0_12_FW/module
DEBUG 2016-07-26 16:07:07,209: 	 Adding data directory /afs/cern.ch/work/f/fromeo/CMSSW_8_0_12_FW/src/BSMFramework/BSM3G_TNT_Maker/data to tarball
DEBUG 2016-07-26 16:07:18,028: 	 Adding data directory /afs/cern.ch/work/f/fromeo/CMSSW_8_0_12_FW/src/BSMFramework/BSM3G_TNT_Maker/interface to tarball
DEBUG 2016-07-26 16:07:18,423: 	 Uploading archive /afs/cern.ch/work/f/fromeo/CMSSW_8_0_12_FW/src/BSMFramework/BSM3G_TNT_Maker/crab/First2016_ST/crab_First2016_ST/inputs/29ab2b2e-a0e3-4aea-9b80-f2b8e56d18a7default.tgz to the CRAB cache. Using URI https://cmsweb.cern.ch/crabcache
DEBUG 2016-07-26 16:07:28,944: 	 Loading required information from the environment
DEBUG 2016-07-26 16:07:28,944: 	 Found CMSSW_8_0_12 for slc6_amd64_gcc530 with base /afs/cern.ch/work/f/fromeo/CMSSW_8_0_12_FW
DEBUG 2016-07-26 16:07:28,944: 	 Making tarball in /afs/cern.ch/work/f/fromeo/CMSSW_8_0_12_FW/src/BSMFramework/BSM3G_TNT_Maker/crab/First2016_ST/crab_First2016_ST/inputs/debugFiles.tgz
DEBUG 2016-07-26 16:07:28,953: 	 Uploading archive /afs/cern.ch/work/f/fromeo/CMSSW_8_0_12_FW/src/BSMFramework/BSM3G_TNT_Maker/crab/First2016_ST/crab_First2016_ST/inputs/debugFiles.tgz to the CRAB cache. Using URI https://cmsweb.cern.ch/crabcache
DEBUG 2016-07-26 16:07:29,318: 	 Result uploading input files: 7a111a33bd37f6861011a85d8bf9cf6cc9a8693dc6879c9c1a23d4a76c63844f.tar.gz 
WARNING 2016-07-26 16:07:29,319: 	 Warning: The following output files will not be published, as they are not EDM files: ['OutTree.root']
INFO 2016-07-26 16:07:29,319: 	 Sending the request to the server
DEBUG 2016-07-26 16:07:29,319: 	 Submitting {'maxjobruntime': 1250, 'ignorelocality': 0, 'savelogsflag': 0, 'useparent': 0, 'asyncdest': 'T2_CN_Beijing', 'algoargs': 1, 'cachefilename': '7a111a33bd37f6861011a85d8bf9cf6cc9a8693dc6879c9c1a23d4a76c63844f.tar.gz', 'numcores': 1, 'addoutputfiles': [], 'generator': 'pythia', 'maxmemory': 2000, 'publishdbsurl': 'https://cmsweb.cern.ch/dbs/prod/phys03/DBSWriter', 'priority': 10, 'jobsw': 'CMSSW_8_0_12', 'edmoutfiles': [], 'userfiles': [], 'primarydataset': '', 'inputdata': '/ST_tW_top_5f_inclusiveDecays_13TeV-powheg-pythia8_TuneCUETP8M1/RunIISpring16MiniAODv2-PUSpring16_80X_mcRun2_asymptotic_2016_miniAODv2_v0-v2/MINIAODSIM', 'lfn': '/store/user/fromeo/', 'dryrun': 0, 'workflow': 'crab_First2016_ST', 'adduserfiles': [], 'nonprodsw': 0, 'tfileoutfiles': ['OutTree.root'], 'oneEventMode': 0, 'debugfilename': '66443fab9b121242b9219246ba291fb25c9bfe4c1195272e3a5e60977c6d2a4e.tar.gz', 'cacheurl': 'https://cmsweb.cern.ch/crabcache', 'saveoutput': 1, 'publication': 1, 'jobarch': 'slc6_amd64_gcc530', 'totalunits': 2500, 'splitalgo': 'FileBased', 'nonvaliddata': 0, 'dbsurl': 'https://cmsweb.cern.ch/dbs/prod/global/DBSReader', 'publishgroupname': 0, 'jobtype': 'Analysis', 'publishname2': ''} 
DEBUG 2016-07-26 16:07:29,320: 	 Encoded submit request: maxjobruntime=1250&ignorelocality=0&savelogsflag=0&useparent=0&asyncdest=T2_CN_Beijing&algoargs=1&cachefilename=7a111a33bd37f6861011a85d8bf9cf6cc9a8693dc6879c9c1a23d4a76c63844f.tar.gz&numcores=1&generator=pythia&maxmemory=2000&publishdbsurl=https%3A%2F%2Fcmsweb.cern.ch%2Fdbs%2Fprod%2Fphys03%2FDBSWriter&priority=10&jobsw=CMSSW_8_0_12&primarydataset=&inputdata=%2FST_tW_top_5f_inclusiveDecays_13TeV-powheg-pythia8_TuneCUETP8M1%2FRunIISpring16MiniAODv2-PUSpring16_80X_mcRun2_asymptotic_2016_miniAODv2_v0-v2%2FMINIAODSIM&lfn=%2Fstore%2Fuser%2Ffromeo%2F&dryrun=0&workflow=crab_First2016_ST&nonprodsw=0&oneEventMode=0&debugfilename=66443fab9b121242b9219246ba291fb25c9bfe4c1195272e3a5e60977c6d2a4e.tar.gz&cacheurl=https%3A%2F%2Fcmsweb.cern.ch%2Fcrabcache&saveoutput=1&publication=1&jobarch=slc6_amd64_gcc530&totalunits=2500&splitalgo=FileBased&nonvaliddata=0&dbsurl=https%3A%2F%2Fcmsweb.cern.ch%2Fdbs%2Fprod%2Fglobal%2FDBSReader&publishgroupname=0&jobtype=Analysis&publishname2=&tfileoutfiles=OutTree.root
DEBUG 2016-07-26 16:07:30,293: 	 Result: {'result': [{'RequestName': '160726_140729:fromeo_crab_First2016_ST'}]}
INFO 2016-07-26 16:07:30,296: 	 Success: Your task has been delivered to the CRAB3 server.
INFO 2016-07-26 16:07:30,297: 	 Task name: 160726_140729:fromeo_crab_First2016_ST
INFO 2016-07-26 16:07:30,297: 	 Please use 'crab status' to check how the submission process proceeds.
DEBUG 2016-07-26 16:07:30,297: 	 About to return
DEBUG 2016-07-26 17:09:07,944: 	 Executing command: 'status'
DEBUG 2016-07-26 17:09:07,944: 	 Found CRAB cache file /afs/cern.ch/user/f/fromeo/.crab3
DEBUG 2016-07-26 17:09:07,962: 	 Checking credentials
DEBUG 2016-07-26 17:09:07,962: 	 Found proxy file /tmp/x509up_u30997
DEBUG 2016-07-26 17:09:07,962: 	 Getting proxy life time left
DEBUG 2016-07-26 17:09:08,575: 	 Executing : 
 command : voms-proxy-info -file /tmp/x509up_u30997 -timeleft
 output : 82572

 error: 
 retcode : 0
DEBUG 2016-07-26 17:09:09,183: 	 Executing : 
 command : voms-proxy-info -file /tmp/x509up_u30997 -actimeleft
 output : 82571

 error: 
 retcode : 0
DEBUG 2016-07-26 17:09:09,183: 	 Proxy valid for 22:56:12 hours
DEBUG 2016-07-26 17:09:09,360: 	 Executing : 
 command : openssl x509 -in ~/.globus/usercert.pem -subject -noout
 output : subject= /DC=ch/DC=cern/OU=Organic Units/OU=Users/CN=fromeo/CN=674630/CN=Francesco Romeo

 error: 
 retcode : 0
DEBUG 2016-07-26 17:09:09,360: 	 Checking credentials
DEBUG 2016-07-26 17:09:09,360: 	 Found proxy file /tmp/x509up_u30997
DEBUG 2016-07-26 17:09:09,360: 	 Getting proxy life time left
DEBUG 2016-07-26 17:09:09,967: 	 Executing : 
 command : voms-proxy-info -file /tmp/x509up_u30997 -timeleft
 output : 82571

 error: 
 retcode : 0
DEBUG 2016-07-26 17:09:10,574: 	 Executing : 
 command : voms-proxy-info -file /tmp/x509up_u30997 -actimeleft
 output : 82570

 error: 
 retcode : 0
DEBUG 2016-07-26 17:09:10,574: 	 Proxy valid for 22:56:11 hours
DEBUG 2016-07-26 17:09:10,931: 	 Registering user credentials for server /DC=ch/DC=cern/OU=computers/CN=vocms(045|052|021|031|0118|0118a|0119|0108).cern.ch
DEBUG 2016-07-26 17:09:11,042: 	 Executing : 
 command : openssl x509 -in ~/.globus/usercert.pem -subject -noout
 output : subject= /DC=ch/DC=cern/OU=Organic Units/OU=Users/CN=fromeo/CN=674630/CN=Francesco Romeo

 error: 
 retcode : 0
DEBUG 2016-07-26 17:09:11,042: 	 Getting myproxy life time left for myproxy.cern.ch
DEBUG 2016-07-26 17:09:11,042: 	 Calculating hash of /DC=ch/DC=cern/OU=Organic Units/OU=Users/CN=fromeo/CN=674630/CN=Francesco Romeo_cmsweb.cern.ch for credential name
DEBUG 2016-07-26 17:09:11,250: 	 Executing : 
 command : myproxy-info -l 83bb954b043085ec6b5075bf38fafc2a023a8c7b -s myproxy.cern.ch
 output : username: 83bb954b043085ec6b5075bf38fafc2a023a8c7b
owner: /DC=ch/DC=cern/OU=Organic Units/OU=Users/CN=fromeo/CN=674630/CN=Francesco Romeo
  renewal policy: /DC=ch/DC=cern/OU=computers/CN=vocms(045|052|021|031|0118|0118a|0119|0108).cern.ch
  trusted retrieval policy: /DC=ch/DC=cern/OU=computers/CN=vocms(045|052|021|031|0118|0118a|0119|0108).cern.ch
  timeleft: 386:42:00  (16.1 days)

 error: 
 retcode : 0
DEBUG 2016-07-26 17:09:11,252: 	 Myproxy is valid: 1392120
DEBUG 2016-07-26 17:09:11,252: 	 Command use: status
DEBUG 2016-07-26 17:09:11,253: 	 Options use: ['First2016_ST/crab_First2016_ST']
DEBUG 2016-07-26 17:09:11,644: 	 CRABClient version: 3.3.1607.patch1
DEBUG 2016-07-26 17:09:11,644: 	 Instance is prod
DEBUG 2016-07-26 17:09:11,644: 	 Server base url is cmsweb.cern.ch
DEBUG 2016-07-26 17:09:11,644: 	 Command url /crabserver/prod/workflow
DEBUG 2016-07-26 17:09:11,645: 	 Looking up detailed status of task 160726_140729:fromeo_crab_First2016_ST
DEBUG 2016-07-26 17:09:12,016: 	 {'status': 'FAILED', 'username': 'fromeo', 'jobsPerStatus': {'failed': 25}, 'jobs': {'24': {'State': 'failed', 'Error': [8001, 'CmsRunFailure\nCMSSW error message follows.\nFatal Exception\nAn exception of category \'ProductNotFound\' occurred while\n   [0] Processing run: 1 lumi: 63 event: 12401\n   [1] Running path \'p\'\n   [2] Calling event method for module BSM3G_TNT_Maker/\'TNT\'\nException Message:\nPrincipal::getByLabel: Found zero products matching all criteria\nLooking for type: edm::TriggerResults\nLooking for module label: TriggerResults\nLooking for productInstanceName: \nLooking for process: HLT2\n   Additional Info:\n      [a] If you wish to continue processing events after a ProductNotFound exception,\nadd "SkipEvent = cms.untracked.vstring(\'ProductNotFound\')" to the "options" PSet in the configuration.\n', {'type': 'Fatal Exception', 'details': 'An exception of category \'ProductNotFound\' occurred while\n   [0] Processing run: 1 lumi: 63 event: 12401\n   [1] Running path \'p\'\n   [2] Calling event method for module BSM3G_TNT_Maker/\'TNT\'\nException Message:\nPrincipal::getByLabel: Found zero products matching all criteria\nLooking for type: edm::TriggerResults\nLooking for module label: TriggerResults\nLooking for productInstanceName: \nLooking for process: HLT2\n   Additional Info:\n      [a] If you wish to continue processing events after a ProductNotFound exception,\nadd "SkipEvent = cms.untracked.vstring(\'ProductNotFound\')" to the "options" PSet in the configuration.', 'exitCode': '8001'}]}, '25': {'State': 'failed', 'Error': [8001, 'CmsRunFailure\nCMSSW error message follows.\nFatal Exception\nAn exception of category \'ProductNotFound\' occurred while\n   [0] Processing run: 1 lumi: 1067 event: 213201\n   [1] Running path \'p\'\n   [2] Calling event method for module BSM3G_TNT_Maker/\'TNT\'\nException Message:\nPrincipal::getByLabel: Found zero products matching all criteria\nLooking for type: edm::TriggerResults\nLooking for module label: TriggerResults\nLooking for productInstanceName: \nLooking for process: HLT2\n   Additional Info:\n      [a] If you wish to continue processing events after a ProductNotFound exception,\nadd "SkipEvent = cms.untracked.vstring(\'ProductNotFound\')" to the "options" PSet in the configuration.\n', {'type': 'Fatal Exception', 'details': 'An exception of category \'ProductNotFound\' occurred while\n   [0] Processing run: 1 lumi: 1067 event: 213201\n   [1] Running path \'p\'\n   [2] Calling event method for module BSM3G_TNT_Maker/\'TNT\'\nException Message:\nPrincipal::getByLabel: Found zero products matching all criteria\nLooking for type: edm::TriggerResults\nLooking for module label: TriggerResults\nLooking for productInstanceName: \nLooking for process: HLT2\n   Additional Info:\n      [a] If you wish to continue processing events after a ProductNotFound exception,\nadd "SkipEvent = cms.untracked.vstring(\'ProductNotFound\')" to the "options" PSet in the configuration.', 'exitCode': '8001'}]}, '20': {'State': 'failed', 'Error': [8001, 'CmsRunFailure\nCMSSW error message follows.\nFatal Exception\nAn exception of category \'ProductNotFound\' occurred while\n   [0] Processing run: 1 lumi: 1 event: 1\n   [1] Running path \'p\'\n   [2] Calling event method for module BSM3G_TNT_Maker/\'TNT\'\nException Message:\nPrincipal::getByLabel: Found zero products matching all criteria\nLooking for type: edm::TriggerResults\nLooking for module label: TriggerResults\nLooking for productInstanceName: \nLooking for process: HLT2\n   Additional Info:\n      [a] If you wish to continue processing events after a ProductNotFound exception,\nadd "SkipEvent = cms.untracked.vstring(\'ProductNotFound\')" to the "options" PSet in the configuration.\n', {'type': 'Fatal Exception', 'details': 'An exception of category \'ProductNotFound\' occurred while\n   [0] Processing run: 1 lumi: 1 event: 1\n   [1] Running path \'p\'\n   [2] Calling event method for module BSM3G_TNT_Maker/\'TNT\'\nException Message:\nPrincipal::getByLabel: Found zero products matching all criteria\nLooking for type: edm::TriggerResults\nLooking for module label: TriggerResults\nLooking for productInstanceName: \nLooking for process: HLT2\n   Additional Info:\n      [a] If you wish to continue processing events after a ProductNotFound exception,\nadd "SkipEvent = cms.untracked.vstring(\'ProductNotFound\')" to the "options" PSet in the configuration.', 'exitCode': '8001'}]}, '21': {'State': 'failed', 'Error': [8001, 'CmsRunFailure\nCMSSW error message follows.\nFatal Exception\nAn exception of category \'ProductNotFound\' occurred while\n   [0] Processing run: 1 lumi: 2647 event: 529201\n   [1] Running path \'p\'\n   [2] Calling event method for module BSM3G_TNT_Maker/\'TNT\'\nException Message:\nPrincipal::getByLabel: Found zero products matching all criteria\nLooking for type: edm::TriggerResults\nLooking for module label: TriggerResults\nLooking for productInstanceName: \nLooking for process: HLT2\n   Additional Info:\n      [a] If you wish to continue processing events after a ProductNotFound exception,\nadd "SkipEvent = cms.untracked.vstring(\'ProductNotFound\')" to the "options" PSet in the configuration.\n', {'type': 'Fatal Exception', 'details': 'An exception of category \'ProductNotFound\' occurred while\n   [0] Processing run: 1 lumi: 2647 event: 529201\n   [1] Running path \'p\'\n   [2] Calling event method for module BSM3G_TNT_Maker/\'TNT\'\nException Message:\nPrincipal::getByLabel: Found zero products matching all criteria\nLooking for type: edm::TriggerResults\nLooking for module label: TriggerResults\nLooking for productInstanceName: \nLooking for process: HLT2\n   Additional Info:\n      [a] If you wish to continue processing events after a ProductNotFound exception,\nadd "SkipEvent = cms.untracked.vstring(\'ProductNotFound\')" to the "options" PSet in the configuration.', 'exitCode': '8001'}]}, '22': {'State': 'failed', 'Error': [8001, 'CmsRunFailure\nCMSSW error message follows.\nFatal Exception\nAn exception of category \'ProductNotFound\' occurred while\n   [0] Processing run: 1 lumi: 3343 event: 668401\n   [1] Running path \'p\'\n   [2] Calling event method for module BSM3G_TNT_Maker/\'TNT\'\nException Message:\nPrincipal::getByLabel: Found zero products matching all criteria\nLooking for type: edm::TriggerResults\nLooking for module label: TriggerResults\nLooking for productInstanceName: \nLooking for process: HLT2\n   Additional Info:\n      [a] If you wish to continue processing events after a ProductNotFound exception,\nadd "SkipEvent = cms.untracked.vstring(\'ProductNotFound\')" to the "options" PSet in the configuration.\n', {'type': 'Fatal Exception', 'details': 'An exception of category \'ProductNotFound\' occurred while\n   [0] Processing run: 1 lumi: 3343 event: 668401\n   [1] Running path \'p\'\n   [2] Calling event method for module BSM3G_TNT_Maker/\'TNT\'\nException Message:\nPrincipal::getByLabel: Found zero products matching all criteria\nLooking for type: edm::TriggerResults\nLooking for module label: TriggerResults\nLooking for productInstanceName: \nLooking for process: HLT2\n   Additional Info:\n      [a] If you wish to continue processing events after a ProductNotFound exception,\nadd "SkipEvent = cms.untracked.vstring(\'ProductNotFound\')" to the "options" PSet in the configuration.', 'exitCode': '8001'}]}, '23': {'State': 'failed', 'Error': [8001, 'CmsRunFailure\nCMSSW error message follows.\nFatal Exception\nAn exception of category \'ProductNotFound\' occurred while\n   [0] Processing run: 1 lumi: 7 event: 1201\n   [1] Running path \'p\'\n   [2] Calling event method for module BSM3G_TNT_Maker/\'TNT\'\nException Message:\nPrincipal::getByLabel: Found zero products matching all criteria\nLooking for type: edm::TriggerResults\nLooking for module label: TriggerResults\nLooking for productInstanceName: \nLooking for process: HLT2\n   Additional Info:\n      [a] If you wish to continue processing events after a ProductNotFound exception,\nadd "SkipEvent = cms.untracked.vstring(\'ProductNotFound\')" to the "options" PSet in the configuration.\n', {'type': 'Fatal Exception', 'details': 'An exception of category \'ProductNotFound\' occurred while\n   [0] Processing run: 1 lumi: 7 event: 1201\n   [1] Running path \'p\'\n   [2] Calling event method for module BSM3G_TNT_Maker/\'TNT\'\nException Message:\nPrincipal::getByLabel: Found zero products matching all criteria\nLooking for type: edm::TriggerResults\nLooking for module label: TriggerResults\nLooking for productInstanceName: \nLooking for process: HLT2\n   Additional Info:\n      [a] If you wish to continue processing events after a ProductNotFound exception,\nadd "SkipEvent = cms.untracked.vstring(\'ProductNotFound\')" to the "options" PSet in the configuration.', 'exitCode': '8001'}]}, '1': {'State': 'failed', 'Error': [8001, 'CmsRunFailure\nCMSSW error message follows.\nFatal Exception\nAn exception of category \'ProductNotFound\' occurred while\n   [0] Processing run: 1 lumi: 1941 event: 388001\n   [1] Running path \'p\'\n   [2] Calling event method for module BSM3G_TNT_Maker/\'TNT\'\nException Message:\nPrincipal::getByLabel: Found zero products matching all criteria\nLooking for type: edm::TriggerResults\nLooking for module label: TriggerResults\nLooking for productInstanceName: \nLooking for process: HLT2\n   Additional Info:\n      [a] If you wish to continue processing events after a ProductNotFound exception,\nadd "SkipEvent = cms.untracked.vstring(\'ProductNotFound\')" to the "options" PSet in the configuration.\n', {'type': 'Fatal Exception', 'details': 'An exception of category \'ProductNotFound\' occurred while\n   [0] Processing run: 1 lumi: 1941 event: 388001\n   [1] Running path \'p\'\n   [2] Calling event method for module BSM3G_TNT_Maker/\'TNT\'\nException Message:\nPrincipal::getByLabel: Found zero products matching all criteria\nLooking for type: edm::TriggerResults\nLooking for module label: TriggerResults\nLooking for productInstanceName: \nLooking for process: HLT2\n   Additional Info:\n      [a] If you wish to continue processing events after a ProductNotFound exception,\nadd "SkipEvent = cms.untracked.vstring(\'ProductNotFound\')" to the "options" PSet in the configuration.', 'exitCode': '8001'}]}, '3': {'State': 'failed', 'Error': [8001, 'CmsRunFailure\nCMSSW error message follows.\nFatal Exception\nAn exception of category \'ProductNotFound\' occurred while\n   [0] Processing run: 1 lumi: 1177 event: 235201\n   [1] Running path \'p\'\n   [2] Calling event method for module BSM3G_TNT_Maker/\'TNT\'\nException Message:\nPrincipal::getByLabel: Found zero products matching all criteria\nLooking for type: edm::TriggerResults\nLooking for module label: TriggerResults\nLooking for productInstanceName: \nLooking for process: HLT2\n   Additional Info:\n      [a] If you wish to continue processing events after a ProductNotFound exception,\nadd "SkipEvent = cms.untracked.vstring(\'ProductNotFound\')" to the "options" PSet in the configuration.\n', {'type': 'Fatal Exception', 'details': 'An exception of category \'ProductNotFound\' occurred while\n   [0] Processing run: 1 lumi: 1177 event: 235201\n   [1] Running path \'p\'\n   [2] Calling event method for module BSM3G_TNT_Maker/\'TNT\'\nException Message:\nPrincipal::getByLabel: Found zero products matching all criteria\nLooking for type: edm::TriggerResults\nLooking for module label: TriggerResults\nLooking for productInstanceName: \nLooking for process: HLT2\n   Additional Info:\n      [a] If you wish to continue processing events after a ProductNotFound exception,\nadd "SkipEvent = cms.untracked.vstring(\'ProductNotFound\')" to the "options" PSet in the configuration.', 'exitCode': '8001'}]}, '2': {'State': 'failed', 'Error': [8001, 'CmsRunFailure\nCMSSW error message follows.\nFatal Exception\nAn exception of category \'ProductNotFound\' occurred while\n   [0] Processing run: 1 lumi: 4127 event: 825201\n   [1] Running path \'p\'\n   [2] Calling event method for module BSM3G_TNT_Maker/\'TNT\'\nException Message:\nPrincipal::getByLabel: Found zero products matching all criteria\nLooking for type: edm::TriggerResults\nLooking for module label: TriggerResults\nLooking for productInstanceName: \nLooking for process: HLT2\n   Additional Info:\n      [a] If you wish to continue processing events after a ProductNotFound exception,\nadd "SkipEvent = cms.untracked.vstring(\'ProductNotFound\')" to the "options" PSet in the configuration.\n', {'type': 'Fatal Exception', 'details': 'An exception of category \'ProductNotFound\' occurred while\n   [0] Processing run: 1 lumi: 4127 event: 825201\n   [1] Running path \'p\'\n   [2] Calling event method for module BSM3G_TNT_Maker/\'TNT\'\nException Message:\nPrincipal::getByLabel: Found zero products matching all criteria\nLooking for type: edm::TriggerResults\nLooking for module label: TriggerResults\nLooking for productInstanceName: \nLooking for process: HLT2\n   Additional Info:\n      [a] If you wish to continue processing events after a ProductNotFound exception,\nadd "SkipEvent = cms.untracked.vstring(\'ProductNotFound\')" to the "options" PSet in the configuration.', 'exitCode': '8001'}]}, '5': {'State': 'failed', 'Error': [8001, 'CmsRunFailure\nCMSSW error message follows.\nFatal Exception\nAn exception of category \'ProductNotFound\' occurred while\n   [0] Processing run: 1 lumi: 471 event: 94001\n   [1] Running path \'p\'\n   [2] Calling event method for module BSM3G_TNT_Maker/\'TNT\'\nException Message:\nPrincipal::getByLabel: Found zero products matching all criteria\nLooking for type: edm::TriggerResults\nLooking for module label: TriggerResults\nLooking for productInstanceName: \nLooking for process: HLT2\n   Additional Info:\n      [a] If you wish to continue processing events after a ProductNotFound exception,\nadd "SkipEvent = cms.untracked.vstring(\'ProductNotFound\')" to the "options" PSet in the configuration.\n', {'type': 'Fatal Exception', 'details': 'An exception of category \'ProductNotFound\' occurred while\n   [0] Processing run: 1 lumi: 471 event: 94001\n   [1] Running path \'p\'\n   [2] Calling event method for module BSM3G_TNT_Maker/\'TNT\'\nException Message:\nPrincipal::getByLabel: Found zero products matching all criteria\nLooking for type: edm::TriggerResults\nLooking for module label: TriggerResults\nLooking for productInstanceName: \nLooking for process: HLT2\n   Additional Info:\n      [a] If you wish to continue processing events after a ProductNotFound exception,\nadd "SkipEvent = cms.untracked.vstring(\'ProductNotFound\')" to the "options" PSet in the configuration.', 'exitCode': '8001'}]}, '4': {'State': 'failed', 'Error': [8001, 'CmsRunFailure\nCMSSW error message follows.\nFatal Exception\nAn exception of category \'ProductNotFound\' occurred while\n   [0] Processing run: 1 lumi: 2243 event: 448401\n   [1] Running path \'p\'\n   [2] Calling event method for module BSM3G_TNT_Maker/\'TNT\'\nException Message:\nPrincipal::getByLabel: Found zero products matching all criteria\nLooking for type: edm::TriggerResults\nLooking for module label: TriggerResults\nLooking for productInstanceName: \nLooking for process: HLT2\n   Additional Info:\n      [a] If you wish to continue processing events after a ProductNotFound exception,\nadd "SkipEvent = cms.untracked.vstring(\'ProductNotFound\')" to the "options" PSet in the configuration.\n', {'type': 'Fatal Exception', 'details': 'An exception of category \'ProductNotFound\' occurred while\n   [0] Processing run: 1 lumi: 2243 event: 448401\n   [1] Running path \'p\'\n   [2] Calling event method for module BSM3G_TNT_Maker/\'TNT\'\nException Message:\nPrincipal::getByLabel: Found zero products matching all criteria\nLooking for type: edm::TriggerResults\nLooking for module label: TriggerResults\nLooking for productInstanceName: \nLooking for process: HLT2\n   Additional Info:\n      [a] If you wish to continue processing events after a ProductNotFound exception,\nadd "SkipEvent = cms.untracked.vstring(\'ProductNotFound\')" to the "options" PSet in the configuration.', 'exitCode': '8001'}]}, '7': {'State': 'failed', 'Error': [8001, 'CmsRunFailure\nCMSSW error message follows.\nFatal Exception\nAn exception of category \'ProductNotFound\' occurred while\n   [0] Processing run: 1 lumi: 685 event: 136801\n   [1] Running path \'p\'\n   [2] Calling event method for module BSM3G_TNT_Maker/\'TNT\'\nException Message:\nPrincipal::getByLabel: Found zero products matching all criteria\nLooking for type: edm::TriggerResults\nLooking for module label: TriggerResults\nLooking for productInstanceName: \nLooking for process: HLT2\n   Additional Info:\n      [a] If you wish to continue processing events after a ProductNotFound exception,\nadd "SkipEvent = cms.untracked.vstring(\'ProductNotFound\')" to the "options" PSet in the configuration.\n', {'type': 'Fatal Exception', 'details': 'An exception of category \'ProductNotFound\' occurred while\n   [0] Processing run: 1 lumi: 685 event: 136801\n   [1] Running path \'p\'\n   [2] Calling event method for module BSM3G_TNT_Maker/\'TNT\'\nException Message:\nPrincipal::getByLabel: Found zero products matching all criteria\nLooking for type: edm::TriggerResults\nLooking for module label: TriggerResults\nLooking for productInstanceName: \nLooking for process: HLT2\n   Additional Info:\n      [a] If you wish to continue processing events after a ProductNotFound exception,\nadd "SkipEvent = cms.untracked.vstring(\'ProductNotFound\')" to the "options" PSet in the configuration.', 'exitCode': '8001'}]}, '6': {'State': 'failed', 'Error': [8001, 'CmsRunFailure\nCMSSW error message follows.\nFatal Exception\nAn exception of category \'ProductNotFound\' occurred while\n   [0] Processing run: 1 lumi: 265 event: 52801\n   [1] Running path \'p\'\n   [2] Calling event method for module BSM3G_TNT_Maker/\'TNT\'\nException Message:\nPrincipal::getByLabel: Found zero products matching all criteria\nLooking for type: edm::TriggerResults\nLooking for module label: TriggerResults\nLooking for productInstanceName: \nLooking for process: HLT2\n   Additional Info:\n      [a] If you wish to continue processing events after a ProductNotFound exception,\nadd "SkipEvent = cms.untracked.vstring(\'ProductNotFound\')" to the "options" PSet in the configuration.\n', {'type': 'Fatal Exception', 'details': 'An exception of category \'ProductNotFound\' occurred while\n   [0] Processing run: 1 lumi: 265 event: 52801\n   [1] Running path \'p\'\n   [2] Calling event method for module BSM3G_TNT_Maker/\'TNT\'\nException Message:\nPrincipal::getByLabel: Found zero products matching all criteria\nLooking for type: edm::TriggerResults\nLooking for module label: TriggerResults\nLooking for productInstanceName: \nLooking for process: HLT2\n   Additional Info:\n      [a] If you wish to continue processing events after a ProductNotFound exception,\nadd "SkipEvent = cms.untracked.vstring(\'ProductNotFound\')" to the "options" PSet in the configuration.', 'exitCode': '8001'}]}, '9': {'State': 'failed', 'Error': [8001, 'CmsRunFailure\nCMSSW error message follows.\nFatal Exception\nAn exception of category \'ProductNotFound\' occurred while\n   [0] Processing run: 1 lumi: 3183 event: 636401\n   [1] Running path \'p\'\n   [2] Calling event method for module BSM3G_TNT_Maker/\'TNT\'\nException Message:\nPrincipal::getByLabel: Found zero products matching all criteria\nLooking for type: edm::TriggerResults\nLooking for module label: TriggerResults\nLooking for productInstanceName: \nLooking for process: HLT2\n   Additional Info:\n      [a] If you wish to continue processing events after a ProductNotFound exception,\nadd "SkipEvent = cms.untracked.vstring(\'ProductNotFound\')" to the "options" PSet in the configuration.\n', {'type': 'Fatal Exception', 'details': 'An exception of category \'ProductNotFound\' occurred while\n   [0] Processing run: 1 lumi: 3183 event: 636401\n   [1] Running path \'p\'\n   [2] Calling event method for module BSM3G_TNT_Maker/\'TNT\'\nException Message:\nPrincipal::getByLabel: Found zero products matching all criteria\nLooking for type: edm::TriggerResults\nLooking for module label: TriggerResults\nLooking for productInstanceName: \nLooking for process: HLT2\n   Additional Info:\n      [a] If you wish to continue processing events after a ProductNotFound exception,\nadd "SkipEvent = cms.untracked.vstring(\'ProductNotFound\')" to the "options" PSet in the configuration.', 'exitCode': '8001'}]}, '8': {'State': 'failed', 'Error': [8001, 'CmsRunFailure\nCMSSW error message follows.\nFatal Exception\nAn exception of category \'ProductNotFound\' occurred while\n   [0] Processing run: 1 lumi: 3005 event: 600801\n   [1] Running path \'p\'\n   [2] Calling event method for module BSM3G_TNT_Maker/\'TNT\'\nException Message:\nPrincipal::getByLabel: Found zero products matching all criteria\nLooking for type: edm::TriggerResults\nLooking for module label: TriggerResults\nLooking for productInstanceName: \nLooking for process: HLT2\n   Additional Info:\n      [a] If you wish to continue processing events after a ProductNotFound exception,\nadd "SkipEvent = cms.untracked.vstring(\'ProductNotFound\')" to the "options" PSet in the configuration.\n', {'type': 'Fatal Exception', 'details': 'An exception of category \'ProductNotFound\' occurred while\n   [0] Processing run: 1 lumi: 3005 event: 600801\n   [1] Running path \'p\'\n   [2] Calling event method for module BSM3G_TNT_Maker/\'TNT\'\nException Message:\nPrincipal::getByLabel: Found zero products matching all criteria\nLooking for type: edm::TriggerResults\nLooking for module label: TriggerResults\nLooking for productInstanceName: \nLooking for process: HLT2\n   Additional Info:\n      [a] If you wish to continue processing events after a ProductNotFound exception,\nadd "SkipEvent = cms.untracked.vstring(\'ProductNotFound\')" to the "options" PSet in the configuration.', 'exitCode': '8001'}]}, '11': {'State': 'failed', 'Error': [8001, 'CmsRunFailure\nCMSSW error message follows.\nFatal Exception\nAn exception of category \'ProductNotFound\' occurred while\n   [0] Processing run: 1 lumi: 225 event: 44801\n   [1] Running path \'p\'\n   [2] Calling event method for module BSM3G_TNT_Maker/\'TNT\'\nException Message:\nPrincipal::getByLabel: Found zero products matching all criteria\nLooking for type: edm::TriggerResults\nLooking for module label: TriggerResults\nLooking for productInstanceName: \nLooking for process: HLT2\n   Additional Info:\n      [a] If you wish to continue processing events after a ProductNotFound exception,\nadd "SkipEvent = cms.untracked.vstring(\'ProductNotFound\')" to the "options" PSet in the configuration.\n', {'type': 'Fatal Exception', 'details': 'An exception of category \'ProductNotFound\' occurred while\n   [0] Processing run: 1 lumi: 225 event: 44801\n   [1] Running path \'p\'\n   [2] Calling event method for module BSM3G_TNT_Maker/\'TNT\'\nException Message:\nPrincipal::getByLabel: Found zero products matching all criteria\nLooking for type: edm::TriggerResults\nLooking for module label: TriggerResults\nLooking for productInstanceName: \nLooking for process: HLT2\n   Additional Info:\n      [a] If you wish to continue processing events after a ProductNotFound exception,\nadd "SkipEvent = cms.untracked.vstring(\'ProductNotFound\')" to the "options" PSet in the configuration.', 'exitCode': '8001'}]}, '10': {'State': 'failed', 'Error': [8001, 'CmsRunFailure\nCMSSW error message follows.\nFatal Exception\nAn exception of category \'ProductNotFound\' occurred while\n   [0] Processing run: 1 lumi: 1707 event: 341201\n   [1] Running path \'p\'\n   [2] Calling event method for module BSM3G_TNT_Maker/\'TNT\'\nException Message:\nPrincipal::getByLabel: Found zero products matching all criteria\nLooking for type: edm::TriggerResults\nLooking for module label: TriggerResults\nLooking for productInstanceName: \nLooking for process: HLT2\n   Additional Info:\n      [a] If you wish to continue processing events after a ProductNotFound exception,\nadd "SkipEvent = cms.untracked.vstring(\'ProductNotFound\')" to the "options" PSet in the configuration.\n', {'type': 'Fatal Exception', 'details': 'An exception of category \'ProductNotFound\' occurred while\n   [0] Processing run: 1 lumi: 1707 event: 341201\n   [1] Running path \'p\'\n   [2] Calling event method for module BSM3G_TNT_Maker/\'TNT\'\nException Message:\nPrincipal::getByLabel: Found zero products matching all criteria\nLooking for type: edm::TriggerResults\nLooking for module label: TriggerResults\nLooking for productInstanceName: \nLooking for process: HLT2\n   Additional Info:\n      [a] If you wish to continue processing events after a ProductNotFound exception,\nadd "SkipEvent = cms.untracked.vstring(\'ProductNotFound\')" to the "options" PSet in the configuration.', 'exitCode': '8001'}]}, '13': {'State': 'failed', 'Error': [8001, 'CmsRunFailure\nCMSSW error message follows.\nFatal Exception\nAn exception of category \'ProductNotFound\' occurred while\n   [0] Processing run: 1 lumi: 4299 event: 859601\n   [1] Running path \'p\'\n   [2] Calling event method for module BSM3G_TNT_Maker/\'TNT\'\nException Message:\nPrincipal::getByLabel: Found zero products matching all criteria\nLooking for type: edm::TriggerResults\nLooking for module label: TriggerResults\nLooking for productInstanceName: \nLooking for process: HLT2\n   Additional Info:\n      [a] If you wish to continue processing events after a ProductNotFound exception,\nadd "SkipEvent = cms.untracked.vstring(\'ProductNotFound\')" to the "options" PSet in the configuration.\n', {'type': 'Fatal Exception', 'details': 'An exception of category \'ProductNotFound\' occurred while\n   [0] Processing run: 1 lumi: 4299 event: 859601\n   [1] Running path \'p\'\n   [2] Calling event method for module BSM3G_TNT_Maker/\'TNT\'\nException Message:\nPrincipal::getByLabel: Found zero products matching all criteria\nLooking for type: edm::TriggerResults\nLooking for module label: TriggerResults\nLooking for productInstanceName: \nLooking for process: HLT2\n   Additional Info:\n      [a] If you wish to continue processing events after a ProductNotFound exception,\nadd "SkipEvent = cms.untracked.vstring(\'ProductNotFound\')" to the "options" PSet in the configuration.', 'exitCode': '8001'}]}, '12': {'State': 'failed', 'Error': [8001, 'CmsRunFailure\nCMSSW error message follows.\nFatal Exception\nAn exception of category \'ProductNotFound\' occurred while\n   [0] Processing run: 1 lumi: 3617 event: 723201\n   [1] Running path \'p\'\n   [2] Calling event method for module BSM3G_TNT_Maker/\'TNT\'\nException Message:\nPrincipal::getByLabel: Found zero products matching all criteria\nLooking for type: edm::TriggerResults\nLooking for module label: TriggerResults\nLooking for productInstanceName: \nLooking for process: HLT2\n   Additional Info:\n      [a] If you wish to continue processing events after a ProductNotFound exception,\nadd "SkipEvent = cms.untracked.vstring(\'ProductNotFound\')" to the "options" PSet in the configuration.\n', {'type': 'Fatal Exception', 'details': 'An exception of category \'ProductNotFound\' occurred while\n   [0] Processing run: 1 lumi: 3617 event: 723201\n   [1] Running path \'p\'\n   [2] Calling event method for module BSM3G_TNT_Maker/\'TNT\'\nException Message:\nPrincipal::getByLabel: Found zero products matching all criteria\nLooking for type: edm::TriggerResults\nLooking for module label: TriggerResults\nLooking for productInstanceName: \nLooking for process: HLT2\n   Additional Info:\n      [a] If you wish to continue processing events after a ProductNotFound exception,\nadd "SkipEvent = cms.untracked.vstring(\'ProductNotFound\')" to the "options" PSet in the configuration.', 'exitCode': '8001'}]}, '15': {'State': 'failed', 'Error': [8001, 'CmsRunFailure\nCMSSW error message follows.\nFatal Exception\nAn exception of category \'ProductNotFound\' occurred while\n   [0] Processing run: 1 lumi: 899 event: 179601\n   [1] Running path \'p\'\n   [2] Calling event method for module BSM3G_TNT_Maker/\'TNT\'\nException Message:\nPrincipal::getByLabel: Found zero products matching all criteria\nLooking for type: edm::TriggerResults\nLooking for module label: TriggerResults\nLooking for productInstanceName: \nLooking for process: HLT2\n   Additional Info:\n      [a] If you wish to continue processing events after a ProductNotFound exception,\nadd "SkipEvent = cms.untracked.vstring(\'ProductNotFound\')" to the "options" PSet in the configuration.\n', {'type': 'Fatal Exception', 'details': 'An exception of category \'ProductNotFound\' occurred while\n   [0] Processing run: 1 lumi: 899 event: 179601\n   [1] Running path \'p\'\n   [2] Calling event method for module BSM3G_TNT_Maker/\'TNT\'\nException Message:\nPrincipal::getByLabel: Found zero products matching all criteria\nLooking for type: edm::TriggerResults\nLooking for module label: TriggerResults\nLooking for productInstanceName: \nLooking for process: HLT2\n   Additional Info:\n      [a] If you wish to continue processing events after a ProductNotFound exception,\nadd "SkipEvent = cms.untracked.vstring(\'ProductNotFound\')" to the "options" PSet in the configuration.', 'exitCode': '8001'}]}, '14': {'State': 'failed', 'Error': [8001, 'CmsRunFailure\nCMSSW error message follows.\nFatal Exception\nAn exception of category \'ProductNotFound\' occurred while\n   [0] Processing run: 1 lumi: 2147 event: 429201\n   [1] Running path \'p\'\n   [2] Calling event method for module BSM3G_TNT_Maker/\'TNT\'\nException Message:\nPrincipal::getByLabel: Found zero products matching all criteria\nLooking for type: edm::TriggerResults\nLooking for module label: TriggerResults\nLooking for productInstanceName: \nLooking for process: HLT2\n   Additional Info:\n      [a] If you wish to continue processing events after a ProductNotFound exception,\nadd "SkipEvent = cms.untracked.vstring(\'ProductNotFound\')" to the "options" PSet in the configuration.\n', {'type': 'Fatal Exception', 'details': 'An exception of category \'ProductNotFound\' occurred while\n   [0] Processing run: 1 lumi: 2147 event: 429201\n   [1] Running path \'p\'\n   [2] Calling event method for module BSM3G_TNT_Maker/\'TNT\'\nException Message:\nPrincipal::getByLabel: Found zero products matching all criteria\nLooking for type: edm::TriggerResults\nLooking for module label: TriggerResults\nLooking for productInstanceName: \nLooking for process: HLT2\n   Additional Info:\n      [a] If you wish to continue processing events after a ProductNotFound exception,\nadd "SkipEvent = cms.untracked.vstring(\'ProductNotFound\')" to the "options" PSet in the configuration.', 'exitCode': '8001'}]}, '17': {'State': 'failed', 'Error': [8001, 'CmsRunFailure\nCMSSW error message follows.\nFatal Exception\nAn exception of category \'ProductNotFound\' occurred while\n   [0] Processing run: 1 lumi: 2759 event: 551601\n   [1] Running path \'p\'\n   [2] Calling event method for module BSM3G_TNT_Maker/\'TNT\'\nException Message:\nPrincipal::getByLabel: Found zero products matching all criteria\nLooking for type: edm::TriggerResults\nLooking for module label: TriggerResults\nLooking for productInstanceName: \nLooking for process: HLT2\n   Additional Info:\n      [a] If you wish to continue processing events after a ProductNotFound exception,\nadd "SkipEvent = cms.untracked.vstring(\'ProductNotFound\')" to the "options" PSet in the configuration.\n', {'type': 'Fatal Exception', 'details': 'An exception of category \'ProductNotFound\' occurred while\n   [0] Processing run: 1 lumi: 2759 event: 551601\n   [1] Running path \'p\'\n   [2] Calling event method for module BSM3G_TNT_Maker/\'TNT\'\nException Message:\nPrincipal::getByLabel: Found zero products matching all criteria\nLooking for type: edm::TriggerResults\nLooking for module label: TriggerResults\nLooking for productInstanceName: \nLooking for process: HLT2\n   Additional Info:\n      [a] If you wish to continue processing events after a ProductNotFound exception,\nadd "SkipEvent = cms.untracked.vstring(\'ProductNotFound\')" to the "options" PSet in the configuration.', 'exitCode': '8001'}]}, '16': {'State': 'failed', 'Error': [8001, 'CmsRunFailure\nCMSSW error message follows.\nFatal Exception\nAn exception of category \'ProductNotFound\' occurred while\n   [0] Processing run: 1 lumi: 331 event: 66001\n   [1] Running path \'p\'\n   [2] Calling event method for module BSM3G_TNT_Maker/\'TNT\'\nException Message:\nPrincipal::getByLabel: Found zero products matching all criteria\nLooking for type: edm::TriggerResults\nLooking for module label: TriggerResults\nLooking for productInstanceName: \nLooking for process: HLT2\n   Additional Info:\n      [a] If you wish to continue processing events after a ProductNotFound exception,\nadd "SkipEvent = cms.untracked.vstring(\'ProductNotFound\')" to the "options" PSet in the configuration.\n', {'type': 'Fatal Exception', 'details': 'An exception of category \'ProductNotFound\' occurred while\n   [0] Processing run: 1 lumi: 331 event: 66001\n   [1] Running path \'p\'\n   [2] Calling event method for module BSM3G_TNT_Maker/\'TNT\'\nException Message:\nPrincipal::getByLabel: Found zero products matching all criteria\nLooking for type: edm::TriggerResults\nLooking for module label: TriggerResults\nLooking for productInstanceName: \nLooking for process: HLT2\n   Additional Info:\n      [a] If you wish to continue processing events after a ProductNotFound exception,\nadd "SkipEvent = cms.untracked.vstring(\'ProductNotFound\')" to the "options" PSet in the configuration.', 'exitCode': '8001'}]}, '19': {'State': 'failed', 'Error': [8001, 'CmsRunFailure\nCMSSW error message follows.\nFatal Exception\nAn exception of category \'ProductNotFound\' occurred while\n   [0] Processing run: 1 lumi: 1467 event: 293201\n   [1] Running path \'p\'\n   [2] Calling event method for module BSM3G_TNT_Maker/\'TNT\'\nException Message:\nPrincipal::getByLabel: Found zero products matching all criteria\nLooking for type: edm::TriggerResults\nLooking for module label: TriggerResults\nLooking for productInstanceName: \nLooking for process: HLT2\n   Additional Info:\n      [a] If you wish to continue processing events after a ProductNotFound exception,\nadd "SkipEvent = cms.untracked.vstring(\'ProductNotFound\')" to the "options" PSet in the configuration.\n', {'type': 'Fatal Exception', 'details': 'An exception of category \'ProductNotFound\' occurred while\n   [0] Processing run: 1 lumi: 1467 event: 293201\n   [1] Running path \'p\'\n   [2] Calling event method for module BSM3G_TNT_Maker/\'TNT\'\nException Message:\nPrincipal::getByLabel: Found zero products matching all criteria\nLooking for type: edm::TriggerResults\nLooking for module label: TriggerResults\nLooking for productInstanceName: \nLooking for process: HLT2\n   Additional Info:\n      [a] If you wish to continue processing events after a ProductNotFound exception,\nadd "SkipEvent = cms.untracked.vstring(\'ProductNotFound\')" to the "options" PSet in the configuration.', 'exitCode': '8001'}]}, '18': {'State': 'failed', 'Error': [8001, 'CmsRunFailure\nCMSSW error message follows.\nFatal Exception\nAn exception of category \'ProductNotFound\' occurred while\n   [0] Processing run: 1 lumi: 4801 event: 960001\n   [1] Running path \'p\'\n   [2] Calling event method for module BSM3G_TNT_Maker/\'TNT\'\nException Message:\nPrincipal::getByLabel: Found zero products matching all criteria\nLooking for type: edm::TriggerResults\nLooking for module label: TriggerResults\nLooking for productInstanceName: \nLooking for process: HLT2\n   Additional Info:\n      [a] If you wish to continue processing events after a ProductNotFound exception,\nadd "SkipEvent = cms.untracked.vstring(\'ProductNotFound\')" to the "options" PSet in the configuration.\n', {'type': 'Fatal Exception', 'details': 'An exception of category \'ProductNotFound\' occurred while\n   [0] Processing run: 1 lumi: 4801 event: 960001\n   [1] Running path \'p\'\n   [2] Calling event method for module BSM3G_TNT_Maker/\'TNT\'\nException Message:\nPrincipal::getByLabel: Found zero products matching all criteria\nLooking for type: edm::TriggerResults\nLooking for module label: TriggerResults\nLooking for productInstanceName: \nLooking for process: HLT2\n   Additional Info:\n      [a] If you wish to continue processing events after a ProductNotFound exception,\nadd "SkipEvent = cms.untracked.vstring(\'ProductNotFound\')" to the "options" PSet in the configuration.', 'exitCode': '8001'}]}}, 'publication': {}, 'taskWarningMsg': [], 'schedd': 'crab3@vocms0112.cern.ch', 'publicationFailures': {}, 'outdatasets': None, 'statusFailureMsg': '', 'taskFailureMsg': '', 'failedJobdefs': 0, 'ASOURL': 'https://cmsweb.cern.ch/couchdb2', 'command': 'SUBMIT', 'totalJobdefs': 0, 'submissionTime': 1469542050, 'jobdefErrors': [], 'collector': 'cmsgwms-collector-global.cern.ch,cmssrv221.fnal.gov', 'jobList': [['failed', 24], ['failed', 25], ['failed', 20], ['failed', 21], ['failed', 22], ['failed', 23], ['failed', 1], ['failed', 3], ['failed', 2], ['failed', 5], ['failed', 4], ['failed', 7], ['failed', 6], ['failed', 9], ['failed', 8], ['failed', 11], ['failed', 10], ['failed', 13], ['failed', 12], ['failed', 15], ['failed', 14], ['failed', 17], ['failed', 16], ['failed', 19], ['failed', 18]]}
INFO 2016-07-26 17:09:12,016: 	 CRAB project directory:		/afs/cern.ch/work/f/fromeo/CMSSW_8_0_12_FW/src/BSMFramework/BSM3G_TNT_Maker/crab/First2016_ST/crab_First2016_ST
INFO 2016-07-26 17:09:12,016: 	 Task name:			160726_140729:fromeo_crab_First2016_ST
INFO 2016-07-26 17:09:12,016: 	 Grid scheduler:			crab3@vocms0112.cern.ch
INFO 2016-07-26 17:09:12,017: 	 Task status:			FAILED
INFO 2016-07-26 17:09:12,017: 	 Dashboard monitoring URL:	http://dashb-cms-job.cern.ch/dashboard/templates/task-analysis/#user=fromeo&table=Mains&pattern=160726_140729%3Afromeo_crab_First2016_ST
INFO 2016-07-26 17:09:12,017: 	 
Jobs status:			failed        100.0% (25/25)
INFO 2016-07-26 17:09:12,017: 	 
No publication information available yet
INFO 2016-07-26 17:09:12,017: 	 
Error Summary: (use crab status --verboseErrors for details about the errors)

25 jobs failed with exit code 8001

Have a look at https://twiki.cern.ch/twiki/bin/viewauth/CMSPublic/JobExitCodes for a description of the exit codes.
INFO 2016-07-26 17:09:12,022: 	 Log file is /afs/cern.ch/work/f/fromeo/CMSSW_8_0_12_FW/src/BSMFramework/BSM3G_TNT_Maker/crab/First2016_ST/crab_First2016_ST/crab.log
DEBUG 2016-07-26 19:03:37,679: 	 Executing command: 'status'
DEBUG 2016-07-26 19:03:37,679: 	 Found CRAB cache file /afs/cern.ch/user/f/fromeo/.crab3
DEBUG 2016-07-26 19:03:37,713: 	 Checking credentials
DEBUG 2016-07-26 19:03:37,714: 	 Found proxy file /tmp/x509up_u30997
DEBUG 2016-07-26 19:03:37,714: 	 Getting proxy life time left
DEBUG 2016-07-26 19:03:38,418: 	 Executing : 
 command : voms-proxy-info -file /tmp/x509up_u30997 -timeleft
 output : 75702

 error: 
 retcode : 0
DEBUG 2016-07-26 19:03:39,235: 	 Executing : 
 command : voms-proxy-info -file /tmp/x509up_u30997 -actimeleft
 output : 75701

 error: 
 retcode : 0
DEBUG 2016-07-26 19:03:39,235: 	 Proxy valid for 21:01:42 hours
DEBUG 2016-07-26 19:03:39,376: 	 Executing : 
 command : openssl x509 -in ~/.globus/usercert.pem -subject -noout
 output : subject= /DC=ch/DC=cern/OU=Organic Units/OU=Users/CN=fromeo/CN=674630/CN=Francesco Romeo

 error: 
 retcode : 0
DEBUG 2016-07-26 19:03:39,376: 	 Checking credentials
DEBUG 2016-07-26 19:03:39,376: 	 Found proxy file /tmp/x509up_u30997
DEBUG 2016-07-26 19:03:39,376: 	 Getting proxy life time left
DEBUG 2016-07-26 19:03:39,980: 	 Executing : 
 command : voms-proxy-info -file /tmp/x509up_u30997 -timeleft
 output : 75701

 error: 
 retcode : 0
DEBUG 2016-07-26 19:03:40,598: 	 Executing : 
 command : voms-proxy-info -file /tmp/x509up_u30997 -actimeleft
 output : 75700

 error: 
 retcode : 0
DEBUG 2016-07-26 19:03:40,598: 	 Proxy valid for 21:01:41 hours
DEBUG 2016-07-26 19:03:40,976: 	 Registering user credentials for server /DC=ch/DC=cern/OU=computers/CN=vocms(045|052|021|031|0118|0118a|0119|0108).cern.ch
DEBUG 2016-07-26 19:03:41,107: 	 Executing : 
 command : openssl x509 -in ~/.globus/usercert.pem -subject -noout
 output : subject= /DC=ch/DC=cern/OU=Organic Units/OU=Users/CN=fromeo/CN=674630/CN=Francesco Romeo

 error: 
 retcode : 0
DEBUG 2016-07-26 19:03:41,107: 	 Getting myproxy life time left for myproxy.cern.ch
DEBUG 2016-07-26 19:03:41,107: 	 Calculating hash of /DC=ch/DC=cern/OU=Organic Units/OU=Users/CN=fromeo/CN=674630/CN=Francesco Romeo_cmsweb.cern.ch for credential name
DEBUG 2016-07-26 19:03:41,310: 	 Executing : 
 command : myproxy-info -l 83bb954b043085ec6b5075bf38fafc2a023a8c7b -s myproxy.cern.ch
 output : username: 83bb954b043085ec6b5075bf38fafc2a023a8c7b
owner: /DC=ch/DC=cern/OU=Organic Units/OU=Users/CN=fromeo/CN=674630/CN=Francesco Romeo
  renewal policy: /DC=ch/DC=cern/OU=computers/CN=vocms(045|052|021|031|0118|0118a|0119|0108).cern.ch
  trusted retrieval policy: /DC=ch/DC=cern/OU=computers/CN=vocms(045|052|021|031|0118|0118a|0119|0108).cern.ch
  timeleft: 384:47:30  (16.0 days)

 error: 
 retcode : 0
DEBUG 2016-07-26 19:03:41,313: 	 Myproxy is valid: 1385250
DEBUG 2016-07-26 19:03:41,313: 	 Command use: status
DEBUG 2016-07-26 19:03:41,313: 	 Options use: ['First2016_ST/crab_First2016_ST']
DEBUG 2016-07-26 19:03:41,716: 	 CRABClient version: 3.3.1607.patch1
DEBUG 2016-07-26 19:03:41,716: 	 Instance is prod
DEBUG 2016-07-26 19:03:41,716: 	 Server base url is cmsweb.cern.ch
DEBUG 2016-07-26 19:03:41,716: 	 Command url /crabserver/prod/workflow
DEBUG 2016-07-26 19:03:41,716: 	 Looking up detailed status of task 160726_140729:fromeo_crab_First2016_ST
DEBUG 2016-07-26 19:03:42,179: 	 {'status': 'FAILED', 'username': 'fromeo', 'jobsPerStatus': {'failed': 25}, 'jobs': {'24': {'State': 'failed', 'Error': [8001, 'CmsRunFailure\nCMSSW error message follows.\nFatal Exception\nAn exception of category \'ProductNotFound\' occurred while\n   [0] Processing run: 1 lumi: 63 event: 12401\n   [1] Running path \'p\'\n   [2] Calling event method for module BSM3G_TNT_Maker/\'TNT\'\nException Message:\nPrincipal::getByLabel: Found zero products matching all criteria\nLooking for type: edm::TriggerResults\nLooking for module label: TriggerResults\nLooking for productInstanceName: \nLooking for process: HLT2\n   Additional Info:\n      [a] If you wish to continue processing events after a ProductNotFound exception,\nadd "SkipEvent = cms.untracked.vstring(\'ProductNotFound\')" to the "options" PSet in the configuration.\n', {'type': 'Fatal Exception', 'details': 'An exception of category \'ProductNotFound\' occurred while\n   [0] Processing run: 1 lumi: 63 event: 12401\n   [1] Running path \'p\'\n   [2] Calling event method for module BSM3G_TNT_Maker/\'TNT\'\nException Message:\nPrincipal::getByLabel: Found zero products matching all criteria\nLooking for type: edm::TriggerResults\nLooking for module label: TriggerResults\nLooking for productInstanceName: \nLooking for process: HLT2\n   Additional Info:\n      [a] If you wish to continue processing events after a ProductNotFound exception,\nadd "SkipEvent = cms.untracked.vstring(\'ProductNotFound\')" to the "options" PSet in the configuration.', 'exitCode': '8001'}]}, '25': {'State': 'failed', 'Error': [8001, 'CmsRunFailure\nCMSSW error message follows.\nFatal Exception\nAn exception of category \'ProductNotFound\' occurred while\n   [0] Processing run: 1 lumi: 1067 event: 213201\n   [1] Running path \'p\'\n   [2] Calling event method for module BSM3G_TNT_Maker/\'TNT\'\nException Message:\nPrincipal::getByLabel: Found zero products matching all criteria\nLooking for type: edm::TriggerResults\nLooking for module label: TriggerResults\nLooking for productInstanceName: \nLooking for process: HLT2\n   Additional Info:\n      [a] If you wish to continue processing events after a ProductNotFound exception,\nadd "SkipEvent = cms.untracked.vstring(\'ProductNotFound\')" to the "options" PSet in the configuration.\n', {'type': 'Fatal Exception', 'details': 'An exception of category \'ProductNotFound\' occurred while\n   [0] Processing run: 1 lumi: 1067 event: 213201\n   [1] Running path \'p\'\n   [2] Calling event method for module BSM3G_TNT_Maker/\'TNT\'\nException Message:\nPrincipal::getByLabel: Found zero products matching all criteria\nLooking for type: edm::TriggerResults\nLooking for module label: TriggerResults\nLooking for productInstanceName: \nLooking for process: HLT2\n   Additional Info:\n      [a] If you wish to continue processing events after a ProductNotFound exception,\nadd "SkipEvent = cms.untracked.vstring(\'ProductNotFound\')" to the "options" PSet in the configuration.', 'exitCode': '8001'}]}, '20': {'State': 'failed', 'Error': [8001, 'CmsRunFailure\nCMSSW error message follows.\nFatal Exception\nAn exception of category \'ProductNotFound\' occurred while\n   [0] Processing run: 1 lumi: 1 event: 1\n   [1] Running path \'p\'\n   [2] Calling event method for module BSM3G_TNT_Maker/\'TNT\'\nException Message:\nPrincipal::getByLabel: Found zero products matching all criteria\nLooking for type: edm::TriggerResults\nLooking for module label: TriggerResults\nLooking for productInstanceName: \nLooking for process: HLT2\n   Additional Info:\n      [a] If you wish to continue processing events after a ProductNotFound exception,\nadd "SkipEvent = cms.untracked.vstring(\'ProductNotFound\')" to the "options" PSet in the configuration.\n', {'type': 'Fatal Exception', 'details': 'An exception of category \'ProductNotFound\' occurred while\n   [0] Processing run: 1 lumi: 1 event: 1\n   [1] Running path \'p\'\n   [2] Calling event method for module BSM3G_TNT_Maker/\'TNT\'\nException Message:\nPrincipal::getByLabel: Found zero products matching all criteria\nLooking for type: edm::TriggerResults\nLooking for module label: TriggerResults\nLooking for productInstanceName: \nLooking for process: HLT2\n   Additional Info:\n      [a] If you wish to continue processing events after a ProductNotFound exception,\nadd "SkipEvent = cms.untracked.vstring(\'ProductNotFound\')" to the "options" PSet in the configuration.', 'exitCode': '8001'}]}, '21': {'State': 'failed', 'Error': [8001, 'CmsRunFailure\nCMSSW error message follows.\nFatal Exception\nAn exception of category \'ProductNotFound\' occurred while\n   [0] Processing run: 1 lumi: 2647 event: 529201\n   [1] Running path \'p\'\n   [2] Calling event method for module BSM3G_TNT_Maker/\'TNT\'\nException Message:\nPrincipal::getByLabel: Found zero products matching all criteria\nLooking for type: edm::TriggerResults\nLooking for module label: TriggerResults\nLooking for productInstanceName: \nLooking for process: HLT2\n   Additional Info:\n      [a] If you wish to continue processing events after a ProductNotFound exception,\nadd "SkipEvent = cms.untracked.vstring(\'ProductNotFound\')" to the "options" PSet in the configuration.\n', {'type': 'Fatal Exception', 'details': 'An exception of category \'ProductNotFound\' occurred while\n   [0] Processing run: 1 lumi: 2647 event: 529201\n   [1] Running path \'p\'\n   [2] Calling event method for module BSM3G_TNT_Maker/\'TNT\'\nException Message:\nPrincipal::getByLabel: Found zero products matching all criteria\nLooking for type: edm::TriggerResults\nLooking for module label: TriggerResults\nLooking for productInstanceName: \nLooking for process: HLT2\n   Additional Info:\n      [a] If you wish to continue processing events after a ProductNotFound exception,\nadd "SkipEvent = cms.untracked.vstring(\'ProductNotFound\')" to the "options" PSet in the configuration.', 'exitCode': '8001'}]}, '22': {'State': 'failed', 'Error': [8001, 'CmsRunFailure\nCMSSW error message follows.\nFatal Exception\nAn exception of category \'ProductNotFound\' occurred while\n   [0] Processing run: 1 lumi: 3343 event: 668401\n   [1] Running path \'p\'\n   [2] Calling event method for module BSM3G_TNT_Maker/\'TNT\'\nException Message:\nPrincipal::getByLabel: Found zero products matching all criteria\nLooking for type: edm::TriggerResults\nLooking for module label: TriggerResults\nLooking for productInstanceName: \nLooking for process: HLT2\n   Additional Info:\n      [a] If you wish to continue processing events after a ProductNotFound exception,\nadd "SkipEvent = cms.untracked.vstring(\'ProductNotFound\')" to the "options" PSet in the configuration.\n', {'type': 'Fatal Exception', 'details': 'An exception of category \'ProductNotFound\' occurred while\n   [0] Processing run: 1 lumi: 3343 event: 668401\n   [1] Running path \'p\'\n   [2] Calling event method for module BSM3G_TNT_Maker/\'TNT\'\nException Message:\nPrincipal::getByLabel: Found zero products matching all criteria\nLooking for type: edm::TriggerResults\nLooking for module label: TriggerResults\nLooking for productInstanceName: \nLooking for process: HLT2\n   Additional Info:\n      [a] If you wish to continue processing events after a ProductNotFound exception,\nadd "SkipEvent = cms.untracked.vstring(\'ProductNotFound\')" to the "options" PSet in the configuration.', 'exitCode': '8001'}]}, '23': {'State': 'failed', 'Error': [8001, 'CmsRunFailure\nCMSSW error message follows.\nFatal Exception\nAn exception of category \'ProductNotFound\' occurred while\n   [0] Processing run: 1 lumi: 7 event: 1201\n   [1] Running path \'p\'\n   [2] Calling event method for module BSM3G_TNT_Maker/\'TNT\'\nException Message:\nPrincipal::getByLabel: Found zero products matching all criteria\nLooking for type: edm::TriggerResults\nLooking for module label: TriggerResults\nLooking for productInstanceName: \nLooking for process: HLT2\n   Additional Info:\n      [a] If you wish to continue processing events after a ProductNotFound exception,\nadd "SkipEvent = cms.untracked.vstring(\'ProductNotFound\')" to the "options" PSet in the configuration.\n', {'type': 'Fatal Exception', 'details': 'An exception of category \'ProductNotFound\' occurred while\n   [0] Processing run: 1 lumi: 7 event: 1201\n   [1] Running path \'p\'\n   [2] Calling event method for module BSM3G_TNT_Maker/\'TNT\'\nException Message:\nPrincipal::getByLabel: Found zero products matching all criteria\nLooking for type: edm::TriggerResults\nLooking for module label: TriggerResults\nLooking for productInstanceName: \nLooking for process: HLT2\n   Additional Info:\n      [a] If you wish to continue processing events after a ProductNotFound exception,\nadd "SkipEvent = cms.untracked.vstring(\'ProductNotFound\')" to the "options" PSet in the configuration.', 'exitCode': '8001'}]}, '1': {'State': 'failed', 'Error': [8001, 'CmsRunFailure\nCMSSW error message follows.\nFatal Exception\nAn exception of category \'ProductNotFound\' occurred while\n   [0] Processing run: 1 lumi: 1941 event: 388001\n   [1] Running path \'p\'\n   [2] Calling event method for module BSM3G_TNT_Maker/\'TNT\'\nException Message:\nPrincipal::getByLabel: Found zero products matching all criteria\nLooking for type: edm::TriggerResults\nLooking for module label: TriggerResults\nLooking for productInstanceName: \nLooking for process: HLT2\n   Additional Info:\n      [a] If you wish to continue processing events after a ProductNotFound exception,\nadd "SkipEvent = cms.untracked.vstring(\'ProductNotFound\')" to the "options" PSet in the configuration.\n', {'type': 'Fatal Exception', 'details': 'An exception of category \'ProductNotFound\' occurred while\n   [0] Processing run: 1 lumi: 1941 event: 388001\n   [1] Running path \'p\'\n   [2] Calling event method for module BSM3G_TNT_Maker/\'TNT\'\nException Message:\nPrincipal::getByLabel: Found zero products matching all criteria\nLooking for type: edm::TriggerResults\nLooking for module label: TriggerResults\nLooking for productInstanceName: \nLooking for process: HLT2\n   Additional Info:\n      [a] If you wish to continue processing events after a ProductNotFound exception,\nadd "SkipEvent = cms.untracked.vstring(\'ProductNotFound\')" to the "options" PSet in the configuration.', 'exitCode': '8001'}]}, '3': {'State': 'failed', 'Error': [8001, 'CmsRunFailure\nCMSSW error message follows.\nFatal Exception\nAn exception of category \'ProductNotFound\' occurred while\n   [0] Processing run: 1 lumi: 1177 event: 235201\n   [1] Running path \'p\'\n   [2] Calling event method for module BSM3G_TNT_Maker/\'TNT\'\nException Message:\nPrincipal::getByLabel: Found zero products matching all criteria\nLooking for type: edm::TriggerResults\nLooking for module label: TriggerResults\nLooking for productInstanceName: \nLooking for process: HLT2\n   Additional Info:\n      [a] If you wish to continue processing events after a ProductNotFound exception,\nadd "SkipEvent = cms.untracked.vstring(\'ProductNotFound\')" to the "options" PSet in the configuration.\n', {'type': 'Fatal Exception', 'details': 'An exception of category \'ProductNotFound\' occurred while\n   [0] Processing run: 1 lumi: 1177 event: 235201\n   [1] Running path \'p\'\n   [2] Calling event method for module BSM3G_TNT_Maker/\'TNT\'\nException Message:\nPrincipal::getByLabel: Found zero products matching all criteria\nLooking for type: edm::TriggerResults\nLooking for module label: TriggerResults\nLooking for productInstanceName: \nLooking for process: HLT2\n   Additional Info:\n      [a] If you wish to continue processing events after a ProductNotFound exception,\nadd "SkipEvent = cms.untracked.vstring(\'ProductNotFound\')" to the "options" PSet in the configuration.', 'exitCode': '8001'}]}, '2': {'State': 'failed', 'Error': [8001, 'CmsRunFailure\nCMSSW error message follows.\nFatal Exception\nAn exception of category \'ProductNotFound\' occurred while\n   [0] Processing run: 1 lumi: 4127 event: 825201\n   [1] Running path \'p\'\n   [2] Calling event method for module BSM3G_TNT_Maker/\'TNT\'\nException Message:\nPrincipal::getByLabel: Found zero products matching all criteria\nLooking for type: edm::TriggerResults\nLooking for module label: TriggerResults\nLooking for productInstanceName: \nLooking for process: HLT2\n   Additional Info:\n      [a] If you wish to continue processing events after a ProductNotFound exception,\nadd "SkipEvent = cms.untracked.vstring(\'ProductNotFound\')" to the "options" PSet in the configuration.\n', {'type': 'Fatal Exception', 'details': 'An exception of category \'ProductNotFound\' occurred while\n   [0] Processing run: 1 lumi: 4127 event: 825201\n   [1] Running path \'p\'\n   [2] Calling event method for module BSM3G_TNT_Maker/\'TNT\'\nException Message:\nPrincipal::getByLabel: Found zero products matching all criteria\nLooking for type: edm::TriggerResults\nLooking for module label: TriggerResults\nLooking for productInstanceName: \nLooking for process: HLT2\n   Additional Info:\n      [a] If you wish to continue processing events after a ProductNotFound exception,\nadd "SkipEvent = cms.untracked.vstring(\'ProductNotFound\')" to the "options" PSet in the configuration.', 'exitCode': '8001'}]}, '5': {'State': 'failed', 'Error': [8001, 'CmsRunFailure\nCMSSW error message follows.\nFatal Exception\nAn exception of category \'ProductNotFound\' occurred while\n   [0] Processing run: 1 lumi: 471 event: 94001\n   [1] Running path \'p\'\n   [2] Calling event method for module BSM3G_TNT_Maker/\'TNT\'\nException Message:\nPrincipal::getByLabel: Found zero products matching all criteria\nLooking for type: edm::TriggerResults\nLooking for module label: TriggerResults\nLooking for productInstanceName: \nLooking for process: HLT2\n   Additional Info:\n      [a] If you wish to continue processing events after a ProductNotFound exception,\nadd "SkipEvent = cms.untracked.vstring(\'ProductNotFound\')" to the "options" PSet in the configuration.\n', {'type': 'Fatal Exception', 'details': 'An exception of category \'ProductNotFound\' occurred while\n   [0] Processing run: 1 lumi: 471 event: 94001\n   [1] Running path \'p\'\n   [2] Calling event method for module BSM3G_TNT_Maker/\'TNT\'\nException Message:\nPrincipal::getByLabel: Found zero products matching all criteria\nLooking for type: edm::TriggerResults\nLooking for module label: TriggerResults\nLooking for productInstanceName: \nLooking for process: HLT2\n   Additional Info:\n      [a] If you wish to continue processing events after a ProductNotFound exception,\nadd "SkipEvent = cms.untracked.vstring(\'ProductNotFound\')" to the "options" PSet in the configuration.', 'exitCode': '8001'}]}, '4': {'State': 'failed', 'Error': [8001, 'CmsRunFailure\nCMSSW error message follows.\nFatal Exception\nAn exception of category \'ProductNotFound\' occurred while\n   [0] Processing run: 1 lumi: 2243 event: 448401\n   [1] Running path \'p\'\n   [2] Calling event method for module BSM3G_TNT_Maker/\'TNT\'\nException Message:\nPrincipal::getByLabel: Found zero products matching all criteria\nLooking for type: edm::TriggerResults\nLooking for module label: TriggerResults\nLooking for productInstanceName: \nLooking for process: HLT2\n   Additional Info:\n      [a] If you wish to continue processing events after a ProductNotFound exception,\nadd "SkipEvent = cms.untracked.vstring(\'ProductNotFound\')" to the "options" PSet in the configuration.\n', {'type': 'Fatal Exception', 'details': 'An exception of category \'ProductNotFound\' occurred while\n   [0] Processing run: 1 lumi: 2243 event: 448401\n   [1] Running path \'p\'\n   [2] Calling event method for module BSM3G_TNT_Maker/\'TNT\'\nException Message:\nPrincipal::getByLabel: Found zero products matching all criteria\nLooking for type: edm::TriggerResults\nLooking for module label: TriggerResults\nLooking for productInstanceName: \nLooking for process: HLT2\n   Additional Info:\n      [a] If you wish to continue processing events after a ProductNotFound exception,\nadd "SkipEvent = cms.untracked.vstring(\'ProductNotFound\')" to the "options" PSet in the configuration.', 'exitCode': '8001'}]}, '7': {'State': 'failed', 'Error': [8001, 'CmsRunFailure\nCMSSW error message follows.\nFatal Exception\nAn exception of category \'ProductNotFound\' occurred while\n   [0] Processing run: 1 lumi: 685 event: 136801\n   [1] Running path \'p\'\n   [2] Calling event method for module BSM3G_TNT_Maker/\'TNT\'\nException Message:\nPrincipal::getByLabel: Found zero products matching all criteria\nLooking for type: edm::TriggerResults\nLooking for module label: TriggerResults\nLooking for productInstanceName: \nLooking for process: HLT2\n   Additional Info:\n      [a] If you wish to continue processing events after a ProductNotFound exception,\nadd "SkipEvent = cms.untracked.vstring(\'ProductNotFound\')" to the "options" PSet in the configuration.\n', {'type': 'Fatal Exception', 'details': 'An exception of category \'ProductNotFound\' occurred while\n   [0] Processing run: 1 lumi: 685 event: 136801\n   [1] Running path \'p\'\n   [2] Calling event method for module BSM3G_TNT_Maker/\'TNT\'\nException Message:\nPrincipal::getByLabel: Found zero products matching all criteria\nLooking for type: edm::TriggerResults\nLooking for module label: TriggerResults\nLooking for productInstanceName: \nLooking for process: HLT2\n   Additional Info:\n      [a] If you wish to continue processing events after a ProductNotFound exception,\nadd "SkipEvent = cms.untracked.vstring(\'ProductNotFound\')" to the "options" PSet in the configuration.', 'exitCode': '8001'}]}, '6': {'State': 'failed', 'Error': [8001, 'CmsRunFailure\nCMSSW error message follows.\nFatal Exception\nAn exception of category \'ProductNotFound\' occurred while\n   [0] Processing run: 1 lumi: 265 event: 52801\n   [1] Running path \'p\'\n   [2] Calling event method for module BSM3G_TNT_Maker/\'TNT\'\nException Message:\nPrincipal::getByLabel: Found zero products matching all criteria\nLooking for type: edm::TriggerResults\nLooking for module label: TriggerResults\nLooking for productInstanceName: \nLooking for process: HLT2\n   Additional Info:\n      [a] If you wish to continue processing events after a ProductNotFound exception,\nadd "SkipEvent = cms.untracked.vstring(\'ProductNotFound\')" to the "options" PSet in the configuration.\n', {'type': 'Fatal Exception', 'details': 'An exception of category \'ProductNotFound\' occurred while\n   [0] Processing run: 1 lumi: 265 event: 52801\n   [1] Running path \'p\'\n   [2] Calling event method for module BSM3G_TNT_Maker/\'TNT\'\nException Message:\nPrincipal::getByLabel: Found zero products matching all criteria\nLooking for type: edm::TriggerResults\nLooking for module label: TriggerResults\nLooking for productInstanceName: \nLooking for process: HLT2\n   Additional Info:\n      [a] If you wish to continue processing events after a ProductNotFound exception,\nadd "SkipEvent = cms.untracked.vstring(\'ProductNotFound\')" to the "options" PSet in the configuration.', 'exitCode': '8001'}]}, '9': {'State': 'failed', 'Error': [8001, 'CmsRunFailure\nCMSSW error message follows.\nFatal Exception\nAn exception of category \'ProductNotFound\' occurred while\n   [0] Processing run: 1 lumi: 3183 event: 636401\n   [1] Running path \'p\'\n   [2] Calling event method for module BSM3G_TNT_Maker/\'TNT\'\nException Message:\nPrincipal::getByLabel: Found zero products matching all criteria\nLooking for type: edm::TriggerResults\nLooking for module label: TriggerResults\nLooking for productInstanceName: \nLooking for process: HLT2\n   Additional Info:\n      [a] If you wish to continue processing events after a ProductNotFound exception,\nadd "SkipEvent = cms.untracked.vstring(\'ProductNotFound\')" to the "options" PSet in the configuration.\n', {'type': 'Fatal Exception', 'details': 'An exception of category \'ProductNotFound\' occurred while\n   [0] Processing run: 1 lumi: 3183 event: 636401\n   [1] Running path \'p\'\n   [2] Calling event method for module BSM3G_TNT_Maker/\'TNT\'\nException Message:\nPrincipal::getByLabel: Found zero products matching all criteria\nLooking for type: edm::TriggerResults\nLooking for module label: TriggerResults\nLooking for productInstanceName: \nLooking for process: HLT2\n   Additional Info:\n      [a] If you wish to continue processing events after a ProductNotFound exception,\nadd "SkipEvent = cms.untracked.vstring(\'ProductNotFound\')" to the "options" PSet in the configuration.', 'exitCode': '8001'}]}, '8': {'State': 'failed', 'Error': [8001, 'CmsRunFailure\nCMSSW error message follows.\nFatal Exception\nAn exception of category \'ProductNotFound\' occurred while\n   [0] Processing run: 1 lumi: 3005 event: 600801\n   [1] Running path \'p\'\n   [2] Calling event method for module BSM3G_TNT_Maker/\'TNT\'\nException Message:\nPrincipal::getByLabel: Found zero products matching all criteria\nLooking for type: edm::TriggerResults\nLooking for module label: TriggerResults\nLooking for productInstanceName: \nLooking for process: HLT2\n   Additional Info:\n      [a] If you wish to continue processing events after a ProductNotFound exception,\nadd "SkipEvent = cms.untracked.vstring(\'ProductNotFound\')" to the "options" PSet in the configuration.\n', {'type': 'Fatal Exception', 'details': 'An exception of category \'ProductNotFound\' occurred while\n   [0] Processing run: 1 lumi: 3005 event: 600801\n   [1] Running path \'p\'\n   [2] Calling event method for module BSM3G_TNT_Maker/\'TNT\'\nException Message:\nPrincipal::getByLabel: Found zero products matching all criteria\nLooking for type: edm::TriggerResults\nLooking for module label: TriggerResults\nLooking for productInstanceName: \nLooking for process: HLT2\n   Additional Info:\n      [a] If you wish to continue processing events after a ProductNotFound exception,\nadd "SkipEvent = cms.untracked.vstring(\'ProductNotFound\')" to the "options" PSet in the configuration.', 'exitCode': '8001'}]}, '11': {'State': 'failed', 'Error': [8001, 'CmsRunFailure\nCMSSW error message follows.\nFatal Exception\nAn exception of category \'ProductNotFound\' occurred while\n   [0] Processing run: 1 lumi: 225 event: 44801\n   [1] Running path \'p\'\n   [2] Calling event method for module BSM3G_TNT_Maker/\'TNT\'\nException Message:\nPrincipal::getByLabel: Found zero products matching all criteria\nLooking for type: edm::TriggerResults\nLooking for module label: TriggerResults\nLooking for productInstanceName: \nLooking for process: HLT2\n   Additional Info:\n      [a] If you wish to continue processing events after a ProductNotFound exception,\nadd "SkipEvent = cms.untracked.vstring(\'ProductNotFound\')" to the "options" PSet in the configuration.\n', {'type': 'Fatal Exception', 'details': 'An exception of category \'ProductNotFound\' occurred while\n   [0] Processing run: 1 lumi: 225 event: 44801\n   [1] Running path \'p\'\n   [2] Calling event method for module BSM3G_TNT_Maker/\'TNT\'\nException Message:\nPrincipal::getByLabel: Found zero products matching all criteria\nLooking for type: edm::TriggerResults\nLooking for module label: TriggerResults\nLooking for productInstanceName: \nLooking for process: HLT2\n   Additional Info:\n      [a] If you wish to continue processing events after a ProductNotFound exception,\nadd "SkipEvent = cms.untracked.vstring(\'ProductNotFound\')" to the "options" PSet in the configuration.', 'exitCode': '8001'}]}, '10': {'State': 'failed', 'Error': [8001, 'CmsRunFailure\nCMSSW error message follows.\nFatal Exception\nAn exception of category \'ProductNotFound\' occurred while\n   [0] Processing run: 1 lumi: 1707 event: 341201\n   [1] Running path \'p\'\n   [2] Calling event method for module BSM3G_TNT_Maker/\'TNT\'\nException Message:\nPrincipal::getByLabel: Found zero products matching all criteria\nLooking for type: edm::TriggerResults\nLooking for module label: TriggerResults\nLooking for productInstanceName: \nLooking for process: HLT2\n   Additional Info:\n      [a] If you wish to continue processing events after a ProductNotFound exception,\nadd "SkipEvent = cms.untracked.vstring(\'ProductNotFound\')" to the "options" PSet in the configuration.\n', {'type': 'Fatal Exception', 'details': 'An exception of category \'ProductNotFound\' occurred while\n   [0] Processing run: 1 lumi: 1707 event: 341201\n   [1] Running path \'p\'\n   [2] Calling event method for module BSM3G_TNT_Maker/\'TNT\'\nException Message:\nPrincipal::getByLabel: Found zero products matching all criteria\nLooking for type: edm::TriggerResults\nLooking for module label: TriggerResults\nLooking for productInstanceName: \nLooking for process: HLT2\n   Additional Info:\n      [a] If you wish to continue processing events after a ProductNotFound exception,\nadd "SkipEvent = cms.untracked.vstring(\'ProductNotFound\')" to the "options" PSet in the configuration.', 'exitCode': '8001'}]}, '13': {'State': 'failed', 'Error': [8001, 'CmsRunFailure\nCMSSW error message follows.\nFatal Exception\nAn exception of category \'ProductNotFound\' occurred while\n   [0] Processing run: 1 lumi: 4299 event: 859601\n   [1] Running path \'p\'\n   [2] Calling event method for module BSM3G_TNT_Maker/\'TNT\'\nException Message:\nPrincipal::getByLabel: Found zero products matching all criteria\nLooking for type: edm::TriggerResults\nLooking for module label: TriggerResults\nLooking for productInstanceName: \nLooking for process: HLT2\n   Additional Info:\n      [a] If you wish to continue processing events after a ProductNotFound exception,\nadd "SkipEvent = cms.untracked.vstring(\'ProductNotFound\')" to the "options" PSet in the configuration.\n', {'type': 'Fatal Exception', 'details': 'An exception of category \'ProductNotFound\' occurred while\n   [0] Processing run: 1 lumi: 4299 event: 859601\n   [1] Running path \'p\'\n   [2] Calling event method for module BSM3G_TNT_Maker/\'TNT\'\nException Message:\nPrincipal::getByLabel: Found zero products matching all criteria\nLooking for type: edm::TriggerResults\nLooking for module label: TriggerResults\nLooking for productInstanceName: \nLooking for process: HLT2\n   Additional Info:\n      [a] If you wish to continue processing events after a ProductNotFound exception,\nadd "SkipEvent = cms.untracked.vstring(\'ProductNotFound\')" to the "options" PSet in the configuration.', 'exitCode': '8001'}]}, '12': {'State': 'failed', 'Error': [8001, 'CmsRunFailure\nCMSSW error message follows.\nFatal Exception\nAn exception of category \'ProductNotFound\' occurred while\n   [0] Processing run: 1 lumi: 3617 event: 723201\n   [1] Running path \'p\'\n   [2] Calling event method for module BSM3G_TNT_Maker/\'TNT\'\nException Message:\nPrincipal::getByLabel: Found zero products matching all criteria\nLooking for type: edm::TriggerResults\nLooking for module label: TriggerResults\nLooking for productInstanceName: \nLooking for process: HLT2\n   Additional Info:\n      [a] If you wish to continue processing events after a ProductNotFound exception,\nadd "SkipEvent = cms.untracked.vstring(\'ProductNotFound\')" to the "options" PSet in the configuration.\n', {'type': 'Fatal Exception', 'details': 'An exception of category \'ProductNotFound\' occurred while\n   [0] Processing run: 1 lumi: 3617 event: 723201\n   [1] Running path \'p\'\n   [2] Calling event method for module BSM3G_TNT_Maker/\'TNT\'\nException Message:\nPrincipal::getByLabel: Found zero products matching all criteria\nLooking for type: edm::TriggerResults\nLooking for module label: TriggerResults\nLooking for productInstanceName: \nLooking for process: HLT2\n   Additional Info:\n      [a] If you wish to continue processing events after a ProductNotFound exception,\nadd "SkipEvent = cms.untracked.vstring(\'ProductNotFound\')" to the "options" PSet in the configuration.', 'exitCode': '8001'}]}, '15': {'State': 'failed', 'Error': [8001, 'CmsRunFailure\nCMSSW error message follows.\nFatal Exception\nAn exception of category \'ProductNotFound\' occurred while\n   [0] Processing run: 1 lumi: 899 event: 179601\n   [1] Running path \'p\'\n   [2] Calling event method for module BSM3G_TNT_Maker/\'TNT\'\nException Message:\nPrincipal::getByLabel: Found zero products matching all criteria\nLooking for type: edm::TriggerResults\nLooking for module label: TriggerResults\nLooking for productInstanceName: \nLooking for process: HLT2\n   Additional Info:\n      [a] If you wish to continue processing events after a ProductNotFound exception,\nadd "SkipEvent = cms.untracked.vstring(\'ProductNotFound\')" to the "options" PSet in the configuration.\n', {'type': 'Fatal Exception', 'details': 'An exception of category \'ProductNotFound\' occurred while\n   [0] Processing run: 1 lumi: 899 event: 179601\n   [1] Running path \'p\'\n   [2] Calling event method for module BSM3G_TNT_Maker/\'TNT\'\nException Message:\nPrincipal::getByLabel: Found zero products matching all criteria\nLooking for type: edm::TriggerResults\nLooking for module label: TriggerResults\nLooking for productInstanceName: \nLooking for process: HLT2\n   Additional Info:\n      [a] If you wish to continue processing events after a ProductNotFound exception,\nadd "SkipEvent = cms.untracked.vstring(\'ProductNotFound\')" to the "options" PSet in the configuration.', 'exitCode': '8001'}]}, '14': {'State': 'failed', 'Error': [8001, 'CmsRunFailure\nCMSSW error message follows.\nFatal Exception\nAn exception of category \'ProductNotFound\' occurred while\n   [0] Processing run: 1 lumi: 2147 event: 429201\n   [1] Running path \'p\'\n   [2] Calling event method for module BSM3G_TNT_Maker/\'TNT\'\nException Message:\nPrincipal::getByLabel: Found zero products matching all criteria\nLooking for type: edm::TriggerResults\nLooking for module label: TriggerResults\nLooking for productInstanceName: \nLooking for process: HLT2\n   Additional Info:\n      [a] If you wish to continue processing events after a ProductNotFound exception,\nadd "SkipEvent = cms.untracked.vstring(\'ProductNotFound\')" to the "options" PSet in the configuration.\n', {'type': 'Fatal Exception', 'details': 'An exception of category \'ProductNotFound\' occurred while\n   [0] Processing run: 1 lumi: 2147 event: 429201\n   [1] Running path \'p\'\n   [2] Calling event method for module BSM3G_TNT_Maker/\'TNT\'\nException Message:\nPrincipal::getByLabel: Found zero products matching all criteria\nLooking for type: edm::TriggerResults\nLooking for module label: TriggerResults\nLooking for productInstanceName: \nLooking for process: HLT2\n   Additional Info:\n      [a] If you wish to continue processing events after a ProductNotFound exception,\nadd "SkipEvent = cms.untracked.vstring(\'ProductNotFound\')" to the "options" PSet in the configuration.', 'exitCode': '8001'}]}, '17': {'State': 'failed', 'Error': [8001, 'CmsRunFailure\nCMSSW error message follows.\nFatal Exception\nAn exception of category \'ProductNotFound\' occurred while\n   [0] Processing run: 1 lumi: 2759 event: 551601\n   [1] Running path \'p\'\n   [2] Calling event method for module BSM3G_TNT_Maker/\'TNT\'\nException Message:\nPrincipal::getByLabel: Found zero products matching all criteria\nLooking for type: edm::TriggerResults\nLooking for module label: TriggerResults\nLooking for productInstanceName: \nLooking for process: HLT2\n   Additional Info:\n      [a] If you wish to continue processing events after a ProductNotFound exception,\nadd "SkipEvent = cms.untracked.vstring(\'ProductNotFound\')" to the "options" PSet in the configuration.\n', {'type': 'Fatal Exception', 'details': 'An exception of category \'ProductNotFound\' occurred while\n   [0] Processing run: 1 lumi: 2759 event: 551601\n   [1] Running path \'p\'\n   [2] Calling event method for module BSM3G_TNT_Maker/\'TNT\'\nException Message:\nPrincipal::getByLabel: Found zero products matching all criteria\nLooking for type: edm::TriggerResults\nLooking for module label: TriggerResults\nLooking for productInstanceName: \nLooking for process: HLT2\n   Additional Info:\n      [a] If you wish to continue processing events after a ProductNotFound exception,\nadd "SkipEvent = cms.untracked.vstring(\'ProductNotFound\')" to the "options" PSet in the configuration.', 'exitCode': '8001'}]}, '16': {'State': 'failed', 'Error': [8001, 'CmsRunFailure\nCMSSW error message follows.\nFatal Exception\nAn exception of category \'ProductNotFound\' occurred while\n   [0] Processing run: 1 lumi: 331 event: 66001\n   [1] Running path \'p\'\n   [2] Calling event method for module BSM3G_TNT_Maker/\'TNT\'\nException Message:\nPrincipal::getByLabel: Found zero products matching all criteria\nLooking for type: edm::TriggerResults\nLooking for module label: TriggerResults\nLooking for productInstanceName: \nLooking for process: HLT2\n   Additional Info:\n      [a] If you wish to continue processing events after a ProductNotFound exception,\nadd "SkipEvent = cms.untracked.vstring(\'ProductNotFound\')" to the "options" PSet in the configuration.\n', {'type': 'Fatal Exception', 'details': 'An exception of category \'ProductNotFound\' occurred while\n   [0] Processing run: 1 lumi: 331 event: 66001\n   [1] Running path \'p\'\n   [2] Calling event method for module BSM3G_TNT_Maker/\'TNT\'\nException Message:\nPrincipal::getByLabel: Found zero products matching all criteria\nLooking for type: edm::TriggerResults\nLooking for module label: TriggerResults\nLooking for productInstanceName: \nLooking for process: HLT2\n   Additional Info:\n      [a] If you wish to continue processing events after a ProductNotFound exception,\nadd "SkipEvent = cms.untracked.vstring(\'ProductNotFound\')" to the "options" PSet in the configuration.', 'exitCode': '8001'}]}, '19': {'State': 'failed', 'Error': [8001, 'CmsRunFailure\nCMSSW error message follows.\nFatal Exception\nAn exception of category \'ProductNotFound\' occurred while\n   [0] Processing run: 1 lumi: 1467 event: 293201\n   [1] Running path \'p\'\n   [2] Calling event method for module BSM3G_TNT_Maker/\'TNT\'\nException Message:\nPrincipal::getByLabel: Found zero products matching all criteria\nLooking for type: edm::TriggerResults\nLooking for module label: TriggerResults\nLooking for productInstanceName: \nLooking for process: HLT2\n   Additional Info:\n      [a] If you wish to continue processing events after a ProductNotFound exception,\nadd "SkipEvent = cms.untracked.vstring(\'ProductNotFound\')" to the "options" PSet in the configuration.\n', {'type': 'Fatal Exception', 'details': 'An exception of category \'ProductNotFound\' occurred while\n   [0] Processing run: 1 lumi: 1467 event: 293201\n   [1] Running path \'p\'\n   [2] Calling event method for module BSM3G_TNT_Maker/\'TNT\'\nException Message:\nPrincipal::getByLabel: Found zero products matching all criteria\nLooking for type: edm::TriggerResults\nLooking for module label: TriggerResults\nLooking for productInstanceName: \nLooking for process: HLT2\n   Additional Info:\n      [a] If you wish to continue processing events after a ProductNotFound exception,\nadd "SkipEvent = cms.untracked.vstring(\'ProductNotFound\')" to the "options" PSet in the configuration.', 'exitCode': '8001'}]}, '18': {'State': 'failed', 'Error': [8001, 'CmsRunFailure\nCMSSW error message follows.\nFatal Exception\nAn exception of category \'ProductNotFound\' occurred while\n   [0] Processing run: 1 lumi: 4801 event: 960001\n   [1] Running path \'p\'\n   [2] Calling event method for module BSM3G_TNT_Maker/\'TNT\'\nException Message:\nPrincipal::getByLabel: Found zero products matching all criteria\nLooking for type: edm::TriggerResults\nLooking for module label: TriggerResults\nLooking for productInstanceName: \nLooking for process: HLT2\n   Additional Info:\n      [a] If you wish to continue processing events after a ProductNotFound exception,\nadd "SkipEvent = cms.untracked.vstring(\'ProductNotFound\')" to the "options" PSet in the configuration.\n', {'type': 'Fatal Exception', 'details': 'An exception of category \'ProductNotFound\' occurred while\n   [0] Processing run: 1 lumi: 4801 event: 960001\n   [1] Running path \'p\'\n   [2] Calling event method for module BSM3G_TNT_Maker/\'TNT\'\nException Message:\nPrincipal::getByLabel: Found zero products matching all criteria\nLooking for type: edm::TriggerResults\nLooking for module label: TriggerResults\nLooking for productInstanceName: \nLooking for process: HLT2\n   Additional Info:\n      [a] If you wish to continue processing events after a ProductNotFound exception,\nadd "SkipEvent = cms.untracked.vstring(\'ProductNotFound\')" to the "options" PSet in the configuration.', 'exitCode': '8001'}]}}, 'publication': {}, 'taskWarningMsg': [], 'schedd': 'crab3@vocms0112.cern.ch', 'publicationFailures': {}, 'outdatasets': None, 'statusFailureMsg': '', 'taskFailureMsg': '', 'failedJobdefs': 0, 'ASOURL': 'https://cmsweb.cern.ch/couchdb2', 'command': 'SUBMIT', 'totalJobdefs': 0, 'submissionTime': 1469542050, 'jobdefErrors': [], 'collector': 'cmsgwms-collector-global.cern.ch,cmssrv221.fnal.gov', 'jobList': [['failed', 24], ['failed', 25], ['failed', 20], ['failed', 21], ['failed', 22], ['failed', 23], ['failed', 1], ['failed', 3], ['failed', 2], ['failed', 5], ['failed', 4], ['failed', 7], ['failed', 6], ['failed', 9], ['failed', 8], ['failed', 11], ['failed', 10], ['failed', 13], ['failed', 12], ['failed', 15], ['failed', 14], ['failed', 17], ['failed', 16], ['failed', 19], ['failed', 18]]}
INFO 2016-07-26 19:03:42,179: 	 CRAB project directory:		/afs/cern.ch/work/f/fromeo/CMSSW_8_0_12_FW/src/BSMFramework/BSM3G_TNT_Maker/crab/First2016_ST/crab_First2016_ST
INFO 2016-07-26 19:03:42,179: 	 Task name:			160726_140729:fromeo_crab_First2016_ST
INFO 2016-07-26 19:03:42,179: 	 Grid scheduler:			crab3@vocms0112.cern.ch
INFO 2016-07-26 19:03:42,179: 	 Task status:			FAILED
INFO 2016-07-26 19:03:42,180: 	 Dashboard monitoring URL:	http://dashb-cms-job.cern.ch/dashboard/templates/task-analysis/#user=fromeo&table=Mains&pattern=160726_140729%3Afromeo_crab_First2016_ST
INFO 2016-07-26 19:03:42,180: 	 
Jobs status:			failed        100.0% (25/25)
INFO 2016-07-26 19:03:42,180: 	 
No publication information available yet
INFO 2016-07-26 19:03:42,180: 	 
Error Summary: (use crab status --verboseErrors for details about the errors)

25 jobs failed with exit code 8001

Have a look at https://twiki.cern.ch/twiki/bin/viewauth/CMSPublic/JobExitCodes for a description of the exit codes.
INFO 2016-07-26 19:03:42,219: 	 Log file is /afs/cern.ch/work/f/fromeo/CMSSW_8_0_12_FW/src/BSMFramework/BSM3G_TNT_Maker/crab/First2016_ST/crab_First2016_ST/crab.log
