DEBUG 2016-07-26 16:09:33,617: 	 Executing command: 'submit'
DEBUG 2016-07-26 16:09:33,617: 	 Found CRAB cache file /afs/cern.ch/user/f/fromeo/.crab3
DEBUG 2016-07-26 16:09:33,626: 	 Checking credentials
DEBUG 2016-07-26 16:09:33,627: 	 Found proxy file /tmp/x509up_u30997
DEBUG 2016-07-26 16:09:33,627: 	 Getting proxy life time left
DEBUG 2016-07-26 16:09:34,335: 	 Executing : 
 command : voms-proxy-info -file /tmp/x509up_u30997 -timeleft
 output : 86146

 error: 
 retcode : 0
DEBUG 2016-07-26 16:09:35,049: 	 Executing : 
 command : voms-proxy-info -file /tmp/x509up_u30997 -actimeleft
 output : 86146

 error: 
 retcode : 0
DEBUG 2016-07-26 16:09:35,050: 	 Proxy valid for 23:55:46 hours
DEBUG 2016-07-26 16:09:35,051: 	 Will use CRAB Analysis plugin (i.e. will run an analysis job type).
DEBUG 2016-07-26 16:09:35,180: 	 Executing : 
 command : openssl x509 -in ~/.globus/usercert.pem -subject -noout
 output : subject= /DC=ch/DC=cern/OU=Organic Units/OU=Users/CN=fromeo/CN=674630/CN=Francesco Romeo

 error: 
 retcode : 0
DEBUG 2016-07-26 16:09:35,180: 	 Checking credentials
DEBUG 2016-07-26 16:09:35,181: 	 Found proxy file /tmp/x509up_u30997
DEBUG 2016-07-26 16:09:35,181: 	 Getting proxy life time left
DEBUG 2016-07-26 16:09:35,785: 	 Executing : 
 command : voms-proxy-info -file /tmp/x509up_u30997 -timeleft
 output : 86145

 error: 
 retcode : 0
DEBUG 2016-07-26 16:09:36,395: 	 Executing : 
 command : voms-proxy-info -file /tmp/x509up_u30997 -actimeleft
 output : 86144

 error: 
 retcode : 0
DEBUG 2016-07-26 16:09:36,396: 	 Proxy valid for 23:55:45 hours
DEBUG 2016-07-26 16:09:37,010: 	 Executing : 
 command : env X509_USER_PROXY=/tmp/x509up_u30997 voms-proxy-info -fqan
 output : /cms/Role=NULL/Capability=NULL

 error: 
 retcode : 0
DEBUG 2016-07-26 16:09:37,370: 	 Registering user credentials for server /DC=ch/DC=cern/OU=computers/CN=vocms(045|052|021|031|0118|0118a|0119|0108).cern.ch
DEBUG 2016-07-26 16:09:37,491: 	 Executing : 
 command : openssl x509 -in ~/.globus/usercert.pem -subject -noout
 output : subject= /DC=ch/DC=cern/OU=Organic Units/OU=Users/CN=fromeo/CN=674630/CN=Francesco Romeo

 error: 
 retcode : 0
DEBUG 2016-07-26 16:09:37,491: 	 Getting myproxy life time left for myproxy.cern.ch
DEBUG 2016-07-26 16:09:37,491: 	 Calculating hash of /DC=ch/DC=cern/OU=Organic Units/OU=Users/CN=fromeo/CN=674630/CN=Francesco Romeo_cmsweb.cern.ch for credential name
DEBUG 2016-07-26 16:09:37,697: 	 Executing : 
 command : myproxy-info -l 83bb954b043085ec6b5075bf38fafc2a023a8c7b -s myproxy.cern.ch
 output : username: 83bb954b043085ec6b5075bf38fafc2a023a8c7b
owner: /DC=ch/DC=cern/OU=Organic Units/OU=Users/CN=fromeo/CN=674630/CN=Francesco Romeo
  renewal policy: /DC=ch/DC=cern/OU=computers/CN=vocms(045|052|021|031|0118|0118a|0119|0108).cern.ch
  trusted retrieval policy: /DC=ch/DC=cern/OU=computers/CN=vocms(045|052|021|031|0118|0118a|0119|0108).cern.ch
  timeleft: 387:41:34  (16.2 days)

 error: 
 retcode : 0
DEBUG 2016-07-26 16:09:37,698: 	 Myproxy is valid: 1395694
DEBUG 2016-07-26 16:09:37,698: 	 Command use: submit
DEBUG 2016-07-26 16:09:37,698: 	 Options use: ['--config', <WMCore.Configuration.Configuration object at 0x7f2b480b3c90>]
DEBUG 2016-07-26 16:09:39,783: 	 CRABClient version: 3.3.1607.patch1
DEBUG 2016-07-26 16:09:39,783: 	 Instance is prod
DEBUG 2016-07-26 16:09:39,783: 	 Server base url is cmsweb.cern.ch
DEBUG 2016-07-26 16:09:39,783: 	 Command url /crabserver/prod/workflow
DEBUG 2016-07-26 16:09:39,783: 	 Started submission
DEBUG 2016-07-26 16:09:39,783: 	 Working on /afs/cern.ch/work/f/fromeo/CMSSW_8_0_12_FW/src/BSMFramework/BSM3G_TNT_Maker/crab/First2016_WZ/crab_First2016_WZ
DEBUG 2016-07-26 16:09:40,128: 	 Loading required information from the environment
DEBUG 2016-07-26 16:09:40,128: 	 Found CMSSW_8_0_12 for slc6_amd64_gcc530 with base /afs/cern.ch/work/f/fromeo/CMSSW_8_0_12_FW
DEBUG 2016-07-26 16:09:40,148: 	 UNIQUE NAME: tarUUID 2f3b6149-b372-444c-976a-82158389cdc2 
DEBUG 2016-07-26 16:09:40,149: 	 self.config: from WMCore.Configuration import Configuration
config = Configuration()
config.section_('General')
config.General.workArea = 'First2016_WZ'
config.General.requestName = 'First2016_WZ'
config.section_('JobType')
config.JobType.psetName = '/afs/cern.ch/work/f/fromeo/CMSSW_8_0_12_FW/src/BSMFramework/BSM3G_TNT_Maker/python/miniAOD_MC.py'
config.JobType.pluginName = 'Analysis'
config.section_('Data')
config.Data.inputDataset = '/WZ_TuneCUETP8M1_13TeV-pythia8/RunIISpring16MiniAODv2-PUSpring16_80X_mcRun2_asymptotic_2016_miniAODv2_v0-v1/MINIAODSIM'
config.Data.totalUnits = 2500
config.Data.unitsPerJob = 1
config.Data.inputDBS = 'global'
config.Data.splitting = 'FileBased'
config.Data.outLFNDirBase = '/store/user/fromeo/'
config.section_('Site')
config.Site.storageSite = 'T2_CN_Beijing'
config.section_('User')
config.section_('Debug')

DEBUG 2016-07-26 16:09:40,149: 	 self.config.JobType.psetName: /afs/cern.ch/work/f/fromeo/CMSSW_8_0_12_FW/src/BSMFramework/BSM3G_TNT_Maker/python/miniAOD_MC.py
INFO 2016-07-26 16:09:40,149: 	 Importing CMSSW configuration /afs/cern.ch/work/f/fromeo/CMSSW_8_0_12_FW/src/BSMFramework/BSM3G_TNT_Maker/python/miniAOD_MC.py
INFO 2016-07-26 16:09:40,160: 	 Finished importing CMSSW configuration /afs/cern.ch/work/f/fromeo/CMSSW_8_0_12_FW/src/BSMFramework/BSM3G_TNT_Maker/python/miniAOD_MC.py
DEBUG 2016-07-26 16:09:40,160: 	 Writing CMSSW configuration to /afs/cern.ch/work/f/fromeo/CMSSW_8_0_12_FW/src/BSMFramework/BSM3G_TNT_Maker/crab/First2016_WZ/crab_First2016_WZ/inputs/PSet.py
DEBUG 2016-07-26 16:09:40,266: 	 The following EDM output files will be collected: []
DEBUG 2016-07-26 16:09:40,266: 	 The following TFile output files will be collected: ['OutTree.root']
DEBUG 2016-07-26 16:09:40,267: 	 The following user output files will be collected: []
DEBUG 2016-07-26 16:09:40,267: 	 Loading required information from the environment
DEBUG 2016-07-26 16:09:40,267: 	 Found CMSSW_8_0_12 for slc6_amd64_gcc530 with base /afs/cern.ch/work/f/fromeo/CMSSW_8_0_12_FW
DEBUG 2016-07-26 16:09:40,267: 	 Making tarball in /afs/cern.ch/work/f/fromeo/CMSSW_8_0_12_FW/src/BSMFramework/BSM3G_TNT_Maker/crab/First2016_WZ/crab_First2016_WZ/inputs/2f3b6149-b372-444c-976a-82158389cdc2default.tgz
DEBUG 2016-07-26 16:09:40,268: 	 Checking directory /afs/cern.ch/work/f/fromeo/CMSSW_8_0_12_FW/lib
DEBUG 2016-07-26 16:09:40,268: 	 Adding directory /afs/cern.ch/work/f/fromeo/CMSSW_8_0_12_FW/lib to tarball
DEBUG 2016-07-26 16:09:40,544: 	 Checking directory /afs/cern.ch/work/f/fromeo/CMSSW_8_0_12_FW/biglib
DEBUG 2016-07-26 16:09:40,544: 	 Adding directory /afs/cern.ch/work/f/fromeo/CMSSW_8_0_12_FW/biglib to tarball
DEBUG 2016-07-26 16:09:40,545: 	 Checking directory /afs/cern.ch/work/f/fromeo/CMSSW_8_0_12_FW/module
DEBUG 2016-07-26 16:09:40,551: 	 Adding data directory /afs/cern.ch/work/f/fromeo/CMSSW_8_0_12_FW/src/BSMFramework/BSM3G_TNT_Maker/data to tarball
DEBUG 2016-07-26 16:09:51,718: 	 Adding data directory /afs/cern.ch/work/f/fromeo/CMSSW_8_0_12_FW/src/BSMFramework/BSM3G_TNT_Maker/interface to tarball
DEBUG 2016-07-26 16:09:52,205: 	 Uploading archive /afs/cern.ch/work/f/fromeo/CMSSW_8_0_12_FW/src/BSMFramework/BSM3G_TNT_Maker/crab/First2016_WZ/crab_First2016_WZ/inputs/2f3b6149-b372-444c-976a-82158389cdc2default.tgz to the CRAB cache. Using URI https://cmsweb.cern.ch/crabcache
DEBUG 2016-07-26 16:10:03,396: 	 Loading required information from the environment
DEBUG 2016-07-26 16:10:03,396: 	 Found CMSSW_8_0_12 for slc6_amd64_gcc530 with base /afs/cern.ch/work/f/fromeo/CMSSW_8_0_12_FW
DEBUG 2016-07-26 16:10:03,396: 	 Making tarball in /afs/cern.ch/work/f/fromeo/CMSSW_8_0_12_FW/src/BSMFramework/BSM3G_TNT_Maker/crab/First2016_WZ/crab_First2016_WZ/inputs/debugFiles.tgz
DEBUG 2016-07-26 16:10:03,403: 	 Uploading archive /afs/cern.ch/work/f/fromeo/CMSSW_8_0_12_FW/src/BSMFramework/BSM3G_TNT_Maker/crab/First2016_WZ/crab_First2016_WZ/inputs/debugFiles.tgz to the CRAB cache. Using URI https://cmsweb.cern.ch/crabcache
DEBUG 2016-07-26 16:10:04,382: 	 Result uploading input files: 7a111a33bd37f6861011a85d8bf9cf6cc9a8693dc6879c9c1a23d4a76c63844f.tar.gz 
WARNING 2016-07-26 16:10:04,382: 	 Warning: The following output files will not be published, as they are not EDM files: ['OutTree.root']
INFO 2016-07-26 16:10:04,383: 	 Sending the request to the server
DEBUG 2016-07-26 16:10:04,383: 	 Submitting {'maxjobruntime': 1250, 'ignorelocality': 0, 'savelogsflag': 0, 'useparent': 0, 'asyncdest': 'T2_CN_Beijing', 'algoargs': 1, 'cachefilename': '7a111a33bd37f6861011a85d8bf9cf6cc9a8693dc6879c9c1a23d4a76c63844f.tar.gz', 'numcores': 1, 'addoutputfiles': [], 'generator': 'pythia', 'maxmemory': 2000, 'publishdbsurl': 'https://cmsweb.cern.ch/dbs/prod/phys03/DBSWriter', 'priority': 10, 'jobsw': 'CMSSW_8_0_12', 'edmoutfiles': [], 'userfiles': [], 'primarydataset': '', 'inputdata': '/WZ_TuneCUETP8M1_13TeV-pythia8/RunIISpring16MiniAODv2-PUSpring16_80X_mcRun2_asymptotic_2016_miniAODv2_v0-v1/MINIAODSIM', 'lfn': '/store/user/fromeo/', 'dryrun': 0, 'workflow': 'crab_First2016_WZ', 'adduserfiles': [], 'nonprodsw': 0, 'tfileoutfiles': ['OutTree.root'], 'oneEventMode': 0, 'debugfilename': '7b99255130cd6758136e1b3c35d26ef34087f73aa5b22ae5aaf92d4c1dca841c.tar.gz', 'cacheurl': 'https://cmsweb.cern.ch/crabcache', 'saveoutput': 1, 'publication': 1, 'jobarch': 'slc6_amd64_gcc530', 'totalunits': 2500, 'splitalgo': 'FileBased', 'nonvaliddata': 0, 'dbsurl': 'https://cmsweb.cern.ch/dbs/prod/global/DBSReader', 'publishgroupname': 0, 'jobtype': 'Analysis', 'publishname2': ''} 
DEBUG 2016-07-26 16:10:04,383: 	 Encoded submit request: maxjobruntime=1250&ignorelocality=0&savelogsflag=0&useparent=0&asyncdest=T2_CN_Beijing&algoargs=1&cachefilename=7a111a33bd37f6861011a85d8bf9cf6cc9a8693dc6879c9c1a23d4a76c63844f.tar.gz&numcores=1&generator=pythia&maxmemory=2000&publishdbsurl=https%3A%2F%2Fcmsweb.cern.ch%2Fdbs%2Fprod%2Fphys03%2FDBSWriter&priority=10&jobsw=CMSSW_8_0_12&primarydataset=&inputdata=%2FWZ_TuneCUETP8M1_13TeV-pythia8%2FRunIISpring16MiniAODv2-PUSpring16_80X_mcRun2_asymptotic_2016_miniAODv2_v0-v1%2FMINIAODSIM&lfn=%2Fstore%2Fuser%2Ffromeo%2F&dryrun=0&workflow=crab_First2016_WZ&nonprodsw=0&oneEventMode=0&debugfilename=7b99255130cd6758136e1b3c35d26ef34087f73aa5b22ae5aaf92d4c1dca841c.tar.gz&cacheurl=https%3A%2F%2Fcmsweb.cern.ch%2Fcrabcache&saveoutput=1&publication=1&jobarch=slc6_amd64_gcc530&totalunits=2500&splitalgo=FileBased&nonvaliddata=0&dbsurl=https%3A%2F%2Fcmsweb.cern.ch%2Fdbs%2Fprod%2Fglobal%2FDBSReader&publishgroupname=0&jobtype=Analysis&publishname2=&tfileoutfiles=OutTree.root
DEBUG 2016-07-26 16:10:05,113: 	 Result: {'result': [{'RequestName': '160726_141004:fromeo_crab_First2016_WZ'}]}
INFO 2016-07-26 16:10:05,116: 	 Success: Your task has been delivered to the CRAB3 server.
INFO 2016-07-26 16:10:05,117: 	 Task name: 160726_141004:fromeo_crab_First2016_WZ
INFO 2016-07-26 16:10:05,117: 	 Please use 'crab status' to check how the submission process proceeds.
DEBUG 2016-07-26 16:10:05,117: 	 About to return
DEBUG 2016-07-26 17:09:45,872: 	 Executing command: 'status'
DEBUG 2016-07-26 17:09:45,872: 	 Found CRAB cache file /afs/cern.ch/user/f/fromeo/.crab3
DEBUG 2016-07-26 17:09:45,898: 	 Checking credentials
DEBUG 2016-07-26 17:09:45,898: 	 Found proxy file /tmp/x509up_u30997
DEBUG 2016-07-26 17:09:45,898: 	 Getting proxy life time left
DEBUG 2016-07-26 17:09:46,610: 	 Executing : 
 command : voms-proxy-info -file /tmp/x509up_u30997 -timeleft
 output : 82534

 error: 
 retcode : 0
DEBUG 2016-07-26 17:09:47,229: 	 Executing : 
 command : voms-proxy-info -file /tmp/x509up_u30997 -actimeleft
 output : 82533

 error: 
 retcode : 0
DEBUG 2016-07-26 17:09:47,229: 	 Proxy valid for 22:55:34 hours
DEBUG 2016-07-26 17:09:47,426: 	 Executing : 
 command : openssl x509 -in ~/.globus/usercert.pem -subject -noout
 output : subject= /DC=ch/DC=cern/OU=Organic Units/OU=Users/CN=fromeo/CN=674630/CN=Francesco Romeo

 error: 
 retcode : 0
DEBUG 2016-07-26 17:09:47,427: 	 Checking credentials
DEBUG 2016-07-26 17:09:47,427: 	 Found proxy file /tmp/x509up_u30997
DEBUG 2016-07-26 17:09:47,427: 	 Getting proxy life time left
DEBUG 2016-07-26 17:09:48,132: 	 Executing : 
 command : voms-proxy-info -file /tmp/x509up_u30997 -timeleft
 output : 82532

 error: 
 retcode : 0
DEBUG 2016-07-26 17:09:48,844: 	 Executing : 
 command : voms-proxy-info -file /tmp/x509up_u30997 -actimeleft
 output : 82532

 error: 
 retcode : 0
DEBUG 2016-07-26 17:09:48,844: 	 Proxy valid for 22:55:32 hours
DEBUG 2016-07-26 17:09:49,193: 	 Registering user credentials for server /DC=ch/DC=cern/OU=computers/CN=vocms(045|052|021|031|0118|0118a|0119|0108).cern.ch
DEBUG 2016-07-26 17:09:49,304: 	 Executing : 
 command : openssl x509 -in ~/.globus/usercert.pem -subject -noout
 output : subject= /DC=ch/DC=cern/OU=Organic Units/OU=Users/CN=fromeo/CN=674630/CN=Francesco Romeo

 error: 
 retcode : 0
DEBUG 2016-07-26 17:09:49,304: 	 Getting myproxy life time left for myproxy.cern.ch
DEBUG 2016-07-26 17:09:49,304: 	 Calculating hash of /DC=ch/DC=cern/OU=Organic Units/OU=Users/CN=fromeo/CN=674630/CN=Francesco Romeo_cmsweb.cern.ch for credential name
DEBUG 2016-07-26 17:09:49,509: 	 Executing : 
 command : myproxy-info -l 83bb954b043085ec6b5075bf38fafc2a023a8c7b -s myproxy.cern.ch
 output : username: 83bb954b043085ec6b5075bf38fafc2a023a8c7b
owner: /DC=ch/DC=cern/OU=Organic Units/OU=Users/CN=fromeo/CN=674630/CN=Francesco Romeo
  renewal policy: /DC=ch/DC=cern/OU=computers/CN=vocms(045|052|021|031|0118|0118a|0119|0108).cern.ch
  trusted retrieval policy: /DC=ch/DC=cern/OU=computers/CN=vocms(045|052|021|031|0118|0118a|0119|0108).cern.ch
  timeleft: 386:41:22  (16.1 days)

 error: 
 retcode : 0
DEBUG 2016-07-26 17:09:49,512: 	 Myproxy is valid: 1392082
DEBUG 2016-07-26 17:09:49,512: 	 Command use: status
DEBUG 2016-07-26 17:09:49,512: 	 Options use: ['First2016_WZ/crab_First2016_WZ']
DEBUG 2016-07-26 17:09:49,896: 	 CRABClient version: 3.3.1607.patch1
DEBUG 2016-07-26 17:09:49,896: 	 Instance is prod
DEBUG 2016-07-26 17:09:49,896: 	 Server base url is cmsweb.cern.ch
DEBUG 2016-07-26 17:09:49,896: 	 Command url /crabserver/prod/workflow
DEBUG 2016-07-26 17:09:49,896: 	 Looking up detailed status of task 160726_141004:fromeo_crab_First2016_WZ
DEBUG 2016-07-26 17:09:50,285: 	 {'status': 'FAILED', 'username': 'fromeo', 'jobsPerStatus': {'failed': 24}, 'jobs': {'24': {'State': 'failed', 'Error': [8001, 'CmsRunFailure\nCMSSW error message follows.\nFatal Exception\nAn exception of category \'ProductNotFound\' occurred while\n   [0] Processing run: 1 lumi: 73 event: 13825\n   [1] Running path \'p\'\n   [2] Calling event method for module BSM3G_TNT_Maker/\'TNT\'\nException Message:\nPrincipal::getByLabel: Found zero products matching all criteria\nLooking for type: edm::TriggerResults\nLooking for module label: TriggerResults\nLooking for productInstanceName: \nLooking for process: HLT2\n   Additional Info:\n      [a] If you wish to continue processing events after a ProductNotFound exception,\nadd "SkipEvent = cms.untracked.vstring(\'ProductNotFound\')" to the "options" PSet in the configuration.\n', {'type': 'Fatal Exception', 'details': 'An exception of category \'ProductNotFound\' occurred while\n   [0] Processing run: 1 lumi: 73 event: 13825\n   [1] Running path \'p\'\n   [2] Calling event method for module BSM3G_TNT_Maker/\'TNT\'\nException Message:\nPrincipal::getByLabel: Found zero products matching all criteria\nLooking for type: edm::TriggerResults\nLooking for module label: TriggerResults\nLooking for productInstanceName: \nLooking for process: HLT2\n   Additional Info:\n      [a] If you wish to continue processing events after a ProductNotFound exception,\nadd "SkipEvent = cms.untracked.vstring(\'ProductNotFound\')" to the "options" PSet in the configuration.', 'exitCode': '8001'}]}, '20': {'State': 'failed', 'Error': [8001, 'CmsRunFailure\nCMSSW error message follows.\nFatal Exception\nAn exception of category \'ProductNotFound\' occurred while\n   [0] Processing run: 1 lumi: 1940 event: 372297\n   [1] Running path \'p\'\n   [2] Calling event method for module BSM3G_TNT_Maker/\'TNT\'\nException Message:\nPrincipal::getByLabel: Found zero products matching all criteria\nLooking for type: edm::TriggerResults\nLooking for module label: TriggerResults\nLooking for productInstanceName: \nLooking for process: HLT2\n   Additional Info:\n      [a] If you wish to continue processing events after a ProductNotFound exception,\nadd "SkipEvent = cms.untracked.vstring(\'ProductNotFound\')" to the "options" PSet in the configuration.\n', {'type': 'Fatal Exception', 'details': 'An exception of category \'ProductNotFound\' occurred while\n   [0] Processing run: 1 lumi: 1940 event: 372297\n   [1] Running path \'p\'\n   [2] Calling event method for module BSM3G_TNT_Maker/\'TNT\'\nException Message:\nPrincipal::getByLabel: Found zero products matching all criteria\nLooking for type: edm::TriggerResults\nLooking for module label: TriggerResults\nLooking for productInstanceName: \nLooking for process: HLT2\n   Additional Info:\n      [a] If you wish to continue processing events after a ProductNotFound exception,\nadd "SkipEvent = cms.untracked.vstring(\'ProductNotFound\')" to the "options" PSet in the configuration.', 'exitCode': '8001'}]}, '21': {'State': 'failed', 'Error': [8001, 'CmsRunFailure\nCMSSW error message follows.\nFatal Exception\nAn exception of category \'ProductNotFound\' occurred while\n   [0] Processing run: 1 lumi: 31 event: 5761\n   [1] Running path \'p\'\n   [2] Calling event method for module BSM3G_TNT_Maker/\'TNT\'\nException Message:\nPrincipal::getByLabel: Found zero products matching all criteria\nLooking for type: edm::TriggerResults\nLooking for module label: TriggerResults\nLooking for productInstanceName: \nLooking for process: HLT2\n   Additional Info:\n      [a] If you wish to continue processing events after a ProductNotFound exception,\nadd "SkipEvent = cms.untracked.vstring(\'ProductNotFound\')" to the "options" PSet in the configuration.\n', {'type': 'Fatal Exception', 'details': 'An exception of category \'ProductNotFound\' occurred while\n   [0] Processing run: 1 lumi: 31 event: 5761\n   [1] Running path \'p\'\n   [2] Calling event method for module BSM3G_TNT_Maker/\'TNT\'\nException Message:\nPrincipal::getByLabel: Found zero products matching all criteria\nLooking for type: edm::TriggerResults\nLooking for module label: TriggerResults\nLooking for productInstanceName: \nLooking for process: HLT2\n   Additional Info:\n      [a] If you wish to continue processing events after a ProductNotFound exception,\nadd "SkipEvent = cms.untracked.vstring(\'ProductNotFound\')" to the "options" PSet in the configuration.', 'exitCode': '8001'}]}, '22': {'State': 'failed', 'Error': [8001, 'CmsRunFailure\nCMSSW error message follows.\nFatal Exception\nAn exception of category \'ProductNotFound\' occurred while\n   [0] Processing run: 1 lumi: 383 event: 73353\n   [1] Running path \'p\'\n   [2] Calling event method for module BSM3G_TNT_Maker/\'TNT\'\nException Message:\nPrincipal::getByLabel: Found zero products matching all criteria\nLooking for type: edm::TriggerResults\nLooking for module label: TriggerResults\nLooking for productInstanceName: \nLooking for process: HLT2\n   Additional Info:\n      [a] If you wish to continue processing events after a ProductNotFound exception,\nadd "SkipEvent = cms.untracked.vstring(\'ProductNotFound\')" to the "options" PSet in the configuration.\n', {'type': 'Fatal Exception', 'details': 'An exception of category \'ProductNotFound\' occurred while\n   [0] Processing run: 1 lumi: 383 event: 73353\n   [1] Running path \'p\'\n   [2] Calling event method for module BSM3G_TNT_Maker/\'TNT\'\nException Message:\nPrincipal::getByLabel: Found zero products matching all criteria\nLooking for type: edm::TriggerResults\nLooking for module label: TriggerResults\nLooking for productInstanceName: \nLooking for process: HLT2\n   Additional Info:\n      [a] If you wish to continue processing events after a ProductNotFound exception,\nadd "SkipEvent = cms.untracked.vstring(\'ProductNotFound\')" to the "options" PSet in the configuration.', 'exitCode': '8001'}]}, '23': {'State': 'failed', 'Error': [8001, 'CmsRunFailure\nCMSSW error message follows.\nFatal Exception\nAn exception of category \'ProductNotFound\' occurred while\n   [0] Processing run: 1 lumi: 175 event: 33409\n   [1] Running path \'p\'\n   [2] Calling event method for module BSM3G_TNT_Maker/\'TNT\'\nException Message:\nPrincipal::getByLabel: Found zero products matching all criteria\nLooking for type: edm::TriggerResults\nLooking for module label: TriggerResults\nLooking for productInstanceName: \nLooking for process: HLT2\n   Additional Info:\n      [a] If you wish to continue processing events after a ProductNotFound exception,\nadd "SkipEvent = cms.untracked.vstring(\'ProductNotFound\')" to the "options" PSet in the configuration.\n', {'type': 'Fatal Exception', 'details': 'An exception of category \'ProductNotFound\' occurred while\n   [0] Processing run: 1 lumi: 175 event: 33409\n   [1] Running path \'p\'\n   [2] Calling event method for module BSM3G_TNT_Maker/\'TNT\'\nException Message:\nPrincipal::getByLabel: Found zero products matching all criteria\nLooking for type: edm::TriggerResults\nLooking for module label: TriggerResults\nLooking for productInstanceName: \nLooking for process: HLT2\n   Additional Info:\n      [a] If you wish to continue processing events after a ProductNotFound exception,\nadd "SkipEvent = cms.untracked.vstring(\'ProductNotFound\')" to the "options" PSet in the configuration.', 'exitCode': '8001'}]}, '1': {'State': 'failed', 'Error': [8001, 'CmsRunFailure\nCMSSW error message follows.\nFatal Exception\nAn exception of category \'ProductNotFound\' occurred while\n   [0] Processing run: 1 lumi: 19 event: 3457\n   [1] Running path \'p\'\n   [2] Calling event method for module BSM3G_TNT_Maker/\'TNT\'\nException Message:\nPrincipal::getByLabel: Found zero products matching all criteria\nLooking for type: edm::TriggerResults\nLooking for module label: TriggerResults\nLooking for productInstanceName: \nLooking for process: HLT2\n   Additional Info:\n      [a] If you wish to continue processing events after a ProductNotFound exception,\nadd "SkipEvent = cms.untracked.vstring(\'ProductNotFound\')" to the "options" PSet in the configuration.\n', {'type': 'Fatal Exception', 'details': 'An exception of category \'ProductNotFound\' occurred while\n   [0] Processing run: 1 lumi: 19 event: 3457\n   [1] Running path \'p\'\n   [2] Calling event method for module BSM3G_TNT_Maker/\'TNT\'\nException Message:\nPrincipal::getByLabel: Found zero products matching all criteria\nLooking for type: edm::TriggerResults\nLooking for module label: TriggerResults\nLooking for productInstanceName: \nLooking for process: HLT2\n   Additional Info:\n      [a] If you wish to continue processing events after a ProductNotFound exception,\nadd "SkipEvent = cms.untracked.vstring(\'ProductNotFound\')" to the "options" PSet in the configuration.', 'exitCode': '8001'}]}, '3': {'State': 'failed', 'Error': [8001, 'CmsRunFailure\nCMSSW error message follows.\nFatal Exception\nAn exception of category \'ProductNotFound\' occurred while\n   [0] Processing run: 1 lumi: 118 event: 22465\n   [1] Running path \'p\'\n   [2] Calling event method for module BSM3G_TNT_Maker/\'TNT\'\nException Message:\nPrincipal::getByLabel: Found zero products matching all criteria\nLooking for type: edm::TriggerResults\nLooking for module label: TriggerResults\nLooking for productInstanceName: \nLooking for process: HLT2\n   Additional Info:\n      [a] If you wish to continue processing events after a ProductNotFound exception,\nadd "SkipEvent = cms.untracked.vstring(\'ProductNotFound\')" to the "options" PSet in the configuration.\n', {'type': 'Fatal Exception', 'details': 'An exception of category \'ProductNotFound\' occurred while\n   [0] Processing run: 1 lumi: 118 event: 22465\n   [1] Running path \'p\'\n   [2] Calling event method for module BSM3G_TNT_Maker/\'TNT\'\nException Message:\nPrincipal::getByLabel: Found zero products matching all criteria\nLooking for type: edm::TriggerResults\nLooking for module label: TriggerResults\nLooking for productInstanceName: \nLooking for process: HLT2\n   Additional Info:\n      [a] If you wish to continue processing events after a ProductNotFound exception,\nadd "SkipEvent = cms.untracked.vstring(\'ProductNotFound\')" to the "options" PSet in the configuration.', 'exitCode': '8001'}]}, '2': {'State': 'failed', 'Error': [8001, 'CmsRunFailure\nCMSSW error message follows.\nFatal Exception\nAn exception of category \'ProductNotFound\' occurred while\n   [0] Processing run: 1 lumi: 43 event: 8065\n   [1] Running path \'p\'\n   [2] Calling event method for module BSM3G_TNT_Maker/\'TNT\'\nException Message:\nPrincipal::getByLabel: Found zero products matching all criteria\nLooking for type: edm::TriggerResults\nLooking for module label: TriggerResults\nLooking for productInstanceName: \nLooking for process: HLT2\n   Additional Info:\n      [a] If you wish to continue processing events after a ProductNotFound exception,\nadd "SkipEvent = cms.untracked.vstring(\'ProductNotFound\')" to the "options" PSet in the configuration.\n', {'type': 'Fatal Exception', 'details': 'An exception of category \'ProductNotFound\' occurred while\n   [0] Processing run: 1 lumi: 43 event: 8065\n   [1] Running path \'p\'\n   [2] Calling event method for module BSM3G_TNT_Maker/\'TNT\'\nException Message:\nPrincipal::getByLabel: Found zero products matching all criteria\nLooking for type: edm::TriggerResults\nLooking for module label: TriggerResults\nLooking for productInstanceName: \nLooking for process: HLT2\n   Additional Info:\n      [a] If you wish to continue processing events after a ProductNotFound exception,\nadd "SkipEvent = cms.untracked.vstring(\'ProductNotFound\')" to the "options" PSet in the configuration.', 'exitCode': '8001'}]}, '5': {'State': 'failed', 'Error': [8001, 'CmsRunFailure\nCMSSW error message follows.\nFatal Exception\nAn exception of category \'ProductNotFound\' occurred while\n   [0] Processing run: 1 lumi: 1278 event: 245201\n   [1] Running path \'p\'\n   [2] Calling event method for module BSM3G_TNT_Maker/\'TNT\'\nException Message:\nPrincipal::getByLabel: Found zero products matching all criteria\nLooking for type: edm::TriggerResults\nLooking for module label: TriggerResults\nLooking for productInstanceName: \nLooking for process: HLT2\n   Additional Info:\n      [a] If you wish to continue processing events after a ProductNotFound exception,\nadd "SkipEvent = cms.untracked.vstring(\'ProductNotFound\')" to the "options" PSet in the configuration.\n', {'type': 'Fatal Exception', 'details': 'An exception of category \'ProductNotFound\' occurred while\n   [0] Processing run: 1 lumi: 1278 event: 245201\n   [1] Running path \'p\'\n   [2] Calling event method for module BSM3G_TNT_Maker/\'TNT\'\nException Message:\nPrincipal::getByLabel: Found zero products matching all criteria\nLooking for type: edm::TriggerResults\nLooking for module label: TriggerResults\nLooking for productInstanceName: \nLooking for process: HLT2\n   Additional Info:\n      [a] If you wish to continue processing events after a ProductNotFound exception,\nadd "SkipEvent = cms.untracked.vstring(\'ProductNotFound\')" to the "options" PSet in the configuration.', 'exitCode': '8001'}]}, '4': {'State': 'failed', 'Error': [8001, 'CmsRunFailure\nCMSSW error message follows.\nFatal Exception\nAn exception of category \'ProductNotFound\' occurred while\n   [0] Processing run: 1 lumi: 415 event: 79489\n   [1] Running path \'p\'\n   [2] Calling event method for module BSM3G_TNT_Maker/\'TNT\'\nException Message:\nPrincipal::getByLabel: Found zero products matching all criteria\nLooking for type: edm::TriggerResults\nLooking for module label: TriggerResults\nLooking for productInstanceName: \nLooking for process: HLT2\n   Additional Info:\n      [a] If you wish to continue processing events after a ProductNotFound exception,\nadd "SkipEvent = cms.untracked.vstring(\'ProductNotFound\')" to the "options" PSet in the configuration.\n', {'type': 'Fatal Exception', 'details': 'An exception of category \'ProductNotFound\' occurred while\n   [0] Processing run: 1 lumi: 415 event: 79489\n   [1] Running path \'p\'\n   [2] Calling event method for module BSM3G_TNT_Maker/\'TNT\'\nException Message:\nPrincipal::getByLabel: Found zero products matching all criteria\nLooking for type: edm::TriggerResults\nLooking for module label: TriggerResults\nLooking for productInstanceName: \nLooking for process: HLT2\n   Additional Info:\n      [a] If you wish to continue processing events after a ProductNotFound exception,\nadd "SkipEvent = cms.untracked.vstring(\'ProductNotFound\')" to the "options" PSet in the configuration.', 'exitCode': '8001'}]}, '7': {'State': 'failed', 'Error': [8001, 'CmsRunFailure\nCMSSW error message follows.\nFatal Exception\nAn exception of category \'ProductNotFound\' occurred while\n   [0] Processing run: 1 lumi: 229 event: 43777\n   [1] Running path \'p\'\n   [2] Calling event method for module BSM3G_TNT_Maker/\'TNT\'\nException Message:\nPrincipal::getByLabel: Found zero products matching all criteria\nLooking for type: edm::TriggerResults\nLooking for module label: TriggerResults\nLooking for productInstanceName: \nLooking for process: HLT2\n   Additional Info:\n      [a] If you wish to continue processing events after a ProductNotFound exception,\nadd "SkipEvent = cms.untracked.vstring(\'ProductNotFound\')" to the "options" PSet in the configuration.\n', {'type': 'Fatal Exception', 'details': 'An exception of category \'ProductNotFound\' occurred while\n   [0] Processing run: 1 lumi: 229 event: 43777\n   [1] Running path \'p\'\n   [2] Calling event method for module BSM3G_TNT_Maker/\'TNT\'\nException Message:\nPrincipal::getByLabel: Found zero products matching all criteria\nLooking for type: edm::TriggerResults\nLooking for module label: TriggerResults\nLooking for productInstanceName: \nLooking for process: HLT2\n   Additional Info:\n      [a] If you wish to continue processing events after a ProductNotFound exception,\nadd "SkipEvent = cms.untracked.vstring(\'ProductNotFound\')" to the "options" PSet in the configuration.', 'exitCode': '8001'}]}, '6': {'State': 'failed', 'Error': [8001, 'CmsRunFailure\nCMSSW error message follows.\nFatal Exception\nAn exception of category \'ProductNotFound\' occurred while\n   [0] Processing run: 1 lumi: 309 event: 59153\n   [1] Running path \'p\'\n   [2] Calling event method for module BSM3G_TNT_Maker/\'TNT\'\nException Message:\nPrincipal::getByLabel: Found zero products matching all criteria\nLooking for type: edm::TriggerResults\nLooking for module label: TriggerResults\nLooking for productInstanceName: \nLooking for process: HLT2\n   Additional Info:\n      [a] If you wish to continue processing events after a ProductNotFound exception,\nadd "SkipEvent = cms.untracked.vstring(\'ProductNotFound\')" to the "options" PSet in the configuration.\n', {'type': 'Fatal Exception', 'details': 'An exception of category \'ProductNotFound\' occurred while\n   [0] Processing run: 1 lumi: 309 event: 59153\n   [1] Running path \'p\'\n   [2] Calling event method for module BSM3G_TNT_Maker/\'TNT\'\nException Message:\nPrincipal::getByLabel: Found zero products matching all criteria\nLooking for type: edm::TriggerResults\nLooking for module label: TriggerResults\nLooking for productInstanceName: \nLooking for process: HLT2\n   Additional Info:\n      [a] If you wish to continue processing events after a ProductNotFound exception,\nadd "SkipEvent = cms.untracked.vstring(\'ProductNotFound\')" to the "options" PSet in the configuration.', 'exitCode': '8001'}]}, '9': {'State': 'failed', 'Error': [8001, 'CmsRunFailure\nCMSSW error message follows.\nFatal Exception\nAn exception of category \'ProductNotFound\' occurred while\n   [0] Processing run: 1 lumi: 555 event: 106385\n   [1] Running path \'p\'\n   [2] Calling event method for module BSM3G_TNT_Maker/\'TNT\'\nException Message:\nPrincipal::getByLabel: Found zero products matching all criteria\nLooking for type: edm::TriggerResults\nLooking for module label: TriggerResults\nLooking for productInstanceName: \nLooking for process: HLT2\n   Additional Info:\n      [a] If you wish to continue processing events after a ProductNotFound exception,\nadd "SkipEvent = cms.untracked.vstring(\'ProductNotFound\')" to the "options" PSet in the configuration.\n', {'type': 'Fatal Exception', 'details': 'An exception of category \'ProductNotFound\' occurred while\n   [0] Processing run: 1 lumi: 555 event: 106385\n   [1] Running path \'p\'\n   [2] Calling event method for module BSM3G_TNT_Maker/\'TNT\'\nException Message:\nPrincipal::getByLabel: Found zero products matching all criteria\nLooking for type: edm::TriggerResults\nLooking for module label: TriggerResults\nLooking for productInstanceName: \nLooking for process: HLT2\n   Additional Info:\n      [a] If you wish to continue processing events after a ProductNotFound exception,\nadd "SkipEvent = cms.untracked.vstring(\'ProductNotFound\')" to the "options" PSet in the configuration.', 'exitCode': '8001'}]}, '8': {'State': 'failed', 'Error': [8001, 'CmsRunFailure\nCMSSW error message follows.\nFatal Exception\nAn exception of category \'ProductNotFound\' occurred while\n   [0] Processing run: 1 lumi: 127 event: 24193\n   [1] Running path \'p\'\n   [2] Calling event method for module BSM3G_TNT_Maker/\'TNT\'\nException Message:\nPrincipal::getByLabel: Found zero products matching all criteria\nLooking for type: edm::TriggerResults\nLooking for module label: TriggerResults\nLooking for productInstanceName: \nLooking for process: HLT2\n   Additional Info:\n      [a] If you wish to continue processing events after a ProductNotFound exception,\nadd "SkipEvent = cms.untracked.vstring(\'ProductNotFound\')" to the "options" PSet in the configuration.\n', {'type': 'Fatal Exception', 'details': 'An exception of category \'ProductNotFound\' occurred while\n   [0] Processing run: 1 lumi: 127 event: 24193\n   [1] Running path \'p\'\n   [2] Calling event method for module BSM3G_TNT_Maker/\'TNT\'\nException Message:\nPrincipal::getByLabel: Found zero products matching all criteria\nLooking for type: edm::TriggerResults\nLooking for module label: TriggerResults\nLooking for productInstanceName: \nLooking for process: HLT2\n   Additional Info:\n      [a] If you wish to continue processing events after a ProductNotFound exception,\nadd "SkipEvent = cms.untracked.vstring(\'ProductNotFound\')" to the "options" PSet in the configuration.', 'exitCode': '8001'}]}, '11': {'State': 'failed', 'Error': [8001, 'CmsRunFailure\nCMSSW error message follows.\nFatal Exception\nAn exception of category \'ProductNotFound\' occurred while\n   [0] Processing run: 1 lumi: 271 event: 51841\n   [1] Running path \'p\'\n   [2] Calling event method for module BSM3G_TNT_Maker/\'TNT\'\nException Message:\nPrincipal::getByLabel: Found zero products matching all criteria\nLooking for type: edm::TriggerResults\nLooking for module label: TriggerResults\nLooking for productInstanceName: \nLooking for process: HLT2\n   Additional Info:\n      [a] If you wish to continue processing events after a ProductNotFound exception,\nadd "SkipEvent = cms.untracked.vstring(\'ProductNotFound\')" to the "options" PSet in the configuration.\n', {'type': 'Fatal Exception', 'details': 'An exception of category \'ProductNotFound\' occurred while\n   [0] Processing run: 1 lumi: 271 event: 51841\n   [1] Running path \'p\'\n   [2] Calling event method for module BSM3G_TNT_Maker/\'TNT\'\nException Message:\nPrincipal::getByLabel: Found zero products matching all criteria\nLooking for type: edm::TriggerResults\nLooking for module label: TriggerResults\nLooking for productInstanceName: \nLooking for process: HLT2\n   Additional Info:\n      [a] If you wish to continue processing events after a ProductNotFound exception,\nadd "SkipEvent = cms.untracked.vstring(\'ProductNotFound\')" to the "options" PSet in the configuration.', 'exitCode': '8001'}]}, '10': {'State': 'failed', 'Error': [8001, 'CmsRunFailure\nCMSSW error message follows.\nFatal Exception\nAn exception of category \'ProductNotFound\' occurred while\n   [0] Processing run: 1 lumi: 479 event: 91785\n   [1] Running path \'p\'\n   [2] Calling event method for module BSM3G_TNT_Maker/\'TNT\'\nException Message:\nPrincipal::getByLabel: Found zero products matching all criteria\nLooking for type: edm::TriggerResults\nLooking for module label: TriggerResults\nLooking for productInstanceName: \nLooking for process: HLT2\n   Additional Info:\n      [a] If you wish to continue processing events after a ProductNotFound exception,\nadd "SkipEvent = cms.untracked.vstring(\'ProductNotFound\')" to the "options" PSet in the configuration.\n', {'type': 'Fatal Exception', 'details': 'An exception of category \'ProductNotFound\' occurred while\n   [0] Processing run: 1 lumi: 479 event: 91785\n   [1] Running path \'p\'\n   [2] Calling event method for module BSM3G_TNT_Maker/\'TNT\'\nException Message:\nPrincipal::getByLabel: Found zero products matching all criteria\nLooking for type: edm::TriggerResults\nLooking for module label: TriggerResults\nLooking for productInstanceName: \nLooking for process: HLT2\n   Additional Info:\n      [a] If you wish to continue processing events after a ProductNotFound exception,\nadd "SkipEvent = cms.untracked.vstring(\'ProductNotFound\')" to the "options" PSet in the configuration.', 'exitCode': '8001'}]}, '13': {'State': 'failed', 'Error': [8001, 'CmsRunFailure\nCMSSW error message follows.\nFatal Exception\nAn exception of category \'ProductNotFound\' occurred while\n   [0] Processing run: 1 lumi: 142 event: 27073\n   [1] Running path \'p\'\n   [2] Calling event method for module BSM3G_TNT_Maker/\'TNT\'\nException Message:\nPrincipal::getByLabel: Found zero products matching all criteria\nLooking for type: edm::TriggerResults\nLooking for module label: TriggerResults\nLooking for productInstanceName: \nLooking for process: HLT2\n   Additional Info:\n      [a] If you wish to continue processing events after a ProductNotFound exception,\nadd "SkipEvent = cms.untracked.vstring(\'ProductNotFound\')" to the "options" PSet in the configuration.\n', {'type': 'Fatal Exception', 'details': 'An exception of category \'ProductNotFound\' occurred while\n   [0] Processing run: 1 lumi: 142 event: 27073\n   [1] Running path \'p\'\n   [2] Calling event method for module BSM3G_TNT_Maker/\'TNT\'\nException Message:\nPrincipal::getByLabel: Found zero products matching all criteria\nLooking for type: edm::TriggerResults\nLooking for module label: TriggerResults\nLooking for productInstanceName: \nLooking for process: HLT2\n   Additional Info:\n      [a] If you wish to continue processing events after a ProductNotFound exception,\nadd "SkipEvent = cms.untracked.vstring(\'ProductNotFound\')" to the "options" PSet in the configuration.', 'exitCode': '8001'}]}, '12': {'State': 'failed', 'Error': [8001, 'CmsRunFailure\nCMSSW error message follows.\nFatal Exception\nAn exception of category \'ProductNotFound\' occurred while\n   [0] Processing run: 1 lumi: 286 event: 54721\n   [1] Running path \'p\'\n   [2] Calling event method for module BSM3G_TNT_Maker/\'TNT\'\nException Message:\nPrincipal::getByLabel: Found zero products matching all criteria\nLooking for type: edm::TriggerResults\nLooking for module label: TriggerResults\nLooking for productInstanceName: \nLooking for process: HLT2\n   Additional Info:\n      [a] If you wish to continue processing events after a ProductNotFound exception,\nadd "SkipEvent = cms.untracked.vstring(\'ProductNotFound\')" to the "options" PSet in the configuration.\n', {'type': 'Fatal Exception', 'details': 'An exception of category \'ProductNotFound\' occurred while\n   [0] Processing run: 1 lumi: 286 event: 54721\n   [1] Running path \'p\'\n   [2] Calling event method for module BSM3G_TNT_Maker/\'TNT\'\nException Message:\nPrincipal::getByLabel: Found zero products matching all criteria\nLooking for type: edm::TriggerResults\nLooking for module label: TriggerResults\nLooking for productInstanceName: \nLooking for process: HLT2\n   Additional Info:\n      [a] If you wish to continue processing events after a ProductNotFound exception,\nadd "SkipEvent = cms.untracked.vstring(\'ProductNotFound\')" to the "options" PSet in the configuration.', 'exitCode': '8001'}]}, '15': {'State': 'failed', 'Error': [8001, 'CmsRunFailure\nCMSSW error message follows.\nFatal Exception\nAn exception of category \'ProductNotFound\' occurred while\n   [0] Processing run: 1 lumi: 97 event: 18433\n   [1] Running path \'p\'\n   [2] Calling event method for module BSM3G_TNT_Maker/\'TNT\'\nException Message:\nPrincipal::getByLabel: Found zero products matching all criteria\nLooking for type: edm::TriggerResults\nLooking for module label: TriggerResults\nLooking for productInstanceName: \nLooking for process: HLT2\n   Additional Info:\n      [a] If you wish to continue processing events after a ProductNotFound exception,\nadd "SkipEvent = cms.untracked.vstring(\'ProductNotFound\')" to the "options" PSet in the configuration.\n', {'type': 'Fatal Exception', 'details': 'An exception of category \'ProductNotFound\' occurred while\n   [0] Processing run: 1 lumi: 97 event: 18433\n   [1] Running path \'p\'\n   [2] Calling event method for module BSM3G_TNT_Maker/\'TNT\'\nException Message:\nPrincipal::getByLabel: Found zero products matching all criteria\nLooking for type: edm::TriggerResults\nLooking for module label: TriggerResults\nLooking for productInstanceName: \nLooking for process: HLT2\n   Additional Info:\n      [a] If you wish to continue processing events after a ProductNotFound exception,\nadd "SkipEvent = cms.untracked.vstring(\'ProductNotFound\')" to the "options" PSet in the configuration.', 'exitCode': '8001'}]}, '14': {'State': 'failed', 'Error': [8001, 'CmsRunFailure\nCMSSW error message follows.\nFatal Exception\nAn exception of category \'ProductNotFound\' occurred while\n   [0] Processing run: 1 lumi: 3589 event: 688897\n   [1] Running path \'p\'\n   [2] Calling event method for module BSM3G_TNT_Maker/\'TNT\'\nException Message:\nPrincipal::getByLabel: Found zero products matching all criteria\nLooking for type: edm::TriggerResults\nLooking for module label: TriggerResults\nLooking for productInstanceName: \nLooking for process: HLT2\n   Additional Info:\n      [a] If you wish to continue processing events after a ProductNotFound exception,\nadd "SkipEvent = cms.untracked.vstring(\'ProductNotFound\')" to the "options" PSet in the configuration.\n', {'type': 'Fatal Exception', 'details': 'An exception of category \'ProductNotFound\' occurred while\n   [0] Processing run: 1 lumi: 3589 event: 688897\n   [1] Running path \'p\'\n   [2] Calling event method for module BSM3G_TNT_Maker/\'TNT\'\nException Message:\nPrincipal::getByLabel: Found zero products matching all criteria\nLooking for type: edm::TriggerResults\nLooking for module label: TriggerResults\nLooking for productInstanceName: \nLooking for process: HLT2\n   Additional Info:\n      [a] If you wish to continue processing events after a ProductNotFound exception,\nadd "SkipEvent = cms.untracked.vstring(\'ProductNotFound\')" to the "options" PSet in the configuration.', 'exitCode': '8001'}]}, '17': {'State': 'failed', 'Error': [8001, 'CmsRunFailure\nCMSSW error message follows.\nFatal Exception\nAn exception of category \'ProductNotFound\' occurred while\n   [0] Processing run: 1 lumi: 1 event: 1\n   [1] Running path \'p\'\n   [2] Calling event method for module BSM3G_TNT_Maker/\'TNT\'\nException Message:\nPrincipal::getByLabel: Found zero products matching all criteria\nLooking for type: edm::TriggerResults\nLooking for module label: TriggerResults\nLooking for productInstanceName: \nLooking for process: HLT2\n   Additional Info:\n      [a] If you wish to continue processing events after a ProductNotFound exception,\nadd "SkipEvent = cms.untracked.vstring(\'ProductNotFound\')" to the "options" PSet in the configuration.\n', {'type': 'Fatal Exception', 'details': 'An exception of category \'ProductNotFound\' occurred while\n   [0] Processing run: 1 lumi: 1 event: 1\n   [1] Running path \'p\'\n   [2] Calling event method for module BSM3G_TNT_Maker/\'TNT\'\nException Message:\nPrincipal::getByLabel: Found zero products matching all criteria\nLooking for type: edm::TriggerResults\nLooking for module label: TriggerResults\nLooking for productInstanceName: \nLooking for process: HLT2\n   Additional Info:\n      [a] If you wish to continue processing events after a ProductNotFound exception,\nadd "SkipEvent = cms.untracked.vstring(\'ProductNotFound\')" to the "options" PSet in the configuration.', 'exitCode': '8001'}]}, '16': {'State': 'failed', 'Error': [8001, 'CmsRunFailure\nCMSSW error message follows.\nFatal Exception\nAn exception of category \'ProductNotFound\' occurred while\n   [0] Processing run: 1 lumi: 206 event: 39369\n   [1] Running path \'p\'\n   [2] Calling event method for module BSM3G_TNT_Maker/\'TNT\'\nException Message:\nPrincipal::getByLabel: Found zero products matching all criteria\nLooking for type: edm::TriggerResults\nLooking for module label: TriggerResults\nLooking for productInstanceName: \nLooking for process: HLT2\n   Additional Info:\n      [a] If you wish to continue processing events after a ProductNotFound exception,\nadd "SkipEvent = cms.untracked.vstring(\'ProductNotFound\')" to the "options" PSet in the configuration.\n', {'type': 'Fatal Exception', 'details': 'An exception of category \'ProductNotFound\' occurred while\n   [0] Processing run: 1 lumi: 206 event: 39369\n   [1] Running path \'p\'\n   [2] Calling event method for module BSM3G_TNT_Maker/\'TNT\'\nException Message:\nPrincipal::getByLabel: Found zero products matching all criteria\nLooking for type: edm::TriggerResults\nLooking for module label: TriggerResults\nLooking for productInstanceName: \nLooking for process: HLT2\n   Additional Info:\n      [a] If you wish to continue processing events after a ProductNotFound exception,\nadd "SkipEvent = cms.untracked.vstring(\'ProductNotFound\')" to the "options" PSet in the configuration.', 'exitCode': '8001'}]}, '19': {'State': 'failed', 'Error': [8001, 'CmsRunFailure\nCMSSW error message follows.\nFatal Exception\nAn exception of category \'ProductNotFound\' occurred while\n   [0] Processing run: 1 lumi: 10 event: 1729\n   [1] Running path \'p\'\n   [2] Calling event method for module BSM3G_TNT_Maker/\'TNT\'\nException Message:\nPrincipal::getByLabel: Found zero products matching all criteria\nLooking for type: edm::TriggerResults\nLooking for module label: TriggerResults\nLooking for productInstanceName: \nLooking for process: HLT2\n   Additional Info:\n      [a] If you wish to continue processing events after a ProductNotFound exception,\nadd "SkipEvent = cms.untracked.vstring(\'ProductNotFound\')" to the "options" PSet in the configuration.\n', {'type': 'Fatal Exception', 'details': 'An exception of category \'ProductNotFound\' occurred while\n   [0] Processing run: 1 lumi: 10 event: 1729\n   [1] Running path \'p\'\n   [2] Calling event method for module BSM3G_TNT_Maker/\'TNT\'\nException Message:\nPrincipal::getByLabel: Found zero products matching all criteria\nLooking for type: edm::TriggerResults\nLooking for module label: TriggerResults\nLooking for productInstanceName: \nLooking for process: HLT2\n   Additional Info:\n      [a] If you wish to continue processing events after a ProductNotFound exception,\nadd "SkipEvent = cms.untracked.vstring(\'ProductNotFound\')" to the "options" PSet in the configuration.', 'exitCode': '8001'}]}, '18': {'State': 'failed', 'Error': [8001, 'CmsRunFailure\nCMSSW error message follows.\nFatal Exception\nAn exception of category \'ProductNotFound\' occurred while\n   [0] Processing run: 1 lumi: 352 event: 67393\n   [1] Running path \'p\'\n   [2] Calling event method for module BSM3G_TNT_Maker/\'TNT\'\nException Message:\nPrincipal::getByLabel: Found zero products matching all criteria\nLooking for type: edm::TriggerResults\nLooking for module label: TriggerResults\nLooking for productInstanceName: \nLooking for process: HLT2\n   Additional Info:\n      [a] If you wish to continue processing events after a ProductNotFound exception,\nadd "SkipEvent = cms.untracked.vstring(\'ProductNotFound\')" to the "options" PSet in the configuration.\n', {'type': 'Fatal Exception', 'details': 'An exception of category \'ProductNotFound\' occurred while\n   [0] Processing run: 1 lumi: 352 event: 67393\n   [1] Running path \'p\'\n   [2] Calling event method for module BSM3G_TNT_Maker/\'TNT\'\nException Message:\nPrincipal::getByLabel: Found zero products matching all criteria\nLooking for type: edm::TriggerResults\nLooking for module label: TriggerResults\nLooking for productInstanceName: \nLooking for process: HLT2\n   Additional Info:\n      [a] If you wish to continue processing events after a ProductNotFound exception,\nadd "SkipEvent = cms.untracked.vstring(\'ProductNotFound\')" to the "options" PSet in the configuration.', 'exitCode': '8001'}]}}, 'publication': {}, 'taskWarningMsg': [], 'schedd': 'crab3-4@vocms066.cern.ch', 'publicationFailures': {}, 'outdatasets': None, 'statusFailureMsg': '', 'taskFailureMsg': '', 'failedJobdefs': 0, 'ASOURL': 'https://cmsweb.cern.ch/couchdb2', 'command': 'SUBMIT', 'totalJobdefs': 0, 'submissionTime': 1469542205, 'jobdefErrors': [], 'collector': 'cmsgwms-collector-global.cern.ch,cmssrv221.fnal.gov', 'jobList': [['failed', 24], ['failed', 20], ['failed', 21], ['failed', 22], ['failed', 23], ['failed', 1], ['failed', 3], ['failed', 2], ['failed', 5], ['failed', 4], ['failed', 7], ['failed', 6], ['failed', 9], ['failed', 8], ['failed', 11], ['failed', 10], ['failed', 13], ['failed', 12], ['failed', 15], ['failed', 14], ['failed', 17], ['failed', 16], ['failed', 19], ['failed', 18]]}
INFO 2016-07-26 17:09:50,286: 	 CRAB project directory:		/afs/cern.ch/work/f/fromeo/CMSSW_8_0_12_FW/src/BSMFramework/BSM3G_TNT_Maker/crab/First2016_WZ/crab_First2016_WZ
INFO 2016-07-26 17:09:50,286: 	 Task name:			160726_141004:fromeo_crab_First2016_WZ
INFO 2016-07-26 17:09:50,286: 	 Grid scheduler:			crab3-4@vocms066.cern.ch
INFO 2016-07-26 17:09:50,286: 	 Task status:			FAILED
INFO 2016-07-26 17:09:50,286: 	 Dashboard monitoring URL:	http://dashb-cms-job.cern.ch/dashboard/templates/task-analysis/#user=fromeo&table=Mains&pattern=160726_141004%3Afromeo_crab_First2016_WZ
INFO 2016-07-26 17:09:50,286: 	 
Jobs status:			failed        100.0% (24/24)
INFO 2016-07-26 17:09:50,286: 	 
No publication information available yet
INFO 2016-07-26 17:09:50,287: 	 
Error Summary: (use crab status --verboseErrors for details about the errors)

24 jobs failed with exit code 8001

Have a look at https://twiki.cern.ch/twiki/bin/viewauth/CMSPublic/JobExitCodes for a description of the exit codes.
INFO 2016-07-26 17:09:50,292: 	 Log file is /afs/cern.ch/work/f/fromeo/CMSSW_8_0_12_FW/src/BSMFramework/BSM3G_TNT_Maker/crab/First2016_WZ/crab_First2016_WZ/crab.log
DEBUG 2016-07-26 19:04:10,507: 	 Executing command: 'status'
DEBUG 2016-07-26 19:04:10,507: 	 Found CRAB cache file /afs/cern.ch/user/f/fromeo/.crab3
DEBUG 2016-07-26 19:04:10,540: 	 Checking credentials
DEBUG 2016-07-26 19:04:10,541: 	 Found proxy file /tmp/x509up_u30997
DEBUG 2016-07-26 19:04:10,541: 	 Getting proxy life time left
DEBUG 2016-07-26 19:04:11,146: 	 Executing : 
 command : voms-proxy-info -file /tmp/x509up_u30997 -timeleft
 output : 75669

 error: 
 retcode : 0
DEBUG 2016-07-26 19:04:11,751: 	 Executing : 
 command : voms-proxy-info -file /tmp/x509up_u30997 -actimeleft
 output : 75669

 error: 
 retcode : 0
DEBUG 2016-07-26 19:04:11,752: 	 Proxy valid for 21:01:09 hours
DEBUG 2016-07-26 19:04:12,297: 	 Executing : 
 command : openssl x509 -in ~/.globus/usercert.pem -subject -noout
 output : subject= /DC=ch/DC=cern/OU=Organic Units/OU=Users/CN=fromeo/CN=674630/CN=Francesco Romeo

 error: 
 retcode : 0
DEBUG 2016-07-26 19:04:12,297: 	 Checking credentials
DEBUG 2016-07-26 19:04:12,298: 	 Found proxy file /tmp/x509up_u30997
DEBUG 2016-07-26 19:04:12,298: 	 Getting proxy life time left
DEBUG 2016-07-26 19:04:12,908: 	 Executing : 
 command : voms-proxy-info -file /tmp/x509up_u30997 -timeleft
 output : 75668

 error: 
 retcode : 0
DEBUG 2016-07-26 19:04:13,620: 	 Executing : 
 command : voms-proxy-info -file /tmp/x509up_u30997 -actimeleft
 output : 75667

 error: 
 retcode : 0
DEBUG 2016-07-26 19:04:13,620: 	 Proxy valid for 21:01:08 hours
DEBUG 2016-07-26 19:04:13,963: 	 Registering user credentials for server /DC=ch/DC=cern/OU=computers/CN=vocms(045|052|021|031|0118|0118a|0119|0108).cern.ch
DEBUG 2016-07-26 19:04:14,076: 	 Executing : 
 command : openssl x509 -in ~/.globus/usercert.pem -subject -noout
 output : subject= /DC=ch/DC=cern/OU=Organic Units/OU=Users/CN=fromeo/CN=674630/CN=Francesco Romeo

 error: 
 retcode : 0
DEBUG 2016-07-26 19:04:14,076: 	 Getting myproxy life time left for myproxy.cern.ch
DEBUG 2016-07-26 19:04:14,076: 	 Calculating hash of /DC=ch/DC=cern/OU=Organic Units/OU=Users/CN=fromeo/CN=674630/CN=Francesco Romeo_cmsweb.cern.ch for credential name
DEBUG 2016-07-26 19:04:14,380: 	 Executing : 
 command : myproxy-info -l 83bb954b043085ec6b5075bf38fafc2a023a8c7b -s myproxy.cern.ch
 output : username: 83bb954b043085ec6b5075bf38fafc2a023a8c7b
owner: /DC=ch/DC=cern/OU=Organic Units/OU=Users/CN=fromeo/CN=674630/CN=Francesco Romeo
  renewal policy: /DC=ch/DC=cern/OU=computers/CN=vocms(045|052|021|031|0118|0118a|0119|0108).cern.ch
  trusted retrieval policy: /DC=ch/DC=cern/OU=computers/CN=vocms(045|052|021|031|0118|0118a|0119|0108).cern.ch
  timeleft: 384:46:57  (16.0 days)

 error: 
 retcode : 0
DEBUG 2016-07-26 19:04:14,382: 	 Myproxy is valid: 1385217
DEBUG 2016-07-26 19:04:14,383: 	 Command use: status
DEBUG 2016-07-26 19:04:14,383: 	 Options use: ['First2016_WZ/crab_First2016_WZ']
DEBUG 2016-07-26 19:04:14,739: 	 CRABClient version: 3.3.1607.patch1
DEBUG 2016-07-26 19:04:14,739: 	 Instance is prod
DEBUG 2016-07-26 19:04:14,739: 	 Server base url is cmsweb.cern.ch
DEBUG 2016-07-26 19:04:14,739: 	 Command url /crabserver/prod/workflow
DEBUG 2016-07-26 19:04:14,739: 	 Looking up detailed status of task 160726_141004:fromeo_crab_First2016_WZ
DEBUG 2016-07-26 19:04:15,156: 	 {'status': 'FAILED', 'username': 'fromeo', 'jobsPerStatus': {'failed': 24}, 'jobs': {'24': {'State': 'failed', 'Error': [8001, 'CmsRunFailure\nCMSSW error message follows.\nFatal Exception\nAn exception of category \'ProductNotFound\' occurred while\n   [0] Processing run: 1 lumi: 73 event: 13825\n   [1] Running path \'p\'\n   [2] Calling event method for module BSM3G_TNT_Maker/\'TNT\'\nException Message:\nPrincipal::getByLabel: Found zero products matching all criteria\nLooking for type: edm::TriggerResults\nLooking for module label: TriggerResults\nLooking for productInstanceName: \nLooking for process: HLT2\n   Additional Info:\n      [a] If you wish to continue processing events after a ProductNotFound exception,\nadd "SkipEvent = cms.untracked.vstring(\'ProductNotFound\')" to the "options" PSet in the configuration.\n', {'type': 'Fatal Exception', 'details': 'An exception of category \'ProductNotFound\' occurred while\n   [0] Processing run: 1 lumi: 73 event: 13825\n   [1] Running path \'p\'\n   [2] Calling event method for module BSM3G_TNT_Maker/\'TNT\'\nException Message:\nPrincipal::getByLabel: Found zero products matching all criteria\nLooking for type: edm::TriggerResults\nLooking for module label: TriggerResults\nLooking for productInstanceName: \nLooking for process: HLT2\n   Additional Info:\n      [a] If you wish to continue processing events after a ProductNotFound exception,\nadd "SkipEvent = cms.untracked.vstring(\'ProductNotFound\')" to the "options" PSet in the configuration.', 'exitCode': '8001'}]}, '20': {'State': 'failed', 'Error': [8001, 'CmsRunFailure\nCMSSW error message follows.\nFatal Exception\nAn exception of category \'ProductNotFound\' occurred while\n   [0] Processing run: 1 lumi: 1940 event: 372297\n   [1] Running path \'p\'\n   [2] Calling event method for module BSM3G_TNT_Maker/\'TNT\'\nException Message:\nPrincipal::getByLabel: Found zero products matching all criteria\nLooking for type: edm::TriggerResults\nLooking for module label: TriggerResults\nLooking for productInstanceName: \nLooking for process: HLT2\n   Additional Info:\n      [a] If you wish to continue processing events after a ProductNotFound exception,\nadd "SkipEvent = cms.untracked.vstring(\'ProductNotFound\')" to the "options" PSet in the configuration.\n', {'type': 'Fatal Exception', 'details': 'An exception of category \'ProductNotFound\' occurred while\n   [0] Processing run: 1 lumi: 1940 event: 372297\n   [1] Running path \'p\'\n   [2] Calling event method for module BSM3G_TNT_Maker/\'TNT\'\nException Message:\nPrincipal::getByLabel: Found zero products matching all criteria\nLooking for type: edm::TriggerResults\nLooking for module label: TriggerResults\nLooking for productInstanceName: \nLooking for process: HLT2\n   Additional Info:\n      [a] If you wish to continue processing events after a ProductNotFound exception,\nadd "SkipEvent = cms.untracked.vstring(\'ProductNotFound\')" to the "options" PSet in the configuration.', 'exitCode': '8001'}]}, '21': {'State': 'failed', 'Error': [8001, 'CmsRunFailure\nCMSSW error message follows.\nFatal Exception\nAn exception of category \'ProductNotFound\' occurred while\n   [0] Processing run: 1 lumi: 31 event: 5761\n   [1] Running path \'p\'\n   [2] Calling event method for module BSM3G_TNT_Maker/\'TNT\'\nException Message:\nPrincipal::getByLabel: Found zero products matching all criteria\nLooking for type: edm::TriggerResults\nLooking for module label: TriggerResults\nLooking for productInstanceName: \nLooking for process: HLT2\n   Additional Info:\n      [a] If you wish to continue processing events after a ProductNotFound exception,\nadd "SkipEvent = cms.untracked.vstring(\'ProductNotFound\')" to the "options" PSet in the configuration.\n', {'type': 'Fatal Exception', 'details': 'An exception of category \'ProductNotFound\' occurred while\n   [0] Processing run: 1 lumi: 31 event: 5761\n   [1] Running path \'p\'\n   [2] Calling event method for module BSM3G_TNT_Maker/\'TNT\'\nException Message:\nPrincipal::getByLabel: Found zero products matching all criteria\nLooking for type: edm::TriggerResults\nLooking for module label: TriggerResults\nLooking for productInstanceName: \nLooking for process: HLT2\n   Additional Info:\n      [a] If you wish to continue processing events after a ProductNotFound exception,\nadd "SkipEvent = cms.untracked.vstring(\'ProductNotFound\')" to the "options" PSet in the configuration.', 'exitCode': '8001'}]}, '22': {'State': 'failed', 'Error': [8001, 'CmsRunFailure\nCMSSW error message follows.\nFatal Exception\nAn exception of category \'ProductNotFound\' occurred while\n   [0] Processing run: 1 lumi: 383 event: 73353\n   [1] Running path \'p\'\n   [2] Calling event method for module BSM3G_TNT_Maker/\'TNT\'\nException Message:\nPrincipal::getByLabel: Found zero products matching all criteria\nLooking for type: edm::TriggerResults\nLooking for module label: TriggerResults\nLooking for productInstanceName: \nLooking for process: HLT2\n   Additional Info:\n      [a] If you wish to continue processing events after a ProductNotFound exception,\nadd "SkipEvent = cms.untracked.vstring(\'ProductNotFound\')" to the "options" PSet in the configuration.\n', {'type': 'Fatal Exception', 'details': 'An exception of category \'ProductNotFound\' occurred while\n   [0] Processing run: 1 lumi: 383 event: 73353\n   [1] Running path \'p\'\n   [2] Calling event method for module BSM3G_TNT_Maker/\'TNT\'\nException Message:\nPrincipal::getByLabel: Found zero products matching all criteria\nLooking for type: edm::TriggerResults\nLooking for module label: TriggerResults\nLooking for productInstanceName: \nLooking for process: HLT2\n   Additional Info:\n      [a] If you wish to continue processing events after a ProductNotFound exception,\nadd "SkipEvent = cms.untracked.vstring(\'ProductNotFound\')" to the "options" PSet in the configuration.', 'exitCode': '8001'}]}, '23': {'State': 'failed', 'Error': [8001, 'CmsRunFailure\nCMSSW error message follows.\nFatal Exception\nAn exception of category \'ProductNotFound\' occurred while\n   [0] Processing run: 1 lumi: 175 event: 33409\n   [1] Running path \'p\'\n   [2] Calling event method for module BSM3G_TNT_Maker/\'TNT\'\nException Message:\nPrincipal::getByLabel: Found zero products matching all criteria\nLooking for type: edm::TriggerResults\nLooking for module label: TriggerResults\nLooking for productInstanceName: \nLooking for process: HLT2\n   Additional Info:\n      [a] If you wish to continue processing events after a ProductNotFound exception,\nadd "SkipEvent = cms.untracked.vstring(\'ProductNotFound\')" to the "options" PSet in the configuration.\n', {'type': 'Fatal Exception', 'details': 'An exception of category \'ProductNotFound\' occurred while\n   [0] Processing run: 1 lumi: 175 event: 33409\n   [1] Running path \'p\'\n   [2] Calling event method for module BSM3G_TNT_Maker/\'TNT\'\nException Message:\nPrincipal::getByLabel: Found zero products matching all criteria\nLooking for type: edm::TriggerResults\nLooking for module label: TriggerResults\nLooking for productInstanceName: \nLooking for process: HLT2\n   Additional Info:\n      [a] If you wish to continue processing events after a ProductNotFound exception,\nadd "SkipEvent = cms.untracked.vstring(\'ProductNotFound\')" to the "options" PSet in the configuration.', 'exitCode': '8001'}]}, '1': {'State': 'failed', 'Error': [8001, 'CmsRunFailure\nCMSSW error message follows.\nFatal Exception\nAn exception of category \'ProductNotFound\' occurred while\n   [0] Processing run: 1 lumi: 19 event: 3457\n   [1] Running path \'p\'\n   [2] Calling event method for module BSM3G_TNT_Maker/\'TNT\'\nException Message:\nPrincipal::getByLabel: Found zero products matching all criteria\nLooking for type: edm::TriggerResults\nLooking for module label: TriggerResults\nLooking for productInstanceName: \nLooking for process: HLT2\n   Additional Info:\n      [a] If you wish to continue processing events after a ProductNotFound exception,\nadd "SkipEvent = cms.untracked.vstring(\'ProductNotFound\')" to the "options" PSet in the configuration.\n', {'type': 'Fatal Exception', 'details': 'An exception of category \'ProductNotFound\' occurred while\n   [0] Processing run: 1 lumi: 19 event: 3457\n   [1] Running path \'p\'\n   [2] Calling event method for module BSM3G_TNT_Maker/\'TNT\'\nException Message:\nPrincipal::getByLabel: Found zero products matching all criteria\nLooking for type: edm::TriggerResults\nLooking for module label: TriggerResults\nLooking for productInstanceName: \nLooking for process: HLT2\n   Additional Info:\n      [a] If you wish to continue processing events after a ProductNotFound exception,\nadd "SkipEvent = cms.untracked.vstring(\'ProductNotFound\')" to the "options" PSet in the configuration.', 'exitCode': '8001'}]}, '3': {'State': 'failed', 'Error': [8001, 'CmsRunFailure\nCMSSW error message follows.\nFatal Exception\nAn exception of category \'ProductNotFound\' occurred while\n   [0] Processing run: 1 lumi: 118 event: 22465\n   [1] Running path \'p\'\n   [2] Calling event method for module BSM3G_TNT_Maker/\'TNT\'\nException Message:\nPrincipal::getByLabel: Found zero products matching all criteria\nLooking for type: edm::TriggerResults\nLooking for module label: TriggerResults\nLooking for productInstanceName: \nLooking for process: HLT2\n   Additional Info:\n      [a] If you wish to continue processing events after a ProductNotFound exception,\nadd "SkipEvent = cms.untracked.vstring(\'ProductNotFound\')" to the "options" PSet in the configuration.\n', {'type': 'Fatal Exception', 'details': 'An exception of category \'ProductNotFound\' occurred while\n   [0] Processing run: 1 lumi: 118 event: 22465\n   [1] Running path \'p\'\n   [2] Calling event method for module BSM3G_TNT_Maker/\'TNT\'\nException Message:\nPrincipal::getByLabel: Found zero products matching all criteria\nLooking for type: edm::TriggerResults\nLooking for module label: TriggerResults\nLooking for productInstanceName: \nLooking for process: HLT2\n   Additional Info:\n      [a] If you wish to continue processing events after a ProductNotFound exception,\nadd "SkipEvent = cms.untracked.vstring(\'ProductNotFound\')" to the "options" PSet in the configuration.', 'exitCode': '8001'}]}, '2': {'State': 'failed', 'Error': [8001, 'CmsRunFailure\nCMSSW error message follows.\nFatal Exception\nAn exception of category \'ProductNotFound\' occurred while\n   [0] Processing run: 1 lumi: 43 event: 8065\n   [1] Running path \'p\'\n   [2] Calling event method for module BSM3G_TNT_Maker/\'TNT\'\nException Message:\nPrincipal::getByLabel: Found zero products matching all criteria\nLooking for type: edm::TriggerResults\nLooking for module label: TriggerResults\nLooking for productInstanceName: \nLooking for process: HLT2\n   Additional Info:\n      [a] If you wish to continue processing events after a ProductNotFound exception,\nadd "SkipEvent = cms.untracked.vstring(\'ProductNotFound\')" to the "options" PSet in the configuration.\n', {'type': 'Fatal Exception', 'details': 'An exception of category \'ProductNotFound\' occurred while\n   [0] Processing run: 1 lumi: 43 event: 8065\n   [1] Running path \'p\'\n   [2] Calling event method for module BSM3G_TNT_Maker/\'TNT\'\nException Message:\nPrincipal::getByLabel: Found zero products matching all criteria\nLooking for type: edm::TriggerResults\nLooking for module label: TriggerResults\nLooking for productInstanceName: \nLooking for process: HLT2\n   Additional Info:\n      [a] If you wish to continue processing events after a ProductNotFound exception,\nadd "SkipEvent = cms.untracked.vstring(\'ProductNotFound\')" to the "options" PSet in the configuration.', 'exitCode': '8001'}]}, '5': {'State': 'failed', 'Error': [8001, 'CmsRunFailure\nCMSSW error message follows.\nFatal Exception\nAn exception of category \'ProductNotFound\' occurred while\n   [0] Processing run: 1 lumi: 1278 event: 245201\n   [1] Running path \'p\'\n   [2] Calling event method for module BSM3G_TNT_Maker/\'TNT\'\nException Message:\nPrincipal::getByLabel: Found zero products matching all criteria\nLooking for type: edm::TriggerResults\nLooking for module label: TriggerResults\nLooking for productInstanceName: \nLooking for process: HLT2\n   Additional Info:\n      [a] If you wish to continue processing events after a ProductNotFound exception,\nadd "SkipEvent = cms.untracked.vstring(\'ProductNotFound\')" to the "options" PSet in the configuration.\n', {'type': 'Fatal Exception', 'details': 'An exception of category \'ProductNotFound\' occurred while\n   [0] Processing run: 1 lumi: 1278 event: 245201\n   [1] Running path \'p\'\n   [2] Calling event method for module BSM3G_TNT_Maker/\'TNT\'\nException Message:\nPrincipal::getByLabel: Found zero products matching all criteria\nLooking for type: edm::TriggerResults\nLooking for module label: TriggerResults\nLooking for productInstanceName: \nLooking for process: HLT2\n   Additional Info:\n      [a] If you wish to continue processing events after a ProductNotFound exception,\nadd "SkipEvent = cms.untracked.vstring(\'ProductNotFound\')" to the "options" PSet in the configuration.', 'exitCode': '8001'}]}, '4': {'State': 'failed', 'Error': [8001, 'CmsRunFailure\nCMSSW error message follows.\nFatal Exception\nAn exception of category \'ProductNotFound\' occurred while\n   [0] Processing run: 1 lumi: 415 event: 79489\n   [1] Running path \'p\'\n   [2] Calling event method for module BSM3G_TNT_Maker/\'TNT\'\nException Message:\nPrincipal::getByLabel: Found zero products matching all criteria\nLooking for type: edm::TriggerResults\nLooking for module label: TriggerResults\nLooking for productInstanceName: \nLooking for process: HLT2\n   Additional Info:\n      [a] If you wish to continue processing events after a ProductNotFound exception,\nadd "SkipEvent = cms.untracked.vstring(\'ProductNotFound\')" to the "options" PSet in the configuration.\n', {'type': 'Fatal Exception', 'details': 'An exception of category \'ProductNotFound\' occurred while\n   [0] Processing run: 1 lumi: 415 event: 79489\n   [1] Running path \'p\'\n   [2] Calling event method for module BSM3G_TNT_Maker/\'TNT\'\nException Message:\nPrincipal::getByLabel: Found zero products matching all criteria\nLooking for type: edm::TriggerResults\nLooking for module label: TriggerResults\nLooking for productInstanceName: \nLooking for process: HLT2\n   Additional Info:\n      [a] If you wish to continue processing events after a ProductNotFound exception,\nadd "SkipEvent = cms.untracked.vstring(\'ProductNotFound\')" to the "options" PSet in the configuration.', 'exitCode': '8001'}]}, '7': {'State': 'failed', 'Error': [8001, 'CmsRunFailure\nCMSSW error message follows.\nFatal Exception\nAn exception of category \'ProductNotFound\' occurred while\n   [0] Processing run: 1 lumi: 229 event: 43777\n   [1] Running path \'p\'\n   [2] Calling event method for module BSM3G_TNT_Maker/\'TNT\'\nException Message:\nPrincipal::getByLabel: Found zero products matching all criteria\nLooking for type: edm::TriggerResults\nLooking for module label: TriggerResults\nLooking for productInstanceName: \nLooking for process: HLT2\n   Additional Info:\n      [a] If you wish to continue processing events after a ProductNotFound exception,\nadd "SkipEvent = cms.untracked.vstring(\'ProductNotFound\')" to the "options" PSet in the configuration.\n', {'type': 'Fatal Exception', 'details': 'An exception of category \'ProductNotFound\' occurred while\n   [0] Processing run: 1 lumi: 229 event: 43777\n   [1] Running path \'p\'\n   [2] Calling event method for module BSM3G_TNT_Maker/\'TNT\'\nException Message:\nPrincipal::getByLabel: Found zero products matching all criteria\nLooking for type: edm::TriggerResults\nLooking for module label: TriggerResults\nLooking for productInstanceName: \nLooking for process: HLT2\n   Additional Info:\n      [a] If you wish to continue processing events after a ProductNotFound exception,\nadd "SkipEvent = cms.untracked.vstring(\'ProductNotFound\')" to the "options" PSet in the configuration.', 'exitCode': '8001'}]}, '6': {'State': 'failed', 'Error': [8001, 'CmsRunFailure\nCMSSW error message follows.\nFatal Exception\nAn exception of category \'ProductNotFound\' occurred while\n   [0] Processing run: 1 lumi: 309 event: 59153\n   [1] Running path \'p\'\n   [2] Calling event method for module BSM3G_TNT_Maker/\'TNT\'\nException Message:\nPrincipal::getByLabel: Found zero products matching all criteria\nLooking for type: edm::TriggerResults\nLooking for module label: TriggerResults\nLooking for productInstanceName: \nLooking for process: HLT2\n   Additional Info:\n      [a] If you wish to continue processing events after a ProductNotFound exception,\nadd "SkipEvent = cms.untracked.vstring(\'ProductNotFound\')" to the "options" PSet in the configuration.\n', {'type': 'Fatal Exception', 'details': 'An exception of category \'ProductNotFound\' occurred while\n   [0] Processing run: 1 lumi: 309 event: 59153\n   [1] Running path \'p\'\n   [2] Calling event method for module BSM3G_TNT_Maker/\'TNT\'\nException Message:\nPrincipal::getByLabel: Found zero products matching all criteria\nLooking for type: edm::TriggerResults\nLooking for module label: TriggerResults\nLooking for productInstanceName: \nLooking for process: HLT2\n   Additional Info:\n      [a] If you wish to continue processing events after a ProductNotFound exception,\nadd "SkipEvent = cms.untracked.vstring(\'ProductNotFound\')" to the "options" PSet in the configuration.', 'exitCode': '8001'}]}, '9': {'State': 'failed', 'Error': [8001, 'CmsRunFailure\nCMSSW error message follows.\nFatal Exception\nAn exception of category \'ProductNotFound\' occurred while\n   [0] Processing run: 1 lumi: 555 event: 106385\n   [1] Running path \'p\'\n   [2] Calling event method for module BSM3G_TNT_Maker/\'TNT\'\nException Message:\nPrincipal::getByLabel: Found zero products matching all criteria\nLooking for type: edm::TriggerResults\nLooking for module label: TriggerResults\nLooking for productInstanceName: \nLooking for process: HLT2\n   Additional Info:\n      [a] If you wish to continue processing events after a ProductNotFound exception,\nadd "SkipEvent = cms.untracked.vstring(\'ProductNotFound\')" to the "options" PSet in the configuration.\n', {'type': 'Fatal Exception', 'details': 'An exception of category \'ProductNotFound\' occurred while\n   [0] Processing run: 1 lumi: 555 event: 106385\n   [1] Running path \'p\'\n   [2] Calling event method for module BSM3G_TNT_Maker/\'TNT\'\nException Message:\nPrincipal::getByLabel: Found zero products matching all criteria\nLooking for type: edm::TriggerResults\nLooking for module label: TriggerResults\nLooking for productInstanceName: \nLooking for process: HLT2\n   Additional Info:\n      [a] If you wish to continue processing events after a ProductNotFound exception,\nadd "SkipEvent = cms.untracked.vstring(\'ProductNotFound\')" to the "options" PSet in the configuration.', 'exitCode': '8001'}]}, '8': {'State': 'failed', 'Error': [8001, 'CmsRunFailure\nCMSSW error message follows.\nFatal Exception\nAn exception of category \'ProductNotFound\' occurred while\n   [0] Processing run: 1 lumi: 127 event: 24193\n   [1] Running path \'p\'\n   [2] Calling event method for module BSM3G_TNT_Maker/\'TNT\'\nException Message:\nPrincipal::getByLabel: Found zero products matching all criteria\nLooking for type: edm::TriggerResults\nLooking for module label: TriggerResults\nLooking for productInstanceName: \nLooking for process: HLT2\n   Additional Info:\n      [a] If you wish to continue processing events after a ProductNotFound exception,\nadd "SkipEvent = cms.untracked.vstring(\'ProductNotFound\')" to the "options" PSet in the configuration.\n', {'type': 'Fatal Exception', 'details': 'An exception of category \'ProductNotFound\' occurred while\n   [0] Processing run: 1 lumi: 127 event: 24193\n   [1] Running path \'p\'\n   [2] Calling event method for module BSM3G_TNT_Maker/\'TNT\'\nException Message:\nPrincipal::getByLabel: Found zero products matching all criteria\nLooking for type: edm::TriggerResults\nLooking for module label: TriggerResults\nLooking for productInstanceName: \nLooking for process: HLT2\n   Additional Info:\n      [a] If you wish to continue processing events after a ProductNotFound exception,\nadd "SkipEvent = cms.untracked.vstring(\'ProductNotFound\')" to the "options" PSet in the configuration.', 'exitCode': '8001'}]}, '11': {'State': 'failed', 'Error': [8001, 'CmsRunFailure\nCMSSW error message follows.\nFatal Exception\nAn exception of category \'ProductNotFound\' occurred while\n   [0] Processing run: 1 lumi: 271 event: 51841\n   [1] Running path \'p\'\n   [2] Calling event method for module BSM3G_TNT_Maker/\'TNT\'\nException Message:\nPrincipal::getByLabel: Found zero products matching all criteria\nLooking for type: edm::TriggerResults\nLooking for module label: TriggerResults\nLooking for productInstanceName: \nLooking for process: HLT2\n   Additional Info:\n      [a] If you wish to continue processing events after a ProductNotFound exception,\nadd "SkipEvent = cms.untracked.vstring(\'ProductNotFound\')" to the "options" PSet in the configuration.\n', {'type': 'Fatal Exception', 'details': 'An exception of category \'ProductNotFound\' occurred while\n   [0] Processing run: 1 lumi: 271 event: 51841\n   [1] Running path \'p\'\n   [2] Calling event method for module BSM3G_TNT_Maker/\'TNT\'\nException Message:\nPrincipal::getByLabel: Found zero products matching all criteria\nLooking for type: edm::TriggerResults\nLooking for module label: TriggerResults\nLooking for productInstanceName: \nLooking for process: HLT2\n   Additional Info:\n      [a] If you wish to continue processing events after a ProductNotFound exception,\nadd "SkipEvent = cms.untracked.vstring(\'ProductNotFound\')" to the "options" PSet in the configuration.', 'exitCode': '8001'}]}, '10': {'State': 'failed', 'Error': [8001, 'CmsRunFailure\nCMSSW error message follows.\nFatal Exception\nAn exception of category \'ProductNotFound\' occurred while\n   [0] Processing run: 1 lumi: 479 event: 91785\n   [1] Running path \'p\'\n   [2] Calling event method for module BSM3G_TNT_Maker/\'TNT\'\nException Message:\nPrincipal::getByLabel: Found zero products matching all criteria\nLooking for type: edm::TriggerResults\nLooking for module label: TriggerResults\nLooking for productInstanceName: \nLooking for process: HLT2\n   Additional Info:\n      [a] If you wish to continue processing events after a ProductNotFound exception,\nadd "SkipEvent = cms.untracked.vstring(\'ProductNotFound\')" to the "options" PSet in the configuration.\n', {'type': 'Fatal Exception', 'details': 'An exception of category \'ProductNotFound\' occurred while\n   [0] Processing run: 1 lumi: 479 event: 91785\n   [1] Running path \'p\'\n   [2] Calling event method for module BSM3G_TNT_Maker/\'TNT\'\nException Message:\nPrincipal::getByLabel: Found zero products matching all criteria\nLooking for type: edm::TriggerResults\nLooking for module label: TriggerResults\nLooking for productInstanceName: \nLooking for process: HLT2\n   Additional Info:\n      [a] If you wish to continue processing events after a ProductNotFound exception,\nadd "SkipEvent = cms.untracked.vstring(\'ProductNotFound\')" to the "options" PSet in the configuration.', 'exitCode': '8001'}]}, '13': {'State': 'failed', 'Error': [8001, 'CmsRunFailure\nCMSSW error message follows.\nFatal Exception\nAn exception of category \'ProductNotFound\' occurred while\n   [0] Processing run: 1 lumi: 142 event: 27073\n   [1] Running path \'p\'\n   [2] Calling event method for module BSM3G_TNT_Maker/\'TNT\'\nException Message:\nPrincipal::getByLabel: Found zero products matching all criteria\nLooking for type: edm::TriggerResults\nLooking for module label: TriggerResults\nLooking for productInstanceName: \nLooking for process: HLT2\n   Additional Info:\n      [a] If you wish to continue processing events after a ProductNotFound exception,\nadd "SkipEvent = cms.untracked.vstring(\'ProductNotFound\')" to the "options" PSet in the configuration.\n', {'type': 'Fatal Exception', 'details': 'An exception of category \'ProductNotFound\' occurred while\n   [0] Processing run: 1 lumi: 142 event: 27073\n   [1] Running path \'p\'\n   [2] Calling event method for module BSM3G_TNT_Maker/\'TNT\'\nException Message:\nPrincipal::getByLabel: Found zero products matching all criteria\nLooking for type: edm::TriggerResults\nLooking for module label: TriggerResults\nLooking for productInstanceName: \nLooking for process: HLT2\n   Additional Info:\n      [a] If you wish to continue processing events after a ProductNotFound exception,\nadd "SkipEvent = cms.untracked.vstring(\'ProductNotFound\')" to the "options" PSet in the configuration.', 'exitCode': '8001'}]}, '12': {'State': 'failed', 'Error': [8001, 'CmsRunFailure\nCMSSW error message follows.\nFatal Exception\nAn exception of category \'ProductNotFound\' occurred while\n   [0] Processing run: 1 lumi: 286 event: 54721\n   [1] Running path \'p\'\n   [2] Calling event method for module BSM3G_TNT_Maker/\'TNT\'\nException Message:\nPrincipal::getByLabel: Found zero products matching all criteria\nLooking for type: edm::TriggerResults\nLooking for module label: TriggerResults\nLooking for productInstanceName: \nLooking for process: HLT2\n   Additional Info:\n      [a] If you wish to continue processing events after a ProductNotFound exception,\nadd "SkipEvent = cms.untracked.vstring(\'ProductNotFound\')" to the "options" PSet in the configuration.\n', {'type': 'Fatal Exception', 'details': 'An exception of category \'ProductNotFound\' occurred while\n   [0] Processing run: 1 lumi: 286 event: 54721\n   [1] Running path \'p\'\n   [2] Calling event method for module BSM3G_TNT_Maker/\'TNT\'\nException Message:\nPrincipal::getByLabel: Found zero products matching all criteria\nLooking for type: edm::TriggerResults\nLooking for module label: TriggerResults\nLooking for productInstanceName: \nLooking for process: HLT2\n   Additional Info:\n      [a] If you wish to continue processing events after a ProductNotFound exception,\nadd "SkipEvent = cms.untracked.vstring(\'ProductNotFound\')" to the "options" PSet in the configuration.', 'exitCode': '8001'}]}, '15': {'State': 'failed', 'Error': [8001, 'CmsRunFailure\nCMSSW error message follows.\nFatal Exception\nAn exception of category \'ProductNotFound\' occurred while\n   [0] Processing run: 1 lumi: 97 event: 18433\n   [1] Running path \'p\'\n   [2] Calling event method for module BSM3G_TNT_Maker/\'TNT\'\nException Message:\nPrincipal::getByLabel: Found zero products matching all criteria\nLooking for type: edm::TriggerResults\nLooking for module label: TriggerResults\nLooking for productInstanceName: \nLooking for process: HLT2\n   Additional Info:\n      [a] If you wish to continue processing events after a ProductNotFound exception,\nadd "SkipEvent = cms.untracked.vstring(\'ProductNotFound\')" to the "options" PSet in the configuration.\n', {'type': 'Fatal Exception', 'details': 'An exception of category \'ProductNotFound\' occurred while\n   [0] Processing run: 1 lumi: 97 event: 18433\n   [1] Running path \'p\'\n   [2] Calling event method for module BSM3G_TNT_Maker/\'TNT\'\nException Message:\nPrincipal::getByLabel: Found zero products matching all criteria\nLooking for type: edm::TriggerResults\nLooking for module label: TriggerResults\nLooking for productInstanceName: \nLooking for process: HLT2\n   Additional Info:\n      [a] If you wish to continue processing events after a ProductNotFound exception,\nadd "SkipEvent = cms.untracked.vstring(\'ProductNotFound\')" to the "options" PSet in the configuration.', 'exitCode': '8001'}]}, '14': {'State': 'failed', 'Error': [8001, 'CmsRunFailure\nCMSSW error message follows.\nFatal Exception\nAn exception of category \'ProductNotFound\' occurred while\n   [0] Processing run: 1 lumi: 3589 event: 688897\n   [1] Running path \'p\'\n   [2] Calling event method for module BSM3G_TNT_Maker/\'TNT\'\nException Message:\nPrincipal::getByLabel: Found zero products matching all criteria\nLooking for type: edm::TriggerResults\nLooking for module label: TriggerResults\nLooking for productInstanceName: \nLooking for process: HLT2\n   Additional Info:\n      [a] If you wish to continue processing events after a ProductNotFound exception,\nadd "SkipEvent = cms.untracked.vstring(\'ProductNotFound\')" to the "options" PSet in the configuration.\n', {'type': 'Fatal Exception', 'details': 'An exception of category \'ProductNotFound\' occurred while\n   [0] Processing run: 1 lumi: 3589 event: 688897\n   [1] Running path \'p\'\n   [2] Calling event method for module BSM3G_TNT_Maker/\'TNT\'\nException Message:\nPrincipal::getByLabel: Found zero products matching all criteria\nLooking for type: edm::TriggerResults\nLooking for module label: TriggerResults\nLooking for productInstanceName: \nLooking for process: HLT2\n   Additional Info:\n      [a] If you wish to continue processing events after a ProductNotFound exception,\nadd "SkipEvent = cms.untracked.vstring(\'ProductNotFound\')" to the "options" PSet in the configuration.', 'exitCode': '8001'}]}, '17': {'State': 'failed', 'Error': [8001, 'CmsRunFailure\nCMSSW error message follows.\nFatal Exception\nAn exception of category \'ProductNotFound\' occurred while\n   [0] Processing run: 1 lumi: 1 event: 1\n   [1] Running path \'p\'\n   [2] Calling event method for module BSM3G_TNT_Maker/\'TNT\'\nException Message:\nPrincipal::getByLabel: Found zero products matching all criteria\nLooking for type: edm::TriggerResults\nLooking for module label: TriggerResults\nLooking for productInstanceName: \nLooking for process: HLT2\n   Additional Info:\n      [a] If you wish to continue processing events after a ProductNotFound exception,\nadd "SkipEvent = cms.untracked.vstring(\'ProductNotFound\')" to the "options" PSet in the configuration.\n', {'type': 'Fatal Exception', 'details': 'An exception of category \'ProductNotFound\' occurred while\n   [0] Processing run: 1 lumi: 1 event: 1\n   [1] Running path \'p\'\n   [2] Calling event method for module BSM3G_TNT_Maker/\'TNT\'\nException Message:\nPrincipal::getByLabel: Found zero products matching all criteria\nLooking for type: edm::TriggerResults\nLooking for module label: TriggerResults\nLooking for productInstanceName: \nLooking for process: HLT2\n   Additional Info:\n      [a] If you wish to continue processing events after a ProductNotFound exception,\nadd "SkipEvent = cms.untracked.vstring(\'ProductNotFound\')" to the "options" PSet in the configuration.', 'exitCode': '8001'}]}, '16': {'State': 'failed', 'Error': [8001, 'CmsRunFailure\nCMSSW error message follows.\nFatal Exception\nAn exception of category \'ProductNotFound\' occurred while\n   [0] Processing run: 1 lumi: 206 event: 39369\n   [1] Running path \'p\'\n   [2] Calling event method for module BSM3G_TNT_Maker/\'TNT\'\nException Message:\nPrincipal::getByLabel: Found zero products matching all criteria\nLooking for type: edm::TriggerResults\nLooking for module label: TriggerResults\nLooking for productInstanceName: \nLooking for process: HLT2\n   Additional Info:\n      [a] If you wish to continue processing events after a ProductNotFound exception,\nadd "SkipEvent = cms.untracked.vstring(\'ProductNotFound\')" to the "options" PSet in the configuration.\n', {'type': 'Fatal Exception', 'details': 'An exception of category \'ProductNotFound\' occurred while\n   [0] Processing run: 1 lumi: 206 event: 39369\n   [1] Running path \'p\'\n   [2] Calling event method for module BSM3G_TNT_Maker/\'TNT\'\nException Message:\nPrincipal::getByLabel: Found zero products matching all criteria\nLooking for type: edm::TriggerResults\nLooking for module label: TriggerResults\nLooking for productInstanceName: \nLooking for process: HLT2\n   Additional Info:\n      [a] If you wish to continue processing events after a ProductNotFound exception,\nadd "SkipEvent = cms.untracked.vstring(\'ProductNotFound\')" to the "options" PSet in the configuration.', 'exitCode': '8001'}]}, '19': {'State': 'failed', 'Error': [8001, 'CmsRunFailure\nCMSSW error message follows.\nFatal Exception\nAn exception of category \'ProductNotFound\' occurred while\n   [0] Processing run: 1 lumi: 10 event: 1729\n   [1] Running path \'p\'\n   [2] Calling event method for module BSM3G_TNT_Maker/\'TNT\'\nException Message:\nPrincipal::getByLabel: Found zero products matching all criteria\nLooking for type: edm::TriggerResults\nLooking for module label: TriggerResults\nLooking for productInstanceName: \nLooking for process: HLT2\n   Additional Info:\n      [a] If you wish to continue processing events after a ProductNotFound exception,\nadd "SkipEvent = cms.untracked.vstring(\'ProductNotFound\')" to the "options" PSet in the configuration.\n', {'type': 'Fatal Exception', 'details': 'An exception of category \'ProductNotFound\' occurred while\n   [0] Processing run: 1 lumi: 10 event: 1729\n   [1] Running path \'p\'\n   [2] Calling event method for module BSM3G_TNT_Maker/\'TNT\'\nException Message:\nPrincipal::getByLabel: Found zero products matching all criteria\nLooking for type: edm::TriggerResults\nLooking for module label: TriggerResults\nLooking for productInstanceName: \nLooking for process: HLT2\n   Additional Info:\n      [a] If you wish to continue processing events after a ProductNotFound exception,\nadd "SkipEvent = cms.untracked.vstring(\'ProductNotFound\')" to the "options" PSet in the configuration.', 'exitCode': '8001'}]}, '18': {'State': 'failed', 'Error': [8001, 'CmsRunFailure\nCMSSW error message follows.\nFatal Exception\nAn exception of category \'ProductNotFound\' occurred while\n   [0] Processing run: 1 lumi: 352 event: 67393\n   [1] Running path \'p\'\n   [2] Calling event method for module BSM3G_TNT_Maker/\'TNT\'\nException Message:\nPrincipal::getByLabel: Found zero products matching all criteria\nLooking for type: edm::TriggerResults\nLooking for module label: TriggerResults\nLooking for productInstanceName: \nLooking for process: HLT2\n   Additional Info:\n      [a] If you wish to continue processing events after a ProductNotFound exception,\nadd "SkipEvent = cms.untracked.vstring(\'ProductNotFound\')" to the "options" PSet in the configuration.\n', {'type': 'Fatal Exception', 'details': 'An exception of category \'ProductNotFound\' occurred while\n   [0] Processing run: 1 lumi: 352 event: 67393\n   [1] Running path \'p\'\n   [2] Calling event method for module BSM3G_TNT_Maker/\'TNT\'\nException Message:\nPrincipal::getByLabel: Found zero products matching all criteria\nLooking for type: edm::TriggerResults\nLooking for module label: TriggerResults\nLooking for productInstanceName: \nLooking for process: HLT2\n   Additional Info:\n      [a] If you wish to continue processing events after a ProductNotFound exception,\nadd "SkipEvent = cms.untracked.vstring(\'ProductNotFound\')" to the "options" PSet in the configuration.', 'exitCode': '8001'}]}}, 'publication': {}, 'taskWarningMsg': [], 'schedd': 'crab3-4@vocms066.cern.ch', 'publicationFailures': {}, 'outdatasets': None, 'statusFailureMsg': '', 'taskFailureMsg': '', 'failedJobdefs': 0, 'ASOURL': 'https://cmsweb.cern.ch/couchdb2', 'command': 'SUBMIT', 'totalJobdefs': 0, 'submissionTime': 1469542205, 'jobdefErrors': [], 'collector': 'cmsgwms-collector-global.cern.ch,cmssrv221.fnal.gov', 'jobList': [['failed', 24], ['failed', 20], ['failed', 21], ['failed', 22], ['failed', 23], ['failed', 1], ['failed', 3], ['failed', 2], ['failed', 5], ['failed', 4], ['failed', 7], ['failed', 6], ['failed', 9], ['failed', 8], ['failed', 11], ['failed', 10], ['failed', 13], ['failed', 12], ['failed', 15], ['failed', 14], ['failed', 17], ['failed', 16], ['failed', 19], ['failed', 18]]}
INFO 2016-07-26 19:04:15,156: 	 CRAB project directory:		/afs/cern.ch/work/f/fromeo/CMSSW_8_0_12_FW/src/BSMFramework/BSM3G_TNT_Maker/crab/First2016_WZ/crab_First2016_WZ
INFO 2016-07-26 19:04:15,156: 	 Task name:			160726_141004:fromeo_crab_First2016_WZ
INFO 2016-07-26 19:04:15,156: 	 Grid scheduler:			crab3-4@vocms066.cern.ch
INFO 2016-07-26 19:04:15,157: 	 Task status:			FAILED
INFO 2016-07-26 19:04:15,157: 	 Dashboard monitoring URL:	http://dashb-cms-job.cern.ch/dashboard/templates/task-analysis/#user=fromeo&table=Mains&pattern=160726_141004%3Afromeo_crab_First2016_WZ
INFO 2016-07-26 19:04:15,157: 	 
Jobs status:			failed        100.0% (24/24)
INFO 2016-07-26 19:04:15,157: 	 
No publication information available yet
INFO 2016-07-26 19:04:15,157: 	 
Error Summary: (use crab status --verboseErrors for details about the errors)

24 jobs failed with exit code 8001

Have a look at https://twiki.cern.ch/twiki/bin/viewauth/CMSPublic/JobExitCodes for a description of the exit codes.
INFO 2016-07-26 19:04:15,181: 	 Log file is /afs/cern.ch/work/f/fromeo/CMSSW_8_0_12_FW/src/BSMFramework/BSM3G_TNT_Maker/crab/First2016_WZ/crab_First2016_WZ/crab.log
