# Conditions read from  CMS_CONDITIONS  via FrontierProd 
DEBUG 2016-07-26 17:16:50,854: 	 Executing command: 'submit'
DEBUG 2016-07-26 17:16:50,877: 	 Found CRAB cache file /afs/cern.ch/user/f/fromeo/.crab3
DEBUG 2016-07-26 17:16:50,937: 	 Checking credentials
DEBUG 2016-07-26 17:16:50,937: 	 Found proxy file /tmp/x509up_u30997
DEBUG 2016-07-26 17:16:50,937: 	 Getting proxy life time left
DEBUG 2016-07-26 17:16:51,644: 	 Executing : 
 command : voms-proxy-info -file /tmp/x509up_u30997 -timeleft
 output : 82109

 error: 
 retcode : 0
DEBUG 2016-07-26 17:16:52,251: 	 Executing : 
 command : voms-proxy-info -file /tmp/x509up_u30997 -actimeleft
 output : 82108

 error: 
 retcode : 0
DEBUG 2016-07-26 17:16:52,251: 	 Proxy valid for 22:48:29 hours
DEBUG 2016-07-26 17:16:52,252: 	 Will use CRAB Analysis plugin (i.e. will run an analysis job type).
DEBUG 2016-07-26 17:16:52,388: 	 Executing : 
 command : openssl x509 -in ~/.globus/usercert.pem -subject -noout
 output : subject= /DC=ch/DC=cern/OU=Organic Units/OU=Users/CN=fromeo/CN=674630/CN=Francesco Romeo

 error: 
 retcode : 0
DEBUG 2016-07-26 17:16:52,388: 	 Checking credentials
DEBUG 2016-07-26 17:16:52,388: 	 Found proxy file /tmp/x509up_u30997
DEBUG 2016-07-26 17:16:52,388: 	 Getting proxy life time left
DEBUG 2016-07-26 17:16:53,001: 	 Executing : 
 command : voms-proxy-info -file /tmp/x509up_u30997 -timeleft
 output : 82108

 error: 
 retcode : 0
DEBUG 2016-07-26 17:16:53,706: 	 Executing : 
 command : voms-proxy-info -file /tmp/x509up_u30997 -actimeleft
 output : 82107

 error: 
 retcode : 0
DEBUG 2016-07-26 17:16:53,706: 	 Proxy valid for 22:48:28 hours
DEBUG 2016-07-26 17:16:54,418: 	 Executing : 
 command : env X509_USER_PROXY=/tmp/x509up_u30997 voms-proxy-info -fqan
 output : /cms/Role=NULL/Capability=NULL

 error: 
 retcode : 0
DEBUG 2016-07-26 17:16:54,839: 	 Registering user credentials for server /DC=ch/DC=cern/OU=computers/CN=vocms(045|052|021|031|0118|0118a|0119|0108).cern.ch
DEBUG 2016-07-26 17:16:54,950: 	 Executing : 
 command : openssl x509 -in ~/.globus/usercert.pem -subject -noout
 output : subject= /DC=ch/DC=cern/OU=Organic Units/OU=Users/CN=fromeo/CN=674630/CN=Francesco Romeo

 error: 
 retcode : 0
DEBUG 2016-07-26 17:16:54,950: 	 Getting myproxy life time left for myproxy.cern.ch
DEBUG 2016-07-26 17:16:54,950: 	 Calculating hash of /DC=ch/DC=cern/OU=Organic Units/OU=Users/CN=fromeo/CN=674630/CN=Francesco Romeo_cmsweb.cern.ch for credential name
DEBUG 2016-07-26 17:16:55,355: 	 Executing : 
 command : myproxy-info -l 83bb954b043085ec6b5075bf38fafc2a023a8c7b -s myproxy.cern.ch
 output : username: 83bb954b043085ec6b5075bf38fafc2a023a8c7b
owner: /DC=ch/DC=cern/OU=Organic Units/OU=Users/CN=fromeo/CN=674630/CN=Francesco Romeo
  renewal policy: /DC=ch/DC=cern/OU=computers/CN=vocms(045|052|021|031|0118|0118a|0119|0108).cern.ch
  trusted retrieval policy: /DC=ch/DC=cern/OU=computers/CN=vocms(045|052|021|031|0118|0118a|0119|0108).cern.ch
  timeleft: 386:34:16  (16.1 days)

 error: 
 retcode : 0
DEBUG 2016-07-26 17:16:55,356: 	 Myproxy is valid: 1391656
DEBUG 2016-07-26 17:16:55,356: 	 Command use: submit
DEBUG 2016-07-26 17:16:55,356: 	 Options use: ['--config', <WMCore.Configuration.Configuration object at 0x7fec14cc1c90>]
DEBUG 2016-07-26 17:16:55,711: 	 CRABClient version: 3.3.1607.patch1
DEBUG 2016-07-26 17:16:55,711: 	 Instance is prod
DEBUG 2016-07-26 17:16:55,711: 	 Server base url is cmsweb.cern.ch
DEBUG 2016-07-26 17:16:55,711: 	 Command url /crabserver/prod/workflow
DEBUG 2016-07-26 17:16:55,711: 	 Started submission
DEBUG 2016-07-26 17:16:55,711: 	 Working on /afs/cern.ch/work/f/fromeo/CMSSW_8_0_12_FW/src/BSMFramework/BSM3G_TNT_Maker/crab/First2016_2_ST/crab_First2016_2_ST
DEBUG 2016-07-26 17:16:56,487: 	 Loading required information from the environment
DEBUG 2016-07-26 17:16:56,487: 	 Found CMSSW_8_0_12 for slc6_amd64_gcc530 with base /afs/cern.ch/work/f/fromeo/CMSSW_8_0_12_FW
DEBUG 2016-07-26 17:16:56,545: 	 UNIQUE NAME: tarUUID 76e28421-54d7-4577-a5c1-bb53ca59b586 
DEBUG 2016-07-26 17:16:56,545: 	 self.config: from WMCore.Configuration import Configuration
config = Configuration()
config.section_('General')
config.General.workArea = 'First2016_2_ST'
config.General.requestName = 'First2016_2_ST'
config.section_('JobType')
config.JobType.psetName = '/afs/cern.ch/work/f/fromeo/CMSSW_8_0_12_FW/src/BSMFramework/BSM3G_TNT_Maker/python/miniAOD_MC.py'
config.JobType.pluginName = 'Analysis'
config.section_('Data')
config.Data.inputDataset = '/ST_tW_top_5f_inclusiveDecays_13TeV-powheg-pythia8_TuneCUETP8M1/RunIISpring16MiniAODv2-PUSpring16_80X_mcRun2_asymptotic_2016_miniAODv2_v0-v2/MINIAODSIM'
config.Data.totalUnits = 2500
config.Data.unitsPerJob = 1
config.Data.inputDBS = 'global'
config.Data.splitting = 'FileBased'
config.Data.outLFNDirBase = '/store/user/fromeo/'
config.section_('Site')
config.Site.storageSite = 'T2_CN_Beijing'
config.section_('User')
config.section_('Debug')

DEBUG 2016-07-26 17:16:56,545: 	 self.config.JobType.psetName: /afs/cern.ch/work/f/fromeo/CMSSW_8_0_12_FW/src/BSMFramework/BSM3G_TNT_Maker/python/miniAOD_MC.py
INFO 2016-07-26 17:16:56,549: 	 Importing CMSSW configuration /afs/cern.ch/work/f/fromeo/CMSSW_8_0_12_FW/src/BSMFramework/BSM3G_TNT_Maker/python/miniAOD_MC.py
INFO 2016-07-26 17:16:57,320: 	 Finished importing CMSSW configuration /afs/cern.ch/work/f/fromeo/CMSSW_8_0_12_FW/src/BSMFramework/BSM3G_TNT_Maker/python/miniAOD_MC.py
DEBUG 2016-07-26 17:16:57,321: 	 Writing CMSSW configuration to /afs/cern.ch/work/f/fromeo/CMSSW_8_0_12_FW/src/BSMFramework/BSM3G_TNT_Maker/crab/First2016_2_ST/crab_First2016_2_ST/inputs/PSet.py
DEBUG 2016-07-26 17:16:57,466: 	 The following EDM output files will be collected: []
DEBUG 2016-07-26 17:16:57,466: 	 The following TFile output files will be collected: ['OutTree.root']
DEBUG 2016-07-26 17:16:57,466: 	 The following user output files will be collected: []
DEBUG 2016-07-26 17:16:57,466: 	 Loading required information from the environment
DEBUG 2016-07-26 17:16:57,466: 	 Found CMSSW_8_0_12 for slc6_amd64_gcc530 with base /afs/cern.ch/work/f/fromeo/CMSSW_8_0_12_FW
DEBUG 2016-07-26 17:16:57,466: 	 Making tarball in /afs/cern.ch/work/f/fromeo/CMSSW_8_0_12_FW/src/BSMFramework/BSM3G_TNT_Maker/crab/First2016_2_ST/crab_First2016_2_ST/inputs/76e28421-54d7-4577-a5c1-bb53ca59b586default.tgz
DEBUG 2016-07-26 17:16:57,468: 	 Checking directory /afs/cern.ch/work/f/fromeo/CMSSW_8_0_12_FW/lib
DEBUG 2016-07-26 17:16:57,468: 	 Adding directory /afs/cern.ch/work/f/fromeo/CMSSW_8_0_12_FW/lib to tarball
DEBUG 2016-07-26 17:16:57,817: 	 Checking directory /afs/cern.ch/work/f/fromeo/CMSSW_8_0_12_FW/biglib
DEBUG 2016-07-26 17:16:57,817: 	 Adding directory /afs/cern.ch/work/f/fromeo/CMSSW_8_0_12_FW/biglib to tarball
DEBUG 2016-07-26 17:16:57,819: 	 Checking directory /afs/cern.ch/work/f/fromeo/CMSSW_8_0_12_FW/module
DEBUG 2016-07-26 17:16:58,248: 	 Adding data directory /afs/cern.ch/work/f/fromeo/CMSSW_8_0_12_FW/src/BSMFramework/BSM3G_TNT_Maker/data to tarball
DEBUG 2016-07-26 17:17:16,193: 	 Adding data directory /afs/cern.ch/work/f/fromeo/CMSSW_8_0_12_FW/src/BSMFramework/BSM3G_TNT_Maker/interface to tarball
DEBUG 2016-07-26 17:17:16,966: 	 Uploading archive /afs/cern.ch/work/f/fromeo/CMSSW_8_0_12_FW/src/BSMFramework/BSM3G_TNT_Maker/crab/First2016_2_ST/crab_First2016_2_ST/inputs/76e28421-54d7-4577-a5c1-bb53ca59b586default.tgz to the CRAB cache. Using URI https://cmsweb.cern.ch/crabcache
DEBUG 2016-07-26 17:17:29,391: 	 Loading required information from the environment
DEBUG 2016-07-26 17:17:29,391: 	 Found CMSSW_8_0_12 for slc6_amd64_gcc530 with base /afs/cern.ch/work/f/fromeo/CMSSW_8_0_12_FW
DEBUG 2016-07-26 17:17:29,391: 	 Making tarball in /afs/cern.ch/work/f/fromeo/CMSSW_8_0_12_FW/src/BSMFramework/BSM3G_TNT_Maker/crab/First2016_2_ST/crab_First2016_2_ST/inputs/debugFiles.tgz
DEBUG 2016-07-26 17:17:29,402: 	 Uploading archive /afs/cern.ch/work/f/fromeo/CMSSW_8_0_12_FW/src/BSMFramework/BSM3G_TNT_Maker/crab/First2016_2_ST/crab_First2016_2_ST/inputs/debugFiles.tgz to the CRAB cache. Using URI https://cmsweb.cern.ch/crabcache
DEBUG 2016-07-26 17:17:29,895: 	 Result uploading input files: 534ac57eac44b08e2dd83d323de524ada29a3f635e5761bf79d996b63972834f.tar.gz 
WARNING 2016-07-26 17:17:29,895: 	 Warning: The following output files will not be published, as they are not EDM files: ['OutTree.root']
INFO 2016-07-26 17:17:29,895: 	 Sending the request to the server
DEBUG 2016-07-26 17:17:29,896: 	 Submitting {'maxjobruntime': 1250, 'ignorelocality': 0, 'savelogsflag': 0, 'useparent': 0, 'asyncdest': 'T2_CN_Beijing', 'algoargs': 1, 'cachefilename': '534ac57eac44b08e2dd83d323de524ada29a3f635e5761bf79d996b63972834f.tar.gz', 'numcores': 1, 'addoutputfiles': [], 'generator': 'pythia', 'maxmemory': 2000, 'publishdbsurl': 'https://cmsweb.cern.ch/dbs/prod/phys03/DBSWriter', 'priority': 10, 'jobsw': 'CMSSW_8_0_12', 'edmoutfiles': [], 'userfiles': [], 'primarydataset': '', 'inputdata': '/ST_tW_top_5f_inclusiveDecays_13TeV-powheg-pythia8_TuneCUETP8M1/RunIISpring16MiniAODv2-PUSpring16_80X_mcRun2_asymptotic_2016_miniAODv2_v0-v2/MINIAODSIM', 'lfn': '/store/user/fromeo/', 'dryrun': 0, 'workflow': 'crab_First2016_2_ST', 'adduserfiles': [], 'nonprodsw': 0, 'tfileoutfiles': ['OutTree.root'], 'oneEventMode': 0, 'debugfilename': '88739d8e518cf604bb08192c2432db86f02e9acbe04ebc43fa81401a787bd3d9.tar.gz', 'cacheurl': 'https://cmsweb.cern.ch/crabcache', 'saveoutput': 1, 'publication': 1, 'jobarch': 'slc6_amd64_gcc530', 'totalunits': 2500, 'splitalgo': 'FileBased', 'nonvaliddata': 0, 'dbsurl': 'https://cmsweb.cern.ch/dbs/prod/global/DBSReader', 'publishgroupname': 0, 'jobtype': 'Analysis', 'publishname2': ''} 
DEBUG 2016-07-26 17:17:29,896: 	 Encoded submit request: maxjobruntime=1250&ignorelocality=0&savelogsflag=0&useparent=0&asyncdest=T2_CN_Beijing&algoargs=1&cachefilename=534ac57eac44b08e2dd83d323de524ada29a3f635e5761bf79d996b63972834f.tar.gz&numcores=1&generator=pythia&maxmemory=2000&publishdbsurl=https%3A%2F%2Fcmsweb.cern.ch%2Fdbs%2Fprod%2Fphys03%2FDBSWriter&priority=10&jobsw=CMSSW_8_0_12&primarydataset=&inputdata=%2FST_tW_top_5f_inclusiveDecays_13TeV-powheg-pythia8_TuneCUETP8M1%2FRunIISpring16MiniAODv2-PUSpring16_80X_mcRun2_asymptotic_2016_miniAODv2_v0-v2%2FMINIAODSIM&lfn=%2Fstore%2Fuser%2Ffromeo%2F&dryrun=0&workflow=crab_First2016_2_ST&nonprodsw=0&oneEventMode=0&debugfilename=88739d8e518cf604bb08192c2432db86f02e9acbe04ebc43fa81401a787bd3d9.tar.gz&cacheurl=https%3A%2F%2Fcmsweb.cern.ch%2Fcrabcache&saveoutput=1&publication=1&jobarch=slc6_amd64_gcc530&totalunits=2500&splitalgo=FileBased&nonvaliddata=0&dbsurl=https%3A%2F%2Fcmsweb.cern.ch%2Fdbs%2Fprod%2Fglobal%2FDBSReader&publishgroupname=0&jobtype=Analysis&publishname2=&tfileoutfiles=OutTree.root
DEBUG 2016-07-26 17:17:30,650: 	 Result: {'result': [{'RequestName': '160726_151730:fromeo_crab_First2016_2_ST'}]}
INFO 2016-07-26 17:17:30,657: 	 Success: Your task has been delivered to the CRAB3 server.
INFO 2016-07-26 17:17:30,657: 	 Task name: 160726_151730:fromeo_crab_First2016_2_ST
INFO 2016-07-26 17:17:30,657: 	 Please use 'crab status' to check how the submission process proceeds.
DEBUG 2016-07-26 17:17:30,657: 	 About to return
DEBUG 2016-07-26 19:06:14,707: 	 Executing command: 'status'
DEBUG 2016-07-26 19:06:14,707: 	 Found CRAB cache file /afs/cern.ch/user/f/fromeo/.crab3
DEBUG 2016-07-26 19:06:14,738: 	 Checking credentials
DEBUG 2016-07-26 19:06:14,738: 	 Found proxy file /tmp/x509up_u30997
DEBUG 2016-07-26 19:06:14,738: 	 Getting proxy life time left
DEBUG 2016-07-26 19:06:15,445: 	 Executing : 
 command : voms-proxy-info -file /tmp/x509up_u30997 -timeleft
 output : 75545

 error: 
 retcode : 0
DEBUG 2016-07-26 19:06:16,059: 	 Executing : 
 command : voms-proxy-info -file /tmp/x509up_u30997 -actimeleft
 output : 75544

 error: 
 retcode : 0
DEBUG 2016-07-26 19:06:16,059: 	 Proxy valid for 20:59:05 hours
DEBUG 2016-07-26 19:06:16,204: 	 Executing : 
 command : openssl x509 -in ~/.globus/usercert.pem -subject -noout
 output : subject= /DC=ch/DC=cern/OU=Organic Units/OU=Users/CN=fromeo/CN=674630/CN=Francesco Romeo

 error: 
 retcode : 0
DEBUG 2016-07-26 19:06:16,204: 	 Checking credentials
DEBUG 2016-07-26 19:06:16,204: 	 Found proxy file /tmp/x509up_u30997
DEBUG 2016-07-26 19:06:16,204: 	 Getting proxy life time left
DEBUG 2016-07-26 19:06:16,818: 	 Executing : 
 command : voms-proxy-info -file /tmp/x509up_u30997 -timeleft
 output : 75544

 error: 
 retcode : 0
DEBUG 2016-07-26 19:06:17,435: 	 Executing : 
 command : voms-proxy-info -file /tmp/x509up_u30997 -actimeleft
 output : 75543

 error: 
 retcode : 0
DEBUG 2016-07-26 19:06:17,435: 	 Proxy valid for 20:59:04 hours
DEBUG 2016-07-26 19:06:17,913: 	 Registering user credentials for server /DC=ch/DC=cern/OU=computers/CN=vocms(045|052|021|031|0118|0118a|0119|0108).cern.ch
DEBUG 2016-07-26 19:06:18,032: 	 Executing : 
 command : openssl x509 -in ~/.globus/usercert.pem -subject -noout
 output : subject= /DC=ch/DC=cern/OU=Organic Units/OU=Users/CN=fromeo/CN=674630/CN=Francesco Romeo

 error: 
 retcode : 0
DEBUG 2016-07-26 19:06:18,032: 	 Getting myproxy life time left for myproxy.cern.ch
DEBUG 2016-07-26 19:06:18,033: 	 Calculating hash of /DC=ch/DC=cern/OU=Organic Units/OU=Users/CN=fromeo/CN=674630/CN=Francesco Romeo_cmsweb.cern.ch for credential name
DEBUG 2016-07-26 19:06:18,240: 	 Executing : 
 command : myproxy-info -l 83bb954b043085ec6b5075bf38fafc2a023a8c7b -s myproxy.cern.ch
 output : username: 83bb954b043085ec6b5075bf38fafc2a023a8c7b
owner: /DC=ch/DC=cern/OU=Organic Units/OU=Users/CN=fromeo/CN=674630/CN=Francesco Romeo
  renewal policy: /DC=ch/DC=cern/OU=computers/CN=vocms(045|052|021|031|0118|0118a|0119|0108).cern.ch
  trusted retrieval policy: /DC=ch/DC=cern/OU=computers/CN=vocms(045|052|021|031|0118|0118a|0119|0108).cern.ch
  timeleft: 384:44:53  (16.0 days)

 error: 
 retcode : 0
DEBUG 2016-07-26 19:06:18,245: 	 Myproxy is valid: 1385093
DEBUG 2016-07-26 19:06:18,245: 	 Command use: status
DEBUG 2016-07-26 19:06:18,245: 	 Options use: ['First2016_2_ST/crab_First2016_2_ST']
DEBUG 2016-07-26 19:06:18,663: 	 CRABClient version: 3.3.1607.patch1
DEBUG 2016-07-26 19:06:18,663: 	 Instance is prod
DEBUG 2016-07-26 19:06:18,664: 	 Server base url is cmsweb.cern.ch
DEBUG 2016-07-26 19:06:18,664: 	 Command url /crabserver/prod/workflow
DEBUG 2016-07-26 19:06:18,664: 	 Looking up detailed status of task 160726_151730:fromeo_crab_First2016_2_ST
DEBUG 2016-07-26 19:06:20,800: 	 {'status': 'COMPLETED', 'username': 'fromeo', 'jobsPerStatus': {'finished': 25}, 'jobs': {'24': {'State': 'finished'}, '25': {'State': 'finished'}, '20': {'State': 'finished'}, '21': {'State': 'finished'}, '22': {'State': 'finished'}, '23': {'State': 'finished'}, '1': {'State': 'finished'}, '3': {'State': 'finished'}, '2': {'State': 'finished'}, '5': {'State': 'finished'}, '4': {'State': 'finished'}, '7': {'State': 'finished'}, '6': {'State': 'finished'}, '9': {'State': 'finished'}, '8': {'State': 'finished'}, '11': {'State': 'finished'}, '10': {'State': 'finished'}, '13': {'State': 'finished'}, '12': {'State': 'finished'}, '15': {'State': 'finished'}, '14': {'State': 'finished'}, '17': {'State': 'finished'}, '16': {'State': 'finished'}, '19': {'State': 'finished'}, '18': {'State': 'finished'}}, 'publication': {}, 'taskWarningMsg': [], 'schedd': 'crab3@submit-1.t2.ucsd.edu', 'publicationFailures': {}, 'outdatasets': None, 'statusFailureMsg': '', 'taskFailureMsg': '', 'failedJobdefs': 0, 'ASOURL': 'https://cmsweb.cern.ch/couchdb2', 'command': 'SUBMIT', 'totalJobdefs': 0, 'submissionTime': 1469546250, 'jobdefErrors': [], 'collector': 'cmsgwms-collector-global.cern.ch,cmssrv221.fnal.gov', 'jobList': [['finished', 24], ['finished', 25], ['finished', 20], ['finished', 21], ['finished', 22], ['finished', 23], ['finished', 1], ['finished', 3], ['finished', 2], ['finished', 5], ['finished', 4], ['finished', 7], ['finished', 6], ['finished', 9], ['finished', 8], ['finished', 11], ['finished', 10], ['finished', 13], ['finished', 12], ['finished', 15], ['finished', 14], ['finished', 17], ['finished', 16], ['finished', 19], ['finished', 18]]}
INFO 2016-07-26 19:06:20,800: 	 CRAB project directory:		/afs/cern.ch/work/f/fromeo/CMSSW_8_0_12_FW/src/BSMFramework/BSM3G_TNT_Maker/crab/First2016_2_ST/crab_First2016_2_ST
INFO 2016-07-26 19:06:20,800: 	 Task name:			160726_151730:fromeo_crab_First2016_2_ST
INFO 2016-07-26 19:06:20,800: 	 Grid scheduler:			crab3@submit-1.t2.ucsd.edu
INFO 2016-07-26 19:06:20,800: 	 Task status:			COMPLETED
INFO 2016-07-26 19:06:20,801: 	 Dashboard monitoring URL:	http://dashb-cms-job.cern.ch/dashboard/templates/task-analysis/#user=fromeo&table=Mains&pattern=160726_151730%3Afromeo_crab_First2016_2_ST
INFO 2016-07-26 19:06:20,801: 	 
Jobs status:			finished      100.0% (25/25)
INFO 2016-07-26 19:06:20,801: 	 
No publication information available yet
INFO 2016-07-26 19:06:20,829: 	 Log file is /afs/cern.ch/work/f/fromeo/CMSSW_8_0_12_FW/src/BSMFramework/BSM3G_TNT_Maker/crab/First2016_2_ST/crab_First2016_2_ST/crab.log
DEBUG 2016-07-27 11:04:21,164: 	 Executing command: 'status'
DEBUG 2016-07-27 11:04:21,164: 	 Found CRAB cache file /afs/cern.ch/user/f/fromeo/.crab3
DEBUG 2016-07-27 11:04:21,193: 	 Checking credentials
DEBUG 2016-07-27 11:04:21,193: 	 Found proxy file /tmp/x509up_u30997
DEBUG 2016-07-27 11:04:21,193: 	 Getting proxy life time left
DEBUG 2016-07-27 11:04:22,006: 	 Executing : 
 command : voms-proxy-info -file /tmp/x509up_u30997 -timeleft
 output : 86348

 error: 
 retcode : 0
DEBUG 2016-07-27 11:04:22,828: 	 Executing : 
 command : voms-proxy-info -file /tmp/x509up_u30997 -actimeleft
 output : 86346

 error: 
 retcode : 0
DEBUG 2016-07-27 11:04:22,828: 	 Proxy valid for 23:59:08 hours
DEBUG 2016-07-27 11:04:23,021: 	 Executing : 
 command : openssl x509 -in ~/.globus/usercert.pem -subject -noout
 output : subject= /DC=ch/DC=cern/OU=Organic Units/OU=Users/CN=fromeo/CN=674630/CN=Francesco Romeo

 error: 
 retcode : 0
DEBUG 2016-07-27 11:04:23,022: 	 Checking credentials
DEBUG 2016-07-27 11:04:23,022: 	 Found proxy file /tmp/x509up_u30997
DEBUG 2016-07-27 11:04:23,022: 	 Getting proxy life time left
DEBUG 2016-07-27 11:04:23,936: 	 Executing : 
 command : voms-proxy-info -file /tmp/x509up_u30997 -timeleft
 output : 86346

 error: 
 retcode : 0
DEBUG 2016-07-27 11:04:24,751: 	 Executing : 
 command : voms-proxy-info -file /tmp/x509up_u30997 -actimeleft
 output : 86344

 error: 
 retcode : 0
DEBUG 2016-07-27 11:04:24,752: 	 Proxy valid for 23:59:06 hours
DEBUG 2016-07-27 11:04:25,152: 	 Registering user credentials for server /DC=ch/DC=cern/OU=computers/CN=vocms(045|052|021|031|0118|0118a|0119|0108).cern.ch
DEBUG 2016-07-27 11:04:25,287: 	 Executing : 
 command : openssl x509 -in ~/.globus/usercert.pem -subject -noout
 output : subject= /DC=ch/DC=cern/OU=Organic Units/OU=Users/CN=fromeo/CN=674630/CN=Francesco Romeo

 error: 
 retcode : 0
DEBUG 2016-07-27 11:04:25,287: 	 Getting myproxy life time left for myproxy.cern.ch
DEBUG 2016-07-27 11:04:25,288: 	 Calculating hash of /DC=ch/DC=cern/OU=Organic Units/OU=Users/CN=fromeo/CN=674630/CN=Francesco Romeo_cmsweb.cern.ch for credential name
DEBUG 2016-07-27 11:04:25,515: 	 Executing : 
 command : myproxy-info -l 83bb954b043085ec6b5075bf38fafc2a023a8c7b -s myproxy.cern.ch
 output : username: 83bb954b043085ec6b5075bf38fafc2a023a8c7b
owner: /DC=ch/DC=cern/OU=Organic Units/OU=Users/CN=fromeo/CN=674630/CN=Francesco Romeo
  renewal policy: /DC=ch/DC=cern/OU=computers/CN=vocms(045|052|021|031|0118|0118a|0119|0108).cern.ch
  trusted retrieval policy: /DC=ch/DC=cern/OU=computers/CN=vocms(045|052|021|031|0118|0118a|0119|0108).cern.ch
  timeleft: 368:46:46  (15.4 days)

 error: 
 retcode : 0
DEBUG 2016-07-27 11:04:25,518: 	 Myproxy is valid: 1327606
DEBUG 2016-07-27 11:04:25,518: 	 Command use: status
DEBUG 2016-07-27 11:04:25,518: 	 Options use: ['First2016_2_ST/crab_First2016_2_ST']
DEBUG 2016-07-27 11:04:25,897: 	 CRABClient version: 3.3.1607.patch1
DEBUG 2016-07-27 11:04:25,897: 	 Instance is prod
DEBUG 2016-07-27 11:04:25,897: 	 Server base url is cmsweb.cern.ch
DEBUG 2016-07-27 11:04:25,897: 	 Command url /crabserver/prod/workflow
DEBUG 2016-07-27 11:04:25,897: 	 Looking up detailed status of task 160726_151730:fromeo_crab_First2016_2_ST
DEBUG 2016-07-27 11:04:27,896: 	 {'status': 'COMPLETED', 'username': 'fromeo', 'jobsPerStatus': {'finished': 25}, 'jobs': {'24': {'State': 'finished'}, '25': {'State': 'finished'}, '20': {'State': 'finished'}, '21': {'State': 'finished'}, '22': {'State': 'finished'}, '23': {'State': 'finished'}, '1': {'State': 'finished'}, '3': {'State': 'finished'}, '2': {'State': 'finished'}, '5': {'State': 'finished'}, '4': {'State': 'finished'}, '7': {'State': 'finished'}, '6': {'State': 'finished'}, '9': {'State': 'finished'}, '8': {'State': 'finished'}, '11': {'State': 'finished'}, '10': {'State': 'finished'}, '13': {'State': 'finished'}, '12': {'State': 'finished'}, '15': {'State': 'finished'}, '14': {'State': 'finished'}, '17': {'State': 'finished'}, '16': {'State': 'finished'}, '19': {'State': 'finished'}, '18': {'State': 'finished'}}, 'publication': {}, 'taskWarningMsg': [], 'schedd': 'crab3@submit-1.t2.ucsd.edu', 'publicationFailures': {}, 'outdatasets': None, 'statusFailureMsg': '', 'taskFailureMsg': '', 'failedJobdefs': 0, 'ASOURL': 'https://cmsweb.cern.ch/couchdb2', 'command': 'SUBMIT', 'totalJobdefs': 0, 'submissionTime': 1469546250, 'jobdefErrors': [], 'collector': 'cmsgwms-collector-global.cern.ch,cmssrv221.fnal.gov', 'jobList': [['finished', 24], ['finished', 25], ['finished', 20], ['finished', 21], ['finished', 22], ['finished', 23], ['finished', 1], ['finished', 3], ['finished', 2], ['finished', 5], ['finished', 4], ['finished', 7], ['finished', 6], ['finished', 9], ['finished', 8], ['finished', 11], ['finished', 10], ['finished', 13], ['finished', 12], ['finished', 15], ['finished', 14], ['finished', 17], ['finished', 16], ['finished', 19], ['finished', 18]]}
INFO 2016-07-27 11:04:27,896: 	 CRAB project directory:		/afs/cern.ch/work/f/fromeo/CMSSW_8_0_12_FW/src/BSMFramework/BSM3G_TNT_Maker/crab/First2016_2_ST/crab_First2016_2_ST
INFO 2016-07-27 11:04:27,897: 	 Task name:			160726_151730:fromeo_crab_First2016_2_ST
INFO 2016-07-27 11:04:27,897: 	 Grid scheduler:			crab3@submit-1.t2.ucsd.edu
INFO 2016-07-27 11:04:27,897: 	 Task status:			COMPLETED
INFO 2016-07-27 11:04:27,897: 	 Dashboard monitoring URL:	http://dashb-cms-job.cern.ch/dashboard/templates/task-analysis/#user=fromeo&table=Mains&pattern=160726_151730%3Afromeo_crab_First2016_2_ST
INFO 2016-07-27 11:04:27,897: 	 
Jobs status:			finished      100.0% (25/25)
INFO 2016-07-27 11:04:27,897: 	 
No publication information available yet
INFO 2016-07-27 11:04:27,983: 	 Log file is /afs/cern.ch/work/f/fromeo/CMSSW_8_0_12_FW/src/BSMFramework/BSM3G_TNT_Maker/crab/First2016_2_ST/crab_First2016_2_ST/crab.log
