DEBUG 2016-07-26 17:17:30,667: 	 Executing command: 'submit'
DEBUG 2016-07-26 17:17:30,674: 	 Found CRAB cache file /afs/cern.ch/user/f/fromeo/.crab3
DEBUG 2016-07-26 17:17:30,712: 	 Checking credentials
DEBUG 2016-07-26 17:17:30,712: 	 Found proxy file /tmp/x509up_u30997
DEBUG 2016-07-26 17:17:30,712: 	 Getting proxy life time left
DEBUG 2016-07-26 17:17:31,420: 	 Executing : 
 command : voms-proxy-info -file /tmp/x509up_u30997 -timeleft
 output : 82069

 error: 
 retcode : 0
DEBUG 2016-07-26 17:17:32,129: 	 Executing : 
 command : voms-proxy-info -file /tmp/x509up_u30997 -actimeleft
 output : 82068

 error: 
 retcode : 0
DEBUG 2016-07-26 17:17:32,129: 	 Proxy valid for 22:47:49 hours
DEBUG 2016-07-26 17:17:32,130: 	 Will use CRAB Analysis plugin (i.e. will run an analysis job type).
DEBUG 2016-07-26 17:17:32,284: 	 Executing : 
 command : openssl x509 -in ~/.globus/usercert.pem -subject -noout
 output : subject= /DC=ch/DC=cern/OU=Organic Units/OU=Users/CN=fromeo/CN=674630/CN=Francesco Romeo

 error: 
 retcode : 0
DEBUG 2016-07-26 17:17:32,285: 	 Checking credentials
DEBUG 2016-07-26 17:17:32,285: 	 Found proxy file /tmp/x509up_u30997
DEBUG 2016-07-26 17:17:32,285: 	 Getting proxy life time left
DEBUG 2016-07-26 17:17:32,890: 	 Executing : 
 command : voms-proxy-info -file /tmp/x509up_u30997 -timeleft
 output : 82068

 error: 
 retcode : 0
DEBUG 2016-07-26 17:17:33,611: 	 Executing : 
 command : voms-proxy-info -file /tmp/x509up_u30997 -actimeleft
 output : 82067

 error: 
 retcode : 0
DEBUG 2016-07-26 17:17:33,612: 	 Proxy valid for 22:47:48 hours
DEBUG 2016-07-26 17:17:34,340: 	 Executing : 
 command : env X509_USER_PROXY=/tmp/x509up_u30997 voms-proxy-info -fqan
 output : /cms/Role=NULL/Capability=NULL

 error: 
 retcode : 0
DEBUG 2016-07-26 17:17:34,793: 	 Registering user credentials for server /DC=ch/DC=cern/OU=computers/CN=vocms(045|052|021|031|0118|0118a|0119|0108).cern.ch
DEBUG 2016-07-26 17:17:34,903: 	 Executing : 
 command : openssl x509 -in ~/.globus/usercert.pem -subject -noout
 output : subject= /DC=ch/DC=cern/OU=Organic Units/OU=Users/CN=fromeo/CN=674630/CN=Francesco Romeo

 error: 
 retcode : 0
DEBUG 2016-07-26 17:17:34,904: 	 Getting myproxy life time left for myproxy.cern.ch
DEBUG 2016-07-26 17:17:34,904: 	 Calculating hash of /DC=ch/DC=cern/OU=Organic Units/OU=Users/CN=fromeo/CN=674630/CN=Francesco Romeo_cmsweb.cern.ch for credential name
DEBUG 2016-07-26 17:17:35,112: 	 Executing : 
 command : myproxy-info -l 83bb954b043085ec6b5075bf38fafc2a023a8c7b -s myproxy.cern.ch
 output : username: 83bb954b043085ec6b5075bf38fafc2a023a8c7b
owner: /DC=ch/DC=cern/OU=Organic Units/OU=Users/CN=fromeo/CN=674630/CN=Francesco Romeo
  renewal policy: /DC=ch/DC=cern/OU=computers/CN=vocms(045|052|021|031|0118|0118a|0119|0108).cern.ch
  trusted retrieval policy: /DC=ch/DC=cern/OU=computers/CN=vocms(045|052|021|031|0118|0118a|0119|0108).cern.ch
  timeleft: 386:33:36  (16.1 days)

 error: 
 retcode : 0
DEBUG 2016-07-26 17:17:35,113: 	 Myproxy is valid: 1391616
DEBUG 2016-07-26 17:17:35,113: 	 Command use: submit
DEBUG 2016-07-26 17:17:35,113: 	 Options use: ['--config', <WMCore.Configuration.Configuration object at 0x7fec14cc1c90>]
DEBUG 2016-07-26 17:17:37,282: 	 CRABClient version: 3.3.1607.patch1
DEBUG 2016-07-26 17:17:37,282: 	 Instance is prod
DEBUG 2016-07-26 17:17:37,282: 	 Server base url is cmsweb.cern.ch
DEBUG 2016-07-26 17:17:37,282: 	 Command url /crabserver/prod/workflow
DEBUG 2016-07-26 17:17:37,282: 	 Started submission
DEBUG 2016-07-26 17:17:37,282: 	 Working on /afs/cern.ch/work/f/fromeo/CMSSW_8_0_12_FW/src/BSMFramework/BSM3G_TNT_Maker/crab/First2016_2_SaT/crab_First2016_2_SaT
DEBUG 2016-07-26 17:17:37,847: 	 Loading required information from the environment
DEBUG 2016-07-26 17:17:37,847: 	 Found CMSSW_8_0_12 for slc6_amd64_gcc530 with base /afs/cern.ch/work/f/fromeo/CMSSW_8_0_12_FW
DEBUG 2016-07-26 17:17:37,871: 	 UNIQUE NAME: tarUUID a1f1466f-50df-45e1-9333-e5e26bf9c777 
DEBUG 2016-07-26 17:17:37,871: 	 self.config: from WMCore.Configuration import Configuration
config = Configuration()
config.section_('General')
config.General.workArea = 'First2016_2_SaT'
config.General.requestName = 'First2016_2_SaT'
config.section_('JobType')
config.JobType.psetName = '/afs/cern.ch/work/f/fromeo/CMSSW_8_0_12_FW/src/BSMFramework/BSM3G_TNT_Maker/python/miniAOD_MC.py'
config.JobType.pluginName = 'Analysis'
config.section_('Data')
config.Data.inputDataset = '/ST_tW_antitop_5f_inclusiveDecays_13TeV-powheg-pythia8_TuneCUETP8M1/RunIISpring16MiniAODv2-PUSpring16_80X_mcRun2_asymptotic_2016_miniAODv2_v0-v1/MINIAODSIM'
config.Data.totalUnits = 2500
config.Data.unitsPerJob = 1
config.Data.inputDBS = 'global'
config.Data.splitting = 'FileBased'
config.Data.outLFNDirBase = '/store/user/fromeo/'
config.section_('Site')
config.Site.storageSite = 'T2_CN_Beijing'
config.section_('User')
config.section_('Debug')

DEBUG 2016-07-26 17:17:37,871: 	 self.config.JobType.psetName: /afs/cern.ch/work/f/fromeo/CMSSW_8_0_12_FW/src/BSMFramework/BSM3G_TNT_Maker/python/miniAOD_MC.py
INFO 2016-07-26 17:17:37,871: 	 Importing CMSSW configuration /afs/cern.ch/work/f/fromeo/CMSSW_8_0_12_FW/src/BSMFramework/BSM3G_TNT_Maker/python/miniAOD_MC.py
INFO 2016-07-26 17:17:38,183: 	 Finished importing CMSSW configuration /afs/cern.ch/work/f/fromeo/CMSSW_8_0_12_FW/src/BSMFramework/BSM3G_TNT_Maker/python/miniAOD_MC.py
DEBUG 2016-07-26 17:17:38,183: 	 Writing CMSSW configuration to /afs/cern.ch/work/f/fromeo/CMSSW_8_0_12_FW/src/BSMFramework/BSM3G_TNT_Maker/crab/First2016_2_SaT/crab_First2016_2_SaT/inputs/PSet.py
DEBUG 2016-07-26 17:17:38,314: 	 The following EDM output files will be collected: []
DEBUG 2016-07-26 17:17:38,314: 	 The following TFile output files will be collected: ['OutTree.root']
DEBUG 2016-07-26 17:17:38,314: 	 The following user output files will be collected: []
DEBUG 2016-07-26 17:17:38,315: 	 Loading required information from the environment
DEBUG 2016-07-26 17:17:38,315: 	 Found CMSSW_8_0_12 for slc6_amd64_gcc530 with base /afs/cern.ch/work/f/fromeo/CMSSW_8_0_12_FW
DEBUG 2016-07-26 17:17:38,315: 	 Making tarball in /afs/cern.ch/work/f/fromeo/CMSSW_8_0_12_FW/src/BSMFramework/BSM3G_TNT_Maker/crab/First2016_2_SaT/crab_First2016_2_SaT/inputs/a1f1466f-50df-45e1-9333-e5e26bf9c777default.tgz
DEBUG 2016-07-26 17:17:38,316: 	 Checking directory /afs/cern.ch/work/f/fromeo/CMSSW_8_0_12_FW/lib
DEBUG 2016-07-26 17:17:38,316: 	 Adding directory /afs/cern.ch/work/f/fromeo/CMSSW_8_0_12_FW/lib to tarball
DEBUG 2016-07-26 17:17:38,587: 	 Checking directory /afs/cern.ch/work/f/fromeo/CMSSW_8_0_12_FW/biglib
DEBUG 2016-07-26 17:17:38,587: 	 Adding directory /afs/cern.ch/work/f/fromeo/CMSSW_8_0_12_FW/biglib to tarball
DEBUG 2016-07-26 17:17:38,591: 	 Checking directory /afs/cern.ch/work/f/fromeo/CMSSW_8_0_12_FW/module
DEBUG 2016-07-26 17:17:38,666: 	 Adding data directory /afs/cern.ch/work/f/fromeo/CMSSW_8_0_12_FW/src/BSMFramework/BSM3G_TNT_Maker/data to tarball
DEBUG 2016-07-26 17:17:49,925: 	 Adding data directory /afs/cern.ch/work/f/fromeo/CMSSW_8_0_12_FW/src/BSMFramework/BSM3G_TNT_Maker/interface to tarball
DEBUG 2016-07-26 17:17:50,290: 	 Uploading archive /afs/cern.ch/work/f/fromeo/CMSSW_8_0_12_FW/src/BSMFramework/BSM3G_TNT_Maker/crab/First2016_2_SaT/crab_First2016_2_SaT/inputs/a1f1466f-50df-45e1-9333-e5e26bf9c777default.tgz to the CRAB cache. Using URI https://cmsweb.cern.ch/crabcache
DEBUG 2016-07-26 17:18:04,316: 	 Loading required information from the environment
DEBUG 2016-07-26 17:18:04,316: 	 Found CMSSW_8_0_12 for slc6_amd64_gcc530 with base /afs/cern.ch/work/f/fromeo/CMSSW_8_0_12_FW
DEBUG 2016-07-26 17:18:04,316: 	 Making tarball in /afs/cern.ch/work/f/fromeo/CMSSW_8_0_12_FW/src/BSMFramework/BSM3G_TNT_Maker/crab/First2016_2_SaT/crab_First2016_2_SaT/inputs/debugFiles.tgz
DEBUG 2016-07-26 17:18:04,327: 	 Uploading archive /afs/cern.ch/work/f/fromeo/CMSSW_8_0_12_FW/src/BSMFramework/BSM3G_TNT_Maker/crab/First2016_2_SaT/crab_First2016_2_SaT/inputs/debugFiles.tgz to the CRAB cache. Using URI https://cmsweb.cern.ch/crabcache
DEBUG 2016-07-26 17:18:04,815: 	 Result uploading input files: ce2186359eada7c79f145f1479090610ccd8dab56169dfa382f4136a83bf922f.tar.gz 
WARNING 2016-07-26 17:18:04,816: 	 Warning: The following output files will not be published, as they are not EDM files: ['OutTree.root']
INFO 2016-07-26 17:18:04,816: 	 Sending the request to the server
DEBUG 2016-07-26 17:18:04,816: 	 Submitting {'maxjobruntime': 1250, 'ignorelocality': 0, 'savelogsflag': 0, 'useparent': 0, 'asyncdest': 'T2_CN_Beijing', 'algoargs': 1, 'cachefilename': 'ce2186359eada7c79f145f1479090610ccd8dab56169dfa382f4136a83bf922f.tar.gz', 'numcores': 1, 'addoutputfiles': [], 'generator': 'pythia', 'maxmemory': 2000, 'publishdbsurl': 'https://cmsweb.cern.ch/dbs/prod/phys03/DBSWriter', 'priority': 10, 'jobsw': 'CMSSW_8_0_12', 'edmoutfiles': [], 'userfiles': [], 'primarydataset': '', 'inputdata': '/ST_tW_antitop_5f_inclusiveDecays_13TeV-powheg-pythia8_TuneCUETP8M1/RunIISpring16MiniAODv2-PUSpring16_80X_mcRun2_asymptotic_2016_miniAODv2_v0-v1/MINIAODSIM', 'lfn': '/store/user/fromeo/', 'dryrun': 0, 'workflow': 'crab_First2016_2_SaT', 'adduserfiles': [], 'nonprodsw': 0, 'tfileoutfiles': ['OutTree.root'], 'oneEventMode': 0, 'debugfilename': 'ecfde194715e6519e6ceb55d8de0dfccd427748fcc9d5992c4f00263b4234fb8.tar.gz', 'cacheurl': 'https://cmsweb.cern.ch/crabcache', 'saveoutput': 1, 'publication': 1, 'jobarch': 'slc6_amd64_gcc530', 'totalunits': 2500, 'splitalgo': 'FileBased', 'nonvaliddata': 0, 'dbsurl': 'https://cmsweb.cern.ch/dbs/prod/global/DBSReader', 'publishgroupname': 0, 'jobtype': 'Analysis', 'publishname2': ''} 
DEBUG 2016-07-26 17:18:04,816: 	 Encoded submit request: maxjobruntime=1250&ignorelocality=0&savelogsflag=0&useparent=0&asyncdest=T2_CN_Beijing&algoargs=1&cachefilename=ce2186359eada7c79f145f1479090610ccd8dab56169dfa382f4136a83bf922f.tar.gz&numcores=1&generator=pythia&maxmemory=2000&publishdbsurl=https%3A%2F%2Fcmsweb.cern.ch%2Fdbs%2Fprod%2Fphys03%2FDBSWriter&priority=10&jobsw=CMSSW_8_0_12&primarydataset=&inputdata=%2FST_tW_antitop_5f_inclusiveDecays_13TeV-powheg-pythia8_TuneCUETP8M1%2FRunIISpring16MiniAODv2-PUSpring16_80X_mcRun2_asymptotic_2016_miniAODv2_v0-v1%2FMINIAODSIM&lfn=%2Fstore%2Fuser%2Ffromeo%2F&dryrun=0&workflow=crab_First2016_2_SaT&nonprodsw=0&oneEventMode=0&debugfilename=ecfde194715e6519e6ceb55d8de0dfccd427748fcc9d5992c4f00263b4234fb8.tar.gz&cacheurl=https%3A%2F%2Fcmsweb.cern.ch%2Fcrabcache&saveoutput=1&publication=1&jobarch=slc6_amd64_gcc530&totalunits=2500&splitalgo=FileBased&nonvaliddata=0&dbsurl=https%3A%2F%2Fcmsweb.cern.ch%2Fdbs%2Fprod%2Fglobal%2FDBSReader&publishgroupname=0&jobtype=Analysis&publishname2=&tfileoutfiles=OutTree.root
DEBUG 2016-07-26 17:18:05,497: 	 Result: {'result': [{'RequestName': '160726_151805:fromeo_crab_First2016_2_SaT'}]}
INFO 2016-07-26 17:18:05,502: 	 Success: Your task has been delivered to the CRAB3 server.
INFO 2016-07-26 17:18:05,503: 	 Task name: 160726_151805:fromeo_crab_First2016_2_SaT
INFO 2016-07-26 17:18:05,503: 	 Please use 'crab status' to check how the submission process proceeds.
DEBUG 2016-07-26 17:18:05,503: 	 About to return
DEBUG 2016-07-26 19:06:23,564: 	 Executing command: 'status'
DEBUG 2016-07-26 19:06:23,564: 	 Found CRAB cache file /afs/cern.ch/user/f/fromeo/.crab3
DEBUG 2016-07-26 19:06:23,610: 	 Checking credentials
DEBUG 2016-07-26 19:06:23,610: 	 Found proxy file /tmp/x509up_u30997
DEBUG 2016-07-26 19:06:23,610: 	 Getting proxy life time left
DEBUG 2016-07-26 19:06:24,349: 	 Executing : 
 command : voms-proxy-info -file /tmp/x509up_u30997 -timeleft
 output : 75536

 error: 
 retcode : 0
DEBUG 2016-07-26 19:06:24,965: 	 Executing : 
 command : voms-proxy-info -file /tmp/x509up_u30997 -actimeleft
 output : 75536

 error: 
 retcode : 0
DEBUG 2016-07-26 19:06:24,965: 	 Proxy valid for 20:58:56 hours
DEBUG 2016-07-26 19:06:25,164: 	 Executing : 
 command : openssl x509 -in ~/.globus/usercert.pem -subject -noout
 output : subject= /DC=ch/DC=cern/OU=Organic Units/OU=Users/CN=fromeo/CN=674630/CN=Francesco Romeo

 error: 
 retcode : 0
DEBUG 2016-07-26 19:06:25,164: 	 Checking credentials
DEBUG 2016-07-26 19:06:25,164: 	 Found proxy file /tmp/x509up_u30997
DEBUG 2016-07-26 19:06:25,164: 	 Getting proxy life time left
DEBUG 2016-07-26 19:06:25,774: 	 Executing : 
 command : voms-proxy-info -file /tmp/x509up_u30997 -timeleft
 output : 75535

 error: 
 retcode : 0
DEBUG 2016-07-26 19:06:26,481: 	 Executing : 
 command : voms-proxy-info -file /tmp/x509up_u30997 -actimeleft
 output : 75534

 error: 
 retcode : 0
DEBUG 2016-07-26 19:06:26,481: 	 Proxy valid for 20:58:55 hours
DEBUG 2016-07-26 19:06:26,836: 	 Registering user credentials for server /DC=ch/DC=cern/OU=computers/CN=vocms(045|052|021|031|0118|0118a|0119|0108).cern.ch
DEBUG 2016-07-26 19:06:26,946: 	 Executing : 
 command : openssl x509 -in ~/.globus/usercert.pem -subject -noout
 output : subject= /DC=ch/DC=cern/OU=Organic Units/OU=Users/CN=fromeo/CN=674630/CN=Francesco Romeo

 error: 
 retcode : 0
DEBUG 2016-07-26 19:06:26,946: 	 Getting myproxy life time left for myproxy.cern.ch
DEBUG 2016-07-26 19:06:26,946: 	 Calculating hash of /DC=ch/DC=cern/OU=Organic Units/OU=Users/CN=fromeo/CN=674630/CN=Francesco Romeo_cmsweb.cern.ch for credential name
DEBUG 2016-07-26 19:06:27,150: 	 Executing : 
 command : myproxy-info -l 83bb954b043085ec6b5075bf38fafc2a023a8c7b -s myproxy.cern.ch
 output : username: 83bb954b043085ec6b5075bf38fafc2a023a8c7b
owner: /DC=ch/DC=cern/OU=Organic Units/OU=Users/CN=fromeo/CN=674630/CN=Francesco Romeo
  renewal policy: /DC=ch/DC=cern/OU=computers/CN=vocms(045|052|021|031|0118|0118a|0119|0108).cern.ch
  trusted retrieval policy: /DC=ch/DC=cern/OU=computers/CN=vocms(045|052|021|031|0118|0118a|0119|0108).cern.ch
  timeleft: 384:44:44  (16.0 days)

 error: 
 retcode : 0
DEBUG 2016-07-26 19:06:27,153: 	 Myproxy is valid: 1385084
DEBUG 2016-07-26 19:06:27,153: 	 Command use: status
DEBUG 2016-07-26 19:06:27,153: 	 Options use: ['First2016_2_SaT/crab_First2016_2_SaT']
DEBUG 2016-07-26 19:06:27,559: 	 CRABClient version: 3.3.1607.patch1
DEBUG 2016-07-26 19:06:27,560: 	 Instance is prod
DEBUG 2016-07-26 19:06:27,560: 	 Server base url is cmsweb.cern.ch
DEBUG 2016-07-26 19:06:27,560: 	 Command url /crabserver/prod/workflow
DEBUG 2016-07-26 19:06:27,560: 	 Looking up detailed status of task 160726_151805:fromeo_crab_First2016_2_SaT
DEBUG 2016-07-26 19:06:29,544: 	 {'status': 'COMPLETED', 'username': 'fromeo', 'jobsPerStatus': {'finished': 26}, 'jobs': {'24': {'State': 'finished'}, '25': {'State': 'finished'}, '26': {'State': 'finished'}, '20': {'State': 'finished'}, '21': {'State': 'finished'}, '22': {'State': 'finished'}, '23': {'State': 'finished'}, '1': {'State': 'finished'}, '3': {'State': 'finished'}, '2': {'State': 'finished'}, '5': {'State': 'finished'}, '4': {'State': 'finished'}, '7': {'State': 'finished'}, '6': {'State': 'finished'}, '9': {'State': 'finished'}, '8': {'State': 'finished'}, '11': {'State': 'finished'}, '10': {'State': 'finished'}, '13': {'State': 'finished'}, '12': {'State': 'finished'}, '15': {'State': 'finished'}, '14': {'State': 'finished'}, '17': {'State': 'finished'}, '16': {'State': 'finished'}, '19': {'State': 'finished'}, '18': {'State': 'finished'}}, 'publication': {}, 'taskWarningMsg': [], 'schedd': 'crab3@submit-6.t2.ucsd.edu', 'publicationFailures': {}, 'outdatasets': None, 'statusFailureMsg': '', 'taskFailureMsg': '', 'failedJobdefs': 0, 'ASOURL': 'https://cmsweb.cern.ch/couchdb2', 'command': 'SUBMIT', 'totalJobdefs': 0, 'submissionTime': 1469546285, 'jobdefErrors': [], 'collector': 'cmsgwms-collector-global.cern.ch,cmssrv221.fnal.gov', 'jobList': [['finished', 24], ['finished', 25], ['finished', 26], ['finished', 20], ['finished', 21], ['finished', 22], ['finished', 23], ['finished', 1], ['finished', 3], ['finished', 2], ['finished', 5], ['finished', 4], ['finished', 7], ['finished', 6], ['finished', 9], ['finished', 8], ['finished', 11], ['finished', 10], ['finished', 13], ['finished', 12], ['finished', 15], ['finished', 14], ['finished', 17], ['finished', 16], ['finished', 19], ['finished', 18]]}
INFO 2016-07-26 19:06:29,544: 	 CRAB project directory:		/afs/cern.ch/work/f/fromeo/CMSSW_8_0_12_FW/src/BSMFramework/BSM3G_TNT_Maker/crab/First2016_2_SaT/crab_First2016_2_SaT
INFO 2016-07-26 19:06:29,544: 	 Task name:			160726_151805:fromeo_crab_First2016_2_SaT
INFO 2016-07-26 19:06:29,544: 	 Grid scheduler:			crab3@submit-6.t2.ucsd.edu
INFO 2016-07-26 19:06:29,544: 	 Task status:			COMPLETED
INFO 2016-07-26 19:06:29,544: 	 Dashboard monitoring URL:	http://dashb-cms-job.cern.ch/dashboard/templates/task-analysis/#user=fromeo&table=Mains&pattern=160726_151805%3Afromeo_crab_First2016_2_SaT
INFO 2016-07-26 19:06:29,544: 	 
Jobs status:			finished      100.0% (26/26)
INFO 2016-07-26 19:06:29,544: 	 
No publication information available yet
INFO 2016-07-26 19:06:29,566: 	 Log file is /afs/cern.ch/work/f/fromeo/CMSSW_8_0_12_FW/src/BSMFramework/BSM3G_TNT_Maker/crab/First2016_2_SaT/crab_First2016_2_SaT/crab.log
DEBUG 2016-07-27 11:04:31,833: 	 Executing command: 'status'
DEBUG 2016-07-27 11:04:31,840: 	 Found CRAB cache file /afs/cern.ch/user/f/fromeo/.crab3
DEBUG 2016-07-27 11:04:31,874: 	 Checking credentials
DEBUG 2016-07-27 11:04:31,874: 	 Found proxy file /tmp/x509up_u30997
DEBUG 2016-07-27 11:04:31,874: 	 Getting proxy life time left
DEBUG 2016-07-27 11:04:32,793: 	 Executing : 
 command : voms-proxy-info -file /tmp/x509up_u30997 -timeleft
 output : 86337

 error: 
 retcode : 0
DEBUG 2016-07-27 11:04:33,710: 	 Executing : 
 command : voms-proxy-info -file /tmp/x509up_u30997 -actimeleft
 output : 86335

 error: 
 retcode : 0
DEBUG 2016-07-27 11:04:33,710: 	 Proxy valid for 23:58:57 hours
DEBUG 2016-07-27 11:04:34,093: 	 Executing : 
 command : openssl x509 -in ~/.globus/usercert.pem -subject -noout
 output : subject= /DC=ch/DC=cern/OU=Organic Units/OU=Users/CN=fromeo/CN=674630/CN=Francesco Romeo

 error: 
 retcode : 0
DEBUG 2016-07-27 11:04:34,093: 	 Checking credentials
DEBUG 2016-07-27 11:04:34,093: 	 Found proxy file /tmp/x509up_u30997
DEBUG 2016-07-27 11:04:34,093: 	 Getting proxy life time left
DEBUG 2016-07-27 11:04:35,008: 	 Executing : 
 command : voms-proxy-info -file /tmp/x509up_u30997 -timeleft
 output : 86335

 error: 
 retcode : 0
DEBUG 2016-07-27 11:04:35,932: 	 Executing : 
 command : voms-proxy-info -file /tmp/x509up_u30997 -actimeleft
 output : 86333

 error: 
 retcode : 0
DEBUG 2016-07-27 11:04:35,933: 	 Proxy valid for 23:58:55 hours
DEBUG 2016-07-27 11:04:36,408: 	 Registering user credentials for server /DC=ch/DC=cern/OU=computers/CN=vocms(045|052|021|031|0118|0118a|0119|0108).cern.ch
DEBUG 2016-07-27 11:04:36,521: 	 Executing : 
 command : openssl x509 -in ~/.globus/usercert.pem -subject -noout
 output : subject= /DC=ch/DC=cern/OU=Organic Units/OU=Users/CN=fromeo/CN=674630/CN=Francesco Romeo

 error: 
 retcode : 0
DEBUG 2016-07-27 11:04:36,522: 	 Getting myproxy life time left for myproxy.cern.ch
DEBUG 2016-07-27 11:04:36,522: 	 Calculating hash of /DC=ch/DC=cern/OU=Organic Units/OU=Users/CN=fromeo/CN=674630/CN=Francesco Romeo_cmsweb.cern.ch for credential name
DEBUG 2016-07-27 11:04:36,726: 	 Executing : 
 command : myproxy-info -l 83bb954b043085ec6b5075bf38fafc2a023a8c7b -s myproxy.cern.ch
 output : username: 83bb954b043085ec6b5075bf38fafc2a023a8c7b
owner: /DC=ch/DC=cern/OU=Organic Units/OU=Users/CN=fromeo/CN=674630/CN=Francesco Romeo
  renewal policy: /DC=ch/DC=cern/OU=computers/CN=vocms(045|052|021|031|0118|0118a|0119|0108).cern.ch
  trusted retrieval policy: /DC=ch/DC=cern/OU=computers/CN=vocms(045|052|021|031|0118|0118a|0119|0108).cern.ch
  timeleft: 368:46:35  (15.4 days)

 error: 
 retcode : 0
DEBUG 2016-07-27 11:04:36,730: 	 Myproxy is valid: 1327595
DEBUG 2016-07-27 11:04:36,730: 	 Command use: status
DEBUG 2016-07-27 11:04:36,730: 	 Options use: ['First2016_2_SaT/crab_First2016_2_SaT']
DEBUG 2016-07-27 11:04:37,149: 	 CRABClient version: 3.3.1607.patch1
DEBUG 2016-07-27 11:04:37,149: 	 Instance is prod
DEBUG 2016-07-27 11:04:37,149: 	 Server base url is cmsweb.cern.ch
DEBUG 2016-07-27 11:04:37,149: 	 Command url /crabserver/prod/workflow
DEBUG 2016-07-27 11:04:37,149: 	 Looking up detailed status of task 160726_151805:fromeo_crab_First2016_2_SaT
DEBUG 2016-07-27 11:04:39,040: 	 {'status': 'COMPLETED', 'username': 'fromeo', 'jobsPerStatus': {'finished': 26}, 'jobs': {'24': {'State': 'finished'}, '25': {'State': 'finished'}, '26': {'State': 'finished'}, '20': {'State': 'finished'}, '21': {'State': 'finished'}, '22': {'State': 'finished'}, '23': {'State': 'finished'}, '1': {'State': 'finished'}, '3': {'State': 'finished'}, '2': {'State': 'finished'}, '5': {'State': 'finished'}, '4': {'State': 'finished'}, '7': {'State': 'finished'}, '6': {'State': 'finished'}, '9': {'State': 'finished'}, '8': {'State': 'finished'}, '11': {'State': 'finished'}, '10': {'State': 'finished'}, '13': {'State': 'finished'}, '12': {'State': 'finished'}, '15': {'State': 'finished'}, '14': {'State': 'finished'}, '17': {'State': 'finished'}, '16': {'State': 'finished'}, '19': {'State': 'finished'}, '18': {'State': 'finished'}}, 'publication': {}, 'taskWarningMsg': [], 'schedd': 'crab3@submit-6.t2.ucsd.edu', 'publicationFailures': {}, 'outdatasets': None, 'statusFailureMsg': '', 'taskFailureMsg': '', 'failedJobdefs': 0, 'ASOURL': 'https://cmsweb.cern.ch/couchdb2', 'command': 'SUBMIT', 'totalJobdefs': 0, 'submissionTime': 1469546285, 'jobdefErrors': [], 'collector': 'cmsgwms-collector-global.cern.ch,cmssrv221.fnal.gov', 'jobList': [['finished', 24], ['finished', 25], ['finished', 26], ['finished', 20], ['finished', 21], ['finished', 22], ['finished', 23], ['finished', 1], ['finished', 3], ['finished', 2], ['finished', 5], ['finished', 4], ['finished', 7], ['finished', 6], ['finished', 9], ['finished', 8], ['finished', 11], ['finished', 10], ['finished', 13], ['finished', 12], ['finished', 15], ['finished', 14], ['finished', 17], ['finished', 16], ['finished', 19], ['finished', 18]]}
INFO 2016-07-27 11:04:39,040: 	 CRAB project directory:		/afs/cern.ch/work/f/fromeo/CMSSW_8_0_12_FW/src/BSMFramework/BSM3G_TNT_Maker/crab/First2016_2_SaT/crab_First2016_2_SaT
INFO 2016-07-27 11:04:39,040: 	 Task name:			160726_151805:fromeo_crab_First2016_2_SaT
INFO 2016-07-27 11:04:39,040: 	 Grid scheduler:			crab3@submit-6.t2.ucsd.edu
INFO 2016-07-27 11:04:39,041: 	 Task status:			COMPLETED
INFO 2016-07-27 11:04:39,041: 	 Dashboard monitoring URL:	http://dashb-cms-job.cern.ch/dashboard/templates/task-analysis/#user=fromeo&table=Mains&pattern=160726_151805%3Afromeo_crab_First2016_2_SaT
INFO 2016-07-27 11:04:39,041: 	 
Jobs status:			finished      100.0% (26/26)
INFO 2016-07-27 11:04:39,041: 	 
No publication information available yet
INFO 2016-07-27 11:04:39,057: 	 Log file is /afs/cern.ch/work/f/fromeo/CMSSW_8_0_12_FW/src/BSMFramework/BSM3G_TNT_Maker/crab/First2016_2_SaT/crab_First2016_2_SaT/crab.log
